[0.459s] DEBUG:colcon:Command line arguments: ['/usr/bin/colcon', 'build']
[0.460s] DEBUG:colcon:Parsed command line arguments: Namespace(ament_cmake_args=None, base_paths=['.'], build_base='build', catkin_cmake_args=None, catkin_skip_building_tests=False, cmake_args=None, cmake_clean_cache=False, cmake_clean_first=False, cmake_force_configure=False, cmake_target=None, cmake_target_skip_unavailable=False, continue_on_error=False, event_handlers=None, executor='parallel', ignore_user_meta=False, install_base='install', log_base=None, log_level=None, main=<bound method BuildVerb.main of <colcon_core.verb.build.BuildVerb object at 0x7f2a6824c4c0>>, merge_install=False, metas=['./colcon.meta'], packages_above=None, packages_above_and_dependencies=None, packages_above_depth=None, packages_end=None, packages_ignore=None, packages_ignore_regex=None, packages_select=None, packages_select_build_failed=False, packages_select_by_dep=None, packages_select_regex=None, packages_select_test_failures=False, packages_skip=None, packages_skip_build_finished=False, packages_skip_by_dep=None, packages_skip_regex=None, packages_skip_test_passed=False, packages_skip_up_to=None, packages_start=None, packages_up_to=None, packages_up_to_regex=None, parallel_workers=4, paths=None, symlink_install=False, test_result_base=None, verb_extension=<colcon_core.verb.build.BuildVerb object at 0x7f2a6824c4c0>, verb_name='build', verb_parser=<colcon_defaults.argument_parser.defaults.DefaultArgumentsDecorator object at 0x7f2a6824ca00>)
[0.466s] Level 1:colcon.colcon_core.package_discovery:discover_packages(colcon_meta) check parameters
[0.466s] Level 1:colcon.colcon_core.package_discovery:discover_packages(recursive) check parameters
[0.466s] Level 1:colcon.colcon_core.package_discovery:discover_packages(ignore) check parameters
[0.466s] Level 1:colcon.colcon_core.package_discovery:discover_packages(path) check parameters
[0.466s] Level 1:colcon.colcon_core.package_discovery:discover_packages(colcon_meta) discover
[0.466s] Level 1:colcon.colcon_core.package_discovery:discover_packages(recursive) discover
[0.466s] INFO:colcon.colcon_core.package_discovery:Crawling recursively for packages in '/home/reachy/dev_ws'
[0.466s] Level 1:colcon.colcon_core.package_identification:_identify(.) by extensions ['ignore', 'ignore_ament_install']
[0.467s] Level 1:colcon.colcon_core.package_identification:_identify(.) by extension 'ignore'
[0.467s] Level 1:colcon.colcon_core.package_identification:_identify(.) by extension 'ignore_ament_install'
[0.467s] Level 1:colcon.colcon_core.package_identification:_identify(.) by extensions ['colcon_pkg']
[0.467s] Level 1:colcon.colcon_core.package_identification:_identify(.) by extension 'colcon_pkg'
[0.467s] Level 1:colcon.colcon_core.package_identification:_identify(.) by extensions ['colcon_meta']
[0.467s] Level 1:colcon.colcon_core.package_identification:_identify(.) by extension 'colcon_meta'
[0.467s] Level 1:colcon.colcon_core.package_identification:_identify(.) by extensions ['ros']
[0.467s] Level 1:colcon.colcon_core.package_identification:_identify(.) by extension 'ros'
[0.483s] Level 1:colcon.colcon_core.package_identification:_identify(.) by extensions ['cmake', 'python']
[0.483s] Level 1:colcon.colcon_core.package_identification:_identify(.) by extension 'cmake'
[0.483s] Level 1:colcon.colcon_core.package_identification:_identify(.) by extension 'python'
[0.483s] Level 1:colcon.colcon_core.package_identification:_identify(.) by extensions ['python_setup_py']
[0.483s] Level 1:colcon.colcon_core.package_identification:_identify(.) by extension 'python_setup_py'
[0.483s] Level 1:colcon.colcon_core.package_identification:_identify(build) by extensions ['ignore', 'ignore_ament_install']
[0.483s] Level 1:colcon.colcon_core.package_identification:_identify(build) by extension 'ignore'
[0.483s] Level 1:colcon.colcon_core.package_identification:_identify(build) ignored
[0.484s] Level 1:colcon.colcon_core.package_identification:_identify(install) by extensions ['ignore', 'ignore_ament_install']
[0.484s] Level 1:colcon.colcon_core.package_identification:_identify(install) by extension 'ignore'
[0.484s] Level 1:colcon.colcon_core.package_identification:_identify(install) ignored
[0.484s] Level 1:colcon.colcon_core.package_identification:_identify(log) by extensions ['ignore', 'ignore_ament_install']
[0.484s] Level 1:colcon.colcon_core.package_identification:_identify(log) by extension 'ignore'
[0.484s] Level 1:colcon.colcon_core.package_identification:_identify(log) ignored
[0.484s] Level 1:colcon.colcon_core.package_identification:_identify(src) by extensions ['ignore', 'ignore_ament_install']
[0.484s] Level 1:colcon.colcon_core.package_identification:_identify(src) by extension 'ignore'
[0.484s] Level 1:colcon.colcon_core.package_identification:_identify(src) by extension 'ignore_ament_install'
[0.484s] Level 1:colcon.colcon_core.package_identification:_identify(src) by extensions ['colcon_pkg']
[0.484s] Level 1:colcon.colcon_core.package_identification:_identify(src) by extension 'colcon_pkg'
[0.484s] Level 1:colcon.colcon_core.package_identification:_identify(src) by extensions ['colcon_meta']
[0.485s] Level 1:colcon.colcon_core.package_identification:_identify(src) by extension 'colcon_meta'
[0.485s] Level 1:colcon.colcon_core.package_identification:_identify(src) by extensions ['ros']
[0.485s] Level 1:colcon.colcon_core.package_identification:_identify(src) by extension 'ros'
[0.485s] Level 1:colcon.colcon_core.package_identification:_identify(src) by extensions ['cmake', 'python']
[0.485s] Level 1:colcon.colcon_core.package_identification:_identify(src) by extension 'cmake'
[0.485s] Level 1:colcon.colcon_core.package_identification:_identify(src) by extension 'python'
[0.485s] Level 1:colcon.colcon_core.package_identification:_identify(src) by extensions ['python_setup_py']
[0.485s] Level 1:colcon.colcon_core.package_identification:_identify(src) by extension 'python_setup_py'
[0.485s] Level 1:colcon.colcon_core.package_identification:_identify(src/ros_tutorials) by extensions ['ignore', 'ignore_ament_install']
[0.485s] Level 1:colcon.colcon_core.package_identification:_identify(src/ros_tutorials) by extension 'ignore'
[0.485s] Level 1:colcon.colcon_core.package_identification:_identify(src/ros_tutorials) by extension 'ignore_ament_install'
[0.485s] Level 1:colcon.colcon_core.package_identification:_identify(src/ros_tutorials) by extensions ['colcon_pkg']
[0.485s] Level 1:colcon.colcon_core.package_identification:_identify(src/ros_tutorials) by extension 'colcon_pkg'
[0.485s] Level 1:colcon.colcon_core.package_identification:_identify(src/ros_tutorials) by extensions ['colcon_meta']
[0.485s] Level 1:colcon.colcon_core.package_identification:_identify(src/ros_tutorials) by extension 'colcon_meta'
[0.485s] Level 1:colcon.colcon_core.package_identification:_identify(src/ros_tutorials) by extensions ['ros']
[0.486s] Level 1:colcon.colcon_core.package_identification:_identify(src/ros_tutorials) by extension 'ros'
[0.486s] Level 1:colcon.colcon_core.package_identification:_identify(src/ros_tutorials) by extensions ['cmake', 'python']
[0.486s] Level 1:colcon.colcon_core.package_identification:_identify(src/ros_tutorials) by extension 'cmake'
[0.486s] Level 1:colcon.colcon_core.package_identification:_identify(src/ros_tutorials) by extension 'python'
[0.486s] Level 1:colcon.colcon_core.package_identification:_identify(src/ros_tutorials) by extensions ['python_setup_py']
[0.486s] Level 1:colcon.colcon_core.package_identification:_identify(src/ros_tutorials) by extension 'python_setup_py'
[0.486s] Level 1:colcon.colcon_core.package_identification:_identify(src/ros_tutorials/ros_tutorials) by extensions ['ignore', 'ignore_ament_install']
[0.486s] Level 1:colcon.colcon_core.package_identification:_identify(src/ros_tutorials/ros_tutorials) by extension 'ignore'
[0.486s] Level 1:colcon.colcon_core.package_identification:_identify(src/ros_tutorials/ros_tutorials) ignored
[0.486s] Level 1:colcon.colcon_core.package_identification:_identify(src/ros_tutorials/roscpp_tutorials) by extensions ['ignore', 'ignore_ament_install']
[0.486s] Level 1:colcon.colcon_core.package_identification:_identify(src/ros_tutorials/roscpp_tutorials) by extension 'ignore'
[0.486s] Level 1:colcon.colcon_core.package_identification:_identify(src/ros_tutorials/roscpp_tutorials) ignored
[0.487s] Level 1:colcon.colcon_core.package_identification:_identify(src/ros_tutorials/rospy_tutorials) by extensions ['ignore', 'ignore_ament_install']
[0.487s] Level 1:colcon.colcon_core.package_identification:_identify(src/ros_tutorials/rospy_tutorials) by extension 'ignore'
[0.487s] Level 1:colcon.colcon_core.package_identification:_identify(src/ros_tutorials/rospy_tutorials) ignored
[0.487s] Level 1:colcon.colcon_core.package_identification:_identify(src/ros_tutorials/turtlesim) by extensions ['ignore', 'ignore_ament_install']
[0.487s] Level 1:colcon.colcon_core.package_identification:_identify(src/ros_tutorials/turtlesim) by extension 'ignore'
[0.487s] Level 1:colcon.colcon_core.package_identification:_identify(src/ros_tutorials/turtlesim) by extension 'ignore_ament_install'
[0.487s] Level 1:colcon.colcon_core.package_identification:_identify(src/ros_tutorials/turtlesim) by extensions ['colcon_pkg']
[0.487s] Level 1:colcon.colcon_core.package_identification:_identify(src/ros_tutorials/turtlesim) by extension 'colcon_pkg'
[0.487s] Level 1:colcon.colcon_core.package_identification:_identify(src/ros_tutorials/turtlesim) by extensions ['colcon_meta']
[0.488s] Level 1:colcon.colcon_core.package_identification:_identify(src/ros_tutorials/turtlesim) by extension 'colcon_meta'
[0.488s] Level 1:colcon.colcon_core.package_identification:_identify(src/ros_tutorials/turtlesim) by extensions ['ros']
[0.488s] Level 1:colcon.colcon_core.package_identification:_identify(src/ros_tutorials/turtlesim) by extension 'ros'
[0.492s] DEBUG:colcon.colcon_core.package_identification:Package 'src/ros_tutorials/turtlesim' with type 'ros.ament_cmake' and name 'turtlesim'
[0.492s] Level 1:colcon.colcon_core.package_discovery:discover_packages(recursive) using defaults
[0.492s] Level 1:colcon.colcon_core.package_discovery:discover_packages(ignore) discover
[0.492s] Level 1:colcon.colcon_core.package_discovery:discover_packages(ignore) using defaults
[0.492s] Level 1:colcon.colcon_core.package_discovery:discover_packages(path) discover
[0.492s] Level 1:colcon.colcon_core.package_discovery:discover_packages(path) using defaults
[0.519s] Level 5:colcon.colcon_core.verb:set package 'turtlesim' build argument 'cmake_args' from command line to 'None'
[0.520s] Level 5:colcon.colcon_core.verb:set package 'turtlesim' build argument 'cmake_target' from command line to 'None'
[0.520s] Level 5:colcon.colcon_core.verb:set package 'turtlesim' build argument 'cmake_target_skip_unavailable' from command line to 'False'
[0.520s] Level 5:colcon.colcon_core.verb:set package 'turtlesim' build argument 'cmake_clean_cache' from command line to 'False'
[0.520s] Level 5:colcon.colcon_core.verb:set package 'turtlesim' build argument 'cmake_clean_first' from command line to 'False'
[0.520s] Level 5:colcon.colcon_core.verb:set package 'turtlesim' build argument 'cmake_force_configure' from command line to 'False'
[0.520s] Level 5:colcon.colcon_core.verb:set package 'turtlesim' build argument 'ament_cmake_args' from command line to 'None'
[0.520s] Level 5:colcon.colcon_core.verb:set package 'turtlesim' build argument 'catkin_cmake_args' from command line to 'None'
[0.520s] Level 5:colcon.colcon_core.verb:set package 'turtlesim' build argument 'catkin_skip_building_tests' from command line to 'False'
[0.520s] DEBUG:colcon.colcon_core.verb:Building package 'turtlesim' with the following arguments: {'ament_cmake_args': None, 'build_base': '/home/reachy/dev_ws/build/turtlesim', 'catkin_cmake_args': None, 'catkin_skip_building_tests': False, 'cmake_args': None, 'cmake_clean_cache': False, 'cmake_clean_first': False, 'cmake_force_configure': False, 'cmake_target': None, 'cmake_target_skip_unavailable': False, 'install_base': '/home/reachy/dev_ws/install/turtlesim', 'merge_install': False, 'path': '/home/reachy/dev_ws/src/ros_tutorials/turtlesim', 'symlink_install': False, 'test_result_base': None}
[0.522s] INFO:colcon.colcon_core.executor:Executing jobs using 'parallel' executor
[0.526s] DEBUG:colcon.colcon_parallel_executor.executor.parallel:run_until_complete
[0.526s] INFO:colcon.colcon_ros.task.ament_cmake.build:Building ROS package in '/home/reachy/dev_ws/src/ros_tutorials/turtlesim' with build type 'ament_cmake'
[0.527s] INFO:colcon.colcon_cmake.task.cmake.build:Building CMake package in '/home/reachy/dev_ws/src/ros_tutorials/turtlesim'
[0.532s] INFO:colcon.colcon_core.plugin_system:Skipping extension 'colcon_core.shell.bat': Not used on non-Windows systems
[0.532s] INFO:colcon.colcon_core.shell:Skip shell extension 'powershell' for command environment: Not usable outside of PowerShell
[0.533s] DEBUG:colcon.colcon_core.shell:Skip shell extension 'dsv' for command environment
[0.537s] DEBUG:colcon.colcon_core.shell:Ignoring prefix path '/opt/ros/foxy'
[0.549s] DEBUG:colcon.colcon_core.event_handler.log_command:Invoking command in '/home/reachy/dev_ws/build/turtlesim': CMAKE_PREFIX_PATH=${CMAKE_PREFIX_PATH}:/home/reachy/reachy_ws/install/reachy_sdk_server:/home/reachy/reachy_ws/install/reachy_kinematics:/home/reachy/reachy_ws/install/reachy_controllers:/home/reachy/reachy_ws/install/reachy_focus:/home/reachy/ros_ws/install/ros2_demo_py:/home/reachy/ros_ws/install/joint_state_publisher_gui:/home/reachy/ros_ws/install/joint_state_publisher:/opt/ros/foxy /usr/bin/cmake /home/reachy/dev_ws/src/ros_tutorials/turtlesim -DCMAKE_INSTALL_PREFIX=/home/reachy/dev_ws/install/turtlesim
[5.099s] DEBUG:colcon.colcon_core.event_handler.log_command:Invoked command in '/home/reachy/dev_ws/build/turtlesim' returned '0': CMAKE_PREFIX_PATH=${CMAKE_PREFIX_PATH}:/home/reachy/reachy_ws/install/reachy_sdk_server:/home/reachy/reachy_ws/install/reachy_kinematics:/home/reachy/reachy_ws/install/reachy_controllers:/home/reachy/reachy_ws/install/reachy_focus:/home/reachy/ros_ws/install/ros2_demo_py:/home/reachy/ros_ws/install/joint_state_publisher_gui:/home/reachy/ros_ws/install/joint_state_publisher:/opt/ros/foxy /usr/bin/cmake /home/reachy/dev_ws/src/ros_tutorials/turtlesim -DCMAKE_INSTALL_PREFIX=/home/reachy/dev_ws/install/turtlesim
[5.103s] DEBUG:colcon.colcon_core.event_handler.log_command:Invoking command in '/home/reachy/dev_ws/build/turtlesim': CMAKE_PREFIX_PATH=${CMAKE_PREFIX_PATH}:/home/reachy/reachy_ws/install/reachy_sdk_server:/home/reachy/reachy_ws/install/reachy_kinematics:/home/reachy/reachy_ws/install/reachy_controllers:/home/reachy/reachy_ws/install/reachy_focus:/home/reachy/ros_ws/install/ros2_demo_py:/home/reachy/ros_ws/install/joint_state_publisher_gui:/home/reachy/ros_ws/install/joint_state_publisher:/opt/ros/foxy /usr/bin/cmake --build /home/reachy/dev_ws/build/turtlesim -- -j4 -l4
[73.244s] DEBUG:colcon.colcon_core.event_handler.log_command:Invoked command in '/home/reachy/dev_ws/build/turtlesim' returned '0': CMAKE_PREFIX_PATH=${CMAKE_PREFIX_PATH}:/home/reachy/reachy_ws/install/reachy_sdk_server:/home/reachy/reachy_ws/install/reachy_kinematics:/home/reachy/reachy_ws/install/reachy_controllers:/home/reachy/reachy_ws/install/reachy_focus:/home/reachy/ros_ws/install/ros2_demo_py:/home/reachy/ros_ws/install/joint_state_publisher_gui:/home/reachy/ros_ws/install/joint_state_publisher:/opt/ros/foxy /usr/bin/cmake --build /home/reachy/dev_ws/build/turtlesim -- -j4 -l4
[73.434s] DEBUG:colcon.colcon_core.event_handler.log_command:Invoking command in '/home/reachy/dev_ws/build/turtlesim': CMAKE_PREFIX_PATH=${CMAKE_PREFIX_PATH}:/home/reachy/reachy_ws/install/reachy_sdk_server:/home/reachy/reachy_ws/install/reachy_kinematics:/home/reachy/reachy_ws/install/reachy_controllers:/home/reachy/reachy_ws/install/reachy_focus:/home/reachy/ros_ws/install/ros2_demo_py:/home/reachy/ros_ws/install/joint_state_publisher_gui:/home/reachy/ros_ws/install/joint_state_publisher:/opt/ros/foxy /usr/bin/cmake --install /home/reachy/dev_ws/build/turtlesim
[73.553s] Level 1:colcon.colcon_core.environment:create_environment_scripts_only(turtlesim)
[73.555s] DEBUG:colcon.colcon_core.event_handler.log_command:Invoked command in '/home/reachy/dev_ws/build/turtlesim' returned '0': CMAKE_PREFIX_PATH=${CMAKE_PREFIX_PATH}:/home/reachy/reachy_ws/install/reachy_sdk_server:/home/reachy/reachy_ws/install/reachy_kinematics:/home/reachy/reachy_ws/install/reachy_controllers:/home/reachy/reachy_ws/install/reachy_focus:/home/reachy/ros_ws/install/ros2_demo_py:/home/reachy/ros_ws/install/joint_state_publisher_gui:/home/reachy/ros_ws/install/joint_state_publisher:/opt/ros/foxy /usr/bin/cmake --install /home/reachy/dev_ws/build/turtlesim
[73.558s] Level 1:colcon.colcon_core.environment:checking '/home/reachy/dev_ws/install/turtlesim' for CMake module files
[73.559s] Level 1:colcon.colcon_core.environment:checking '/home/reachy/dev_ws/install/turtlesim' for CMake config files
[73.559s] Level 1:colcon.colcon_core.shell:create_environment_hook('turtlesim', 'cmake_prefix_path')
[73.560s] INFO:colcon.colcon_core.shell:Creating environment hook '/home/reachy/dev_ws/install/turtlesim/share/turtlesim/hook/cmake_prefix_path.ps1'
[73.561s] INFO:colcon.colcon_core.shell:Creating environment descriptor '/home/reachy/dev_ws/install/turtlesim/share/turtlesim/hook/cmake_prefix_path.dsv'
[73.562s] INFO:colcon.colcon_core.shell:Creating environment hook '/home/reachy/dev_ws/install/turtlesim/share/turtlesim/hook/cmake_prefix_path.sh'
[73.563s] Level 1:colcon.colcon_core.environment:checking '/home/reachy/dev_ws/install/turtlesim/lib'
[73.563s] Level 1:colcon.colcon_core.shell:create_environment_hook('turtlesim', 'ld_library_path_lib')
[73.564s] INFO:colcon.colcon_core.shell:Creating environment hook '/home/reachy/dev_ws/install/turtlesim/share/turtlesim/hook/ld_library_path_lib.ps1'
[73.564s] INFO:colcon.colcon_core.shell:Creating environment descriptor '/home/reachy/dev_ws/install/turtlesim/share/turtlesim/hook/ld_library_path_lib.dsv'
[73.565s] INFO:colcon.colcon_core.shell:Creating environment hook '/home/reachy/dev_ws/install/turtlesim/share/turtlesim/hook/ld_library_path_lib.sh'
[73.565s] Level 1:colcon.colcon_core.environment:checking '/home/reachy/dev_ws/install/turtlesim/bin'
[73.565s] Level 1:colcon.colcon_core.environment:checking '/home/reachy/dev_ws/install/turtlesim/lib/pkgconfig/turtlesim.pc'
[73.565s] Level 1:colcon.colcon_core.environment:checking '/home/reachy/dev_ws/install/turtlesim/lib/python3.8/site-packages'
[73.565s] Level 1:colcon.colcon_core.shell:create_environment_hook('turtlesim', 'pythonpath')
[73.566s] INFO:colcon.colcon_core.shell:Creating environment hook '/home/reachy/dev_ws/install/turtlesim/share/turtlesim/hook/pythonpath.ps1'
[73.567s] INFO:colcon.colcon_core.shell:Creating environment descriptor '/home/reachy/dev_ws/install/turtlesim/share/turtlesim/hook/pythonpath.dsv'
[73.567s] INFO:colcon.colcon_core.shell:Creating environment hook '/home/reachy/dev_ws/install/turtlesim/share/turtlesim/hook/pythonpath.sh'
[73.569s] INFO:colcon.colcon_core.shell:Creating package script '/home/reachy/dev_ws/install/turtlesim/share/turtlesim/package.ps1'
[73.570s] INFO:colcon.colcon_core.shell:Creating package descriptor '/home/reachy/dev_ws/install/turtlesim/share/turtlesim/package.dsv'
[73.571s] INFO:colcon.colcon_core.shell:Creating package script '/home/reachy/dev_ws/install/turtlesim/share/turtlesim/package.sh'
[73.572s] INFO:colcon.colcon_core.shell:Creating package script '/home/reachy/dev_ws/install/turtlesim/share/turtlesim/package.bash'
[73.573s] INFO:colcon.colcon_core.shell:Creating package script '/home/reachy/dev_ws/install/turtlesim/share/turtlesim/package.zsh'
[73.574s] Level 1:colcon.colcon_core.environment:create_file_with_runtime_dependencies(/home/reachy/dev_ws/install/turtlesim/share/colcon-core/packages/turtlesim)
[73.750s] Level 1:colcon.colcon_core.environment:create_environment_scripts_only(turtlesim)
[73.751s] Level 1:colcon.colcon_core.environment:checking '/home/reachy/dev_ws/install/turtlesim' for CMake module files
[73.751s] Level 1:colcon.colcon_core.environment:checking '/home/reachy/dev_ws/install/turtlesim' for CMake config files
[73.752s] Level 1:colcon.colcon_core.shell:create_environment_hook('turtlesim', 'cmake_prefix_path')
[73.753s] INFO:colcon.colcon_core.shell:Creating environment hook '/home/reachy/dev_ws/install/turtlesim/share/turtlesim/hook/cmake_prefix_path.ps1'
[73.753s] INFO:colcon.colcon_core.shell:Creating environment descriptor '/home/reachy/dev_ws/install/turtlesim/share/turtlesim/hook/cmake_prefix_path.dsv'
[73.753s] INFO:colcon.colcon_core.shell:Creating environment hook '/home/reachy/dev_ws/install/turtlesim/share/turtlesim/hook/cmake_prefix_path.sh'
[73.754s] Level 1:colcon.colcon_core.environment:checking '/home/reachy/dev_ws/install/turtlesim/lib'
[73.754s] Level 1:colcon.colcon_core.shell:create_environment_hook('turtlesim', 'ld_library_path_lib')
[73.755s] INFO:colcon.colcon_core.shell:Creating environment hook '/home/reachy/dev_ws/install/turtlesim/share/turtlesim/hook/ld_library_path_lib.ps1'
[73.755s] INFO:colcon.colcon_core.shell:Creating environment descriptor '/home/reachy/dev_ws/install/turtlesim/share/turtlesim/hook/ld_library_path_lib.dsv'
[73.756s] INFO:colcon.colcon_core.shell:Creating environment hook '/home/reachy/dev_ws/install/turtlesim/share/turtlesim/hook/ld_library_path_lib.sh'
[73.756s] Level 1:colcon.colcon_core.environment:checking '/home/reachy/dev_ws/install/turtlesim/bin'
[73.756s] Level 1:colcon.colcon_core.environment:checking '/home/reachy/dev_ws/install/turtlesim/lib/pkgconfig/turtlesim.pc'
[73.756s] Level 1:colcon.colcon_core.environment:checking '/home/reachy/dev_ws/install/turtlesim/lib/python3.8/site-packages'
[73.756s] Level 1:colcon.colcon_core.shell:create_environment_hook('turtlesim', 'pythonpath')
[73.757s] INFO:colcon.colcon_core.shell:Creating environment hook '/home/reachy/dev_ws/install/turtlesim/share/turtlesim/hook/pythonpath.ps1'
[73.758s] INFO:colcon.colcon_core.shell:Creating environment descriptor '/home/reachy/dev_ws/install/turtlesim/share/turtlesim/hook/pythonpath.dsv'
[73.758s] INFO:colcon.colcon_core.shell:Creating environment hook '/home/reachy/dev_ws/install/turtlesim/share/turtlesim/hook/pythonpath.sh'
[73.759s] INFO:colcon.colcon_core.shell:Creating package script '/home/reachy/dev_ws/install/turtlesim/share/turtlesim/package.ps1'
[73.760s] INFO:colcon.colcon_core.shell:Creating package descriptor '/home/reachy/dev_ws/install/turtlesim/share/turtlesim/package.dsv'
[73.760s] INFO:colcon.colcon_core.shell:Creating package script '/home/reachy/dev_ws/install/turtlesim/share/turtlesim/package.sh'
[73.761s] INFO:colcon.colcon_core.shell:Creating package script '/home/reachy/dev_ws/install/turtlesim/share/turtlesim/package.bash'
[73.762s] INFO:colcon.colcon_core.shell:Creating package script '/home/reachy/dev_ws/install/turtlesim/share/turtlesim/package.zsh'
[73.762s] Level 1:colcon.colcon_core.environment:create_file_with_runtime_dependencies(/home/reachy/dev_ws/install/turtlesim/share/colcon-core/packages/turtlesim)
[73.763s] DEBUG:colcon.colcon_parallel_executor.executor.parallel:closing loop
[73.763s] DEBUG:colcon.colcon_parallel_executor.executor.parallel:loop closed
[73.763s] DEBUG:colcon.colcon_parallel_executor.executor.parallel:run_until_complete finished with '0'
[73.763s] DEBUG:colcon.colcon_core.event_reactor:joining thread
[73.772s] INFO:colcon.colcon_core.plugin_system:Skipping extension 'colcon_notification.desktop_notification.terminal_notifier': Not used on non-Darwin systems
[73.772s] INFO:colcon.colcon_core.plugin_system:Skipping extension 'colcon_notification.desktop_notification.win32': Not used on non-Windows systems
[73.772s] INFO:colcon.colcon_notification.desktop_notification:Sending desktop notification using 'notify2'
[73.789s] DEBUG:colcon.colcon_core.event_reactor:joined thread
[73.790s] INFO:colcon.colcon_core.shell:Creating prefix script '/home/reachy/dev_ws/install/local_setup.ps1'
[73.792s] INFO:colcon.colcon_core.shell:Creating prefix util module '/home/reachy/dev_ws/install/_local_setup_util_ps1.py'
[73.794s] INFO:colcon.colcon_core.shell:Creating prefix chain script '/home/reachy/dev_ws/install/setup.ps1'
[73.798s] INFO:colcon.colcon_core.shell:Creating prefix script '/home/reachy/dev_ws/install/local_setup.sh'
[73.799s] INFO:colcon.colcon_core.shell:Creating prefix util module '/home/reachy/dev_ws/install/_local_setup_util_sh.py'
[73.800s] INFO:colcon.colcon_core.shell:Creating prefix chain script '/home/reachy/dev_ws/install/setup.sh'
[73.805s] INFO:colcon.colcon_core.shell:Creating prefix script '/home/reachy/dev_ws/install/local_setup.bash'
[73.806s] INFO:colcon.colcon_core.shell:Creating prefix chain script '/home/reachy/dev_ws/install/setup.bash'
[73.810s] INFO:colcon.colcon_core.shell:Creating prefix script '/home/reachy/dev_ws/install/local_setup.zsh'
[73.811s] INFO:colcon.colcon_core.shell:Creating prefix chain script '/home/reachy/dev_ws/install/setup.zsh'
