[0.016s] Invoking command in '/home/reachy/ros_ws/src/screen_app/build/screen_app': CMAKE_PREFIX_PATH=${CMAKE_PREFIX_PATH}:/home/reachy/reachy_ws/install/reachy_sdk_server:/home/reachy/reachy_ws/install/reachy_kinematics:/home/reachy/reachy_ws/install/reachy_controllers:/home/reachy/reachy_ws/install/reachy_focus:/home/reachy/ros_ws/install/joint_state_publisher_gui:/home/reachy/ros_ws/install/joint_state_publisher:/opt/ros/foxy /usr/bin/cmake --build /home/reachy/ros_ws/src/screen_app/build/screen_app -- -j4 -l4
[0.048s] -- Found ament_cmake: 0.9.9 (/opt/ros/foxy/share/ament_cmake/cmake)
[0.076s] -- Found PythonInterp: /usr/bin/python3 (found suitable version "3.8.10", minimum required is "3") 
[0.077s] -- Using PYTHON_EXECUTABLE: /usr/bin/python3
[0.308s] -- Found std_msgs: 2.0.4 (/opt/ros/foxy/share/std_msgs/cmake)
[0.330s] -- Using all available rosidl_typesupport_c: rosidl_typesupport_fastrtps_c;rosidl_typesupport_introspection_c
[0.334s] -- Found rosidl_adapter: 1.2.1 (/opt/ros/foxy/share/rosidl_adapter/cmake)
[0.446s] -- Using all available rosidl_typesupport_cpp: rosidl_typesupport_fastrtps_cpp;rosidl_typesupport_introspection_cpp
[0.487s] -- Found rosidl_default_generators: 1.0.1 (/opt/ros/foxy/share/rosidl_default_generators/cmake)
[0.522s] -- Found PythonInterp: /usr/bin/python3 (found version "3.8.10") 
[0.693s] -- Found ament_cmake_ros: 0.9.2 (/opt/ros/foxy/share/ament_cmake_ros/cmake)
[0.854s] -- Using all available rosidl_typesupport_c: rosidl_typesupport_fastrtps_c;rosidl_typesupport_introspection_c
[0.919s] -- Using all available rosidl_typesupport_cpp: rosidl_typesupport_fastrtps_cpp;rosidl_typesupport_introspection_cpp
[0.947s] -- Found PythonInterp: /usr/bin/python3 (found suitable version "3.8.10", minimum required is "3.5") 
[0.947s] -- Found python_cmake_module: 0.8.1 (/opt/ros/foxy/share/python_cmake_module/cmake)
[0.978s] -- Using PYTHON_EXECUTABLE: /usr/bin/python3
[0.978s] -- Using PYTHON_INCLUDE_DIRS: /usr/include/python3.8
[0.978s] -- Using PYTHON_LIBRARIES: /usr/lib/x86_64-linux-gnu/libpython3.8.so
[1.016s] -- Found ament_lint_auto: 0.9.6 (/opt/ros/foxy/share/ament_lint_auto/cmake)
[1.025s] -- Added test 'copyright' to check source files copyright and LICENSE
[1.048s] -- Added test 'cppcheck' to perform static code analysis on C / C++ code
[1.050s] -- Configured cppcheck include dirs: $<BUILD_INTERFACE:/home/reachy/ros_ws/src/screen_app/build/screen_app/rosidl_generator_c>;/home/reachy/ros_ws/src/screen_app/build/screen_app/rosidl_generator_c;/home/reachy/ros_ws/src/screen_app/build/screen_app/rosidl_generator_cpp;/home/reachy/ros_ws/src/screen_app/build/screen_app/rosidl_typesupport_fastrtps_c;/home/reachy/ros_ws/src/screen_app/build/screen_app/rosidl_typesupport_fastrtps_cpp;$<BUILD_INTERFACE:/home/reachy/ros_ws/src/screen_app/build/screen_app/rosidl_typesupport_introspection_c>;$<BUILD_INTERFACE:/home/reachy/ros_ws/src/screen_app/build/screen_app/rosidl_typesupport_c>;$<BUILD_INTERFACE:/home/reachy/ros_ws/src/screen_app/build/screen_app/rosidl_generator_cpp>;/home/reachy/ros_ws/src/screen_app/build/screen_app/rosidl_generator_py
[1.050s] -- Configured cppcheck exclude dirs and/or files: 
[1.072s] -- Added test 'cpplint' to check C / C++ code against the Google style
[1.072s] -- Configured cpplint exclude dirs and/or files: 
[1.075s] -- Added test 'flake8' to check Python code syntax and style conventions
[1.081s] -- Added test 'lint_cmake' to check CMake code style
[1.084s] -- Added test 'pep257' to check Python code against some of the style conventions in PEP 257
[1.107s] -- Added test 'uncrustify' to check C / C++ code style
[1.107s] -- Configured uncrustify additional arguments: 
[1.110s] -- Added test 'xmllint' to check XML markup files
[1.113s] -- Configuring done
[1.154s] -- Generating done
[1.157s] -- Build files have been written to: /home/reachy/ros_ws/src/screen_app/build/screen_app
[1.201s] [  3%] Built target screen_app__cpp
[1.203s] [  6%] [32mBuilding C object CMakeFiles/screen_app__rosidl_generator_c.dir/rosidl_generator_c/screen_app/msg/detail/num__functions.c.o[0m
[1.222s] In file included from [01m[K/home/reachy/ros_ws/src/screen_app/build/screen_app/rosidl_generator_c/screen_app/msg/detail/num__functions.h:19[m[K,
[1.222s]                  from [01m[K/home/reachy/ros_ws/src/screen_app/build/screen_app/rosidl_generator_c/screen_app/msg/detail/num__functions.c:4[m[K:
[1.223s] [01m[K/home/reachy/ros_ws/src/screen_app/build/screen_app/rosidl_generator_c/screen_app/msg/detail/num__struct.h:22:10:[m[K [01;31m[Kfatal error: [m[Kscreen_app/msg/detail/header__struct.h: No such file or directory
[1.223s]    22 | #include [01;31m[K"screen_app/msg/detail/header__struct.h"[m[K
[1.223s]       |          [01;31m[K^~~~~~~~~~~~~~~~~~~~~~~~~~~~~~~~~~~~~~~~[m[K
[1.223s] compilation terminated.
[1.223s] make[2]: *** [CMakeFiles/screen_app__rosidl_generator_c.dir/build.make:124: CMakeFiles/screen_app__rosidl_generator_c.dir/rosidl_generator_c/screen_app/msg/detail/num__functions.c.o] Error 1
[1.224s] make[1]: *** [CMakeFiles/Makefile2:415: CMakeFiles/screen_app__rosidl_generator_c.dir/all] Error 2
[1.224s] make[1]: *** Waiting for unfinished jobs....
[1.237s] [  9%] [32mBuilding CXX object CMakeFiles/screen_app__rosidl_typesupport_introspection_cpp.dir/rosidl_typesupport_introspection_cpp/screen_app/msg/detail/num__type_support.cpp.o[0m
[1.238s] [ 12%] [32mBuilding CXX object CMakeFiles/screen_app__rosidl_typesupport_cpp.dir/rosidl_typesupport_cpp/screen_app/msg/num__type_support.cpp.o[0m
[1.238s] [ 16%] [32mBuilding CXX object CMakeFiles/screen_app__rosidl_typesupport_fastrtps_cpp.dir/rosidl_typesupport_fastrtps_cpp/screen_app/msg/detail/dds_fastrtps/num__type_support.cpp.o[0m
[1.299s] In file included from [01m[K/home/reachy/ros_ws/src/screen_app/build/screen_app/rosidl_typesupport_fastrtps_cpp/screen_app/msg/detail/num__rosidl_typesupport_fastrtps_cpp.hpp:11[m[K,
[1.299s]                  from [01m[K/home/reachy/ros_ws/src/screen_app/build/screen_app/rosidl_typesupport_fastrtps_cpp/screen_app/msg/detail/dds_fastrtps/num__type_support.cpp:4[m[K:
[1.300s] [01m[K/home/reachy/ros_ws/src/screen_app/build/screen_app/rosidl_generator_cpp/screen_app/msg/detail/num__struct.hpp:19:10:[m[K [01;31m[Kfatal error: [m[Kscreen_app/msg/detail/header__struct.hpp: No such file or directory
[1.300s]    19 | #include [01;31m[K"screen_app/msg/detail/header__struct.hpp"[m[K
[1.300s]       |          [01;31m[K^~~~~~~~~~~~~~~~~~~~~~~~~~~~~~~~~~~~~~~~~~[m[K
[1.300s] compilation terminated.
[1.300s] make[2]: *** [CMakeFiles/screen_app__rosidl_typesupport_fastrtps_cpp.dir/build.make:110: CMakeFiles/screen_app__rosidl_typesupport_fastrtps_cpp.dir/rosidl_typesupport_fastrtps_cpp/screen_app/msg/detail/dds_fastrtps/num__type_support.cpp.o] Error 1
[1.301s] make[1]: *** [CMakeFiles/Makefile2:496: CMakeFiles/screen_app__rosidl_typesupport_fastrtps_cpp.dir/all] Error 2
[1.306s] In file included from [01m[K/home/reachy/ros_ws/src/screen_app/build/screen_app/rosidl_typesupport_cpp/screen_app/msg/num__type_support.cpp:7[m[K:
[1.306s] [01m[K/home/reachy/ros_ws/src/screen_app/build/screen_app/rosidl_generator_cpp/screen_app/msg/detail/num__struct.hpp:19:10:[m[K [01;31m[Kfatal error: [m[Kscreen_app/msg/detail/header__struct.hpp: No such file or directory
[1.307s]    19 | #include [01;31m[K"screen_app/msg/detail/header__struct.hpp"[m[K
[1.307s]       |          [01;31m[K^~~~~~~~~~~~~~~~~~~~~~~~~~~~~~~~~~~~~~~~~~[m[K
[1.307s] compilation terminated.
[1.308s] make[2]: *** [CMakeFiles/screen_app__rosidl_typesupport_cpp.dir/build.make:105: CMakeFiles/screen_app__rosidl_typesupport_cpp.dir/rosidl_typesupport_cpp/screen_app/msg/num__type_support.cpp.o] Error 1
[1.308s] make[1]: *** [CMakeFiles/Makefile2:442: CMakeFiles/screen_app__rosidl_typesupport_cpp.dir/all] Error 2
[1.311s] In file included from [01m[K/home/reachy/ros_ws/src/screen_app/build/screen_app/rosidl_typesupport_introspection_cpp/screen_app/msg/detail/num__type_support.cpp:12[m[K:
[1.311s] [01m[K/home/reachy/ros_ws/src/screen_app/build/screen_app/rosidl_generator_cpp/screen_app/msg/detail/num__struct.hpp:19:10:[m[K [01;31m[Kfatal error: [m[Kscreen_app/msg/detail/header__struct.hpp: No such file or directory
[1.311s]    19 | #include [01;31m[K"screen_app/msg/detail/header__struct.hpp"[m[K
[1.311s]       |          [01;31m[K^~~~~~~~~~~~~~~~~~~~~~~~~~~~~~~~~~~~~~~~~~[m[K
[1.311s] compilation terminated.
[1.312s] make[2]: *** [CMakeFiles/screen_app__rosidl_typesupport_introspection_cpp.dir/build.make:110: CMakeFiles/screen_app__rosidl_typesupport_introspection_cpp.dir/rosidl_typesupport_introspection_cpp/screen_app/msg/detail/num__type_support.cpp.o] Error 1
[1.312s] make[1]: *** [CMakeFiles/Makefile2:246: CMakeFiles/screen_app__rosidl_typesupport_introspection_cpp.dir/all] Error 2
[1.313s] make: *** [Makefile:141: all] Error 2
[1.316s] Invoked command in '/home/reachy/ros_ws/src/screen_app/build/screen_app' returned '2': CMAKE_PREFIX_PATH=${CMAKE_PREFIX_PATH}:/home/reachy/reachy_ws/install/reachy_sdk_server:/home/reachy/reachy_ws/install/reachy_kinematics:/home/reachy/reachy_ws/install/reachy_controllers:/home/reachy/reachy_ws/install/reachy_focus:/home/reachy/ros_ws/install/joint_state_publisher_gui:/home/reachy/ros_ws/install/joint_state_publisher:/opt/ros/foxy /usr/bin/cmake --build /home/reachy/ros_ws/src/screen_app/build/screen_app -- -j4 -l4
