[0.015s] Invoking command in '/home/reachy/ros_ws/src/screen_app/build/screen_app': CMAKE_PREFIX_PATH=${CMAKE_PREFIX_PATH}:/home/reachy/reachy_ws/install/reachy_sdk_server:/home/reachy/reachy_ws/install/reachy_kinematics:/home/reachy/reachy_ws/install/reachy_controllers:/home/reachy/reachy_ws/install/reachy_focus:/home/reachy/ros_ws/install/joint_state_publisher_gui:/home/reachy/ros_ws/install/joint_state_publisher:/opt/ros/foxy /usr/bin/cmake --build /home/reachy/ros_ws/src/screen_app/build/screen_app -- -j4 -l4
[0.048s] -- Found ament_cmake: 0.9.9 (/opt/ros/foxy/share/ament_cmake/cmake)
[0.078s] -- Found PythonInterp: /usr/bin/python3 (found suitable version "3.8.10", minimum required is "3") 
[0.078s] -- Using PYTHON_EXECUTABLE: /usr/bin/python3
[0.307s] -- Found rosidl_default_generators: 1.0.1 (/opt/ros/foxy/share/rosidl_default_generators/cmake)
[0.311s] -- Using all available rosidl_typesupport_c: rosidl_typesupport_fastrtps_c;rosidl_typesupport_introspection_c
[0.315s] -- Found rosidl_adapter: 1.2.1 (/opt/ros/foxy/share/rosidl_adapter/cmake)
[0.464s] -- Using all available rosidl_typesupport_cpp: rosidl_typesupport_fastrtps_cpp;rosidl_typesupport_introspection_cpp
[0.511s] -- Found PythonInterp: /usr/bin/python3 (found version "3.8.10") 
[0.661s] -- Found ament_cmake_ros: 0.9.2 (/opt/ros/foxy/share/ament_cmake_ros/cmake)
[0.759s] -- Using all available rosidl_typesupport_c: rosidl_typesupport_fastrtps_c;rosidl_typesupport_introspection_c
[0.767s] -- Using all available rosidl_typesupport_cpp: rosidl_typesupport_fastrtps_cpp;rosidl_typesupport_introspection_cpp
[0.794s] -- Found PythonInterp: /usr/bin/python3 (found suitable version "3.8.10", minimum required is "3.5") 
[0.794s] -- Found python_cmake_module: 0.8.1 (/opt/ros/foxy/share/python_cmake_module/cmake)
[0.822s] -- Using PYTHON_EXECUTABLE: /usr/bin/python3
[0.822s] -- Using PYTHON_INCLUDE_DIRS: /usr/include/python3.8
[0.822s] -- Using PYTHON_LIBRARIES: /usr/lib/x86_64-linux-gnu/libpython3.8.so
[0.841s] -- Found ament_lint_auto: 0.9.6 (/opt/ros/foxy/share/ament_lint_auto/cmake)
[0.850s] -- Added test 'copyright' to check source files copyright and LICENSE
[0.872s] -- Added test 'cppcheck' to perform static code analysis on C / C++ code
[0.874s] -- Configured cppcheck include dirs: $<BUILD_INTERFACE:/home/reachy/ros_ws/src/screen_app/build/screen_app/rosidl_generator_c>;/home/reachy/ros_ws/src/screen_app/build/screen_app/rosidl_generator_c;/home/reachy/ros_ws/src/screen_app/build/screen_app/rosidl_generator_cpp;/home/reachy/ros_ws/src/screen_app/build/screen_app/rosidl_typesupport_fastrtps_c;/home/reachy/ros_ws/src/screen_app/build/screen_app/rosidl_typesupport_fastrtps_cpp;$<BUILD_INTERFACE:/home/reachy/ros_ws/src/screen_app/build/screen_app/rosidl_typesupport_introspection_c>;$<BUILD_INTERFACE:/home/reachy/ros_ws/src/screen_app/build/screen_app/rosidl_typesupport_c>;$<BUILD_INTERFACE:/home/reachy/ros_ws/src/screen_app/build/screen_app/rosidl_generator_cpp>;/home/reachy/ros_ws/src/screen_app/build/screen_app/rosidl_generator_py
[0.874s] -- Configured cppcheck exclude dirs and/or files: 
[0.893s] -- Added test 'cpplint' to check C / C++ code against the Google style
[0.894s] -- Configured cpplint exclude dirs and/or files: 
[0.897s] -- Added test 'flake8' to check Python code syntax and style conventions
[0.903s] -- Added test 'lint_cmake' to check CMake code style
[0.907s] -- Added test 'pep257' to check Python code against some of the style conventions in PEP 257
[0.929s] -- Added test 'uncrustify' to check C / C++ code style
[0.929s] -- Configured uncrustify additional arguments: 
[0.932s] -- Added test 'xmllint' to check XML markup files
[0.936s] -- Configuring done
[0.962s] -- Generating done
[0.965s] -- Build files have been written to: /home/reachy/ros_ws/src/screen_app/build/screen_app
[0.992s] [  3%] [34m[1mGenerating C code for ROS interfaces[0m
[1.006s] [  6%] [34m[1mGenerating C++ code for ROS interfaces[0m
[1.272s] [35m[1mScanning dependencies of target screen_app__rosidl_generator_c[0m
[1.285s] [  9%] [32mBuilding C object CMakeFiles/screen_app__rosidl_generator_c.dir/rosidl_generator_c/screen_app/msg/detail/num__functions.c.o[0m
[1.308s] In file included from [01m[K/home/reachy/ros_ws/src/screen_app/build/screen_app/rosidl_generator_c/screen_app/msg/detail/num__functions.h:19[m[K,
[1.308s]                  from [01m[K/home/reachy/ros_ws/src/screen_app/build/screen_app/rosidl_generator_c/screen_app/msg/detail/num__functions.c:4[m[K:
[1.308s] [01m[K/home/reachy/ros_ws/src/screen_app/build/screen_app/rosidl_generator_c/screen_app/msg/detail/num__struct.h:22:10:[m[K [01;31m[Kfatal error: [m[Kscreen_app/msg/detail/header__struct.h: No such file or directory
[1.308s]    22 | #include [01;31m[K"screen_app/msg/detail/header__struct.h"[m[K
[1.308s]       |          [01;31m[K^~~~~~~~~~~~~~~~~~~~~~~~~~~~~~~~~~~~~~~~[m[K
[1.309s] compilation terminated.
[1.313s] make[2]: *** [CMakeFiles/screen_app__rosidl_generator_c.dir/build.make:92: CMakeFiles/screen_app__rosidl_generator_c.dir/rosidl_generator_c/screen_app/msg/detail/num__functions.c.o] Error 1
[1.313s] make[1]: *** [CMakeFiles/Makefile2:415: CMakeFiles/screen_app__rosidl_generator_c.dir/all] Error 2
[1.313s] make[1]: *** Waiting for unfinished jobs....
[1.330s] [  9%] Built target screen_app__cpp
[1.331s] make: *** [Makefile:141: all] Error 2
[1.334s] Invoked command in '/home/reachy/ros_ws/src/screen_app/build/screen_app' returned '2': CMAKE_PREFIX_PATH=${CMAKE_PREFIX_PATH}:/home/reachy/reachy_ws/install/reachy_sdk_server:/home/reachy/reachy_ws/install/reachy_kinematics:/home/reachy/reachy_ws/install/reachy_controllers:/home/reachy/reachy_ws/install/reachy_focus:/home/reachy/ros_ws/install/joint_state_publisher_gui:/home/reachy/ros_ws/install/joint_state_publisher:/opt/ros/foxy /usr/bin/cmake --build /home/reachy/ros_ws/src/screen_app/build/screen_app -- -j4 -l4
