[0.468s] DEBUG:colcon:Command line arguments: ['/usr/bin/colcon', 'build']
[0.468s] DEBUG:colcon:Parsed command line arguments: Namespace(ament_cmake_args=None, base_paths=['.'], build_base='build', catkin_cmake_args=None, catkin_skip_building_tests=False, cmake_args=None, cmake_clean_cache=False, cmake_clean_first=False, cmake_force_configure=False, cmake_target=None, cmake_target_skip_unavailable=False, continue_on_error=False, event_handlers=None, executor='parallel', ignore_user_meta=False, install_base='install', log_base=None, log_level=None, main=<bound method BuildVerb.main of <colcon_core.verb.build.BuildVerb object at 0x7f1bff378520>>, merge_install=False, metas=['./colcon.meta'], packages_above=None, packages_above_and_dependencies=None, packages_above_depth=None, packages_end=None, packages_ignore=None, packages_ignore_regex=None, packages_select=None, packages_select_build_failed=False, packages_select_by_dep=None, packages_select_regex=None, packages_select_test_failures=False, packages_skip=None, packages_skip_build_finished=False, packages_skip_by_dep=None, packages_skip_regex=None, packages_skip_test_passed=False, packages_skip_up_to=None, packages_start=None, packages_up_to=None, packages_up_to_regex=None, parallel_workers=4, paths=None, symlink_install=False, test_result_base=None, verb_extension=<colcon_core.verb.build.BuildVerb object at 0x7f1bff378520>, verb_name='build', verb_parser=<colcon_defaults.argument_parser.defaults.DefaultArgumentsDecorator object at 0x7f1bff378a60>)
[0.477s] Level 1:colcon.colcon_core.package_discovery:discover_packages(colcon_meta) check parameters
[0.477s] Level 1:colcon.colcon_core.package_discovery:discover_packages(recursive) check parameters
[0.477s] Level 1:colcon.colcon_core.package_discovery:discover_packages(ignore) check parameters
[0.477s] Level 1:colcon.colcon_core.package_discovery:discover_packages(path) check parameters
[0.477s] Level 1:colcon.colcon_core.package_discovery:discover_packages(colcon_meta) discover
[0.477s] Level 1:colcon.colcon_core.package_discovery:discover_packages(recursive) discover
[0.477s] INFO:colcon.colcon_core.package_discovery:Crawling recursively for packages in '/home/reachy/reachy_repo/Fall2021/reachy_touchscreen/dev_ws'
[0.478s] Level 1:colcon.colcon_core.package_identification:_identify(.) by extensions ['ignore', 'ignore_ament_install']
[0.478s] Level 1:colcon.colcon_core.package_identification:_identify(.) by extension 'ignore'
[0.478s] Level 1:colcon.colcon_core.package_identification:_identify(.) by extension 'ignore_ament_install'
[0.478s] Level 1:colcon.colcon_core.package_identification:_identify(.) by extensions ['colcon_pkg']
[0.478s] Level 1:colcon.colcon_core.package_identification:_identify(.) by extension 'colcon_pkg'
[0.478s] Level 1:colcon.colcon_core.package_identification:_identify(.) by extensions ['colcon_meta']
[0.478s] Level 1:colcon.colcon_core.package_identification:_identify(.) by extension 'colcon_meta'
[0.478s] Level 1:colcon.colcon_core.package_identification:_identify(.) by extensions ['ros']
[0.478s] Level 1:colcon.colcon_core.package_identification:_identify(.) by extension 'ros'
[0.496s] Level 1:colcon.colcon_core.package_identification:_identify(.) by extensions ['cmake', 'python']
[0.496s] Level 1:colcon.colcon_core.package_identification:_identify(.) by extension 'cmake'
[0.496s] Level 1:colcon.colcon_core.package_identification:_identify(.) by extension 'python'
[0.496s] Level 1:colcon.colcon_core.package_identification:_identify(.) by extensions ['python_setup_py']
[0.496s] Level 1:colcon.colcon_core.package_identification:_identify(.) by extension 'python_setup_py'
[0.496s] Level 1:colcon.colcon_core.package_identification:_identify(build) by extensions ['ignore', 'ignore_ament_install']
[0.496s] Level 1:colcon.colcon_core.package_identification:_identify(build) by extension 'ignore'
[0.496s] Level 1:colcon.colcon_core.package_identification:_identify(build) ignored
[0.497s] Level 1:colcon.colcon_core.package_identification:_identify(install) by extensions ['ignore', 'ignore_ament_install']
[0.497s] Level 1:colcon.colcon_core.package_identification:_identify(install) by extension 'ignore'
[0.497s] Level 1:colcon.colcon_core.package_identification:_identify(install) ignored
[0.497s] Level 1:colcon.colcon_core.package_identification:_identify(log) by extensions ['ignore', 'ignore_ament_install']
[0.497s] Level 1:colcon.colcon_core.package_identification:_identify(log) by extension 'ignore'
[0.497s] Level 1:colcon.colcon_core.package_identification:_identify(log) ignored
[0.497s] Level 1:colcon.colcon_core.package_identification:_identify(src) by extensions ['ignore', 'ignore_ament_install']
[0.497s] Level 1:colcon.colcon_core.package_identification:_identify(src) by extension 'ignore'
[0.497s] Level 1:colcon.colcon_core.package_identification:_identify(src) by extension 'ignore_ament_install'
[0.497s] Level 1:colcon.colcon_core.package_identification:_identify(src) by extensions ['colcon_pkg']
[0.497s] Level 1:colcon.colcon_core.package_identification:_identify(src) by extension 'colcon_pkg'
[0.498s] Level 1:colcon.colcon_core.package_identification:_identify(src) by extensions ['colcon_meta']
[0.498s] Level 1:colcon.colcon_core.package_identification:_identify(src) by extension 'colcon_meta'
[0.498s] Level 1:colcon.colcon_core.package_identification:_identify(src) by extensions ['ros']
[0.498s] Level 1:colcon.colcon_core.package_identification:_identify(src) by extension 'ros'
[0.498s] Level 1:colcon.colcon_core.package_identification:_identify(src) by extensions ['cmake', 'python']
[0.498s] Level 1:colcon.colcon_core.package_identification:_identify(src) by extension 'cmake'
[0.498s] Level 1:colcon.colcon_core.package_identification:_identify(src) by extension 'python'
[0.498s] Level 1:colcon.colcon_core.package_identification:_identify(src) by extensions ['python_setup_py']
[0.498s] Level 1:colcon.colcon_core.package_identification:_identify(src) by extension 'python_setup_py'
[0.498s] Level 1:colcon.colcon_core.package_identification:_identify(src/my_package) by extensions ['ignore', 'ignore_ament_install']
[0.498s] Level 1:colcon.colcon_core.package_identification:_identify(src/my_package) by extension 'ignore'
[0.498s] Level 1:colcon.colcon_core.package_identification:_identify(src/my_package) by extension 'ignore_ament_install'
[0.498s] Level 1:colcon.colcon_core.package_identification:_identify(src/my_package) by extensions ['colcon_pkg']
[0.498s] Level 1:colcon.colcon_core.package_identification:_identify(src/my_package) by extension 'colcon_pkg'
[0.498s] Level 1:colcon.colcon_core.package_identification:_identify(src/my_package) by extensions ['colcon_meta']
[0.499s] Level 1:colcon.colcon_core.package_identification:_identify(src/my_package) by extension 'colcon_meta'
[0.499s] Level 1:colcon.colcon_core.package_identification:_identify(src/my_package) by extensions ['ros']
[0.499s] Level 1:colcon.colcon_core.package_identification:_identify(src/my_package) by extension 'ros'
[0.501s] DEBUG:colcon.colcon_core.package_identification:Package 'src/my_package' with type 'ros.ament_python' and name 'my_package'
[0.501s] Level 1:colcon.colcon_core.package_identification:_identify(src/reachy_touchscreen) by extensions ['ignore', 'ignore_ament_install']
[0.502s] Level 1:colcon.colcon_core.package_identification:_identify(src/reachy_touchscreen) by extension 'ignore'
[0.502s] Level 1:colcon.colcon_core.package_identification:_identify(src/reachy_touchscreen) by extension 'ignore_ament_install'
[0.502s] Level 1:colcon.colcon_core.package_identification:_identify(src/reachy_touchscreen) by extensions ['colcon_pkg']
[0.502s] Level 1:colcon.colcon_core.package_identification:_identify(src/reachy_touchscreen) by extension 'colcon_pkg'
[0.502s] Level 1:colcon.colcon_core.package_identification:_identify(src/reachy_touchscreen) by extensions ['colcon_meta']
[0.502s] Level 1:colcon.colcon_core.package_identification:_identify(src/reachy_touchscreen) by extension 'colcon_meta'
[0.502s] Level 1:colcon.colcon_core.package_identification:_identify(src/reachy_touchscreen) by extensions ['ros']
[0.502s] Level 1:colcon.colcon_core.package_identification:_identify(src/reachy_touchscreen) by extension 'ros'
[0.503s] DEBUG:colcon.colcon_core.package_identification:Package 'src/reachy_touchscreen' with type 'ros.ament_python' and name 'reachy_touchscreen'
[0.503s] Level 1:colcon.colcon_core.package_identification:_identify(src/ros_tutorials) by extensions ['ignore', 'ignore_ament_install']
[0.503s] Level 1:colcon.colcon_core.package_identification:_identify(src/ros_tutorials) by extension 'ignore'
[0.503s] Level 1:colcon.colcon_core.package_identification:_identify(src/ros_tutorials) by extension 'ignore_ament_install'
[0.503s] Level 1:colcon.colcon_core.package_identification:_identify(src/ros_tutorials) by extensions ['colcon_pkg']
[0.503s] Level 1:colcon.colcon_core.package_identification:_identify(src/ros_tutorials) by extension 'colcon_pkg'
[0.503s] Level 1:colcon.colcon_core.package_identification:_identify(src/ros_tutorials) by extensions ['colcon_meta']
[0.503s] Level 1:colcon.colcon_core.package_identification:_identify(src/ros_tutorials) by extension 'colcon_meta'
[0.503s] Level 1:colcon.colcon_core.package_identification:_identify(src/ros_tutorials) by extensions ['ros']
[0.504s] Level 1:colcon.colcon_core.package_identification:_identify(src/ros_tutorials) by extension 'ros'
[0.504s] Level 1:colcon.colcon_core.package_identification:_identify(src/ros_tutorials) by extensions ['cmake', 'python']
[0.504s] Level 1:colcon.colcon_core.package_identification:_identify(src/ros_tutorials) by extension 'cmake'
[0.504s] Level 1:colcon.colcon_core.package_identification:_identify(src/ros_tutorials) by extension 'python'
[0.504s] Level 1:colcon.colcon_core.package_identification:_identify(src/ros_tutorials) by extensions ['python_setup_py']
[0.504s] Level 1:colcon.colcon_core.package_identification:_identify(src/ros_tutorials) by extension 'python_setup_py'
[0.504s] Level 1:colcon.colcon_core.package_identification:_identify(src/ros_tutorials/ros_tutorials) by extensions ['ignore', 'ignore_ament_install']
[0.504s] Level 1:colcon.colcon_core.package_identification:_identify(src/ros_tutorials/ros_tutorials) by extension 'ignore'
[0.504s] Level 1:colcon.colcon_core.package_identification:_identify(src/ros_tutorials/ros_tutorials) ignored
[0.505s] Level 1:colcon.colcon_core.package_identification:_identify(src/ros_tutorials/roscpp_tutorials) by extensions ['ignore', 'ignore_ament_install']
[0.505s] Level 1:colcon.colcon_core.package_identification:_identify(src/ros_tutorials/roscpp_tutorials) by extension 'ignore'
[0.505s] Level 1:colcon.colcon_core.package_identification:_identify(src/ros_tutorials/roscpp_tutorials) ignored
[0.505s] Level 1:colcon.colcon_core.package_identification:_identify(src/ros_tutorials/rospy_tutorials) by extensions ['ignore', 'ignore_ament_install']
[0.505s] Level 1:colcon.colcon_core.package_identification:_identify(src/ros_tutorials/rospy_tutorials) by extension 'ignore'
[0.505s] Level 1:colcon.colcon_core.package_identification:_identify(src/ros_tutorials/rospy_tutorials) ignored
[0.505s] Level 1:colcon.colcon_core.package_identification:_identify(src/ros_tutorials/turtlesim) by extensions ['ignore', 'ignore_ament_install']
[0.505s] Level 1:colcon.colcon_core.package_identification:_identify(src/ros_tutorials/turtlesim) by extension 'ignore'
[0.505s] Level 1:colcon.colcon_core.package_identification:_identify(src/ros_tutorials/turtlesim) by extension 'ignore_ament_install'
[0.505s] Level 1:colcon.colcon_core.package_identification:_identify(src/ros_tutorials/turtlesim) by extensions ['colcon_pkg']
[0.506s] Level 1:colcon.colcon_core.package_identification:_identify(src/ros_tutorials/turtlesim) by extension 'colcon_pkg'
[0.506s] Level 1:colcon.colcon_core.package_identification:_identify(src/ros_tutorials/turtlesim) by extensions ['colcon_meta']
[0.506s] Level 1:colcon.colcon_core.package_identification:_identify(src/ros_tutorials/turtlesim) by extension 'colcon_meta'
[0.506s] Level 1:colcon.colcon_core.package_identification:_identify(src/ros_tutorials/turtlesim) by extensions ['ros']
[0.506s] Level 1:colcon.colcon_core.package_identification:_identify(src/ros_tutorials/turtlesim) by extension 'ros'
[0.508s] DEBUG:colcon.colcon_core.package_identification:Package 'src/ros_tutorials/turtlesim' with type 'ros.ament_cmake' and name 'turtlesim'
[0.508s] Level 1:colcon.colcon_core.package_discovery:discover_packages(recursive) using defaults
[0.508s] Level 1:colcon.colcon_core.package_discovery:discover_packages(ignore) discover
[0.508s] Level 1:colcon.colcon_core.package_discovery:discover_packages(ignore) using defaults
[0.508s] Level 1:colcon.colcon_core.package_discovery:discover_packages(path) discover
[0.508s] Level 1:colcon.colcon_core.package_discovery:discover_packages(path) using defaults
[0.542s] Level 5:colcon.colcon_core.verb:set package 'my_package' build argument 'cmake_args' from command line to 'None'
[0.542s] Level 5:colcon.colcon_core.verb:set package 'my_package' build argument 'cmake_target' from command line to 'None'
[0.542s] Level 5:colcon.colcon_core.verb:set package 'my_package' build argument 'cmake_target_skip_unavailable' from command line to 'False'
[0.542s] Level 5:colcon.colcon_core.verb:set package 'my_package' build argument 'cmake_clean_cache' from command line to 'False'
[0.542s] Level 5:colcon.colcon_core.verb:set package 'my_package' build argument 'cmake_clean_first' from command line to 'False'
[0.542s] Level 5:colcon.colcon_core.verb:set package 'my_package' build argument 'cmake_force_configure' from command line to 'False'
[0.542s] Level 5:colcon.colcon_core.verb:set package 'my_package' build argument 'ament_cmake_args' from command line to 'None'
[0.542s] Level 5:colcon.colcon_core.verb:set package 'my_package' build argument 'catkin_cmake_args' from command line to 'None'
[0.542s] Level 5:colcon.colcon_core.verb:set package 'my_package' build argument 'catkin_skip_building_tests' from command line to 'False'
[0.543s] DEBUG:colcon.colcon_core.verb:Building package 'my_package' with the following arguments: {'ament_cmake_args': None, 'build_base': '/home/reachy/reachy_repo/Fall2021/reachy_touchscreen/dev_ws/build/my_package', 'catkin_cmake_args': None, 'catkin_skip_building_tests': False, 'cmake_args': None, 'cmake_clean_cache': False, 'cmake_clean_first': False, 'cmake_force_configure': False, 'cmake_target': None, 'cmake_target_skip_unavailable': False, 'install_base': '/home/reachy/reachy_repo/Fall2021/reachy_touchscreen/dev_ws/install/my_package', 'merge_install': False, 'path': '/home/reachy/reachy_repo/Fall2021/reachy_touchscreen/dev_ws/src/my_package', 'symlink_install': False, 'test_result_base': None}
[0.548s] Level 5:colcon.colcon_core.verb:set package 'reachy_touchscreen' build argument 'cmake_args' from command line to 'None'
[0.548s] Level 5:colcon.colcon_core.verb:set package 'reachy_touchscreen' build argument 'cmake_target' from command line to 'None'
[0.548s] Level 5:colcon.colcon_core.verb:set package 'reachy_touchscreen' build argument 'cmake_target_skip_unavailable' from command line to 'False'
[0.548s] Level 5:colcon.colcon_core.verb:set package 'reachy_touchscreen' build argument 'cmake_clean_cache' from command line to 'False'
[0.548s] Level 5:colcon.colcon_core.verb:set package 'reachy_touchscreen' build argument 'cmake_clean_first' from command line to 'False'
[0.548s] Level 5:colcon.colcon_core.verb:set package 'reachy_touchscreen' build argument 'cmake_force_configure' from command line to 'False'
[0.548s] Level 5:colcon.colcon_core.verb:set package 'reachy_touchscreen' build argument 'ament_cmake_args' from command line to 'None'
[0.548s] Level 5:colcon.colcon_core.verb:set package 'reachy_touchscreen' build argument 'catkin_cmake_args' from command line to 'None'
[0.548s] Level 5:colcon.colcon_core.verb:set package 'reachy_touchscreen' build argument 'catkin_skip_building_tests' from command line to 'False'
[0.548s] DEBUG:colcon.colcon_core.verb:Building package 'reachy_touchscreen' with the following arguments: {'ament_cmake_args': None, 'build_base': '/home/reachy/reachy_repo/Fall2021/reachy_touchscreen/dev_ws/build/reachy_touchscreen', 'catkin_cmake_args': None, 'catkin_skip_building_tests': False, 'cmake_args': None, 'cmake_clean_cache': False, 'cmake_clean_first': False, 'cmake_force_configure': False, 'cmake_target': None, 'cmake_target_skip_unavailable': False, 'install_base': '/home/reachy/reachy_repo/Fall2021/reachy_touchscreen/dev_ws/install/reachy_touchscreen', 'merge_install': False, 'path': '/home/reachy/reachy_repo/Fall2021/reachy_touchscreen/dev_ws/src/reachy_touchscreen', 'symlink_install': False, 'test_result_base': None}
[0.551s] Level 5:colcon.colcon_core.verb:set package 'turtlesim' build argument 'cmake_args' from command line to 'None'
[0.551s] Level 5:colcon.colcon_core.verb:set package 'turtlesim' build argument 'cmake_target' from command line to 'None'
[0.551s] Level 5:colcon.colcon_core.verb:set package 'turtlesim' build argument 'cmake_target_skip_unavailable' from command line to 'False'
[0.551s] Level 5:colcon.colcon_core.verb:set package 'turtlesim' build argument 'cmake_clean_cache' from command line to 'False'
[0.551s] Level 5:colcon.colcon_core.verb:set package 'turtlesim' build argument 'cmake_clean_first' from command line to 'False'
[0.551s] Level 5:colcon.colcon_core.verb:set package 'turtlesim' build argument 'cmake_force_configure' from command line to 'False'
[0.551s] Level 5:colcon.colcon_core.verb:set package 'turtlesim' build argument 'ament_cmake_args' from command line to 'None'
[0.551s] Level 5:colcon.colcon_core.verb:set package 'turtlesim' build argument 'catkin_cmake_args' from command line to 'None'
[0.551s] Level 5:colcon.colcon_core.verb:set package 'turtlesim' build argument 'catkin_skip_building_tests' from command line to 'False'
[0.551s] DEBUG:colcon.colcon_core.verb:Building package 'turtlesim' with the following arguments: {'ament_cmake_args': None, 'build_base': '/home/reachy/reachy_repo/Fall2021/reachy_touchscreen/dev_ws/build/turtlesim', 'catkin_cmake_args': None, 'catkin_skip_building_tests': False, 'cmake_args': None, 'cmake_clean_cache': False, 'cmake_clean_first': False, 'cmake_force_configure': False, 'cmake_target': None, 'cmake_target_skip_unavailable': False, 'install_base': '/home/reachy/reachy_repo/Fall2021/reachy_touchscreen/dev_ws/install/turtlesim', 'merge_install': False, 'path': '/home/reachy/reachy_repo/Fall2021/reachy_touchscreen/dev_ws/src/ros_tutorials/turtlesim', 'symlink_install': False, 'test_result_base': None}
[0.552s] INFO:colcon.colcon_core.executor:Executing jobs using 'parallel' executor
[0.554s] DEBUG:colcon.colcon_parallel_executor.executor.parallel:run_until_complete
[0.554s] INFO:colcon.colcon_ros.task.ament_python.build:Building ROS package in '/home/reachy/reachy_repo/Fall2021/reachy_touchscreen/dev_ws/src/my_package' with build type 'ament_python'
[0.555s] Level 1:colcon.colcon_core.shell:create_environment_hook('my_package', 'ament_prefix_path')
[0.560s] INFO:colcon.colcon_core.plugin_system:Skipping extension 'colcon_core.shell.bat': Not used on non-Windows systems
[0.560s] INFO:colcon.colcon_core.shell:Creating environment hook '/home/reachy/reachy_repo/Fall2021/reachy_touchscreen/dev_ws/install/my_package/share/my_package/hook/ament_prefix_path.ps1'
[0.561s] INFO:colcon.colcon_core.shell:Creating environment descriptor '/home/reachy/reachy_repo/Fall2021/reachy_touchscreen/dev_ws/install/my_package/share/my_package/hook/ament_prefix_path.dsv'
[0.561s] INFO:colcon.colcon_core.shell:Creating environment hook '/home/reachy/reachy_repo/Fall2021/reachy_touchscreen/dev_ws/install/my_package/share/my_package/hook/ament_prefix_path.sh'
[0.563s] INFO:colcon.colcon_core.shell:Skip shell extension 'powershell' for command environment: Not usable outside of PowerShell
[0.563s] DEBUG:colcon.colcon_core.shell:Skip shell extension 'dsv' for command environment
[0.568s] DEBUG:colcon.colcon_core.shell:Ignoring prefix path '/opt/ros/foxy'
[0.572s] INFO:colcon.colcon_ros.task.ament_python.build:Building ROS package in '/home/reachy/reachy_repo/Fall2021/reachy_touchscreen/dev_ws/src/reachy_touchscreen' with build type 'ament_python'
[0.573s] Level 1:colcon.colcon_core.shell:create_environment_hook('reachy_touchscreen', 'ament_prefix_path')
[0.574s] INFO:colcon.colcon_core.shell:Creating environment hook '/home/reachy/reachy_repo/Fall2021/reachy_touchscreen/dev_ws/install/reachy_touchscreen/share/reachy_touchscreen/hook/ament_prefix_path.ps1'
[0.576s] INFO:colcon.colcon_core.shell:Creating environment descriptor '/home/reachy/reachy_repo/Fall2021/reachy_touchscreen/dev_ws/install/reachy_touchscreen/share/reachy_touchscreen/hook/ament_prefix_path.dsv'
[0.576s] INFO:colcon.colcon_core.shell:Creating environment hook '/home/reachy/reachy_repo/Fall2021/reachy_touchscreen/dev_ws/install/reachy_touchscreen/share/reachy_touchscreen/hook/ament_prefix_path.sh'
[0.578s] INFO:colcon.colcon_core.shell:Skip shell extension 'powershell' for command environment: Not usable outside of PowerShell
[0.578s] DEBUG:colcon.colcon_core.shell:Skip shell extension 'dsv' for command environment
[0.583s] DEBUG:colcon.colcon_core.shell:Ignoring prefix path '/opt/ros/foxy'
[0.591s] INFO:colcon.colcon_ros.task.ament_cmake.build:Building ROS package in '/home/reachy/reachy_repo/Fall2021/reachy_touchscreen/dev_ws/src/ros_tutorials/turtlesim' with build type 'ament_cmake'
[0.592s] INFO:colcon.colcon_cmake.task.cmake.build:Building CMake package in '/home/reachy/reachy_repo/Fall2021/reachy_touchscreen/dev_ws/src/ros_tutorials/turtlesim'
[0.593s] INFO:colcon.colcon_core.shell:Skip shell extension 'powershell' for command environment: Not usable outside of PowerShell
[0.594s] DEBUG:colcon.colcon_core.shell:Skip shell extension 'dsv' for command environment
[0.599s] DEBUG:colcon.colcon_core.shell:Ignoring prefix path '/opt/ros/foxy'
[0.990s] INFO:colcon.colcon_core.task.python.build:Building Python package in '/home/reachy/reachy_repo/Fall2021/reachy_touchscreen/dev_ws/src/my_package'
[0.992s] INFO:colcon.colcon_core.shell:Skip shell extension 'powershell' for command environment: Not usable outside of PowerShell
[0.992s] DEBUG:colcon.colcon_core.shell:Skip shell extension 'dsv' for command environment
[0.997s] DEBUG:colcon.colcon_core.shell:Ignoring prefix path '/opt/ros/foxy'
[1.381s] INFO:colcon.colcon_core.task.python.build:Building Python package in '/home/reachy/reachy_repo/Fall2021/reachy_touchscreen/dev_ws/src/reachy_touchscreen'
[1.383s] INFO:colcon.colcon_core.shell:Skip shell extension 'powershell' for command environment: Not usable outside of PowerShell
[1.383s] DEBUG:colcon.colcon_core.shell:Skip shell extension 'dsv' for command environment
[1.389s] DEBUG:colcon.colcon_core.shell:Ignoring prefix path '/opt/ros/foxy'
[1.401s] DEBUG:colcon.colcon_core.event_handler.log_command:Invoking command in '/home/reachy/reachy_repo/Fall2021/reachy_touchscreen/dev_ws/build/turtlesim': CMAKE_PREFIX_PATH=${CMAKE_PREFIX_PATH}:/home/reachy/reachy_ws/install/reachy_sdk_server:/home/reachy/reachy_ws/install/reachy_kinematics:/home/reachy/reachy_ws/install/reachy_controllers:/home/reachy/reachy_ws/install/reachy_focus:/home/reachy/ros_ws/install/ros2_demo_py:/home/reachy/ros_ws/install/joint_state_publisher_gui:/home/reachy/ros_ws/install/joint_state_publisher:/opt/ros/foxy /usr/bin/cmake --build /home/reachy/reachy_repo/Fall2021/reachy_touchscreen/dev_ws/build/turtlesim -- -j4 -l4
[1.428s] DEBUG:colcon.colcon_core.event_handler.log_command:Invoking command in '/home/reachy/reachy_repo/Fall2021/reachy_touchscreen/dev_ws/src/my_package': PYTHONPATH=/home/reachy/reachy_repo/Fall2021/reachy_touchscreen/dev_ws/install/my_package/lib/python3.8/site-packages:${PYTHONPATH} /usr/bin/python3 setup.py egg_info --egg-base ../../build/my_package build --build-base /home/reachy/reachy_repo/Fall2021/reachy_touchscreen/dev_ws/build/my_package/build install --prefix /home/reachy/reachy_repo/Fall2021/reachy_touchscreen/dev_ws/install/my_package --record /home/reachy/reachy_repo/Fall2021/reachy_touchscreen/dev_ws/build/my_package/install.log --single-version-externally-managed
[1.440s] DEBUG:colcon.colcon_core.event_handler.log_command:Invoking command in '/home/reachy/reachy_repo/Fall2021/reachy_touchscreen/dev_ws/src/reachy_touchscreen': PYTHONPATH=/home/reachy/reachy_repo/Fall2021/reachy_touchscreen/dev_ws/install/reachy_touchscreen/lib/python3.8/site-packages:${PYTHONPATH} /usr/bin/python3 setup.py egg_info --egg-base ../../build/reachy_touchscreen build --build-base /home/reachy/reachy_repo/Fall2021/reachy_touchscreen/dev_ws/build/reachy_touchscreen/build install --prefix /home/reachy/reachy_repo/Fall2021/reachy_touchscreen/dev_ws/install/reachy_touchscreen --record /home/reachy/reachy_repo/Fall2021/reachy_touchscreen/dev_ws/build/reachy_touchscreen/install.log --single-version-externally-managed
[2.598s] DEBUG:colcon.colcon_core.event_handler.log_command:Invoked command in '/home/reachy/reachy_repo/Fall2021/reachy_touchscreen/dev_ws/src/my_package' returned '0': PYTHONPATH=/home/reachy/reachy_repo/Fall2021/reachy_touchscreen/dev_ws/install/my_package/lib/python3.8/site-packages:${PYTHONPATH} /usr/bin/python3 setup.py egg_info --egg-base ../../build/my_package build --build-base /home/reachy/reachy_repo/Fall2021/reachy_touchscreen/dev_ws/build/my_package/build install --prefix /home/reachy/reachy_repo/Fall2021/reachy_touchscreen/dev_ws/install/my_package --record /home/reachy/reachy_repo/Fall2021/reachy_touchscreen/dev_ws/build/my_package/install.log --single-version-externally-managed
[2.606s] Level 1:colcon.colcon_core.environment:checking '/home/reachy/reachy_repo/Fall2021/reachy_touchscreen/dev_ws/install/my_package' for CMake module files
[2.607s] Level 1:colcon.colcon_core.environment:checking '/home/reachy/reachy_repo/Fall2021/reachy_touchscreen/dev_ws/install/my_package' for CMake config files
[2.608s] Level 1:colcon.colcon_core.environment:checking '/home/reachy/reachy_repo/Fall2021/reachy_touchscreen/dev_ws/install/my_package/lib'
[2.609s] Level 1:colcon.colcon_core.environment:checking '/home/reachy/reachy_repo/Fall2021/reachy_touchscreen/dev_ws/install/my_package/bin'
[2.609s] Level 1:colcon.colcon_core.environment:checking '/home/reachy/reachy_repo/Fall2021/reachy_touchscreen/dev_ws/install/my_package/lib/pkgconfig/my_package.pc'
[2.609s] Level 1:colcon.colcon_core.environment:checking '/home/reachy/reachy_repo/Fall2021/reachy_touchscreen/dev_ws/install/my_package/lib/python3.8/site-packages'
[2.609s] Level 1:colcon.colcon_core.shell:create_environment_hook('my_package', 'pythonpath')
[2.611s] INFO:colcon.colcon_core.shell:Creating environment hook '/home/reachy/reachy_repo/Fall2021/reachy_touchscreen/dev_ws/install/my_package/share/my_package/hook/pythonpath.ps1'
[2.612s] INFO:colcon.colcon_core.shell:Creating environment descriptor '/home/reachy/reachy_repo/Fall2021/reachy_touchscreen/dev_ws/install/my_package/share/my_package/hook/pythonpath.dsv'
[2.612s] INFO:colcon.colcon_core.shell:Creating environment hook '/home/reachy/reachy_repo/Fall2021/reachy_touchscreen/dev_ws/install/my_package/share/my_package/hook/pythonpath.sh'
[2.613s] Level 1:colcon.colcon_core.environment:create_environment_scripts_only(my_package)
[2.615s] INFO:colcon.colcon_core.shell:Creating package script '/home/reachy/reachy_repo/Fall2021/reachy_touchscreen/dev_ws/install/my_package/share/my_package/package.ps1'
[2.617s] INFO:colcon.colcon_core.shell:Creating package descriptor '/home/reachy/reachy_repo/Fall2021/reachy_touchscreen/dev_ws/install/my_package/share/my_package/package.dsv'
[2.618s] INFO:colcon.colcon_core.shell:Creating package script '/home/reachy/reachy_repo/Fall2021/reachy_touchscreen/dev_ws/install/my_package/share/my_package/package.sh'
[2.621s] INFO:colcon.colcon_core.shell:Creating package script '/home/reachy/reachy_repo/Fall2021/reachy_touchscreen/dev_ws/install/my_package/share/my_package/package.bash'
[2.623s] INFO:colcon.colcon_core.shell:Creating package script '/home/reachy/reachy_repo/Fall2021/reachy_touchscreen/dev_ws/install/my_package/share/my_package/package.zsh'
[2.625s] Level 1:colcon.colcon_core.environment:create_file_with_runtime_dependencies(/home/reachy/reachy_repo/Fall2021/reachy_touchscreen/dev_ws/install/my_package/share/colcon-core/packages/my_package)
[2.629s] DEBUG:colcon.colcon_core.event_handler.log_command:Invoked command in '/home/reachy/reachy_repo/Fall2021/reachy_touchscreen/dev_ws/build/turtlesim' returned '0': CMAKE_PREFIX_PATH=${CMAKE_PREFIX_PATH}:/home/reachy/reachy_ws/install/reachy_sdk_server:/home/reachy/reachy_ws/install/reachy_kinematics:/home/reachy/reachy_ws/install/reachy_controllers:/home/reachy/reachy_ws/install/reachy_focus:/home/reachy/ros_ws/install/ros2_demo_py:/home/reachy/ros_ws/install/joint_state_publisher_gui:/home/reachy/ros_ws/install/joint_state_publisher:/opt/ros/foxy /usr/bin/cmake --build /home/reachy/reachy_repo/Fall2021/reachy_touchscreen/dev_ws/build/turtlesim -- -j4 -l4
[2.770s] Level 1:colcon.colcon_core.environment:checking '/home/reachy/reachy_repo/Fall2021/reachy_touchscreen/dev_ws/install/reachy_touchscreen' for CMake module files
[2.771s] DEBUG:colcon.colcon_core.event_handler.log_command:Invoked command in '/home/reachy/reachy_repo/Fall2021/reachy_touchscreen/dev_ws/src/reachy_touchscreen' returned '0': PYTHONPATH=/home/reachy/reachy_repo/Fall2021/reachy_touchscreen/dev_ws/install/reachy_touchscreen/lib/python3.8/site-packages:${PYTHONPATH} /usr/bin/python3 setup.py egg_info --egg-base ../../build/reachy_touchscreen build --build-base /home/reachy/reachy_repo/Fall2021/reachy_touchscreen/dev_ws/build/reachy_touchscreen/build install --prefix /home/reachy/reachy_repo/Fall2021/reachy_touchscreen/dev_ws/install/reachy_touchscreen --record /home/reachy/reachy_repo/Fall2021/reachy_touchscreen/dev_ws/build/reachy_touchscreen/install.log --single-version-externally-managed
[2.772s] Level 1:colcon.colcon_core.environment:checking '/home/reachy/reachy_repo/Fall2021/reachy_touchscreen/dev_ws/install/reachy_touchscreen' for CMake config files
[2.773s] Level 1:colcon.colcon_core.environment:checking '/home/reachy/reachy_repo/Fall2021/reachy_touchscreen/dev_ws/install/reachy_touchscreen/lib'
[2.773s] Level 1:colcon.colcon_core.environment:checking '/home/reachy/reachy_repo/Fall2021/reachy_touchscreen/dev_ws/install/reachy_touchscreen/bin'
[2.773s] Level 1:colcon.colcon_core.environment:checking '/home/reachy/reachy_repo/Fall2021/reachy_touchscreen/dev_ws/install/reachy_touchscreen/lib/pkgconfig/reachy_touchscreen.pc'
[2.774s] Level 1:colcon.colcon_core.environment:checking '/home/reachy/reachy_repo/Fall2021/reachy_touchscreen/dev_ws/install/reachy_touchscreen/lib/python3.8/site-packages'
[2.774s] Level 1:colcon.colcon_core.shell:create_environment_hook('reachy_touchscreen', 'pythonpath')
[2.775s] INFO:colcon.colcon_core.shell:Creating environment hook '/home/reachy/reachy_repo/Fall2021/reachy_touchscreen/dev_ws/install/reachy_touchscreen/share/reachy_touchscreen/hook/pythonpath.ps1'
[2.777s] INFO:colcon.colcon_core.shell:Creating environment descriptor '/home/reachy/reachy_repo/Fall2021/reachy_touchscreen/dev_ws/install/reachy_touchscreen/share/reachy_touchscreen/hook/pythonpath.dsv'
[2.778s] INFO:colcon.colcon_core.shell:Creating environment hook '/home/reachy/reachy_repo/Fall2021/reachy_touchscreen/dev_ws/install/reachy_touchscreen/share/reachy_touchscreen/hook/pythonpath.sh'
[2.779s] Level 1:colcon.colcon_core.environment:create_environment_scripts_only(reachy_touchscreen)
[2.781s] INFO:colcon.colcon_core.shell:Creating package script '/home/reachy/reachy_repo/Fall2021/reachy_touchscreen/dev_ws/install/reachy_touchscreen/share/reachy_touchscreen/package.ps1'
[2.782s] INFO:colcon.colcon_core.shell:Creating package descriptor '/home/reachy/reachy_repo/Fall2021/reachy_touchscreen/dev_ws/install/reachy_touchscreen/share/reachy_touchscreen/package.dsv'
[2.783s] INFO:colcon.colcon_core.shell:Creating package script '/home/reachy/reachy_repo/Fall2021/reachy_touchscreen/dev_ws/install/reachy_touchscreen/share/reachy_touchscreen/package.sh'
[2.784s] INFO:colcon.colcon_core.shell:Creating package script '/home/reachy/reachy_repo/Fall2021/reachy_touchscreen/dev_ws/install/reachy_touchscreen/share/reachy_touchscreen/package.bash'
[2.784s] INFO:colcon.colcon_core.shell:Creating package script '/home/reachy/reachy_repo/Fall2021/reachy_touchscreen/dev_ws/install/reachy_touchscreen/share/reachy_touchscreen/package.zsh'
[2.785s] Level 1:colcon.colcon_core.environment:create_file_with_runtime_dependencies(/home/reachy/reachy_repo/Fall2021/reachy_touchscreen/dev_ws/install/reachy_touchscreen/share/colcon-core/packages/reachy_touchscreen)
[2.945s] DEBUG:colcon.colcon_core.event_handler.log_command:Invoking command in '/home/reachy/reachy_repo/Fall2021/reachy_touchscreen/dev_ws/build/turtlesim': CMAKE_PREFIX_PATH=${CMAKE_PREFIX_PATH}:/home/reachy/reachy_ws/install/reachy_sdk_server:/home/reachy/reachy_ws/install/reachy_kinematics:/home/reachy/reachy_ws/install/reachy_controllers:/home/reachy/reachy_ws/install/reachy_focus:/home/reachy/ros_ws/install/ros2_demo_py:/home/reachy/ros_ws/install/joint_state_publisher_gui:/home/reachy/ros_ws/install/joint_state_publisher:/opt/ros/foxy /usr/bin/cmake --install /home/reachy/reachy_repo/Fall2021/reachy_touchscreen/dev_ws/build/turtlesim
[3.050s] Level 1:colcon.colcon_core.environment:create_environment_scripts_only(turtlesim)
[3.052s] Level 1:colcon.colcon_core.environment:checking '/home/reachy/reachy_repo/Fall2021/reachy_touchscreen/dev_ws/install/turtlesim' for CMake module files
[3.053s] DEBUG:colcon.colcon_core.event_handler.log_command:Invoked command in '/home/reachy/reachy_repo/Fall2021/reachy_touchscreen/dev_ws/build/turtlesim' returned '0': CMAKE_PREFIX_PATH=${CMAKE_PREFIX_PATH}:/home/reachy/reachy_ws/install/reachy_sdk_server:/home/reachy/reachy_ws/install/reachy_kinematics:/home/reachy/reachy_ws/install/reachy_controllers:/home/reachy/reachy_ws/install/reachy_focus:/home/reachy/ros_ws/install/ros2_demo_py:/home/reachy/ros_ws/install/joint_state_publisher_gui:/home/reachy/ros_ws/install/joint_state_publisher:/opt/ros/foxy /usr/bin/cmake --install /home/reachy/reachy_repo/Fall2021/reachy_touchscreen/dev_ws/build/turtlesim
[3.053s] Level 1:colcon.colcon_core.environment:checking '/home/reachy/reachy_repo/Fall2021/reachy_touchscreen/dev_ws/install/turtlesim' for CMake config files
[3.054s] Level 1:colcon.colcon_core.shell:create_environment_hook('turtlesim', 'cmake_prefix_path')
[3.055s] INFO:colcon.colcon_core.shell:Creating environment hook '/home/reachy/reachy_repo/Fall2021/reachy_touchscreen/dev_ws/install/turtlesim/share/turtlesim/hook/cmake_prefix_path.ps1'
[3.055s] INFO:colcon.colcon_core.shell:Creating environment descriptor '/home/reachy/reachy_repo/Fall2021/reachy_touchscreen/dev_ws/install/turtlesim/share/turtlesim/hook/cmake_prefix_path.dsv'
[3.056s] INFO:colcon.colcon_core.shell:Creating environment hook '/home/reachy/reachy_repo/Fall2021/reachy_touchscreen/dev_ws/install/turtlesim/share/turtlesim/hook/cmake_prefix_path.sh'
[3.057s] Level 1:colcon.colcon_core.environment:checking '/home/reachy/reachy_repo/Fall2021/reachy_touchscreen/dev_ws/install/turtlesim/lib'
[3.057s] Level 1:colcon.colcon_core.shell:create_environment_hook('turtlesim', 'ld_library_path_lib')
[3.058s] INFO:colcon.colcon_core.shell:Creating environment hook '/home/reachy/reachy_repo/Fall2021/reachy_touchscreen/dev_ws/install/turtlesim/share/turtlesim/hook/ld_library_path_lib.ps1'
[3.058s] INFO:colcon.colcon_core.shell:Creating environment descriptor '/home/reachy/reachy_repo/Fall2021/reachy_touchscreen/dev_ws/install/turtlesim/share/turtlesim/hook/ld_library_path_lib.dsv'
[3.059s] INFO:colcon.colcon_core.shell:Creating environment hook '/home/reachy/reachy_repo/Fall2021/reachy_touchscreen/dev_ws/install/turtlesim/share/turtlesim/hook/ld_library_path_lib.sh'
[3.059s] Level 1:colcon.colcon_core.environment:checking '/home/reachy/reachy_repo/Fall2021/reachy_touchscreen/dev_ws/install/turtlesim/bin'
[3.059s] Level 1:colcon.colcon_core.environment:checking '/home/reachy/reachy_repo/Fall2021/reachy_touchscreen/dev_ws/install/turtlesim/lib/pkgconfig/turtlesim.pc'
[3.059s] Level 1:colcon.colcon_core.environment:checking '/home/reachy/reachy_repo/Fall2021/reachy_touchscreen/dev_ws/install/turtlesim/lib/python3.8/site-packages'
[3.059s] Level 1:colcon.colcon_core.shell:create_environment_hook('turtlesim', 'pythonpath')
[3.060s] INFO:colcon.colcon_core.shell:Creating environment hook '/home/reachy/reachy_repo/Fall2021/reachy_touchscreen/dev_ws/install/turtlesim/share/turtlesim/hook/pythonpath.ps1'
[3.061s] INFO:colcon.colcon_core.shell:Creating environment descriptor '/home/reachy/reachy_repo/Fall2021/reachy_touchscreen/dev_ws/install/turtlesim/share/turtlesim/hook/pythonpath.dsv'
[3.061s] INFO:colcon.colcon_core.shell:Creating environment hook '/home/reachy/reachy_repo/Fall2021/reachy_touchscreen/dev_ws/install/turtlesim/share/turtlesim/hook/pythonpath.sh'
[3.063s] INFO:colcon.colcon_core.shell:Creating package script '/home/reachy/reachy_repo/Fall2021/reachy_touchscreen/dev_ws/install/turtlesim/share/turtlesim/package.ps1'
[3.063s] INFO:colcon.colcon_core.shell:Creating package descriptor '/home/reachy/reachy_repo/Fall2021/reachy_touchscreen/dev_ws/install/turtlesim/share/turtlesim/package.dsv'
[3.064s] INFO:colcon.colcon_core.shell:Creating package script '/home/reachy/reachy_repo/Fall2021/reachy_touchscreen/dev_ws/install/turtlesim/share/turtlesim/package.sh'
[3.065s] INFO:colcon.colcon_core.shell:Creating package script '/home/reachy/reachy_repo/Fall2021/reachy_touchscreen/dev_ws/install/turtlesim/share/turtlesim/package.bash'
[3.065s] INFO:colcon.colcon_core.shell:Creating package script '/home/reachy/reachy_repo/Fall2021/reachy_touchscreen/dev_ws/install/turtlesim/share/turtlesim/package.zsh'
[3.068s] Level 1:colcon.colcon_core.environment:create_file_with_runtime_dependencies(/home/reachy/reachy_repo/Fall2021/reachy_touchscreen/dev_ws/install/turtlesim/share/colcon-core/packages/turtlesim)
[3.273s] Level 1:colcon.colcon_core.environment:create_environment_scripts_only(turtlesim)
[3.274s] Level 1:colcon.colcon_core.environment:checking '/home/reachy/reachy_repo/Fall2021/reachy_touchscreen/dev_ws/install/turtlesim' for CMake module files
[3.275s] Level 1:colcon.colcon_core.environment:checking '/home/reachy/reachy_repo/Fall2021/reachy_touchscreen/dev_ws/install/turtlesim' for CMake config files
[3.275s] Level 1:colcon.colcon_core.shell:create_environment_hook('turtlesim', 'cmake_prefix_path')
[3.276s] INFO:colcon.colcon_core.shell:Creating environment hook '/home/reachy/reachy_repo/Fall2021/reachy_touchscreen/dev_ws/install/turtlesim/share/turtlesim/hook/cmake_prefix_path.ps1'
[3.277s] INFO:colcon.colcon_core.shell:Creating environment descriptor '/home/reachy/reachy_repo/Fall2021/reachy_touchscreen/dev_ws/install/turtlesim/share/turtlesim/hook/cmake_prefix_path.dsv'
[3.277s] INFO:colcon.colcon_core.shell:Creating environment hook '/home/reachy/reachy_repo/Fall2021/reachy_touchscreen/dev_ws/install/turtlesim/share/turtlesim/hook/cmake_prefix_path.sh'
[3.278s] Level 1:colcon.colcon_core.environment:checking '/home/reachy/reachy_repo/Fall2021/reachy_touchscreen/dev_ws/install/turtlesim/lib'
[3.278s] Level 1:colcon.colcon_core.shell:create_environment_hook('turtlesim', 'ld_library_path_lib')
[3.279s] INFO:colcon.colcon_core.shell:Creating environment hook '/home/reachy/reachy_repo/Fall2021/reachy_touchscreen/dev_ws/install/turtlesim/share/turtlesim/hook/ld_library_path_lib.ps1'
[3.279s] INFO:colcon.colcon_core.shell:Creating environment descriptor '/home/reachy/reachy_repo/Fall2021/reachy_touchscreen/dev_ws/install/turtlesim/share/turtlesim/hook/ld_library_path_lib.dsv'
[3.280s] INFO:colcon.colcon_core.shell:Creating environment hook '/home/reachy/reachy_repo/Fall2021/reachy_touchscreen/dev_ws/install/turtlesim/share/turtlesim/hook/ld_library_path_lib.sh'
[3.281s] Level 1:colcon.colcon_core.environment:checking '/home/reachy/reachy_repo/Fall2021/reachy_touchscreen/dev_ws/install/turtlesim/bin'
[3.281s] Level 1:colcon.colcon_core.environment:checking '/home/reachy/reachy_repo/Fall2021/reachy_touchscreen/dev_ws/install/turtlesim/lib/pkgconfig/turtlesim.pc'
[3.281s] Level 1:colcon.colcon_core.environment:checking '/home/reachy/reachy_repo/Fall2021/reachy_touchscreen/dev_ws/install/turtlesim/lib/python3.8/site-packages'
[3.281s] Level 1:colcon.colcon_core.shell:create_environment_hook('turtlesim', 'pythonpath')
[3.282s] INFO:colcon.colcon_core.shell:Creating environment hook '/home/reachy/reachy_repo/Fall2021/reachy_touchscreen/dev_ws/install/turtlesim/share/turtlesim/hook/pythonpath.ps1'
[3.282s] INFO:colcon.colcon_core.shell:Creating environment descriptor '/home/reachy/reachy_repo/Fall2021/reachy_touchscreen/dev_ws/install/turtlesim/share/turtlesim/hook/pythonpath.dsv'
[3.283s] INFO:colcon.colcon_core.shell:Creating environment hook '/home/reachy/reachy_repo/Fall2021/reachy_touchscreen/dev_ws/install/turtlesim/share/turtlesim/hook/pythonpath.sh'
[3.284s] INFO:colcon.colcon_core.shell:Creating package script '/home/reachy/reachy_repo/Fall2021/reachy_touchscreen/dev_ws/install/turtlesim/share/turtlesim/package.ps1'
[3.285s] INFO:colcon.colcon_core.shell:Creating package descriptor '/home/reachy/reachy_repo/Fall2021/reachy_touchscreen/dev_ws/install/turtlesim/share/turtlesim/package.dsv'
[3.286s] INFO:colcon.colcon_core.shell:Creating package script '/home/reachy/reachy_repo/Fall2021/reachy_touchscreen/dev_ws/install/turtlesim/share/turtlesim/package.sh'
[3.287s] INFO:colcon.colcon_core.shell:Creating package script '/home/reachy/reachy_repo/Fall2021/reachy_touchscreen/dev_ws/install/turtlesim/share/turtlesim/package.bash'
[3.287s] INFO:colcon.colcon_core.shell:Creating package script '/home/reachy/reachy_repo/Fall2021/reachy_touchscreen/dev_ws/install/turtlesim/share/turtlesim/package.zsh'
[3.288s] Level 1:colcon.colcon_core.environment:create_file_with_runtime_dependencies(/home/reachy/reachy_repo/Fall2021/reachy_touchscreen/dev_ws/install/turtlesim/share/colcon-core/packages/turtlesim)
[3.288s] DEBUG:colcon.colcon_parallel_executor.executor.parallel:closing loop
[3.289s] DEBUG:colcon.colcon_parallel_executor.executor.parallel:loop closed
[3.289s] DEBUG:colcon.colcon_parallel_executor.executor.parallel:run_until_complete finished with '0'
[3.289s] DEBUG:colcon.colcon_core.event_reactor:joining thread
[3.299s] INFO:colcon.colcon_core.plugin_system:Skipping extension 'colcon_notification.desktop_notification.terminal_notifier': Not used on non-Darwin systems
[3.299s] INFO:colcon.colcon_core.plugin_system:Skipping extension 'colcon_notification.desktop_notification.win32': Not used on non-Windows systems
[3.299s] INFO:colcon.colcon_notification.desktop_notification:Sending desktop notification using 'notify2'
[3.317s] DEBUG:colcon.colcon_core.event_reactor:joined thread
[3.318s] INFO:colcon.colcon_core.shell:Creating prefix script '/home/reachy/reachy_repo/Fall2021/reachy_touchscreen/dev_ws/install/local_setup.ps1'
[3.321s] INFO:colcon.colcon_core.shell:Creating prefix util module '/home/reachy/reachy_repo/Fall2021/reachy_touchscreen/dev_ws/install/_local_setup_util_ps1.py'
[3.323s] INFO:colcon.colcon_core.shell:Creating prefix chain script '/home/reachy/reachy_repo/Fall2021/reachy_touchscreen/dev_ws/install/setup.ps1'
[3.330s] INFO:colcon.colcon_core.shell:Creating prefix script '/home/reachy/reachy_repo/Fall2021/reachy_touchscreen/dev_ws/install/local_setup.sh'
[3.331s] INFO:colcon.colcon_core.shell:Creating prefix util module '/home/reachy/reachy_repo/Fall2021/reachy_touchscreen/dev_ws/install/_local_setup_util_sh.py'
[3.332s] INFO:colcon.colcon_core.shell:Creating prefix chain script '/home/reachy/reachy_repo/Fall2021/reachy_touchscreen/dev_ws/install/setup.sh'
[3.341s] INFO:colcon.colcon_core.shell:Creating prefix script '/home/reachy/reachy_repo/Fall2021/reachy_touchscreen/dev_ws/install/local_setup.bash'
[3.342s] INFO:colcon.colcon_core.shell:Creating prefix chain script '/home/reachy/reachy_repo/Fall2021/reachy_touchscreen/dev_ws/install/setup.bash'
[3.352s] INFO:colcon.colcon_core.shell:Creating prefix script '/home/reachy/reachy_repo/Fall2021/reachy_touchscreen/dev_ws/install/local_setup.zsh'
[3.354s] INFO:colcon.colcon_core.shell:Creating prefix chain script '/home/reachy/reachy_repo/Fall2021/reachy_touchscreen/dev_ws/install/setup.zsh'
