[0.864s] Invoking command in '/home/reachy/reachy_repo/Fall2021/reachy_touchscreen/dev_ws/src/reachy_touchscreen': PYTHONPATH=/home/reachy/reachy_repo/Fall2021/reachy_touchscreen/dev_ws/install/reachy_touchscreen/lib/python3.8/site-packages:${PYTHONPATH} /usr/bin/python3 setup.py egg_info --egg-base ../../build/reachy_touchscreen build --build-base /home/reachy/reachy_repo/Fall2021/reachy_touchscreen/dev_ws/build/reachy_touchscreen/build install --prefix /home/reachy/reachy_repo/Fall2021/reachy_touchscreen/dev_ws/install/reachy_touchscreen --record /home/reachy/reachy_repo/Fall2021/reachy_touchscreen/dev_ws/build/reachy_touchscreen/install.log --single-version-externally-managed
[1.974s] running egg_info
[1.975s] creating ../../build/reachy_touchscreen/reachy_touchscreen.egg-info
[1.976s] writing ../../build/reachy_touchscreen/reachy_touchscreen.egg-info/PKG-INFO
[1.976s] writing dependency_links to ../../build/reachy_touchscreen/reachy_touchscreen.egg-info/dependency_links.txt
[1.987s] writing entry points to ../../build/reachy_touchscreen/reachy_touchscreen.egg-info/entry_points.txt
[1.987s] writing requirements to ../../build/reachy_touchscreen/reachy_touchscreen.egg-info/requires.txt
[1.988s] writing top-level names to ../../build/reachy_touchscreen/reachy_touchscreen.egg-info/top_level.txt
[1.988s] writing manifest file '../../build/reachy_touchscreen/reachy_touchscreen.egg-info/SOURCES.txt'
[2.076s] reading manifest file '../../build/reachy_touchscreen/reachy_touchscreen.egg-info/SOURCES.txt'
[2.078s] writing manifest file '../../build/reachy_touchscreen/reachy_touchscreen.egg-info/SOURCES.txt'
[2.078s] running build
[2.078s] running build_py
[2.084s] creating /home/reachy/reachy_repo/Fall2021/reachy_touchscreen/dev_ws/build/reachy_touchscreen/build
[2.086s] creating /home/reachy/reachy_repo/Fall2021/reachy_touchscreen/dev_ws/build/reachy_touchscreen/build/lib
[2.087s] creating /home/reachy/reachy_repo/Fall2021/reachy_touchscreen/dev_ws/build/reachy_touchscreen/build/lib/reachy_touchscreen
[2.087s] copying reachy_touchscreen/__init__.py -> /home/reachy/reachy_repo/Fall2021/reachy_touchscreen/dev_ws/build/reachy_touchscreen/build/lib/reachy_touchscreen
[2.087s] running install
[2.087s] running install_lib
[2.087s] creating /home/reachy/reachy_repo/Fall2021/reachy_touchscreen/dev_ws/install/reachy_touchscreen/lib/python3.8/site-packages/reachy_touchscreen
[2.087s] copying /home/reachy/reachy_repo/Fall2021/reachy_touchscreen/dev_ws/build/reachy_touchscreen/build/lib/reachy_touchscreen/__init__.py -> /home/reachy/reachy_repo/Fall2021/reachy_touchscreen/dev_ws/install/reachy_touchscreen/lib/python3.8/site-packages/reachy_touchscreen
[2.088s] byte-compiling /home/reachy/reachy_repo/Fall2021/reachy_touchscreen/dev_ws/install/reachy_touchscreen/lib/python3.8/site-packages/reachy_touchscreen/__init__.py to __init__.cpython-38.pyc
[2.093s] running install_data
[2.093s] creating /home/reachy/reachy_repo/Fall2021/reachy_touchscreen/dev_ws/install/reachy_touchscreen/share/ament_index
[2.094s] creating /home/reachy/reachy_repo/Fall2021/reachy_touchscreen/dev_ws/install/reachy_touchscreen/share/ament_index/resource_index
[2.094s] creating /home/reachy/reachy_repo/Fall2021/reachy_touchscreen/dev_ws/install/reachy_touchscreen/share/ament_index/resource_index/packages
[2.094s] copying resource/reachy_touchscreen -> /home/reachy/reachy_repo/Fall2021/reachy_touchscreen/dev_ws/install/reachy_touchscreen/share/ament_index/resource_index/packages
[2.094s] copying package.xml -> /home/reachy/reachy_repo/Fall2021/reachy_touchscreen/dev_ws/install/reachy_touchscreen/share/reachy_touchscreen
[2.094s] running install_egg_info
[2.097s] Copying ../../build/reachy_touchscreen/reachy_touchscreen.egg-info to /home/reachy/reachy_repo/Fall2021/reachy_touchscreen/dev_ws/install/reachy_touchscreen/lib/python3.8/site-packages/reachy_touchscreen-0.0.0-py3.8.egg-info
[2.098s] running install_scripts
[2.143s] writing list of installed files to '/home/reachy/reachy_repo/Fall2021/reachy_touchscreen/dev_ws/build/reachy_touchscreen/install.log'
[2.195s] Invoked command in '/home/reachy/reachy_repo/Fall2021/reachy_touchscreen/dev_ws/src/reachy_touchscreen' returned '0': PYTHONPATH=/home/reachy/reachy_repo/Fall2021/reachy_touchscreen/dev_ws/install/reachy_touchscreen/lib/python3.8/site-packages:${PYTHONPATH} /usr/bin/python3 setup.py egg_info --egg-base ../../build/reachy_touchscreen build --build-base /home/reachy/reachy_repo/Fall2021/reachy_touchscreen/dev_ws/build/reachy_touchscreen/build install --prefix /home/reachy/reachy_repo/Fall2021/reachy_touchscreen/dev_ws/install/reachy_touchscreen --record /home/reachy/reachy_repo/Fall2021/reachy_touchscreen/dev_ws/build/reachy_touchscreen/install.log --single-version-externally-managed
