[0.016s] Invoking command in '/home/reachy/ros_ws/src/screen_app/build/screen_app': CMAKE_PREFIX_PATH=${CMAKE_PREFIX_PATH}:/home/reachy/reachy_ws/install/reachy_sdk_server:/home/reachy/reachy_ws/install/reachy_kinematics:/home/reachy/reachy_ws/install/reachy_controllers:/home/reachy/reachy_ws/install/reachy_focus:/home/reachy/ros_ws/install/joint_state_publisher_gui:/home/reachy/ros_ws/install/joint_state_publisher:/opt/ros/foxy /usr/bin/cmake --build /home/reachy/ros_ws/src/screen_app/build/screen_app -- -j4 -l4
[0.049s] -- Found ament_cmake: 0.9.9 (/opt/ros/foxy/share/ament_cmake/cmake)
[0.075s] -- Found PythonInterp: /usr/bin/python3 (found suitable version "3.8.10", minimum required is "3") 
[0.075s] -- Using PYTHON_EXECUTABLE: /usr/bin/python3
[0.297s] -- Found std_msgs: 2.0.4 (/opt/ros/foxy/share/std_msgs/cmake)
[0.320s] -- Using all available rosidl_typesupport_c: rosidl_typesupport_fastrtps_c;rosidl_typesupport_introspection_c
[0.324s] -- Found rosidl_adapter: 1.2.1 (/opt/ros/foxy/share/rosidl_adapter/cmake)
[0.438s] -- Using all available rosidl_typesupport_cpp: rosidl_typesupport_fastrtps_cpp;rosidl_typesupport_introspection_cpp
[0.480s] -- Found rosidl_default_generators: 1.0.1 (/opt/ros/foxy/share/rosidl_default_generators/cmake)
[0.514s] -- Found PythonInterp: /usr/bin/python3 (found version "3.8.10") 
[0.690s] -- Found ament_cmake_ros: 0.9.2 (/opt/ros/foxy/share/ament_cmake_ros/cmake)
[0.852s] -- Using all available rosidl_typesupport_c: rosidl_typesupport_fastrtps_c;rosidl_typesupport_introspection_c
[0.912s] -- Using all available rosidl_typesupport_cpp: rosidl_typesupport_fastrtps_cpp;rosidl_typesupport_introspection_cpp
[0.939s] -- Found PythonInterp: /usr/bin/python3 (found suitable version "3.8.10", minimum required is "3.5") 
[0.940s] -- Found python_cmake_module: 0.8.1 (/opt/ros/foxy/share/python_cmake_module/cmake)
[0.967s] -- Using PYTHON_EXECUTABLE: /usr/bin/python3
[0.967s] -- Using PYTHON_INCLUDE_DIRS: /usr/include/python3.8
[0.967s] -- Using PYTHON_LIBRARIES: /usr/lib/x86_64-linux-gnu/libpython3.8.so
[1.005s] -- Found ament_lint_auto: 0.9.6 (/opt/ros/foxy/share/ament_lint_auto/cmake)
[1.013s] -- Added test 'copyright' to check source files copyright and LICENSE
[1.039s] -- Added test 'cppcheck' to perform static code analysis on C / C++ code
[1.041s] -- Configured cppcheck include dirs: $<BUILD_INTERFACE:/home/reachy/ros_ws/src/screen_app/build/screen_app/rosidl_generator_c>;/home/reachy/ros_ws/src/screen_app/build/screen_app/rosidl_generator_c;/home/reachy/ros_ws/src/screen_app/build/screen_app/rosidl_generator_cpp;/home/reachy/ros_ws/src/screen_app/build/screen_app/rosidl_typesupport_fastrtps_c;/home/reachy/ros_ws/src/screen_app/build/screen_app/rosidl_typesupport_fastrtps_cpp;$<BUILD_INTERFACE:/home/reachy/ros_ws/src/screen_app/build/screen_app/rosidl_typesupport_introspection_c>;$<BUILD_INTERFACE:/home/reachy/ros_ws/src/screen_app/build/screen_app/rosidl_typesupport_c>;$<BUILD_INTERFACE:/home/reachy/ros_ws/src/screen_app/build/screen_app/rosidl_generator_cpp>;/home/reachy/ros_ws/src/screen_app/build/screen_app/rosidl_generator_py
[1.042s] -- Configured cppcheck exclude dirs and/or files: 
[1.065s] -- Added test 'cpplint' to check C / C++ code against the Google style
[1.065s] -- Configured cpplint exclude dirs and/or files: 
[1.068s] -- Added test 'flake8' to check Python code syntax and style conventions
[1.074s] -- Added test 'lint_cmake' to check CMake code style
[1.077s] -- Added test 'pep257' to check Python code against some of the style conventions in PEP 257
[1.101s] -- Added test 'uncrustify' to check C / C++ code style
[1.101s] -- Configured uncrustify additional arguments: 
[1.104s] -- Added test 'xmllint' to check XML markup files
[1.107s] -- Configuring done
[1.145s] -- Generating done
[1.148s] -- Build files have been written to: /home/reachy/ros_ws/src/screen_app/build/screen_app
[1.178s] [  3%] [34m[1mGenerating C code for ROS interfaces[0m
[1.191s] [  6%] [34m[1mGenerating C++ code for ROS interfaces[0m
[1.450s] [35m[1mScanning dependencies of target screen_app__rosidl_generator_c[0m
[1.475s] [  9%] [32mBuilding C object CMakeFiles/screen_app__rosidl_generator_c.dir/rosidl_generator_c/screen_app/msg/detail/num__functions.c.o[0m
[1.515s] [  9%] Built target screen_app__cpp
[1.534s] [ 12%] [34m[1mGenerating C++ introspection for ROS interfaces[0m
[1.535s] [ 16%] [34m[1mGenerating C++ type support for eProsima Fast-RTPS[0m
[1.543s] [ 19%] [32m[1mLinking C shared library libscreen_app__rosidl_generator_c.so[0m
[1.543s] [ 22%] [34m[1mGenerating C++ type support dispatch for ROS interfaces[0m
[1.708s] [ 22%] Built target screen_app__rosidl_generator_c
[1.747s] [ 25%] [34m[1mGenerating C introspection for ROS interfaces[0m
[1.907s] [35m[1mScanning dependencies of target screen_app__rosidl_typesupport_cpp[0m
[1.954s] [ 29%] [32mBuilding CXX object CMakeFiles/screen_app__rosidl_typesupport_cpp.dir/rosidl_typesupport_cpp/screen_app/msg/num__type_support.cpp.o[0m
[1.962s] [35m[1mScanning dependencies of target screen_app__rosidl_typesupport_introspection_cpp[0m
[1.985s] [ 32%] [32mBuilding CXX object CMakeFiles/screen_app__rosidl_typesupport_introspection_cpp.dir/rosidl_typesupport_introspection_cpp/screen_app/msg/detail/num__type_support.cpp.o[0m
[1.996s] [35m[1mScanning dependencies of target screen_app__rosidl_typesupport_fastrtps_cpp[0m
[2.049s] [ 35%] [32mBuilding CXX object CMakeFiles/screen_app__rosidl_typesupport_fastrtps_cpp.dir/rosidl_typesupport_fastrtps_cpp/screen_app/msg/detail/dds_fastrtps/num__type_support.cpp.o[0m
[2.490s] [35m[1mScanning dependencies of target screen_app__rosidl_typesupport_introspection_c[0m
[2.517s] [ 38%] [32m[1mLinking CXX shared library libscreen_app__rosidl_typesupport_introspection_cpp.so[0m
[2.521s] [ 41%] [32m[1mLinking CXX shared library libscreen_app__rosidl_typesupport_cpp.so[0m
[2.532s] [ 45%] [32mBuilding C object CMakeFiles/screen_app__rosidl_typesupport_introspection_c.dir/rosidl_typesupport_introspection_c/screen_app/msg/detail/num__type_support.c.o[0m
[2.599s] [ 45%] Built target screen_app__rosidl_typesupport_cpp
[2.608s] [ 48%] [32m[1mLinking C shared library libscreen_app__rosidl_typesupport_introspection_c.so[0m
[2.623s] [ 51%] [34m[1mGenerating C type support dispatch for ROS interfaces[0m
[2.678s] [ 51%] Built target screen_app__rosidl_typesupport_introspection_cpp
[2.723s] [ 51%] Built target screen_app__rosidl_typesupport_introspection_c
[2.820s] [ 54%] [32m[1mLinking CXX shared library libscreen_app__rosidl_typesupport_fastrtps_cpp.so[0m
[2.954s] [ 54%] Built target screen_app__rosidl_typesupport_fastrtps_cpp
[2.969s] [ 58%] [34m[1mGenerating C type support for eProsima Fast-RTPS[0m
[2.970s] [35m[1mScanning dependencies of target screen_app__rosidl_typesupport_c[0m
[2.990s] [ 61%] [32mBuilding CXX object CMakeFiles/screen_app__rosidl_typesupport_c.dir/rosidl_typesupport_c/screen_app/msg/num__type_support.cpp.o[0m
[3.034s] [ 64%] [32m[1mLinking CXX shared library libscreen_app__rosidl_typesupport_c.so[0m
[3.086s] [ 64%] Built target screen_app__rosidl_typesupport_c
[3.239s] [35m[1mScanning dependencies of target screen_app__rosidl_typesupport_fastrtps_c[0m
[3.254s] [ 67%] [32mBuilding CXX object CMakeFiles/screen_app__rosidl_typesupport_fastrtps_c.dir/rosidl_typesupport_fastrtps_c/screen_app/msg/detail/num__type_support_c.cpp.o[0m
[3.597s] [ 70%] [32m[1mLinking CXX shared library libscreen_app__rosidl_typesupport_fastrtps_c.so[0m
[3.721s] [ 70%] Built target screen_app__rosidl_typesupport_fastrtps_c
[3.747s] [ 70%] Built target screen_app
[3.770s] [ 74%] [34m[1mGenerating Python code for ROS interfaces[0m
[4.186s] [ 74%] Built target screen_app__py
[4.198s] [35m[1mScanning dependencies of target screen_app__python[0m
[4.219s] [ 77%] [32mBuilding C object CMakeFiles/screen_app__python.dir/rosidl_generator_py/screen_app/msg/_num_s.c.o[0m
[4.312s] [ 80%] [32m[1mLinking C shared library rosidl_generator_py/screen_app/libscreen_app__python.so[0m
[4.361s] [ 80%] Built target screen_app__python
[4.380s] [35m[1mScanning dependencies of target screen_app__rosidl_typesupport_fastrtps_c__pyext[0m
[4.381s] [35m[1mScanning dependencies of target screen_app__rosidl_typesupport_introspection_c__pyext[0m
[4.381s] [35m[1mScanning dependencies of target screen_app__rosidl_typesupport_c__pyext[0m
[4.403s] [ 83%] [32mBuilding C object CMakeFiles/screen_app__rosidl_typesupport_introspection_c__pyext.dir/rosidl_generator_py/screen_app/_screen_app_s.ep.rosidl_typesupport_introspection_c.c.o[0m
[4.404s] [ 87%] [32mBuilding C object CMakeFiles/screen_app__rosidl_typesupport_c__pyext.dir/rosidl_generator_py/screen_app/_screen_app_s.ep.rosidl_typesupport_c.c.o[0m
[4.406s] [ 90%] [32mBuilding C object CMakeFiles/screen_app__rosidl_typesupport_fastrtps_c__pyext.dir/rosidl_generator_py/screen_app/_screen_app_s.ep.rosidl_typesupport_fastrtps_c.c.o[0m
[4.520s] [ 93%] [32m[1mLinking C shared library rosidl_generator_py/screen_app/screen_app_s__rosidl_typesupport_introspection_c.cpython-38-x86_64-linux-gnu.so[0m
[4.531s] [ 96%] [32m[1mLinking C shared library rosidl_generator_py/screen_app/screen_app_s__rosidl_typesupport_c.cpython-38-x86_64-linux-gnu.so[0m
[4.535s] [100%] [32m[1mLinking CXX shared library rosidl_generator_py/screen_app/screen_app_s__rosidl_typesupport_fastrtps_c.cpython-38-x86_64-linux-gnu.so[0m
[4.586s] [100%] Built target screen_app__rosidl_typesupport_introspection_c__pyext
[4.594s] [100%] Built target screen_app__rosidl_typesupport_c__pyext
[4.630s] [100%] Built target screen_app__rosidl_typesupport_fastrtps_c__pyext
[4.643s] Invoked command in '/home/reachy/ros_ws/src/screen_app/build/screen_app' returned '0': CMAKE_PREFIX_PATH=${CMAKE_PREFIX_PATH}:/home/reachy/reachy_ws/install/reachy_sdk_server:/home/reachy/reachy_ws/install/reachy_kinematics:/home/reachy/reachy_ws/install/reachy_controllers:/home/reachy/reachy_ws/install/reachy_focus:/home/reachy/ros_ws/install/joint_state_publisher_gui:/home/reachy/ros_ws/install/joint_state_publisher:/opt/ros/foxy /usr/bin/cmake --build /home/reachy/ros_ws/src/screen_app/build/screen_app -- -j4 -l4
[4.701s] Invoking command in '/home/reachy/ros_ws/src/screen_app/build/screen_app': CMAKE_PREFIX_PATH=${CMAKE_PREFIX_PATH}:/home/reachy/reachy_ws/install/reachy_sdk_server:/home/reachy/reachy_ws/install/reachy_kinematics:/home/reachy/reachy_ws/install/reachy_controllers:/home/reachy/reachy_ws/install/reachy_focus:/home/reachy/ros_ws/install/joint_state_publisher_gui:/home/reachy/ros_ws/install/joint_state_publisher:/opt/ros/foxy /usr/bin/cmake --install /home/reachy/ros_ws/src/screen_app/build/screen_app
[4.711s] -- Install configuration: ""
[4.711s] -- Up-to-date: /home/reachy/ros_ws/src/screen_app/install/screen_app/share/ament_index/resource_index/rosidl_interfaces/screen_app
[4.711s] -- Up-to-date: /home/reachy/ros_ws/src/screen_app/install/screen_app/include/screen_app
[4.712s] -- Up-to-date: /home/reachy/ros_ws/src/screen_app/install/screen_app/include/screen_app/msg
[4.712s] -- Up-to-date: /home/reachy/ros_ws/src/screen_app/install/screen_app/include/screen_app/msg/rosidl_generator_c__visibility_control.h
[4.712s] -- Up-to-date: /home/reachy/ros_ws/src/screen_app/install/screen_app/include/screen_app/msg/mouse.h
[4.712s] -- Installing: /home/reachy/ros_ws/src/screen_app/install/screen_app/include/screen_app/msg/num.h
[4.712s] -- Up-to-date: /home/reachy/ros_ws/src/screen_app/install/screen_app/include/screen_app/msg/detail
[4.712s] -- Installing: /home/reachy/ros_ws/src/screen_app/install/screen_app/include/screen_app/msg/detail/num__functions.h
[4.713s] -- Installing: /home/reachy/ros_ws/src/screen_app/install/screen_app/include/screen_app/msg/detail/num__functions.c
[4.713s] -- Installing: /home/reachy/ros_ws/src/screen_app/install/screen_app/include/screen_app/msg/detail/num__struct.h
[4.713s] -- Installing: /home/reachy/ros_ws/src/screen_app/install/screen_app/include/screen_app/msg/detail/num__type_support.h
[4.713s] -- Up-to-date: /home/reachy/ros_ws/src/screen_app/install/screen_app/include/screen_app/msg/detail/mouse__type_support.h
[4.713s] -- Up-to-date: /home/reachy/ros_ws/src/screen_app/install/screen_app/include/screen_app/msg/detail/mouse__struct.h
[4.713s] -- Up-to-date: /home/reachy/ros_ws/src/screen_app/install/screen_app/include/screen_app/msg/detail/mouse__functions.h
[4.713s] -- Up-to-date: /home/reachy/ros_ws/src/screen_app/install/screen_app/include/screen_app/msg/detail/mouse__functions.c
[4.714s] -- Up-to-date: /home/reachy/ros_ws/src/screen_app/install/screen_app/share/screen_app/environment/library_path.sh
[4.714s] -- Installing: /home/reachy/ros_ws/src/screen_app/install/screen_app/share/screen_app/environment/library_path.dsv
[4.714s] -- Installing: /home/reachy/ros_ws/src/screen_app/install/screen_app/lib/libscreen_app__rosidl_generator_c.so
[4.714s] -- Set runtime path of "/home/reachy/ros_ws/src/screen_app/install/screen_app/lib/libscreen_app__rosidl_generator_c.so" to ""
[4.714s] -- Up-to-date: /home/reachy/ros_ws/src/screen_app/install/screen_app/include/screen_app
[4.714s] -- Up-to-date: /home/reachy/ros_ws/src/screen_app/install/screen_app/include/screen_app/msg
[4.714s] -- Up-to-date: /home/reachy/ros_ws/src/screen_app/install/screen_app/include/screen_app/msg/detail
[4.714s] -- Installing: /home/reachy/ros_ws/src/screen_app/install/screen_app/include/screen_app/msg/detail/num__rosidl_typesupport_fastrtps_c.h
[4.715s] -- Up-to-date: /home/reachy/ros_ws/src/screen_app/install/screen_app/include/screen_app/msg/rosidl_typesupport_fastrtps_c__visibility_control.h
[4.715s] -- Installing: /home/reachy/ros_ws/src/screen_app/install/screen_app/lib/libscreen_app__rosidl_typesupport_fastrtps_c.so
[4.715s] -- Set runtime path of "/home/reachy/ros_ws/src/screen_app/install/screen_app/lib/libscreen_app__rosidl_typesupport_fastrtps_c.so" to ""
[4.715s] -- Up-to-date: /home/reachy/ros_ws/src/screen_app/install/screen_app/include/screen_app
[4.715s] -- Up-to-date: /home/reachy/ros_ws/src/screen_app/install/screen_app/include/screen_app/msg
[4.715s] -- Up-to-date: /home/reachy/ros_ws/src/screen_app/install/screen_app/include/screen_app/msg/rosidl_typesupport_fastrtps_cpp__visibility_control.h
[4.715s] -- Up-to-date: /home/reachy/ros_ws/src/screen_app/install/screen_app/include/screen_app/msg/detail
[4.715s] -- Up-to-date: /home/reachy/ros_ws/src/screen_app/install/screen_app/include/screen_app/msg/detail/mouse__rosidl_typesupport_fastrtps_cpp.hpp
[4.715s] -- Installing: /home/reachy/ros_ws/src/screen_app/install/screen_app/include/screen_app/msg/detail/num__rosidl_typesupport_fastrtps_cpp.hpp
[4.715s] -- Up-to-date: /home/reachy/ros_ws/src/screen_app/install/screen_app/include/screen_app/msg/detail/dds_fastrtps
[4.716s] -- Installing: /home/reachy/ros_ws/src/screen_app/install/screen_app/lib/libscreen_app__rosidl_typesupport_fastrtps_cpp.so
[4.716s] -- Set runtime path of "/home/reachy/ros_ws/src/screen_app/install/screen_app/lib/libscreen_app__rosidl_typesupport_fastrtps_cpp.so" to ""
[4.716s] -- Up-to-date: /home/reachy/ros_ws/src/screen_app/install/screen_app/include/screen_app
[4.716s] -- Up-to-date: /home/reachy/ros_ws/src/screen_app/install/screen_app/include/screen_app/msg
[4.716s] -- Up-to-date: /home/reachy/ros_ws/src/screen_app/install/screen_app/include/screen_app/msg/rosidl_typesupport_introspection_c__visibility_control.h
[4.716s] -- Up-to-date: /home/reachy/ros_ws/src/screen_app/install/screen_app/include/screen_app/msg/detail
[4.717s] -- Installing: /home/reachy/ros_ws/src/screen_app/install/screen_app/include/screen_app/msg/detail/num__rosidl_typesupport_introspection_c.h
[4.717s] -- Installing: /home/reachy/ros_ws/src/screen_app/install/screen_app/include/screen_app/msg/detail/num__type_support.c
[4.717s] -- Installing: /home/reachy/ros_ws/src/screen_app/install/screen_app/lib/libscreen_app__rosidl_typesupport_introspection_c.so
[4.717s] -- Set runtime path of "/home/reachy/ros_ws/src/screen_app/install/screen_app/lib/libscreen_app__rosidl_typesupport_introspection_c.so" to ""
[4.717s] -- Installing: /home/reachy/ros_ws/src/screen_app/install/screen_app/lib/libscreen_app__rosidl_typesupport_c.so
[4.717s] -- Set runtime path of "/home/reachy/ros_ws/src/screen_app/install/screen_app/lib/libscreen_app__rosidl_typesupport_c.so" to ""
[4.718s] -- Up-to-date: /home/reachy/ros_ws/src/screen_app/install/screen_app/include/screen_app
[4.719s] -- Up-to-date: /home/reachy/ros_ws/src/screen_app/install/screen_app/include/screen_app/msg
[4.719s] -- Up-to-date: /home/reachy/ros_ws/src/screen_app/install/screen_app/include/screen_app/msg/mouse.hpp
[4.719s] -- Installing: /home/reachy/ros_ws/src/screen_app/install/screen_app/include/screen_app/msg/num.hpp
[4.719s] -- Up-to-date: /home/reachy/ros_ws/src/screen_app/install/screen_app/include/screen_app/msg/detail
[4.719s] -- Installing: /home/reachy/ros_ws/src/screen_app/install/screen_app/include/screen_app/msg/detail/num__builder.hpp
[4.719s] -- Installing: /home/reachy/ros_ws/src/screen_app/install/screen_app/include/screen_app/msg/detail/num__traits.hpp
[4.719s] -- Up-to-date: /home/reachy/ros_ws/src/screen_app/install/screen_app/include/screen_app/msg/detail/mouse__struct.hpp
[4.719s] -- Up-to-date: /home/reachy/ros_ws/src/screen_app/install/screen_app/include/screen_app/msg/detail/mouse__traits.hpp
[4.720s] -- Installing: /home/reachy/ros_ws/src/screen_app/install/screen_app/include/screen_app/msg/detail/num__struct.hpp
[4.720s] -- Up-to-date: /home/reachy/ros_ws/src/screen_app/install/screen_app/include/screen_app/msg/detail/mouse__builder.hpp
[4.720s] -- Up-to-date: /home/reachy/ros_ws/src/screen_app/install/screen_app/include/screen_app
[4.720s] -- Up-to-date: /home/reachy/ros_ws/src/screen_app/install/screen_app/include/screen_app/msg
[4.720s] -- Up-to-date: /home/reachy/ros_ws/src/screen_app/install/screen_app/include/screen_app/msg/detail
[4.720s] -- Up-to-date: /home/reachy/ros_ws/src/screen_app/install/screen_app/include/screen_app/msg/detail/mouse__type_support.cpp
[4.720s] -- Installing: /home/reachy/ros_ws/src/screen_app/install/screen_app/include/screen_app/msg/detail/num__rosidl_typesupport_introspection_cpp.hpp
[4.720s] -- Installing: /home/reachy/ros_ws/src/screen_app/install/screen_app/include/screen_app/msg/detail/num__type_support.cpp
[4.721s] -- Up-to-date: /home/reachy/ros_ws/src/screen_app/install/screen_app/include/screen_app/msg/detail/mouse__rosidl_typesupport_introspection_cpp.hpp
[4.721s] -- Installing: /home/reachy/ros_ws/src/screen_app/install/screen_app/lib/libscreen_app__rosidl_typesupport_introspection_cpp.so
[4.721s] -- Set runtime path of "/home/reachy/ros_ws/src/screen_app/install/screen_app/lib/libscreen_app__rosidl_typesupport_introspection_cpp.so" to ""
[4.721s] -- Installing: /home/reachy/ros_ws/src/screen_app/install/screen_app/lib/libscreen_app__rosidl_typesupport_cpp.so
[4.721s] -- Set runtime path of "/home/reachy/ros_ws/src/screen_app/install/screen_app/lib/libscreen_app__rosidl_typesupport_cpp.so" to ""
[4.721s] -- Up-to-date: /home/reachy/ros_ws/src/screen_app/install/screen_app/share/screen_app/environment/pythonpath.sh
[4.721s] -- Installing: /home/reachy/ros_ws/src/screen_app/install/screen_app/share/screen_app/environment/pythonpath.dsv
[4.721s] -- Installing: /home/reachy/ros_ws/src/screen_app/install/screen_app/lib/python3.8/site-packages/screen_app/__init__.py
[4.761s] Compiling '/home/reachy/ros_ws/src/screen_app/install/screen_app/lib/python3.8/site-packages/screen_app/__init__.py'...
[4.765s] -- Up-to-date: /home/reachy/ros_ws/src/screen_app/install/screen_app/lib/python3.8/site-packages/screen_app/msg
[4.766s] -- Installing: /home/reachy/ros_ws/src/screen_app/install/screen_app/lib/python3.8/site-packages/screen_app/msg/_num.py
[4.766s] -- Installing: /home/reachy/ros_ws/src/screen_app/install/screen_app/lib/python3.8/site-packages/screen_app/msg/_num_s.c
[4.766s] -- Installing: /home/reachy/ros_ws/src/screen_app/install/screen_app/lib/python3.8/site-packages/screen_app/msg/__init__.py
[4.766s] -- Installing: /home/reachy/ros_ws/src/screen_app/install/screen_app/lib/python3.8/site-packages/screen_app/screen_app_s__rosidl_typesupport_fastrtps_c.cpython-38-x86_64-linux-gnu.so
[4.766s] -- Set runtime path of "/home/reachy/ros_ws/src/screen_app/install/screen_app/lib/python3.8/site-packages/screen_app/screen_app_s__rosidl_typesupport_fastrtps_c.cpython-38-x86_64-linux-gnu.so" to ""
[4.767s] -- Installing: /home/reachy/ros_ws/src/screen_app/install/screen_app/lib/python3.8/site-packages/screen_app/screen_app_s__rosidl_typesupport_introspection_c.cpython-38-x86_64-linux-gnu.so
[4.767s] -- Set runtime path of "/home/reachy/ros_ws/src/screen_app/install/screen_app/lib/python3.8/site-packages/screen_app/screen_app_s__rosidl_typesupport_introspection_c.cpython-38-x86_64-linux-gnu.so" to ""
[4.768s] -- Installing: /home/reachy/ros_ws/src/screen_app/install/screen_app/lib/python3.8/site-packages/screen_app/screen_app_s__rosidl_typesupport_c.cpython-38-x86_64-linux-gnu.so
[4.768s] -- Set runtime path of "/home/reachy/ros_ws/src/screen_app/install/screen_app/lib/python3.8/site-packages/screen_app/screen_app_s__rosidl_typesupport_c.cpython-38-x86_64-linux-gnu.so" to ""
[4.768s] -- Installing: /home/reachy/ros_ws/src/screen_app/install/screen_app/lib/libscreen_app__python.so
[4.769s] -- Set runtime path of "/home/reachy/ros_ws/src/screen_app/install/screen_app/lib/libscreen_app__python.so" to ""
[4.769s] -- Installing: /home/reachy/ros_ws/src/screen_app/install/screen_app/share/screen_app/msg/Num.idl
[4.769s] -- Installing: /home/reachy/ros_ws/src/screen_app/install/screen_app/share/screen_app/msg/Num.msg
[4.769s] -- Installing: /home/reachy/ros_ws/src/screen_app/install/screen_app/share/ament_index/resource_index/package_run_dependencies/screen_app
[4.769s] -- Up-to-date: /home/reachy/ros_ws/src/screen_app/install/screen_app/share/ament_index/resource_index/parent_prefix_path/screen_app
[4.769s] -- Up-to-date: /home/reachy/ros_ws/src/screen_app/install/screen_app/share/screen_app/environment/ament_prefix_path.sh
[4.769s] -- Installing: /home/reachy/ros_ws/src/screen_app/install/screen_app/share/screen_app/environment/ament_prefix_path.dsv
[4.769s] -- Up-to-date: /home/reachy/ros_ws/src/screen_app/install/screen_app/share/screen_app/environment/path.sh
[4.769s] -- Installing: /home/reachy/ros_ws/src/screen_app/install/screen_app/share/screen_app/environment/path.dsv
[4.769s] -- Up-to-date: /home/reachy/ros_ws/src/screen_app/install/screen_app/share/screen_app/local_setup.bash
[4.770s] -- Up-to-date: /home/reachy/ros_ws/src/screen_app/install/screen_app/share/screen_app/local_setup.sh
[4.770s] -- Up-to-date: /home/reachy/ros_ws/src/screen_app/install/screen_app/share/screen_app/local_setup.zsh
[4.770s] -- Installing: /home/reachy/ros_ws/src/screen_app/install/screen_app/share/screen_app/local_setup.dsv
[4.770s] -- Installing: /home/reachy/ros_ws/src/screen_app/install/screen_app/share/screen_app/package.dsv
[4.770s] -- Up-to-date: /home/reachy/ros_ws/src/screen_app/install/screen_app/share/ament_index/resource_index/packages/screen_app
[4.770s] -- Old export file "/home/reachy/ros_ws/src/screen_app/install/screen_app/share/screen_app/cmake/screen_app__rosidl_generator_cExport.cmake" will be replaced.  Removing files [/home/reachy/ros_ws/src/screen_app/install/screen_app/share/screen_app/cmake/screen_app__rosidl_generator_cExport-noconfig.cmake].
[4.770s] -- Installing: /home/reachy/ros_ws/src/screen_app/install/screen_app/share/screen_app/cmake/screen_app__rosidl_generator_cExport.cmake
[4.770s] -- Installing: /home/reachy/ros_ws/src/screen_app/install/screen_app/share/screen_app/cmake/screen_app__rosidl_generator_cExport-noconfig.cmake
[4.770s] -- Old export file "/home/reachy/ros_ws/src/screen_app/install/screen_app/share/screen_app/cmake/screen_app__rosidl_typesupport_introspection_cExport.cmake" will be replaced.  Removing files [/home/reachy/ros_ws/src/screen_app/install/screen_app/share/screen_app/cmake/screen_app__rosidl_typesupport_introspection_cExport-noconfig.cmake].
[4.771s] -- Installing: /home/reachy/ros_ws/src/screen_app/install/screen_app/share/screen_app/cmake/screen_app__rosidl_typesupport_introspection_cExport.cmake
[4.771s] -- Installing: /home/reachy/ros_ws/src/screen_app/install/screen_app/share/screen_app/cmake/screen_app__rosidl_typesupport_introspection_cExport-noconfig.cmake
[4.771s] -- Old export file "/home/reachy/ros_ws/src/screen_app/install/screen_app/share/screen_app/cmake/screen_app__rosidl_typesupport_cExport.cmake" will be replaced.  Removing files [/home/reachy/ros_ws/src/screen_app/install/screen_app/share/screen_app/cmake/screen_app__rosidl_typesupport_cExport-noconfig.cmake].
[4.771s] -- Installing: /home/reachy/ros_ws/src/screen_app/install/screen_app/share/screen_app/cmake/screen_app__rosidl_typesupport_cExport.cmake
[4.771s] -- Installing: /home/reachy/ros_ws/src/screen_app/install/screen_app/share/screen_app/cmake/screen_app__rosidl_typesupport_cExport-noconfig.cmake
[4.771s] -- Installing: /home/reachy/ros_ws/src/screen_app/install/screen_app/share/screen_app/cmake/screen_app__rosidl_generator_cppExport.cmake
[4.772s] -- Old export file "/home/reachy/ros_ws/src/screen_app/install/screen_app/share/screen_app/cmake/screen_app__rosidl_typesupport_introspection_cppExport.cmake" will be replaced.  Removing files [/home/reachy/ros_ws/src/screen_app/install/screen_app/share/screen_app/cmake/screen_app__rosidl_typesupport_introspection_cppExport-noconfig.cmake].
[4.772s] -- Installing: /home/reachy/ros_ws/src/screen_app/install/screen_app/share/screen_app/cmake/screen_app__rosidl_typesupport_introspection_cppExport.cmake
[4.772s] -- Installing: /home/reachy/ros_ws/src/screen_app/install/screen_app/share/screen_app/cmake/screen_app__rosidl_typesupport_introspection_cppExport-noconfig.cmake
[4.772s] -- Old export file "/home/reachy/ros_ws/src/screen_app/install/screen_app/share/screen_app/cmake/screen_app__rosidl_typesupport_cppExport.cmake" will be replaced.  Removing files [/home/reachy/ros_ws/src/screen_app/install/screen_app/share/screen_app/cmake/screen_app__rosidl_typesupport_cppExport-noconfig.cmake].
[4.772s] -- Installing: /home/reachy/ros_ws/src/screen_app/install/screen_app/share/screen_app/cmake/screen_app__rosidl_typesupport_cppExport.cmake
[4.772s] -- Installing: /home/reachy/ros_ws/src/screen_app/install/screen_app/share/screen_app/cmake/screen_app__rosidl_typesupport_cppExport-noconfig.cmake
[4.773s] -- Up-to-date: /home/reachy/ros_ws/src/screen_app/install/screen_app/share/screen_app/cmake/rosidl_cmake-extras.cmake
[4.773s] -- Installing: /home/reachy/ros_ws/src/screen_app/install/screen_app/share/screen_app/cmake/ament_cmake_export_dependencies-extras.cmake
[4.773s] -- Up-to-date: /home/reachy/ros_ws/src/screen_app/install/screen_app/share/screen_app/cmake/ament_cmake_export_libraries-extras.cmake
[4.773s] -- Up-to-date: /home/reachy/ros_ws/src/screen_app/install/screen_app/share/screen_app/cmake/ament_cmake_export_targets-extras.cmake
[4.773s] -- Up-to-date: /home/reachy/ros_ws/src/screen_app/install/screen_app/share/screen_app/cmake/ament_cmake_export_include_directories-extras.cmake
[4.773s] -- Up-to-date: /home/reachy/ros_ws/src/screen_app/install/screen_app/share/screen_app/cmake/rosidl_cmake_export_typesupport_libraries-extras.cmake
[4.773s] -- Up-to-date: /home/reachy/ros_ws/src/screen_app/install/screen_app/share/screen_app/cmake/rosidl_cmake_export_typesupport_targets-extras.cmake
[4.773s] -- Up-to-date: /home/reachy/ros_ws/src/screen_app/install/screen_app/share/screen_app/cmake/screen_appConfig.cmake
[4.773s] -- Up-to-date: /home/reachy/ros_ws/src/screen_app/install/screen_app/share/screen_app/cmake/screen_appConfig-version.cmake
[4.773s] -- Installing: /home/reachy/ros_ws/src/screen_app/install/screen_app/share/screen_app/package.xml
[4.776s] Invoked command in '/home/reachy/ros_ws/src/screen_app/build/screen_app' returned '0': CMAKE_PREFIX_PATH=${CMAKE_PREFIX_PATH}:/home/reachy/reachy_ws/install/reachy_sdk_server:/home/reachy/reachy_ws/install/reachy_kinematics:/home/reachy/reachy_ws/install/reachy_controllers:/home/reachy/reachy_ws/install/reachy_focus:/home/reachy/ros_ws/install/joint_state_publisher_gui:/home/reachy/ros_ws/install/joint_state_publisher:/opt/ros/foxy /usr/bin/cmake --install /home/reachy/ros_ws/src/screen_app/build/screen_app
