In file included from [01m[K/home/reachy/ros_ws/src/screen_app/build/screen_app/rosidl_generator_c/screen_app/msg/detail/mouse__functions.h:19[m[K,
                 from [01m[K/home/reachy/ros_ws/src/screen_app/build/screen_app/rosidl_generator_c/screen_app/msg/detail/mouse__functions.c:4[m[K:
[01m[K/home/reachy/ros_ws/src/screen_app/build/screen_app/rosidl_generator_c/screen_app/msg/detail/mouse__struct.h:22:10:[m[K [01;31m[Kfatal error: [m[Kscreen_app/msg/detail/header__struct.h: No such file or directory
   22 | #include [01;31m[K"screen_app/msg/detail/header__struct.h"[m[K
      |          [01;31m[K^~~~~~~~~~~~~~~~~~~~~~~~~~~~~~~~~~~~~~~~[m[K
compilation terminated.
make[2]: *** [CMakeFiles/screen_app__rosidl_generator_c.dir/build.make:92: CMakeFiles/screen_app__rosidl_generator_c.dir/rosidl_generator_c/screen_app/msg/detail/mouse__functions.c.o] Error 1
make[1]: *** [CMakeFiles/Makefile2:415: CMakeFiles/screen_app__rosidl_generator_c.dir/all] Error 2
make[1]: *** Waiting for unfinished jobs....
In file included from [01m[K/home/reachy/ros_ws/src/screen_app/build/screen_app/rosidl_typesupport_fastrtps_cpp/screen_app/msg/detail/mouse__rosidl_typesupport_fastrtps_cpp.hpp:11[m[K,
                 from [01m[K/home/reachy/ros_ws/src/screen_app/build/screen_app/rosidl_typesupport_fastrtps_cpp/screen_app/msg/detail/dds_fastrtps/mouse__type_support.cpp:4[m[K:
[01m[K/home/reachy/ros_ws/src/screen_app/build/screen_app/rosidl_generator_cpp/screen_app/msg/detail/mouse__struct.hpp:19:10:[m[K [01;31m[Kfatal error: [m[Kscreen_app/msg/detail/header__struct.hpp: No such file or directory
   19 | #include [01;31m[K"screen_app/msg/detail/header__struct.hpp"[m[K
      |          [01;31m[K^~~~~~~~~~~~~~~~~~~~~~~~~~~~~~~~~~~~~~~~~~[m[K
compilation terminated.
make[2]: *** [CMakeFiles/screen_app__rosidl_typesupport_fastrtps_cpp.dir/build.make:78: CMakeFiles/screen_app__rosidl_typesupport_fastrtps_cpp.dir/rosidl_typesupport_fastrtps_cpp/screen_app/msg/detail/dds_fastrtps/mouse__type_support.cpp.o] Error 1
make[1]: *** [CMakeFiles/Makefile2:496: CMakeFiles/screen_app__rosidl_typesupport_fastrtps_cpp.dir/all] Error 2
In file included from [01m[K/home/reachy/ros_ws/src/screen_app/build/screen_app/rosidl_typesupport_cpp/screen_app/msg/mouse__type_support.cpp:7[m[K:
[01m[K/home/reachy/ros_ws/src/screen_app/build/screen_app/rosidl_generator_cpp/screen_app/msg/detail/mouse__struct.hpp:19:10:[m[K [01;31m[Kfatal error: [m[Kscreen_app/msg/detail/header__struct.hpp: No such file or directory
   19 | #include [01;31m[K"screen_app/msg/detail/header__struct.hpp"[m[K
      |          [01;31m[K^~~~~~~~~~~~~~~~~~~~~~~~~~~~~~~~~~~~~~~~~~[m[K
compilation terminated.
make[2]: *** [CMakeFiles/screen_app__rosidl_typesupport_cpp.dir/build.make:73: CMakeFiles/screen_app__rosidl_typesupport_cpp.dir/rosidl_typesupport_cpp/screen_app/msg/mouse__type_support.cpp.o] Error 1
make[1]: *** [CMakeFiles/Makefile2:442: CMakeFiles/screen_app__rosidl_typesupport_cpp.dir/all] Error 2
In file included from [01m[K/home/reachy/ros_ws/src/screen_app/build/screen_app/rosidl_typesupport_introspection_cpp/screen_app/msg/detail/mouse__type_support.cpp:12[m[K:
[01m[K/home/reachy/ros_ws/src/screen_app/build/screen_app/rosidl_generator_cpp/screen_app/msg/detail/mouse__struct.hpp:19:10:[m[K [01;31m[Kfatal error: [m[Kscreen_app/msg/detail/header__struct.hpp: No such file or directory
   19 | #include [01;31m[K"screen_app/msg/detail/header__struct.hpp"[m[K
      |          [01;31m[K^~~~~~~~~~~~~~~~~~~~~~~~~~~~~~~~~~~~~~~~~~[m[K
compilation terminated.
make[2]: *** [CMakeFiles/screen_app__rosidl_typesupport_introspection_cpp.dir/build.make:78: CMakeFiles/screen_app__rosidl_typesupport_introspection_cpp.dir/rosidl_typesupport_introspection_cpp/screen_app/msg/detail/mouse__type_support.cpp.o] Error 1
make[1]: *** [CMakeFiles/Makefile2:246: CMakeFiles/screen_app__rosidl_typesupport_introspection_cpp.dir/all] Error 2
make: *** [Makefile:141: all] Error 2
