[0.017s] Invoking command in '/home/reachy/ros_ws/src/screen_app/build/screen_app': CMAKE_PREFIX_PATH=${CMAKE_PREFIX_PATH}:/home/reachy/reachy_ws/install/reachy_sdk_server:/home/reachy/reachy_ws/install/reachy_kinematics:/home/reachy/reachy_ws/install/reachy_controllers:/home/reachy/reachy_ws/install/reachy_focus:/home/reachy/ros_ws/install/joint_state_publisher_gui:/home/reachy/ros_ws/install/joint_state_publisher:/opt/ros/foxy /usr/bin/cmake /home/reachy/ros_ws/src/screen_app -DCMAKE_INSTALL_PREFIX=/home/reachy/ros_ws/src/screen_app/install/screen_app
[0.081s] -- The C compiler identification is GNU 9.3.0
[0.142s] -- The CXX compiler identification is GNU 9.3.0
[0.149s] -- Check for working C compiler: /usr/bin/cc
[0.220s] -- Check for working C compiler: /usr/bin/cc -- works
[0.222s] -- Detecting C compiler ABI info
[0.296s] -- Detecting C compiler ABI info - done
[0.309s] -- Detecting C compile features
[0.310s] -- Detecting C compile features - done
[0.313s] -- Check for working CXX compiler: /usr/bin/c++
[0.396s] -- Check for working CXX compiler: /usr/bin/c++ -- works
[0.397s] -- Detecting CXX compiler ABI info
[0.477s] -- Detecting CXX compiler ABI info - done
[0.492s] -- Detecting CXX compile features
[0.492s] -- Detecting CXX compile features - done
[0.495s] -- Found ament_cmake: 0.9.9 (/opt/ros/foxy/share/ament_cmake/cmake)
[0.523s] -- Found PythonInterp: /usr/bin/python3 (found suitable version "3.8.10", minimum required is "3") 
[0.523s] -- Using PYTHON_EXECUTABLE: /usr/bin/python3
[0.763s] -- Found rosidl_default_generators: 1.0.1 (/opt/ros/foxy/share/rosidl_default_generators/cmake)
[0.769s] -- Using all available rosidl_typesupport_c: rosidl_typesupport_fastrtps_c;rosidl_typesupport_introspection_c
[0.777s] -- Found rosidl_adapter: 1.2.1 (/opt/ros/foxy/share/rosidl_adapter/cmake)
[0.877s] -- Found OpenSSL: /usr/lib/x86_64-linux-gnu/libcrypto.so (found version "1.1.1f")  
[0.909s] -- Found FastRTPS: /opt/ros/foxy/include  
[0.993s] -- Using all available rosidl_typesupport_cpp: rosidl_typesupport_fastrtps_cpp;rosidl_typesupport_introspection_cpp
[1.045s] -- Found PythonInterp: /usr/bin/python3 (found version "3.8.10") 
[1.184s] -- Found ament_cmake_ros: 0.9.2 (/opt/ros/foxy/share/ament_cmake_ros/cmake)
[1.286s] -- Using all available rosidl_typesupport_c: rosidl_typesupport_fastrtps_c;rosidl_typesupport_introspection_c
[1.294s] -- Using all available rosidl_typesupport_cpp: rosidl_typesupport_fastrtps_cpp;rosidl_typesupport_introspection_cpp
[1.323s] -- Found PythonInterp: /usr/bin/python3 (found suitable version "3.8.10", minimum required is "3.5") 
[1.325s] -- Found python_cmake_module: 0.8.1 (/opt/ros/foxy/share/python_cmake_module/cmake)
[1.358s] -- Found PythonLibs: /usr/lib/x86_64-linux-gnu/libpython3.8.so (found suitable version "3.8.10", minimum required is "3.5") 
[1.358s] -- Using PYTHON_EXECUTABLE: /usr/bin/python3
[1.358s] -- Using PYTHON_INCLUDE_DIRS: /usr/include/python3.8
[1.359s] -- Using PYTHON_LIBRARIES: /usr/lib/x86_64-linux-gnu/libpython3.8.so
[1.385s] -- Found PythonExtra: .so  
[1.437s] -- Found ament_lint_auto: 0.9.6 (/opt/ros/foxy/share/ament_lint_auto/cmake)
[1.461s] -- Added test 'copyright' to check source files copyright and LICENSE
[1.470s] -- Added test 'cppcheck' to perform static code analysis on C / C++ code
[1.471s] -- Configured cppcheck include dirs: $<BUILD_INTERFACE:/home/reachy/ros_ws/src/screen_app/build/screen_app/rosidl_generator_c>;/home/reachy/ros_ws/src/screen_app/build/screen_app/rosidl_generator_c;/home/reachy/ros_ws/src/screen_app/build/screen_app/rosidl_generator_cpp;/home/reachy/ros_ws/src/screen_app/build/screen_app/rosidl_typesupport_fastrtps_c;/home/reachy/ros_ws/src/screen_app/build/screen_app/rosidl_typesupport_fastrtps_cpp;$<BUILD_INTERFACE:/home/reachy/ros_ws/src/screen_app/build/screen_app/rosidl_typesupport_introspection_c>;$<BUILD_INTERFACE:/home/reachy/ros_ws/src/screen_app/build/screen_app/rosidl_typesupport_c>;$<BUILD_INTERFACE:/home/reachy/ros_ws/src/screen_app/build/screen_app/rosidl_generator_cpp>;/home/reachy/ros_ws/src/screen_app/build/screen_app/rosidl_generator_py
[1.471s] -- Configured cppcheck exclude dirs and/or files: 
[1.479s] -- Added test 'cpplint' to check C / C++ code against the Google style
[1.479s] -- Configured cpplint exclude dirs and/or files: 
[1.481s] -- Added test 'flake8' to check Python code syntax and style conventions
[1.484s] -- Added test 'lint_cmake' to check CMake code style
[1.486s] -- Added test 'pep257' to check Python code against some of the style conventions in PEP 257
[1.494s] -- Added test 'uncrustify' to check C / C++ code style
[1.494s] -- Configured uncrustify additional arguments: 
[1.496s] -- Added test 'xmllint' to check XML markup files
[1.500s] -- Configuring done
[1.529s] -- Generating done
[1.531s] -- Build files have been written to: /home/reachy/ros_ws/src/screen_app/build/screen_app
[1.537s] Invoked command in '/home/reachy/ros_ws/src/screen_app/build/screen_app' returned '0': CMAKE_PREFIX_PATH=${CMAKE_PREFIX_PATH}:/home/reachy/reachy_ws/install/reachy_sdk_server:/home/reachy/reachy_ws/install/reachy_kinematics:/home/reachy/reachy_ws/install/reachy_controllers:/home/reachy/reachy_ws/install/reachy_focus:/home/reachy/ros_ws/install/joint_state_publisher_gui:/home/reachy/ros_ws/install/joint_state_publisher:/opt/ros/foxy /usr/bin/cmake /home/reachy/ros_ws/src/screen_app -DCMAKE_INSTALL_PREFIX=/home/reachy/ros_ws/src/screen_app/install/screen_app
[1.540s] Invoking command in '/home/reachy/ros_ws/src/screen_app/build/screen_app': CMAKE_PREFIX_PATH=${CMAKE_PREFIX_PATH}:/home/reachy/reachy_ws/install/reachy_sdk_server:/home/reachy/reachy_ws/install/reachy_kinematics:/home/reachy/reachy_ws/install/reachy_controllers:/home/reachy/reachy_ws/install/reachy_focus:/home/reachy/ros_ws/install/joint_state_publisher_gui:/home/reachy/ros_ws/install/joint_state_publisher:/opt/ros/foxy /usr/bin/cmake --build /home/reachy/ros_ws/src/screen_app/build/screen_app -- -j4 -l4
[1.585s] [35m[1mScanning dependencies of target screen_app__cpp[0m
[1.586s] [  3%] [34m[1mGenerating C code for ROS interfaces[0m
[1.600s] [  6%] [34m[1mGenerating C++ code for ROS interfaces[0m
[1.893s] [  6%] Built target screen_app__cpp
[1.914s] [  9%] [34m[1mGenerating C++ introspection for ROS interfaces[0m
[1.914s] [ 12%] [34m[1mGenerating C++ type support dispatch for ROS interfaces[0m
[1.920s] [ 16%] [34m[1mGenerating C++ type support for eProsima Fast-RTPS[0m
[2.046s] [35m[1mScanning dependencies of target screen_app__rosidl_generator_c[0m
[2.080s] [ 19%] [32mBuilding C object CMakeFiles/screen_app__rosidl_generator_c.dir/rosidl_generator_c/screen_app/msg/detail/mouse__functions.c.o[0m
[2.132s] In file included from [01m[K/home/reachy/ros_ws/src/screen_app/build/screen_app/rosidl_generator_c/screen_app/msg/detail/mouse__functions.h:19[m[K,
[2.132s]                  from [01m[K/home/reachy/ros_ws/src/screen_app/build/screen_app/rosidl_generator_c/screen_app/msg/detail/mouse__functions.c:4[m[K:
[2.133s] [01m[K/home/reachy/ros_ws/src/screen_app/build/screen_app/rosidl_generator_c/screen_app/msg/detail/mouse__struct.h:22:10:[m[K [01;31m[Kfatal error: [m[Kscreen_app/msg/detail/header__struct.h: No such file or directory
[2.133s]    22 | #include [01;31m[K"screen_app/msg/detail/header__struct.h"[m[K
[2.133s]       |          [01;31m[K^~~~~~~~~~~~~~~~~~~~~~~~~~~~~~~~~~~~~~~~[m[K
[2.133s] compilation terminated.
[2.136s] make[2]: *** [CMakeFiles/screen_app__rosidl_generator_c.dir/build.make:92: CMakeFiles/screen_app__rosidl_generator_c.dir/rosidl_generator_c/screen_app/msg/detail/mouse__functions.c.o] Error 1
[2.137s] make[1]: *** [CMakeFiles/Makefile2:415: CMakeFiles/screen_app__rosidl_generator_c.dir/all] Error 2
[2.137s] make[1]: *** Waiting for unfinished jobs....
[2.338s] [35m[1mScanning dependencies of target screen_app__rosidl_typesupport_fastrtps_cpp[0m
[2.360s] [ 22%] [32mBuilding CXX object CMakeFiles/screen_app__rosidl_typesupport_fastrtps_cpp.dir/rosidl_typesupport_fastrtps_cpp/screen_app/msg/detail/dds_fastrtps/mouse__type_support.cpp.o[0m
[2.383s] [35m[1mScanning dependencies of target screen_app__rosidl_typesupport_cpp[0m
[2.404s] [ 25%] [32mBuilding CXX object CMakeFiles/screen_app__rosidl_typesupport_cpp.dir/rosidl_typesupport_cpp/screen_app/msg/mouse__type_support.cpp.o[0m
[2.412s] [35m[1mScanning dependencies of target screen_app__rosidl_typesupport_introspection_cpp[0m
[2.432s] [ 29%] [32mBuilding CXX object CMakeFiles/screen_app__rosidl_typesupport_introspection_cpp.dir/rosidl_typesupport_introspection_cpp/screen_app/msg/detail/mouse__type_support.cpp.o[0m
[2.444s] In file included from [01m[K/home/reachy/ros_ws/src/screen_app/build/screen_app/rosidl_typesupport_fastrtps_cpp/screen_app/msg/detail/mouse__rosidl_typesupport_fastrtps_cpp.hpp:11[m[K,
[2.444s]                  from [01m[K/home/reachy/ros_ws/src/screen_app/build/screen_app/rosidl_typesupport_fastrtps_cpp/screen_app/msg/detail/dds_fastrtps/mouse__type_support.cpp:4[m[K:
[2.445s] [01m[K/home/reachy/ros_ws/src/screen_app/build/screen_app/rosidl_generator_cpp/screen_app/msg/detail/mouse__struct.hpp:19:10:[m[K [01;31m[Kfatal error: [m[Kscreen_app/msg/detail/header__struct.hpp: No such file or directory
[2.445s]    19 | #include [01;31m[K"screen_app/msg/detail/header__struct.hpp"[m[K
[2.445s]       |          [01;31m[K^~~~~~~~~~~~~~~~~~~~~~~~~~~~~~~~~~~~~~~~~~[m[K
[2.445s] compilation terminated.
[2.445s] make[2]: *** [CMakeFiles/screen_app__rosidl_typesupport_fastrtps_cpp.dir/build.make:78: CMakeFiles/screen_app__rosidl_typesupport_fastrtps_cpp.dir/rosidl_typesupport_fastrtps_cpp/screen_app/msg/detail/dds_fastrtps/mouse__type_support.cpp.o] Error 1
[2.445s] make[1]: *** [CMakeFiles/Makefile2:496: CMakeFiles/screen_app__rosidl_typesupport_fastrtps_cpp.dir/all] Error 2
[2.473s] In file included from [01m[K/home/reachy/ros_ws/src/screen_app/build/screen_app/rosidl_typesupport_cpp/screen_app/msg/mouse__type_support.cpp:7[m[K:
[2.473s] [01m[K/home/reachy/ros_ws/src/screen_app/build/screen_app/rosidl_generator_cpp/screen_app/msg/detail/mouse__struct.hpp:19:10:[m[K [01;31m[Kfatal error: [m[Kscreen_app/msg/detail/header__struct.hpp: No such file or directory
[2.473s]    19 | #include [01;31m[K"screen_app/msg/detail/header__struct.hpp"[m[K
[2.473s]       |          [01;31m[K^~~~~~~~~~~~~~~~~~~~~~~~~~~~~~~~~~~~~~~~~~[m[K
[2.473s] compilation terminated.
[2.474s] make[2]: *** [CMakeFiles/screen_app__rosidl_typesupport_cpp.dir/build.make:73: CMakeFiles/screen_app__rosidl_typesupport_cpp.dir/rosidl_typesupport_cpp/screen_app/msg/mouse__type_support.cpp.o] Error 1
[2.474s] make[1]: *** [CMakeFiles/Makefile2:442: CMakeFiles/screen_app__rosidl_typesupport_cpp.dir/all] Error 2
[2.491s] In file included from [01m[K/home/reachy/ros_ws/src/screen_app/build/screen_app/rosidl_typesupport_introspection_cpp/screen_app/msg/detail/mouse__type_support.cpp:12[m[K:
[2.491s] [01m[K/home/reachy/ros_ws/src/screen_app/build/screen_app/rosidl_generator_cpp/screen_app/msg/detail/mouse__struct.hpp:19:10:[m[K [01;31m[Kfatal error: [m[Kscreen_app/msg/detail/header__struct.hpp: No such file or directory
[2.491s]    19 | #include [01;31m[K"screen_app/msg/detail/header__struct.hpp"[m[K
[2.491s]       |          [01;31m[K^~~~~~~~~~~~~~~~~~~~~~~~~~~~~~~~~~~~~~~~~~[m[K
[2.491s] compilation terminated.
[2.493s] make[2]: *** [CMakeFiles/screen_app__rosidl_typesupport_introspection_cpp.dir/build.make:78: CMakeFiles/screen_app__rosidl_typesupport_introspection_cpp.dir/rosidl_typesupport_introspection_cpp/screen_app/msg/detail/mouse__type_support.cpp.o] Error 1
[2.494s] make[1]: *** [CMakeFiles/Makefile2:246: CMakeFiles/screen_app__rosidl_typesupport_introspection_cpp.dir/all] Error 2
[2.494s] make: *** [Makefile:141: all] Error 2
[2.496s] Invoked command in '/home/reachy/ros_ws/src/screen_app/build/screen_app' returned '2': CMAKE_PREFIX_PATH=${CMAKE_PREFIX_PATH}:/home/reachy/reachy_ws/install/reachy_sdk_server:/home/reachy/reachy_ws/install/reachy_kinematics:/home/reachy/reachy_ws/install/reachy_controllers:/home/reachy/reachy_ws/install/reachy_focus:/home/reachy/ros_ws/install/joint_state_publisher_gui:/home/reachy/ros_ws/install/joint_state_publisher:/opt/ros/foxy /usr/bin/cmake --build /home/reachy/ros_ws/src/screen_app/build/screen_app -- -j4 -l4
