[0.348s] DEBUG:colcon:Command line arguments: ['/usr/bin/colcon', 'build', '--packages-select', 'screen_app']
[0.348s] DEBUG:colcon:Parsed command line arguments: Namespace(ament_cmake_args=None, base_paths=['.'], build_base='build', catkin_cmake_args=None, catkin_skip_building_tests=False, cmake_args=None, cmake_clean_cache=False, cmake_clean_first=False, cmake_force_configure=False, cmake_target=None, cmake_target_skip_unavailable=False, continue_on_error=False, event_handlers=None, executor='parallel', ignore_user_meta=False, install_base='install', log_base=None, log_level=None, main=<bound method BuildVerb.main of <colcon_core.verb.build.BuildVerb object at 0x7f55beb544f0>>, merge_install=False, metas=['./colcon.meta'], packages_above=None, packages_above_and_dependencies=None, packages_above_depth=None, packages_end=None, packages_ignore=None, packages_ignore_regex=None, packages_select=['screen_app'], packages_select_build_failed=False, packages_select_by_dep=None, packages_select_regex=None, packages_select_test_failures=False, packages_skip=None, packages_skip_build_finished=False, packages_skip_by_dep=None, packages_skip_regex=None, packages_skip_test_passed=False, packages_skip_up_to=None, packages_start=None, packages_up_to=None, packages_up_to_regex=None, parallel_workers=4, paths=None, symlink_install=False, test_result_base=None, verb_extension=<colcon_core.verb.build.BuildVerb object at 0x7f55beb544f0>, verb_name='build', verb_parser=<colcon_defaults.argument_parser.defaults.DefaultArgumentsDecorator object at 0x7f55beb54a30>)
[0.354s] Level 1:colcon.colcon_core.package_discovery:discover_packages(colcon_meta) check parameters
[0.354s] Level 1:colcon.colcon_core.package_discovery:discover_packages(recursive) check parameters
[0.354s] Level 1:colcon.colcon_core.package_discovery:discover_packages(ignore) check parameters
[0.354s] Level 1:colcon.colcon_core.package_discovery:discover_packages(path) check parameters
[0.354s] Level 1:colcon.colcon_core.package_discovery:discover_packages(colcon_meta) discover
[0.354s] Level 1:colcon.colcon_core.package_discovery:discover_packages(recursive) discover
[0.354s] INFO:colcon.colcon_core.package_discovery:Crawling recursively for packages in '/home/reachy/ros_ws/src/screen_app'
[0.354s] Level 1:colcon.colcon_core.package_identification:_identify(.) by extensions ['ignore', 'ignore_ament_install']
[0.354s] Level 1:colcon.colcon_core.package_identification:_identify(.) by extension 'ignore'
[0.355s] Level 1:colcon.colcon_core.package_identification:_identify(.) by extension 'ignore_ament_install'
[0.355s] Level 1:colcon.colcon_core.package_identification:_identify(.) by extensions ['colcon_pkg']
[0.355s] Level 1:colcon.colcon_core.package_identification:_identify(.) by extension 'colcon_pkg'
[0.355s] Level 1:colcon.colcon_core.package_identification:_identify(.) by extensions ['colcon_meta']
[0.355s] Level 1:colcon.colcon_core.package_identification:_identify(.) by extension 'colcon_meta'
[0.355s] Level 1:colcon.colcon_core.package_identification:_identify(.) by extensions ['ros']
[0.355s] Level 1:colcon.colcon_core.package_identification:_identify(.) by extension 'ros'
[0.369s] DEBUG:colcon.colcon_core.package_identification:Package '.' with type 'ros.ament_cmake' and name 'screen_app'
[0.369s] Level 1:colcon.colcon_core.package_discovery:discover_packages(recursive) using defaults
[0.370s] Level 1:colcon.colcon_core.package_discovery:discover_packages(ignore) discover
[0.370s] Level 1:colcon.colcon_core.package_discovery:discover_packages(ignore) using defaults
[0.370s] Level 1:colcon.colcon_core.package_discovery:discover_packages(path) discover
[0.370s] Level 1:colcon.colcon_core.package_discovery:discover_packages(path) using defaults
[0.393s] Level 5:colcon.colcon_core.verb:set package 'screen_app' build argument 'cmake_args' from command line to 'None'
[0.393s] Level 5:colcon.colcon_core.verb:set package 'screen_app' build argument 'cmake_target' from command line to 'None'
[0.393s] Level 5:colcon.colcon_core.verb:set package 'screen_app' build argument 'cmake_target_skip_unavailable' from command line to 'False'
[0.393s] Level 5:colcon.colcon_core.verb:set package 'screen_app' build argument 'cmake_clean_cache' from command line to 'False'
[0.393s] Level 5:colcon.colcon_core.verb:set package 'screen_app' build argument 'cmake_clean_first' from command line to 'False'
[0.393s] Level 5:colcon.colcon_core.verb:set package 'screen_app' build argument 'cmake_force_configure' from command line to 'False'
[0.394s] Level 5:colcon.colcon_core.verb:set package 'screen_app' build argument 'ament_cmake_args' from command line to 'None'
[0.394s] Level 5:colcon.colcon_core.verb:set package 'screen_app' build argument 'catkin_cmake_args' from command line to 'None'
[0.394s] Level 5:colcon.colcon_core.verb:set package 'screen_app' build argument 'catkin_skip_building_tests' from command line to 'False'
[0.394s] DEBUG:colcon.colcon_core.verb:Building package 'screen_app' with the following arguments: {'ament_cmake_args': None, 'build_base': '/home/reachy/ros_ws/src/screen_app/build/screen_app', 'catkin_cmake_args': None, 'catkin_skip_building_tests': False, 'cmake_args': None, 'cmake_clean_cache': False, 'cmake_clean_first': False, 'cmake_force_configure': False, 'cmake_target': None, 'cmake_target_skip_unavailable': False, 'install_base': '/home/reachy/ros_ws/src/screen_app/install/screen_app', 'merge_install': False, 'path': '/home/reachy/ros_ws/src/screen_app', 'symlink_install': False, 'test_result_base': None}
[0.394s] INFO:colcon.colcon_core.executor:Executing jobs using 'parallel' executor
[0.396s] DEBUG:colcon.colcon_parallel_executor.executor.parallel:run_until_complete
[0.396s] INFO:colcon.colcon_ros.task.ament_cmake.build:Building ROS package in '/home/reachy/ros_ws/src/screen_app' with build type 'ament_cmake'
[0.396s] INFO:colcon.colcon_cmake.task.cmake.build:Building CMake package in '/home/reachy/ros_ws/src/screen_app'
[0.401s] INFO:colcon.colcon_core.plugin_system:Skipping extension 'colcon_core.shell.bat': Not used on non-Windows systems
[0.401s] INFO:colcon.colcon_core.shell:Skip shell extension 'powershell' for command environment: Not usable outside of PowerShell
[0.401s] DEBUG:colcon.colcon_core.shell:Skip shell extension 'dsv' for command environment
[0.406s] DEBUG:colcon.colcon_core.shell:Ignoring prefix path '/opt/ros/foxy'
[0.414s] DEBUG:colcon.colcon_core.event_handler.log_command:Invoking command in '/home/reachy/ros_ws/src/screen_app/build/screen_app': CMAKE_PREFIX_PATH=${CMAKE_PREFIX_PATH}:/home/reachy/reachy_ws/install/reachy_sdk_server:/home/reachy/reachy_ws/install/reachy_kinematics:/home/reachy/reachy_ws/install/reachy_controllers:/home/reachy/reachy_ws/install/reachy_focus:/home/reachy/ros_ws/install/joint_state_publisher_gui:/home/reachy/ros_ws/install/joint_state_publisher:/opt/ros/foxy /usr/bin/cmake /home/reachy/ros_ws/src/screen_app -DCMAKE_INSTALL_PREFIX=/home/reachy/ros_ws/src/screen_app/install/screen_app
[1.934s] DEBUG:colcon.colcon_core.event_handler.log_command:Invoked command in '/home/reachy/ros_ws/src/screen_app/build/screen_app' returned '0': CMAKE_PREFIX_PATH=${CMAKE_PREFIX_PATH}:/home/reachy/reachy_ws/install/reachy_sdk_server:/home/reachy/reachy_ws/install/reachy_kinematics:/home/reachy/reachy_ws/install/reachy_controllers:/home/reachy/reachy_ws/install/reachy_focus:/home/reachy/ros_ws/install/joint_state_publisher_gui:/home/reachy/ros_ws/install/joint_state_publisher:/opt/ros/foxy /usr/bin/cmake /home/reachy/ros_ws/src/screen_app -DCMAKE_INSTALL_PREFIX=/home/reachy/ros_ws/src/screen_app/install/screen_app
[1.937s] DEBUG:colcon.colcon_core.event_handler.log_command:Invoking command in '/home/reachy/ros_ws/src/screen_app/build/screen_app': CMAKE_PREFIX_PATH=${CMAKE_PREFIX_PATH}:/home/reachy/reachy_ws/install/reachy_sdk_server:/home/reachy/reachy_ws/install/reachy_kinematics:/home/reachy/reachy_ws/install/reachy_controllers:/home/reachy/reachy_ws/install/reachy_focus:/home/reachy/ros_ws/install/joint_state_publisher_gui:/home/reachy/ros_ws/install/joint_state_publisher:/opt/ros/foxy /usr/bin/cmake --build /home/reachy/ros_ws/src/screen_app/build/screen_app -- -j4 -l4
[2.893s] DEBUG:colcon.colcon_core.event_handler.log_command:Invoked command in '/home/reachy/ros_ws/src/screen_app/build/screen_app' returned '2': CMAKE_PREFIX_PATH=${CMAKE_PREFIX_PATH}:/home/reachy/reachy_ws/install/reachy_sdk_server:/home/reachy/reachy_ws/install/reachy_kinematics:/home/reachy/reachy_ws/install/reachy_controllers:/home/reachy/reachy_ws/install/reachy_focus:/home/reachy/ros_ws/install/joint_state_publisher_gui:/home/reachy/ros_ws/install/joint_state_publisher:/opt/ros/foxy /usr/bin/cmake --build /home/reachy/ros_ws/src/screen_app/build/screen_app -- -j4 -l4
[2.938s] Level 1:colcon.colcon_core.environment:create_environment_scripts_only(screen_app)
[2.942s] Level 1:colcon.colcon_core.environment:checking '/home/reachy/ros_ws/src/screen_app/install/screen_app' for CMake module files
[2.942s] Level 1:colcon.colcon_core.environment:checking '/home/reachy/ros_ws/src/screen_app/install/screen_app' for CMake config files
[2.943s] Level 1:colcon.colcon_core.environment:checking '/home/reachy/ros_ws/src/screen_app/install/screen_app/bin'
[2.943s] Level 1:colcon.colcon_core.environment:checking '/home/reachy/ros_ws/src/screen_app/install/screen_app/lib/pkgconfig/screen_app.pc'
[2.943s] Level 1:colcon.colcon_core.environment:checking '/home/reachy/ros_ws/src/screen_app/install/screen_app/lib/python3.8/site-packages'
[2.943s] INFO:colcon.colcon_core.shell:Creating package script '/home/reachy/ros_ws/src/screen_app/install/screen_app/share/screen_app/package.ps1'
[2.944s] INFO:colcon.colcon_core.shell:Creating package descriptor '/home/reachy/ros_ws/src/screen_app/install/screen_app/share/screen_app/package.dsv'
[2.945s] INFO:colcon.colcon_core.shell:Creating package script '/home/reachy/ros_ws/src/screen_app/install/screen_app/share/screen_app/package.sh'
[2.946s] INFO:colcon.colcon_core.shell:Creating package script '/home/reachy/ros_ws/src/screen_app/install/screen_app/share/screen_app/package.bash'
[2.946s] INFO:colcon.colcon_core.shell:Creating package script '/home/reachy/ros_ws/src/screen_app/install/screen_app/share/screen_app/package.zsh'
[2.947s] Level 1:colcon.colcon_core.environment:create_file_with_runtime_dependencies(/home/reachy/ros_ws/src/screen_app/install/screen_app/share/colcon-core/packages/screen_app)
[2.958s] DEBUG:colcon.colcon_parallel_executor.executor.parallel:closing loop
[2.958s] DEBUG:colcon.colcon_parallel_executor.executor.parallel:loop closed
[2.958s] DEBUG:colcon.colcon_parallel_executor.executor.parallel:run_until_complete finished with '2'
[2.958s] DEBUG:colcon.colcon_core.event_reactor:joining thread
[2.966s] INFO:colcon.colcon_core.plugin_system:Skipping extension 'colcon_notification.desktop_notification.terminal_notifier': Not used on non-Darwin systems
[2.966s] INFO:colcon.colcon_core.plugin_system:Skipping extension 'colcon_notification.desktop_notification.win32': Not used on non-Windows systems
[2.966s] INFO:colcon.colcon_notification.desktop_notification:Sending desktop notification using 'notify2'
[2.980s] DEBUG:colcon.colcon_core.event_reactor:joined thread
[2.982s] INFO:colcon.colcon_core.shell:Creating prefix script '/home/reachy/ros_ws/src/screen_app/install/local_setup.ps1'
[2.989s] INFO:colcon.colcon_core.shell:Creating prefix util module '/home/reachy/ros_ws/src/screen_app/install/_local_setup_util_ps1.py'
[2.991s] INFO:colcon.colcon_core.shell:Creating prefix chain script '/home/reachy/ros_ws/src/screen_app/install/setup.ps1'
[2.995s] INFO:colcon.colcon_core.shell:Creating prefix script '/home/reachy/ros_ws/src/screen_app/install/local_setup.sh'
[2.997s] INFO:colcon.colcon_core.shell:Creating prefix util module '/home/reachy/ros_ws/src/screen_app/install/_local_setup_util_sh.py'
[2.998s] INFO:colcon.colcon_core.shell:Creating prefix chain script '/home/reachy/ros_ws/src/screen_app/install/setup.sh'
[3.002s] INFO:colcon.colcon_core.shell:Creating prefix script '/home/reachy/ros_ws/src/screen_app/install/local_setup.bash'
[3.003s] INFO:colcon.colcon_core.shell:Creating prefix chain script '/home/reachy/ros_ws/src/screen_app/install/setup.bash'
[3.007s] INFO:colcon.colcon_core.shell:Creating prefix script '/home/reachy/ros_ws/src/screen_app/install/local_setup.zsh'
[3.008s] INFO:colcon.colcon_core.shell:Creating prefix chain script '/home/reachy/ros_ws/src/screen_app/install/setup.zsh'
