-- Found ament_cmake: 0.9.9 (/opt/ros/foxy/share/ament_cmake/cmake)
-- Found PythonInterp: /usr/bin/python3 (found suitable version "3.8.10", minimum required is "3") 
-- Using PYTHON_EXECUTABLE: /usr/bin/python3
-- Found rosidl_default_generators: 1.0.1 (/opt/ros/foxy/share/rosidl_default_generators/cmake)
-- Using all available rosidl_typesupport_c: rosidl_typesupport_fastrtps_c;rosidl_typesupport_introspection_c
-- Found rosidl_adapter: 1.2.1 (/opt/ros/foxy/share/rosidl_adapter/cmake)
-- Using all available rosidl_typesupport_cpp: rosidl_typesupport_fastrtps_cpp;rosidl_typesupport_introspection_cpp
-- Found PythonInterp: /usr/bin/python3 (found version "3.8.10") 
-- Found ament_cmake_ros: 0.9.2 (/opt/ros/foxy/share/ament_cmake_ros/cmake)
-- Using all available rosidl_typesupport_c: rosidl_typesupport_fastrtps_c;rosidl_typesupport_introspection_c
-- Using all available rosidl_typesupport_cpp: rosidl_typesupport_fastrtps_cpp;rosidl_typesupport_introspection_cpp
-- Found PythonInterp: /usr/bin/python3 (found suitable version "3.8.10", minimum required is "3.5") 
-- Found python_cmake_module: 0.8.1 (/opt/ros/foxy/share/python_cmake_module/cmake)
-- Using PYTHON_EXECUTABLE: /usr/bin/python3
-- Using PYTHON_INCLUDE_DIRS: /usr/include/python3.8
-- Using PYTHON_LIBRARIES: /usr/lib/x86_64-linux-gnu/libpython3.8.so
-- Found ament_lint_auto: 0.9.6 (/opt/ros/foxy/share/ament_lint_auto/cmake)
-- Added test 'copyright' to check source files copyright and LICENSE
-- Added test 'cppcheck' to perform static code analysis on C / C++ code
-- Configured cppcheck include dirs: $<BUILD_INTERFACE:/home/reachy/ros_ws/src/screen_app/build/screen_app/rosidl_generator_c>;/home/reachy/ros_ws/src/screen_app/build/screen_app/rosidl_generator_c;/home/reachy/ros_ws/src/screen_app/build/screen_app/rosidl_generator_cpp;/home/reachy/ros_ws/src/screen_app/build/screen_app/rosidl_typesupport_fastrtps_c;/home/reachy/ros_ws/src/screen_app/build/screen_app/rosidl_typesupport_fastrtps_cpp;$<BUILD_INTERFACE:/home/reachy/ros_ws/src/screen_app/build/screen_app/rosidl_typesupport_introspection_c>;$<BUILD_INTERFACE:/home/reachy/ros_ws/src/screen_app/build/screen_app/rosidl_typesupport_c>;$<BUILD_INTERFACE:/home/reachy/ros_ws/src/screen_app/build/screen_app/rosidl_generator_cpp>;/home/reachy/ros_ws/src/screen_app/build/screen_app/rosidl_generator_py
-- Configured cppcheck exclude dirs and/or files: 
-- Added test 'cpplint' to check C / C++ code against the Google style
-- Configured cpplint exclude dirs and/or files: 
-- Added test 'flake8' to check Python code syntax and style conventions
-- Added test 'lint_cmake' to check CMake code style
-- Added test 'pep257' to check Python code against some of the style conventions in PEP 257
-- Added test 'uncrustify' to check C / C++ code style
-- Configured uncrustify additional arguments: 
-- Added test 'xmllint' to check XML markup files
-- Configuring done
-- Generating done
-- Build files have been written to: /home/reachy/ros_ws/src/screen_app/build/screen_app
[35m[1mScanning dependencies of target screen_app__cpp[0m
[  3%] [34m[1mGenerating C code for ROS interfaces[0m
[  6%] [34m[1mGenerating C++ code for ROS interfaces[0m
[35m[1mScanning dependencies of target screen_app__rosidl_generator_c[0m
[  6%] Built target screen_app__cpp
[ 12%] [34m[1mGenerating C++ introspection for ROS interfaces[0m
[ 12%] [34m[1mGenerating C++ type support for eProsima Fast-RTPS[0m
[ 16%] [34m[1mGenerating C++ type support dispatch for ROS interfaces[0m
[ 19%] [32mBuilding C object CMakeFiles/screen_app__rosidl_generator_c.dir/rosidl_generator_c/screen_app/msg/detail/num__functions.c.o[0m
[ 22%] [32m[1mLinking C shared library libscreen_app__rosidl_generator_c.so[0m
[ 22%] Built target screen_app__rosidl_generator_c
[ 25%] [34m[1mGenerating C introspection for ROS interfaces[0m
[35m[1mScanning dependencies of target screen_app__rosidl_typesupport_cpp[0m
[ 29%] [32mBuilding CXX object CMakeFiles/screen_app__rosidl_typesupport_cpp.dir/rosidl_typesupport_cpp/screen_app/msg/num__type_support.cpp.o[0m
[35m[1mScanning dependencies of target screen_app__rosidl_typesupport_introspection_cpp[0m
[35m[1mScanning dependencies of target screen_app__rosidl_typesupport_fastrtps_cpp[0m
[ 32%] [32mBuilding CXX object CMakeFiles/screen_app__rosidl_typesupport_introspection_cpp.dir/rosidl_typesupport_introspection_cpp/screen_app/msg/detail/num__type_support.cpp.o[0m
[ 35%] [32mBuilding CXX object CMakeFiles/screen_app__rosidl_typesupport_fastrtps_cpp.dir/rosidl_typesupport_fastrtps_cpp/screen_app/msg/detail/dds_fastrtps/num__type_support.cpp.o[0m
[35m[1mScanning dependencies of target screen_app__rosidl_typesupport_introspection_c[0m
[ 38%] [32mBuilding C object CMakeFiles/screen_app__rosidl_typesupport_introspection_c.dir/rosidl_typesupport_introspection_c/screen_app/msg/detail/num__type_support.c.o[0m
[ 41%] [32m[1mLinking CXX shared library libscreen_app__rosidl_typesupport_introspection_cpp.so[0m
[ 45%] [32m[1mLinking C shared library libscreen_app__rosidl_typesupport_introspection_c.so[0m
[ 48%] [32m[1mLinking CXX shared library libscreen_app__rosidl_typesupport_cpp.so[0m
[ 48%] Built target screen_app__rosidl_typesupport_introspection_c
[ 51%] [34m[1mGenerating C type support dispatch for ROS interfaces[0m
[ 51%] Built target screen_app__rosidl_typesupport_introspection_cpp
[ 51%] Built target screen_app__rosidl_typesupport_cpp
[ 54%] [32m[1mLinking CXX shared library libscreen_app__rosidl_typesupport_fastrtps_cpp.so[0m
[ 54%] Built target screen_app__rosidl_typesupport_fastrtps_cpp
[ 58%] [34m[1mGenerating C type support for eProsima Fast-RTPS[0m
[35m[1mScanning dependencies of target screen_app__rosidl_typesupport_c[0m
[ 61%] [32mBuilding CXX object CMakeFiles/screen_app__rosidl_typesupport_c.dir/rosidl_typesupport_c/screen_app/msg/num__type_support.cpp.o[0m
[ 64%] [32m[1mLinking CXX shared library libscreen_app__rosidl_typesupport_c.so[0m
[ 64%] Built target screen_app__rosidl_typesupport_c
[35m[1mScanning dependencies of target screen_app__rosidl_typesupport_fastrtps_c[0m
[ 67%] [32mBuilding CXX object CMakeFiles/screen_app__rosidl_typesupport_fastrtps_c.dir/rosidl_typesupport_fastrtps_c/screen_app/msg/detail/num__type_support_c.cpp.o[0m
[ 70%] [32m[1mLinking CXX shared library libscreen_app__rosidl_typesupport_fastrtps_c.so[0m
[ 70%] Built target screen_app__rosidl_typesupport_fastrtps_c
[35m[1mScanning dependencies of target screen_app[0m
[ 70%] Built target screen_app
[35m[1mScanning dependencies of target screen_app__py[0m
[ 74%] [34m[1mGenerating Python code for ROS interfaces[0m
[ 74%] Built target screen_app__py
[35m[1mScanning dependencies of target screen_app__python[0m
[ 77%] [32mBuilding C object CMakeFiles/screen_app__python.dir/rosidl_generator_py/screen_app/msg/_num_s.c.o[0m
[ 80%] [32m[1mLinking C shared library rosidl_generator_py/screen_app/libscreen_app__python.so[0m
[ 80%] Built target screen_app__python
[35m[1mScanning dependencies of target screen_app__rosidl_typesupport_c__pyext[0m
[35m[1mScanning dependencies of target screen_app__rosidl_typesupport_introspection_c__pyext[0m
[35m[1mScanning dependencies of target screen_app__rosidl_typesupport_fastrtps_c__pyext[0m
[ 83%] [32mBuilding C object CMakeFiles/screen_app__rosidl_typesupport_introspection_c__pyext.dir/rosidl_generator_py/screen_app/_screen_app_s.ep.rosidl_typesupport_introspection_c.c.o[0m
[ 90%] [32mBuilding C object CMakeFiles/screen_app__rosidl_typesupport_fastrtps_c__pyext.dir/rosidl_generator_py/screen_app/_screen_app_s.ep.rosidl_typesupport_fastrtps_c.c.o[0m
[ 90%] [32mBuilding C object CMakeFiles/screen_app__rosidl_typesupport_c__pyext.dir/rosidl_generator_py/screen_app/_screen_app_s.ep.rosidl_typesupport_c.c.o[0m
[ 93%] [32m[1mLinking C shared library rosidl_generator_py/screen_app/screen_app_s__rosidl_typesupport_introspection_c.cpython-38-x86_64-linux-gnu.so[0m
[ 96%] [32m[1mLinking C shared library rosidl_generator_py/screen_app/screen_app_s__rosidl_typesupport_c.cpython-38-x86_64-linux-gnu.so[0m
[100%] [32m[1mLinking CXX shared library rosidl_generator_py/screen_app/screen_app_s__rosidl_typesupport_fastrtps_c.cpython-38-x86_64-linux-gnu.so[0m
[100%] Built target screen_app__rosidl_typesupport_introspection_c__pyext
[100%] Built target screen_app__rosidl_typesupport_c__pyext
[100%] Built target screen_app__rosidl_typesupport_fastrtps_c__pyext
-- Install configuration: ""
-- Installing: /home/reachy/ros_ws/src/screen_app/install/screen_app/share/ament_index/resource_index/rosidl_interfaces/screen_app
-- Installing: /home/reachy/ros_ws/src/screen_app/install/screen_app/include/screen_app
-- Installing: /home/reachy/ros_ws/src/screen_app/install/screen_app/include/screen_app/msg
-- Installing: /home/reachy/ros_ws/src/screen_app/install/screen_app/include/screen_app/msg/rosidl_generator_c__visibility_control.h
-- Installing: /home/reachy/ros_ws/src/screen_app/install/screen_app/include/screen_app/msg/mouse.h
-- Installing: /home/reachy/ros_ws/src/screen_app/install/screen_app/include/screen_app/msg/num.h
-- Installing: /home/reachy/ros_ws/src/screen_app/install/screen_app/include/screen_app/msg/detail
-- Installing: /home/reachy/ros_ws/src/screen_app/install/screen_app/include/screen_app/msg/detail/num__functions.h
-- Installing: /home/reachy/ros_ws/src/screen_app/install/screen_app/include/screen_app/msg/detail/num__functions.c
-- Installing: /home/reachy/ros_ws/src/screen_app/install/screen_app/include/screen_app/msg/detail/num__struct.h
-- Installing: /home/reachy/ros_ws/src/screen_app/install/screen_app/include/screen_app/msg/detail/num__type_support.h
-- Installing: /home/reachy/ros_ws/src/screen_app/install/screen_app/include/screen_app/msg/detail/mouse__type_support.h
-- Installing: /home/reachy/ros_ws/src/screen_app/install/screen_app/include/screen_app/msg/detail/mouse__struct.h
-- Installing: /home/reachy/ros_ws/src/screen_app/install/screen_app/include/screen_app/msg/detail/mouse__functions.h
-- Installing: /home/reachy/ros_ws/src/screen_app/install/screen_app/include/screen_app/msg/detail/mouse__functions.c
-- Installing: /home/reachy/ros_ws/src/screen_app/install/screen_app/share/screen_app/environment/library_path.sh
-- Installing: /home/reachy/ros_ws/src/screen_app/install/screen_app/share/screen_app/environment/library_path.dsv
-- Installing: /home/reachy/ros_ws/src/screen_app/install/screen_app/lib/libscreen_app__rosidl_generator_c.so
-- Set runtime path of "/home/reachy/ros_ws/src/screen_app/install/screen_app/lib/libscreen_app__rosidl_generator_c.so" to ""
-- Up-to-date: /home/reachy/ros_ws/src/screen_app/install/screen_app/include/screen_app
-- Up-to-date: /home/reachy/ros_ws/src/screen_app/install/screen_app/include/screen_app/msg
-- Up-to-date: /home/reachy/ros_ws/src/screen_app/install/screen_app/include/screen_app/msg/detail
-- Installing: /home/reachy/ros_ws/src/screen_app/install/screen_app/include/screen_app/msg/detail/num__rosidl_typesupport_fastrtps_c.h
-- Installing: /home/reachy/ros_ws/src/screen_app/install/screen_app/include/screen_app/msg/rosidl_typesupport_fastrtps_c__visibility_control.h
-- Installing: /home/reachy/ros_ws/src/screen_app/install/screen_app/lib/libscreen_app__rosidl_typesupport_fastrtps_c.so
-- Set runtime path of "/home/reachy/ros_ws/src/screen_app/install/screen_app/lib/libscreen_app__rosidl_typesupport_fastrtps_c.so" to ""
-- Up-to-date: /home/reachy/ros_ws/src/screen_app/install/screen_app/include/screen_app
-- Up-to-date: /home/reachy/ros_ws/src/screen_app/install/screen_app/include/screen_app/msg
-- Installing: /home/reachy/ros_ws/src/screen_app/install/screen_app/include/screen_app/msg/rosidl_typesupport_fastrtps_cpp__visibility_control.h
-- Up-to-date: /home/reachy/ros_ws/src/screen_app/install/screen_app/include/screen_app/msg/detail
-- Installing: /home/reachy/ros_ws/src/screen_app/install/screen_app/include/screen_app/msg/detail/mouse__rosidl_typesupport_fastrtps_cpp.hpp
-- Installing: /home/reachy/ros_ws/src/screen_app/install/screen_app/include/screen_app/msg/detail/num__rosidl_typesupport_fastrtps_cpp.hpp
-- Installing: /home/reachy/ros_ws/src/screen_app/install/screen_app/include/screen_app/msg/detail/dds_fastrtps
-- Installing: /home/reachy/ros_ws/src/screen_app/install/screen_app/lib/libscreen_app__rosidl_typesupport_fastrtps_cpp.so
-- Set runtime path of "/home/reachy/ros_ws/src/screen_app/install/screen_app/lib/libscreen_app__rosidl_typesupport_fastrtps_cpp.so" to ""
-- Up-to-date: /home/reachy/ros_ws/src/screen_app/install/screen_app/include/screen_app
-- Up-to-date: /home/reachy/ros_ws/src/screen_app/install/screen_app/include/screen_app/msg
-- Installing: /home/reachy/ros_ws/src/screen_app/install/screen_app/include/screen_app/msg/rosidl_typesupport_introspection_c__visibility_control.h
-- Up-to-date: /home/reachy/ros_ws/src/screen_app/install/screen_app/include/screen_app/msg/detail
-- Installing: /home/reachy/ros_ws/src/screen_app/install/screen_app/include/screen_app/msg/detail/num__rosidl_typesupport_introspection_c.h
-- Installing: /home/reachy/ros_ws/src/screen_app/install/screen_app/include/screen_app/msg/detail/num__type_support.c
-- Installing: /home/reachy/ros_ws/src/screen_app/install/screen_app/lib/libscreen_app__rosidl_typesupport_introspection_c.so
-- Set runtime path of "/home/reachy/ros_ws/src/screen_app/install/screen_app/lib/libscreen_app__rosidl_typesupport_introspection_c.so" to ""
-- Installing: /home/reachy/ros_ws/src/screen_app/install/screen_app/lib/libscreen_app__rosidl_typesupport_c.so
-- Set runtime path of "/home/reachy/ros_ws/src/screen_app/install/screen_app/lib/libscreen_app__rosidl_typesupport_c.so" to ""
-- Up-to-date: /home/reachy/ros_ws/src/screen_app/install/screen_app/include/screen_app
-- Up-to-date: /home/reachy/ros_ws/src/screen_app/install/screen_app/include/screen_app/msg
-- Installing: /home/reachy/ros_ws/src/screen_app/install/screen_app/include/screen_app/msg/mouse.hpp
-- Installing: /home/reachy/ros_ws/src/screen_app/install/screen_app/include/screen_app/msg/num.hpp
-- Up-to-date: /home/reachy/ros_ws/src/screen_app/install/screen_app/include/screen_app/msg/detail
-- Installing: /home/reachy/ros_ws/src/screen_app/install/screen_app/include/screen_app/msg/detail/num__builder.hpp
-- Installing: /home/reachy/ros_ws/src/screen_app/install/screen_app/include/screen_app/msg/detail/num__traits.hpp
-- Installing: /home/reachy/ros_ws/src/screen_app/install/screen_app/include/screen_app/msg/detail/mouse__struct.hpp
-- Installing: /home/reachy/ros_ws/src/screen_app/install/screen_app/include/screen_app/msg/detail/mouse__traits.hpp
-- Installing: /home/reachy/ros_ws/src/screen_app/install/screen_app/include/screen_app/msg/detail/num__struct.hpp
-- Installing: /home/reachy/ros_ws/src/screen_app/install/screen_app/include/screen_app/msg/detail/mouse__builder.hpp
-- Up-to-date: /home/reachy/ros_ws/src/screen_app/install/screen_app/include/screen_app
-- Up-to-date: /home/reachy/ros_ws/src/screen_app/install/screen_app/include/screen_app/msg
-- Up-to-date: /home/reachy/ros_ws/src/screen_app/install/screen_app/include/screen_app/msg/detail
-- Installing: /home/reachy/ros_ws/src/screen_app/install/screen_app/include/screen_app/msg/detail/mouse__type_support.cpp
-- Installing: /home/reachy/ros_ws/src/screen_app/install/screen_app/include/screen_app/msg/detail/num__rosidl_typesupport_introspection_cpp.hpp
-- Installing: /home/reachy/ros_ws/src/screen_app/install/screen_app/include/screen_app/msg/detail/num__type_support.cpp
-- Installing: /home/reachy/ros_ws/src/screen_app/install/screen_app/include/screen_app/msg/detail/mouse__rosidl_typesupport_introspection_cpp.hpp
-- Installing: /home/reachy/ros_ws/src/screen_app/install/screen_app/lib/libscreen_app__rosidl_typesupport_introspection_cpp.so
-- Set runtime path of "/home/reachy/ros_ws/src/screen_app/install/screen_app/lib/libscreen_app__rosidl_typesupport_introspection_cpp.so" to ""
-- Installing: /home/reachy/ros_ws/src/screen_app/install/screen_app/lib/libscreen_app__rosidl_typesupport_cpp.so
-- Set runtime path of "/home/reachy/ros_ws/src/screen_app/install/screen_app/lib/libscreen_app__rosidl_typesupport_cpp.so" to ""
-- Installing: /home/reachy/ros_ws/src/screen_app/install/screen_app/share/screen_app/environment/pythonpath.sh
-- Installing: /home/reachy/ros_ws/src/screen_app/install/screen_app/share/screen_app/environment/pythonpath.dsv
-- Installing: /home/reachy/ros_ws/src/screen_app/install/screen_app/lib/python3.8/site-packages/screen_app/__init__.py
Compiling '/home/reachy/ros_ws/src/screen_app/install/screen_app/lib/python3.8/site-packages/screen_app/__init__.py'...
-- Installing: /home/reachy/ros_ws/src/screen_app/install/screen_app/lib/python3.8/site-packages/screen_app/msg
-- Installing: /home/reachy/ros_ws/src/screen_app/install/screen_app/lib/python3.8/site-packages/screen_app/msg/_num.py
-- Installing: /home/reachy/ros_ws/src/screen_app/install/screen_app/lib/python3.8/site-packages/screen_app/msg/_num_s.c
-- Installing: /home/reachy/ros_ws/src/screen_app/install/screen_app/lib/python3.8/site-packages/screen_app/msg/__init__.py
-- Installing: /home/reachy/ros_ws/src/screen_app/install/screen_app/lib/python3.8/site-packages/screen_app/screen_app_s__rosidl_typesupport_fastrtps_c.cpython-38-x86_64-linux-gnu.so
-- Set runtime path of "/home/reachy/ros_ws/src/screen_app/install/screen_app/lib/python3.8/site-packages/screen_app/screen_app_s__rosidl_typesupport_fastrtps_c.cpython-38-x86_64-linux-gnu.so" to ""
-- Installing: /home/reachy/ros_ws/src/screen_app/install/screen_app/lib/python3.8/site-packages/screen_app/screen_app_s__rosidl_typesupport_introspection_c.cpython-38-x86_64-linux-gnu.so
-- Set runtime path of "/home/reachy/ros_ws/src/screen_app/install/screen_app/lib/python3.8/site-packages/screen_app/screen_app_s__rosidl_typesupport_introspection_c.cpython-38-x86_64-linux-gnu.so" to ""
-- Installing: /home/reachy/ros_ws/src/screen_app/install/screen_app/lib/python3.8/site-packages/screen_app/screen_app_s__rosidl_typesupport_c.cpython-38-x86_64-linux-gnu.so
-- Set runtime path of "/home/reachy/ros_ws/src/screen_app/install/screen_app/lib/python3.8/site-packages/screen_app/screen_app_s__rosidl_typesupport_c.cpython-38-x86_64-linux-gnu.so" to ""
-- Installing: /home/reachy/ros_ws/src/screen_app/install/screen_app/lib/libscreen_app__python.so
-- Set runtime path of "/home/reachy/ros_ws/src/screen_app/install/screen_app/lib/libscreen_app__python.so" to ""
-- Installing: /home/reachy/ros_ws/src/screen_app/install/screen_app/share/screen_app/msg/Num.idl
-- Installing: /home/reachy/ros_ws/src/screen_app/install/screen_app/share/screen_app/msg/Num.msg
-- Installing: /home/reachy/ros_ws/src/screen_app/install/screen_app/share/ament_index/resource_index/package_run_dependencies/screen_app
-- Installing: /home/reachy/ros_ws/src/screen_app/install/screen_app/share/ament_index/resource_index/parent_prefix_path/screen_app
-- Installing: /home/reachy/ros_ws/src/screen_app/install/screen_app/share/screen_app/environment/ament_prefix_path.sh
-- Installing: /home/reachy/ros_ws/src/screen_app/install/screen_app/share/screen_app/environment/ament_prefix_path.dsv
-- Installing: /home/reachy/ros_ws/src/screen_app/install/screen_app/share/screen_app/environment/path.sh
-- Installing: /home/reachy/ros_ws/src/screen_app/install/screen_app/share/screen_app/environment/path.dsv
-- Installing: /home/reachy/ros_ws/src/screen_app/install/screen_app/share/screen_app/local_setup.bash
-- Installing: /home/reachy/ros_ws/src/screen_app/install/screen_app/share/screen_app/local_setup.sh
-- Installing: /home/reachy/ros_ws/src/screen_app/install/screen_app/share/screen_app/local_setup.zsh
-- Installing: /home/reachy/ros_ws/src/screen_app/install/screen_app/share/screen_app/local_setup.dsv
-- Installing: /home/reachy/ros_ws/src/screen_app/install/screen_app/share/screen_app/package.dsv
-- Installing: /home/reachy/ros_ws/src/screen_app/install/screen_app/share/ament_index/resource_index/packages/screen_app
-- Installing: /home/reachy/ros_ws/src/screen_app/install/screen_app/share/screen_app/cmake/screen_app__rosidl_generator_cExport.cmake
-- Installing: /home/reachy/ros_ws/src/screen_app/install/screen_app/share/screen_app/cmake/screen_app__rosidl_generator_cExport-noconfig.cmake
-- Installing: /home/reachy/ros_ws/src/screen_app/install/screen_app/share/screen_app/cmake/screen_app__rosidl_typesupport_introspection_cExport.cmake
-- Installing: /home/reachy/ros_ws/src/screen_app/install/screen_app/share/screen_app/cmake/screen_app__rosidl_typesupport_introspection_cExport-noconfig.cmake
-- Installing: /home/reachy/ros_ws/src/screen_app/install/screen_app/share/screen_app/cmake/screen_app__rosidl_typesupport_cExport.cmake
-- Installing: /home/reachy/ros_ws/src/screen_app/install/screen_app/share/screen_app/cmake/screen_app__rosidl_typesupport_cExport-noconfig.cmake
-- Installing: /home/reachy/ros_ws/src/screen_app/install/screen_app/share/screen_app/cmake/screen_app__rosidl_generator_cppExport.cmake
-- Installing: /home/reachy/ros_ws/src/screen_app/install/screen_app/share/screen_app/cmake/screen_app__rosidl_typesupport_introspection_cppExport.cmake
-- Installing: /home/reachy/ros_ws/src/screen_app/install/screen_app/share/screen_app/cmake/screen_app__rosidl_typesupport_introspection_cppExport-noconfig.cmake
-- Installing: /home/reachy/ros_ws/src/screen_app/install/screen_app/share/screen_app/cmake/screen_app__rosidl_typesupport_cppExport.cmake
-- Installing: /home/reachy/ros_ws/src/screen_app/install/screen_app/share/screen_app/cmake/screen_app__rosidl_typesupport_cppExport-noconfig.cmake
-- Installing: /home/reachy/ros_ws/src/screen_app/install/screen_app/share/screen_app/cmake/rosidl_cmake-extras.cmake
-- Installing: /home/reachy/ros_ws/src/screen_app/install/screen_app/share/screen_app/cmake/ament_cmake_export_dependencies-extras.cmake
-- Installing: /home/reachy/ros_ws/src/screen_app/install/screen_app/share/screen_app/cmake/ament_cmake_export_libraries-extras.cmake
-- Installing: /home/reachy/ros_ws/src/screen_app/install/screen_app/share/screen_app/cmake/ament_cmake_export_targets-extras.cmake
-- Installing: /home/reachy/ros_ws/src/screen_app/install/screen_app/share/screen_app/cmake/ament_cmake_export_include_directories-extras.cmake
-- Installing: /home/reachy/ros_ws/src/screen_app/install/screen_app/share/screen_app/cmake/rosidl_cmake_export_typesupport_libraries-extras.cmake
-- Installing: /home/reachy/ros_ws/src/screen_app/install/screen_app/share/screen_app/cmake/rosidl_cmake_export_typesupport_targets-extras.cmake
-- Installing: /home/reachy/ros_ws/src/screen_app/install/screen_app/share/screen_app/cmake/screen_appConfig.cmake
-- Installing: /home/reachy/ros_ws/src/screen_app/install/screen_app/share/screen_app/cmake/screen_appConfig-version.cmake
-- Installing: /home/reachy/ros_ws/src/screen_app/install/screen_app/share/screen_app/package.xml
