[0.018s] Invoking command in '/home/reachy/ros_ws/src/screen_app/build/screen_app': CMAKE_PREFIX_PATH=${CMAKE_PREFIX_PATH}:/home/reachy/reachy_ws/install/reachy_sdk_server:/home/reachy/reachy_ws/install/reachy_kinematics:/home/reachy/reachy_ws/install/reachy_controllers:/home/reachy/reachy_ws/install/reachy_focus:/home/reachy/ros_ws/install/joint_state_publisher_gui:/home/reachy/ros_ws/install/joint_state_publisher:/opt/ros/foxy /usr/bin/cmake --build /home/reachy/ros_ws/src/screen_app/build/screen_app -- -j4 -l4
[0.055s] -- Found ament_cmake: 0.9.9 (/opt/ros/foxy/share/ament_cmake/cmake)
[0.084s] -- Found PythonInterp: /usr/bin/python3 (found suitable version "3.8.10", minimum required is "3") 
[0.084s] -- Using PYTHON_EXECUTABLE: /usr/bin/python3
[0.315s] -- Found rosidl_default_generators: 1.0.1 (/opt/ros/foxy/share/rosidl_default_generators/cmake)
[0.321s] -- Using all available rosidl_typesupport_c: rosidl_typesupport_fastrtps_c;rosidl_typesupport_introspection_c
[0.325s] -- Found rosidl_adapter: 1.2.1 (/opt/ros/foxy/share/rosidl_adapter/cmake)
[0.457s] -- Using all available rosidl_typesupport_cpp: rosidl_typesupport_fastrtps_cpp;rosidl_typesupport_introspection_cpp
[0.502s] -- Found PythonInterp: /usr/bin/python3 (found version "3.8.10") 
[0.645s] -- Found ament_cmake_ros: 0.9.2 (/opt/ros/foxy/share/ament_cmake_ros/cmake)
[0.748s] -- Using all available rosidl_typesupport_c: rosidl_typesupport_fastrtps_c;rosidl_typesupport_introspection_c
[0.756s] -- Using all available rosidl_typesupport_cpp: rosidl_typesupport_fastrtps_cpp;rosidl_typesupport_introspection_cpp
[0.785s] -- Found PythonInterp: /usr/bin/python3 (found suitable version "3.8.10", minimum required is "3.5") 
[0.785s] -- Found python_cmake_module: 0.8.1 (/opt/ros/foxy/share/python_cmake_module/cmake)
[0.811s] -- Using PYTHON_EXECUTABLE: /usr/bin/python3
[0.811s] -- Using PYTHON_INCLUDE_DIRS: /usr/include/python3.8
[0.811s] -- Using PYTHON_LIBRARIES: /usr/lib/x86_64-linux-gnu/libpython3.8.so
[0.828s] -- Found ament_lint_auto: 0.9.6 (/opt/ros/foxy/share/ament_lint_auto/cmake)
[0.837s] -- Added test 'copyright' to check source files copyright and LICENSE
[0.854s] -- Added test 'cppcheck' to perform static code analysis on C / C++ code
[0.856s] -- Configured cppcheck include dirs: $<BUILD_INTERFACE:/home/reachy/ros_ws/src/screen_app/build/screen_app/rosidl_generator_c>;/home/reachy/ros_ws/src/screen_app/build/screen_app/rosidl_generator_c;/home/reachy/ros_ws/src/screen_app/build/screen_app/rosidl_generator_cpp;/home/reachy/ros_ws/src/screen_app/build/screen_app/rosidl_typesupport_fastrtps_c;/home/reachy/ros_ws/src/screen_app/build/screen_app/rosidl_typesupport_fastrtps_cpp;$<BUILD_INTERFACE:/home/reachy/ros_ws/src/screen_app/build/screen_app/rosidl_typesupport_introspection_c>;$<BUILD_INTERFACE:/home/reachy/ros_ws/src/screen_app/build/screen_app/rosidl_typesupport_c>;$<BUILD_INTERFACE:/home/reachy/ros_ws/src/screen_app/build/screen_app/rosidl_generator_cpp>;/home/reachy/ros_ws/src/screen_app/build/screen_app/rosidl_generator_py
[0.856s] -- Configured cppcheck exclude dirs and/or files: 
[0.870s] -- Added test 'cpplint' to check C / C++ code against the Google style
[0.870s] -- Configured cpplint exclude dirs and/or files: 
[0.872s] -- Added test 'flake8' to check Python code syntax and style conventions
[0.876s] -- Added test 'lint_cmake' to check CMake code style
[0.879s] -- Added test 'pep257' to check Python code against some of the style conventions in PEP 257
[0.896s] -- Added test 'uncrustify' to check C / C++ code style
[0.896s] -- Configured uncrustify additional arguments: 
[0.898s] -- Added test 'xmllint' to check XML markup files
[0.902s] -- Configuring done
[0.929s] -- Generating done
[0.932s] -- Build files have been written to: /home/reachy/ros_ws/src/screen_app/build/screen_app
[0.962s] [35m[1mScanning dependencies of target screen_app__cpp[0m
[0.965s] [  3%] [34m[1mGenerating C code for ROS interfaces[0m
[0.974s] [  6%] [34m[1mGenerating C++ code for ROS interfaces[0m
[1.273s] [35m[1mScanning dependencies of target screen_app__rosidl_generator_c[0m
[1.274s] [  6%] Built target screen_app__cpp
[1.290s] [ 12%] [34m[1mGenerating C++ introspection for ROS interfaces[0m
[1.290s] [ 12%] [34m[1mGenerating C++ type support for eProsima Fast-RTPS[0m
[1.290s] [ 16%] [34m[1mGenerating C++ type support dispatch for ROS interfaces[0m
[1.302s] [ 19%] [32mBuilding C object CMakeFiles/screen_app__rosidl_generator_c.dir/rosidl_generator_c/screen_app/msg/detail/num__functions.c.o[0m
[1.467s] [ 22%] [32m[1mLinking C shared library libscreen_app__rosidl_generator_c.so[0m
[1.578s] [ 22%] Built target screen_app__rosidl_generator_c
[1.626s] [ 25%] [34m[1mGenerating C introspection for ROS interfaces[0m
[1.704s] [35m[1mScanning dependencies of target screen_app__rosidl_typesupport_cpp[0m
[1.728s] [ 29%] [32mBuilding CXX object CMakeFiles/screen_app__rosidl_typesupport_cpp.dir/rosidl_typesupport_cpp/screen_app/msg/num__type_support.cpp.o[0m
[1.740s] [35m[1mScanning dependencies of target screen_app__rosidl_typesupport_introspection_cpp[0m
[1.750s] [35m[1mScanning dependencies of target screen_app__rosidl_typesupport_fastrtps_cpp[0m
[1.761s] [ 32%] [32mBuilding CXX object CMakeFiles/screen_app__rosidl_typesupport_introspection_cpp.dir/rosidl_typesupport_introspection_cpp/screen_app/msg/detail/num__type_support.cpp.o[0m
[1.779s] [ 35%] [32mBuilding CXX object CMakeFiles/screen_app__rosidl_typesupport_fastrtps_cpp.dir/rosidl_typesupport_fastrtps_cpp/screen_app/msg/detail/dds_fastrtps/num__type_support.cpp.o[0m
[2.196s] [35m[1mScanning dependencies of target screen_app__rosidl_typesupport_introspection_c[0m
[2.249s] [ 38%] [32mBuilding C object CMakeFiles/screen_app__rosidl_typesupport_introspection_c.dir/rosidl_typesupport_introspection_c/screen_app/msg/detail/num__type_support.c.o[0m
[2.329s] [ 41%] [32m[1mLinking CXX shared library libscreen_app__rosidl_typesupport_introspection_cpp.so[0m
[2.347s] [ 45%] [32m[1mLinking C shared library libscreen_app__rosidl_typesupport_introspection_c.so[0m
[2.382s] [ 48%] [32m[1mLinking CXX shared library libscreen_app__rosidl_typesupport_cpp.so[0m
[2.416s] [ 48%] Built target screen_app__rosidl_typesupport_introspection_c
[2.435s] [ 51%] [34m[1mGenerating C type support dispatch for ROS interfaces[0m
[2.453s] [ 51%] Built target screen_app__rosidl_typesupport_introspection_cpp
[2.471s] [ 51%] Built target screen_app__rosidl_typesupport_cpp
[2.558s] [ 54%] [32m[1mLinking CXX shared library libscreen_app__rosidl_typesupport_fastrtps_cpp.so[0m
[2.698s] [ 54%] Built target screen_app__rosidl_typesupport_fastrtps_cpp
[2.719s] [ 58%] [34m[1mGenerating C type support for eProsima Fast-RTPS[0m
[2.732s] [35m[1mScanning dependencies of target screen_app__rosidl_typesupport_c[0m
[2.749s] [ 61%] [32mBuilding CXX object CMakeFiles/screen_app__rosidl_typesupport_c.dir/rosidl_typesupport_c/screen_app/msg/num__type_support.cpp.o[0m
[2.791s] [ 64%] [32m[1mLinking CXX shared library libscreen_app__rosidl_typesupport_c.so[0m
[2.850s] [ 64%] Built target screen_app__rosidl_typesupport_c
[2.984s] [35m[1mScanning dependencies of target screen_app__rosidl_typesupport_fastrtps_c[0m
[2.999s] [ 67%] [32mBuilding CXX object CMakeFiles/screen_app__rosidl_typesupport_fastrtps_c.dir/rosidl_typesupport_fastrtps_c/screen_app/msg/detail/num__type_support_c.cpp.o[0m
[3.351s] [ 70%] [32m[1mLinking CXX shared library libscreen_app__rosidl_typesupport_fastrtps_c.so[0m
[3.470s] [ 70%] Built target screen_app__rosidl_typesupport_fastrtps_c
[3.484s] [35m[1mScanning dependencies of target screen_app[0m
[3.497s] [ 70%] Built target screen_app
[3.510s] [35m[1mScanning dependencies of target screen_app__py[0m
[3.523s] [ 74%] [34m[1mGenerating Python code for ROS interfaces[0m
[3.937s] [ 74%] Built target screen_app__py
[3.950s] [35m[1mScanning dependencies of target screen_app__python[0m
[3.969s] [ 77%] [32mBuilding C object CMakeFiles/screen_app__python.dir/rosidl_generator_py/screen_app/msg/_num_s.c.o[0m
[4.061s] [ 80%] [32m[1mLinking C shared library rosidl_generator_py/screen_app/libscreen_app__python.so[0m
[4.101s] [ 80%] Built target screen_app__python
[4.117s] [35m[1mScanning dependencies of target screen_app__rosidl_typesupport_c__pyext[0m
[4.117s] [35m[1mScanning dependencies of target screen_app__rosidl_typesupport_introspection_c__pyext[0m
[4.117s] [35m[1mScanning dependencies of target screen_app__rosidl_typesupport_fastrtps_c__pyext[0m
[4.140s] [ 83%] [32mBuilding C object CMakeFiles/screen_app__rosidl_typesupport_introspection_c__pyext.dir/rosidl_generator_py/screen_app/_screen_app_s.ep.rosidl_typesupport_introspection_c.c.o[0m
[4.149s] [ 90%] [32mBuilding C object CMakeFiles/screen_app__rosidl_typesupport_fastrtps_c__pyext.dir/rosidl_generator_py/screen_app/_screen_app_s.ep.rosidl_typesupport_fastrtps_c.c.o[0m
[4.149s] [ 90%] [32mBuilding C object CMakeFiles/screen_app__rosidl_typesupport_c__pyext.dir/rosidl_generator_py/screen_app/_screen_app_s.ep.rosidl_typesupport_c.c.o[0m
[4.258s] [ 93%] [32m[1mLinking C shared library rosidl_generator_py/screen_app/screen_app_s__rosidl_typesupport_introspection_c.cpython-38-x86_64-linux-gnu.so[0m
[4.265s] [ 96%] [32m[1mLinking C shared library rosidl_generator_py/screen_app/screen_app_s__rosidl_typesupport_c.cpython-38-x86_64-linux-gnu.so[0m
[4.286s] [100%] [32m[1mLinking CXX shared library rosidl_generator_py/screen_app/screen_app_s__rosidl_typesupport_fastrtps_c.cpython-38-x86_64-linux-gnu.so[0m
[4.309s] [100%] Built target screen_app__rosidl_typesupport_introspection_c__pyext
[4.316s] [100%] Built target screen_app__rosidl_typesupport_c__pyext
[4.370s] [100%] Built target screen_app__rosidl_typesupport_fastrtps_c__pyext
[4.383s] Invoked command in '/home/reachy/ros_ws/src/screen_app/build/screen_app' returned '0': CMAKE_PREFIX_PATH=${CMAKE_PREFIX_PATH}:/home/reachy/reachy_ws/install/reachy_sdk_server:/home/reachy/reachy_ws/install/reachy_kinematics:/home/reachy/reachy_ws/install/reachy_controllers:/home/reachy/reachy_ws/install/reachy_focus:/home/reachy/ros_ws/install/joint_state_publisher_gui:/home/reachy/ros_ws/install/joint_state_publisher:/opt/ros/foxy /usr/bin/cmake --build /home/reachy/ros_ws/src/screen_app/build/screen_app -- -j4 -l4
[4.442s] Invoking command in '/home/reachy/ros_ws/src/screen_app/build/screen_app': CMAKE_PREFIX_PATH=${CMAKE_PREFIX_PATH}:/home/reachy/reachy_ws/install/reachy_sdk_server:/home/reachy/reachy_ws/install/reachy_kinematics:/home/reachy/reachy_ws/install/reachy_controllers:/home/reachy/reachy_ws/install/reachy_focus:/home/reachy/ros_ws/install/joint_state_publisher_gui:/home/reachy/ros_ws/install/joint_state_publisher:/opt/ros/foxy /usr/bin/cmake --install /home/reachy/ros_ws/src/screen_app/build/screen_app
[4.455s] -- Install configuration: ""
[4.455s] -- Installing: /home/reachy/ros_ws/src/screen_app/install/screen_app/share/ament_index/resource_index/rosidl_interfaces/screen_app
[4.455s] -- Installing: /home/reachy/ros_ws/src/screen_app/install/screen_app/include/screen_app
[4.455s] -- Installing: /home/reachy/ros_ws/src/screen_app/install/screen_app/include/screen_app/msg
[4.455s] -- Installing: /home/reachy/ros_ws/src/screen_app/install/screen_app/include/screen_app/msg/rosidl_generator_c__visibility_control.h
[4.456s] -- Installing: /home/reachy/ros_ws/src/screen_app/install/screen_app/include/screen_app/msg/mouse.h
[4.456s] -- Installing: /home/reachy/ros_ws/src/screen_app/install/screen_app/include/screen_app/msg/num.h
[4.456s] -- Installing: /home/reachy/ros_ws/src/screen_app/install/screen_app/include/screen_app/msg/detail
[4.456s] -- Installing: /home/reachy/ros_ws/src/screen_app/install/screen_app/include/screen_app/msg/detail/num__functions.h
[4.456s] -- Installing: /home/reachy/ros_ws/src/screen_app/install/screen_app/include/screen_app/msg/detail/num__functions.c
[4.456s] -- Installing: /home/reachy/ros_ws/src/screen_app/install/screen_app/include/screen_app/msg/detail/num__struct.h
[4.456s] -- Installing: /home/reachy/ros_ws/src/screen_app/install/screen_app/include/screen_app/msg/detail/num__type_support.h
[4.456s] -- Installing: /home/reachy/ros_ws/src/screen_app/install/screen_app/include/screen_app/msg/detail/mouse__type_support.h
[4.457s] -- Installing: /home/reachy/ros_ws/src/screen_app/install/screen_app/include/screen_app/msg/detail/mouse__struct.h
[4.457s] -- Installing: /home/reachy/ros_ws/src/screen_app/install/screen_app/include/screen_app/msg/detail/mouse__functions.h
[4.457s] -- Installing: /home/reachy/ros_ws/src/screen_app/install/screen_app/include/screen_app/msg/detail/mouse__functions.c
[4.457s] -- Installing: /home/reachy/ros_ws/src/screen_app/install/screen_app/share/screen_app/environment/library_path.sh
[4.457s] -- Installing: /home/reachy/ros_ws/src/screen_app/install/screen_app/share/screen_app/environment/library_path.dsv
[4.457s] -- Installing: /home/reachy/ros_ws/src/screen_app/install/screen_app/lib/libscreen_app__rosidl_generator_c.so
[4.457s] -- Set runtime path of "/home/reachy/ros_ws/src/screen_app/install/screen_app/lib/libscreen_app__rosidl_generator_c.so" to ""
[4.458s] -- Up-to-date: /home/reachy/ros_ws/src/screen_app/install/screen_app/include/screen_app
[4.458s] -- Up-to-date: /home/reachy/ros_ws/src/screen_app/install/screen_app/include/screen_app/msg
[4.458s] -- Up-to-date: /home/reachy/ros_ws/src/screen_app/install/screen_app/include/screen_app/msg/detail
[4.458s] -- Installing: /home/reachy/ros_ws/src/screen_app/install/screen_app/include/screen_app/msg/detail/num__rosidl_typesupport_fastrtps_c.h
[4.458s] -- Installing: /home/reachy/ros_ws/src/screen_app/install/screen_app/include/screen_app/msg/rosidl_typesupport_fastrtps_c__visibility_control.h
[4.458s] -- Installing: /home/reachy/ros_ws/src/screen_app/install/screen_app/lib/libscreen_app__rosidl_typesupport_fastrtps_c.so
[4.458s] -- Set runtime path of "/home/reachy/ros_ws/src/screen_app/install/screen_app/lib/libscreen_app__rosidl_typesupport_fastrtps_c.so" to ""
[4.459s] -- Up-to-date: /home/reachy/ros_ws/src/screen_app/install/screen_app/include/screen_app
[4.459s] -- Up-to-date: /home/reachy/ros_ws/src/screen_app/install/screen_app/include/screen_app/msg
[4.459s] -- Installing: /home/reachy/ros_ws/src/screen_app/install/screen_app/include/screen_app/msg/rosidl_typesupport_fastrtps_cpp__visibility_control.h
[4.459s] -- Up-to-date: /home/reachy/ros_ws/src/screen_app/install/screen_app/include/screen_app/msg/detail
[4.459s] -- Installing: /home/reachy/ros_ws/src/screen_app/install/screen_app/include/screen_app/msg/detail/mouse__rosidl_typesupport_fastrtps_cpp.hpp
[4.459s] -- Installing: /home/reachy/ros_ws/src/screen_app/install/screen_app/include/screen_app/msg/detail/num__rosidl_typesupport_fastrtps_cpp.hpp
[4.459s] -- Installing: /home/reachy/ros_ws/src/screen_app/install/screen_app/include/screen_app/msg/detail/dds_fastrtps
[4.459s] -- Installing: /home/reachy/ros_ws/src/screen_app/install/screen_app/lib/libscreen_app__rosidl_typesupport_fastrtps_cpp.so
[4.460s] -- Set runtime path of "/home/reachy/ros_ws/src/screen_app/install/screen_app/lib/libscreen_app__rosidl_typesupport_fastrtps_cpp.so" to ""
[4.460s] -- Up-to-date: /home/reachy/ros_ws/src/screen_app/install/screen_app/include/screen_app
[4.460s] -- Up-to-date: /home/reachy/ros_ws/src/screen_app/install/screen_app/include/screen_app/msg
[4.460s] -- Installing: /home/reachy/ros_ws/src/screen_app/install/screen_app/include/screen_app/msg/rosidl_typesupport_introspection_c__visibility_control.h
[4.460s] -- Up-to-date: /home/reachy/ros_ws/src/screen_app/install/screen_app/include/screen_app/msg/detail
[4.460s] -- Installing: /home/reachy/ros_ws/src/screen_app/install/screen_app/include/screen_app/msg/detail/num__rosidl_typesupport_introspection_c.h
[4.460s] -- Installing: /home/reachy/ros_ws/src/screen_app/install/screen_app/include/screen_app/msg/detail/num__type_support.c
[4.460s] -- Installing: /home/reachy/ros_ws/src/screen_app/install/screen_app/lib/libscreen_app__rosidl_typesupport_introspection_c.so
[4.460s] -- Set runtime path of "/home/reachy/ros_ws/src/screen_app/install/screen_app/lib/libscreen_app__rosidl_typesupport_introspection_c.so" to ""
[4.460s] -- Installing: /home/reachy/ros_ws/src/screen_app/install/screen_app/lib/libscreen_app__rosidl_typesupport_c.so
[4.461s] -- Set runtime path of "/home/reachy/ros_ws/src/screen_app/install/screen_app/lib/libscreen_app__rosidl_typesupport_c.so" to ""
[4.461s] -- Up-to-date: /home/reachy/ros_ws/src/screen_app/install/screen_app/include/screen_app
[4.461s] -- Up-to-date: /home/reachy/ros_ws/src/screen_app/install/screen_app/include/screen_app/msg
[4.461s] -- Installing: /home/reachy/ros_ws/src/screen_app/install/screen_app/include/screen_app/msg/mouse.hpp
[4.461s] -- Installing: /home/reachy/ros_ws/src/screen_app/install/screen_app/include/screen_app/msg/num.hpp
[4.461s] -- Up-to-date: /home/reachy/ros_ws/src/screen_app/install/screen_app/include/screen_app/msg/detail
[4.461s] -- Installing: /home/reachy/ros_ws/src/screen_app/install/screen_app/include/screen_app/msg/detail/num__builder.hpp
[4.461s] -- Installing: /home/reachy/ros_ws/src/screen_app/install/screen_app/include/screen_app/msg/detail/num__traits.hpp
[4.461s] -- Installing: /home/reachy/ros_ws/src/screen_app/install/screen_app/include/screen_app/msg/detail/mouse__struct.hpp
[4.461s] -- Installing: /home/reachy/ros_ws/src/screen_app/install/screen_app/include/screen_app/msg/detail/mouse__traits.hpp
[4.462s] -- Installing: /home/reachy/ros_ws/src/screen_app/install/screen_app/include/screen_app/msg/detail/num__struct.hpp
[4.462s] -- Installing: /home/reachy/ros_ws/src/screen_app/install/screen_app/include/screen_app/msg/detail/mouse__builder.hpp
[4.462s] -- Up-to-date: /home/reachy/ros_ws/src/screen_app/install/screen_app/include/screen_app
[4.462s] -- Up-to-date: /home/reachy/ros_ws/src/screen_app/install/screen_app/include/screen_app/msg
[4.462s] -- Up-to-date: /home/reachy/ros_ws/src/screen_app/install/screen_app/include/screen_app/msg/detail
[4.462s] -- Installing: /home/reachy/ros_ws/src/screen_app/install/screen_app/include/screen_app/msg/detail/mouse__type_support.cpp
[4.462s] -- Installing: /home/reachy/ros_ws/src/screen_app/install/screen_app/include/screen_app/msg/detail/num__rosidl_typesupport_introspection_cpp.hpp
[4.462s] -- Installing: /home/reachy/ros_ws/src/screen_app/install/screen_app/include/screen_app/msg/detail/num__type_support.cpp
[4.462s] -- Installing: /home/reachy/ros_ws/src/screen_app/install/screen_app/include/screen_app/msg/detail/mouse__rosidl_typesupport_introspection_cpp.hpp
[4.462s] -- Installing: /home/reachy/ros_ws/src/screen_app/install/screen_app/lib/libscreen_app__rosidl_typesupport_introspection_cpp.so
[4.462s] -- Set runtime path of "/home/reachy/ros_ws/src/screen_app/install/screen_app/lib/libscreen_app__rosidl_typesupport_introspection_cpp.so" to ""
[4.462s] -- Installing: /home/reachy/ros_ws/src/screen_app/install/screen_app/lib/libscreen_app__rosidl_typesupport_cpp.so
[4.463s] -- Set runtime path of "/home/reachy/ros_ws/src/screen_app/install/screen_app/lib/libscreen_app__rosidl_typesupport_cpp.so" to ""
[4.463s] -- Installing: /home/reachy/ros_ws/src/screen_app/install/screen_app/share/screen_app/environment/pythonpath.sh
[4.463s] -- Installing: /home/reachy/ros_ws/src/screen_app/install/screen_app/share/screen_app/environment/pythonpath.dsv
[4.463s] -- Installing: /home/reachy/ros_ws/src/screen_app/install/screen_app/lib/python3.8/site-packages/screen_app/__init__.py
[4.500s] Compiling '/home/reachy/ros_ws/src/screen_app/install/screen_app/lib/python3.8/site-packages/screen_app/__init__.py'...
[4.505s] -- Installing: /home/reachy/ros_ws/src/screen_app/install/screen_app/lib/python3.8/site-packages/screen_app/msg
[4.505s] -- Installing: /home/reachy/ros_ws/src/screen_app/install/screen_app/lib/python3.8/site-packages/screen_app/msg/_num.py
[4.505s] -- Installing: /home/reachy/ros_ws/src/screen_app/install/screen_app/lib/python3.8/site-packages/screen_app/msg/_num_s.c
[4.505s] -- Installing: /home/reachy/ros_ws/src/screen_app/install/screen_app/lib/python3.8/site-packages/screen_app/msg/__init__.py
[4.505s] -- Installing: /home/reachy/ros_ws/src/screen_app/install/screen_app/lib/python3.8/site-packages/screen_app/screen_app_s__rosidl_typesupport_fastrtps_c.cpython-38-x86_64-linux-gnu.so
[4.506s] -- Set runtime path of "/home/reachy/ros_ws/src/screen_app/install/screen_app/lib/python3.8/site-packages/screen_app/screen_app_s__rosidl_typesupport_fastrtps_c.cpython-38-x86_64-linux-gnu.so" to ""
[4.506s] -- Installing: /home/reachy/ros_ws/src/screen_app/install/screen_app/lib/python3.8/site-packages/screen_app/screen_app_s__rosidl_typesupport_introspection_c.cpython-38-x86_64-linux-gnu.so
[4.507s] -- Set runtime path of "/home/reachy/ros_ws/src/screen_app/install/screen_app/lib/python3.8/site-packages/screen_app/screen_app_s__rosidl_typesupport_introspection_c.cpython-38-x86_64-linux-gnu.so" to ""
[4.507s] -- Installing: /home/reachy/ros_ws/src/screen_app/install/screen_app/lib/python3.8/site-packages/screen_app/screen_app_s__rosidl_typesupport_c.cpython-38-x86_64-linux-gnu.so
[4.507s] -- Set runtime path of "/home/reachy/ros_ws/src/screen_app/install/screen_app/lib/python3.8/site-packages/screen_app/screen_app_s__rosidl_typesupport_c.cpython-38-x86_64-linux-gnu.so" to ""
[4.507s] -- Installing: /home/reachy/ros_ws/src/screen_app/install/screen_app/lib/libscreen_app__python.so
[4.508s] -- Set runtime path of "/home/reachy/ros_ws/src/screen_app/install/screen_app/lib/libscreen_app__python.so" to ""
[4.508s] -- Installing: /home/reachy/ros_ws/src/screen_app/install/screen_app/share/screen_app/msg/Num.idl
[4.508s] -- Installing: /home/reachy/ros_ws/src/screen_app/install/screen_app/share/screen_app/msg/Num.msg
[4.508s] -- Installing: /home/reachy/ros_ws/src/screen_app/install/screen_app/share/ament_index/resource_index/package_run_dependencies/screen_app
[4.508s] -- Installing: /home/reachy/ros_ws/src/screen_app/install/screen_app/share/ament_index/resource_index/parent_prefix_path/screen_app
[4.509s] -- Installing: /home/reachy/ros_ws/src/screen_app/install/screen_app/share/screen_app/environment/ament_prefix_path.sh
[4.509s] -- Installing: /home/reachy/ros_ws/src/screen_app/install/screen_app/share/screen_app/environment/ament_prefix_path.dsv
[4.509s] -- Installing: /home/reachy/ros_ws/src/screen_app/install/screen_app/share/screen_app/environment/path.sh
[4.509s] -- Installing: /home/reachy/ros_ws/src/screen_app/install/screen_app/share/screen_app/environment/path.dsv
[4.509s] -- Installing: /home/reachy/ros_ws/src/screen_app/install/screen_app/share/screen_app/local_setup.bash
[4.509s] -- Installing: /home/reachy/ros_ws/src/screen_app/install/screen_app/share/screen_app/local_setup.sh
[4.510s] -- Installing: /home/reachy/ros_ws/src/screen_app/install/screen_app/share/screen_app/local_setup.zsh
[4.510s] -- Installing: /home/reachy/ros_ws/src/screen_app/install/screen_app/share/screen_app/local_setup.dsv
[4.510s] -- Installing: /home/reachy/ros_ws/src/screen_app/install/screen_app/share/screen_app/package.dsv
[4.510s] -- Installing: /home/reachy/ros_ws/src/screen_app/install/screen_app/share/ament_index/resource_index/packages/screen_app
[4.510s] -- Installing: /home/reachy/ros_ws/src/screen_app/install/screen_app/share/screen_app/cmake/screen_app__rosidl_generator_cExport.cmake
[4.510s] -- Installing: /home/reachy/ros_ws/src/screen_app/install/screen_app/share/screen_app/cmake/screen_app__rosidl_generator_cExport-noconfig.cmake
[4.511s] -- Installing: /home/reachy/ros_ws/src/screen_app/install/screen_app/share/screen_app/cmake/screen_app__rosidl_typesupport_introspection_cExport.cmake
[4.511s] -- Installing: /home/reachy/ros_ws/src/screen_app/install/screen_app/share/screen_app/cmake/screen_app__rosidl_typesupport_introspection_cExport-noconfig.cmake
[4.511s] -- Installing: /home/reachy/ros_ws/src/screen_app/install/screen_app/share/screen_app/cmake/screen_app__rosidl_typesupport_cExport.cmake
[4.511s] -- Installing: /home/reachy/ros_ws/src/screen_app/install/screen_app/share/screen_app/cmake/screen_app__rosidl_typesupport_cExport-noconfig.cmake
[4.511s] -- Installing: /home/reachy/ros_ws/src/screen_app/install/screen_app/share/screen_app/cmake/screen_app__rosidl_generator_cppExport.cmake
[4.512s] -- Installing: /home/reachy/ros_ws/src/screen_app/install/screen_app/share/screen_app/cmake/screen_app__rosidl_typesupport_introspection_cppExport.cmake
[4.512s] -- Installing: /home/reachy/ros_ws/src/screen_app/install/screen_app/share/screen_app/cmake/screen_app__rosidl_typesupport_introspection_cppExport-noconfig.cmake
[4.513s] -- Installing: /home/reachy/ros_ws/src/screen_app/install/screen_app/share/screen_app/cmake/screen_app__rosidl_typesupport_cppExport.cmake
[4.513s] -- Installing: /home/reachy/ros_ws/src/screen_app/install/screen_app/share/screen_app/cmake/screen_app__rosidl_typesupport_cppExport-noconfig.cmake
[4.514s] -- Installing: /home/reachy/ros_ws/src/screen_app/install/screen_app/share/screen_app/cmake/rosidl_cmake-extras.cmake
[4.514s] -- Installing: /home/reachy/ros_ws/src/screen_app/install/screen_app/share/screen_app/cmake/ament_cmake_export_dependencies-extras.cmake
[4.514s] -- Installing: /home/reachy/ros_ws/src/screen_app/install/screen_app/share/screen_app/cmake/ament_cmake_export_libraries-extras.cmake
[4.514s] -- Installing: /home/reachy/ros_ws/src/screen_app/install/screen_app/share/screen_app/cmake/ament_cmake_export_targets-extras.cmake
[4.514s] -- Installing: /home/reachy/ros_ws/src/screen_app/install/screen_app/share/screen_app/cmake/ament_cmake_export_include_directories-extras.cmake
[4.514s] -- Installing: /home/reachy/ros_ws/src/screen_app/install/screen_app/share/screen_app/cmake/rosidl_cmake_export_typesupport_libraries-extras.cmake
[4.514s] -- Installing: /home/reachy/ros_ws/src/screen_app/install/screen_app/share/screen_app/cmake/rosidl_cmake_export_typesupport_targets-extras.cmake
[4.514s] -- Installing: /home/reachy/ros_ws/src/screen_app/install/screen_app/share/screen_app/cmake/screen_appConfig.cmake
[4.515s] -- Installing: /home/reachy/ros_ws/src/screen_app/install/screen_app/share/screen_app/cmake/screen_appConfig-version.cmake
[4.515s] -- Installing: /home/reachy/ros_ws/src/screen_app/install/screen_app/share/screen_app/package.xml
[4.518s] Invoked command in '/home/reachy/ros_ws/src/screen_app/build/screen_app' returned '0': CMAKE_PREFIX_PATH=${CMAKE_PREFIX_PATH}:/home/reachy/reachy_ws/install/reachy_sdk_server:/home/reachy/reachy_ws/install/reachy_kinematics:/home/reachy/reachy_ws/install/reachy_controllers:/home/reachy/reachy_ws/install/reachy_focus:/home/reachy/ros_ws/install/joint_state_publisher_gui:/home/reachy/ros_ws/install/joint_state_publisher:/opt/ros/foxy /usr/bin/cmake --install /home/reachy/ros_ws/src/screen_app/build/screen_app
