[0.808s] Invoking command in '/home/reachy/reachy_repo/Fall2021/reachy_touchscreen/dev_ws/build/turtlesim': CMAKE_PREFIX_PATH=${CMAKE_PREFIX_PATH}:/home/reachy/reachy_ws/install/reachy_sdk_server:/home/reachy/reachy_ws/install/reachy_kinematics:/home/reachy/reachy_ws/install/reachy_controllers:/home/reachy/reachy_ws/install/reachy_focus:/home/reachy/ros_ws/install/ros2_demo_py:/home/reachy/ros_ws/install/joint_state_publisher_gui:/home/reachy/ros_ws/install/joint_state_publisher:/opt/ros/foxy /usr/bin/cmake --build /home/reachy/reachy_repo/Fall2021/reachy_touchscreen/dev_ws/build/turtlesim -- -j4 -l4
[0.841s] CMake Error: The current CMakeCache.txt directory /home/reachy/reachy_repo/Fall2021/reachy_touchscreen/dev_ws/build/turtlesim/CMakeCache.txt is different than the directory /home/reachy/dev_ws/build/turtlesim where CMakeCache.txt was created. This may result in binaries being created in the wrong place. If you are not sure, reedit the CMakeCache.txt
[1.251s] [  1%] Built target turtlesim__cpp
[1.271s] [ 11%] Built target turtlesim__rosidl_generator_c
[1.363s] [ 21%] Built target turtlesim__rosidl_typesupport_fastrtps_cpp
[1.377s] [ 31%] Built target turtlesim__rosidl_typesupport_cpp
[1.378s] [ 41%] Built target turtlesim__rosidl_typesupport_c
[1.441s] [ 51%] Built target turtlesim__rosidl_typesupport_introspection_cpp
[1.476s] [ 61%] Built target turtlesim__rosidl_typesupport_fastrtps_c
[1.520s] [ 71%] Built target turtlesim__rosidl_typesupport_introspection_c
[1.587s] [ 71%] Built target turtlesim
[1.698s] [ 73%] Built target turtle_teleop_key
[1.713s] [ 74%] Built target turtlesim__py
[1.746s] [ 76%] Built target mimic
[1.750s] [ 78%] Built target draw_square
[1.819s] [ 87%] Built target turtlesim__python
[1.836s] [ 93%] Built target turtlesim_node
[1.888s] [ 95%] Built target turtlesim__rosidl_typesupport_introspection_c__pyext
[1.937s] [ 97%] Built target turtlesim__rosidl_typesupport_fastrtps_c__pyext
[1.966s] [100%] Built target turtlesim__rosidl_typesupport_c__pyext
[2.037s] Invoked command in '/home/reachy/reachy_repo/Fall2021/reachy_touchscreen/dev_ws/build/turtlesim' returned '0': CMAKE_PREFIX_PATH=${CMAKE_PREFIX_PATH}:/home/reachy/reachy_ws/install/reachy_sdk_server:/home/reachy/reachy_ws/install/reachy_kinematics:/home/reachy/reachy_ws/install/reachy_controllers:/home/reachy/reachy_ws/install/reachy_focus:/home/reachy/ros_ws/install/ros2_demo_py:/home/reachy/ros_ws/install/joint_state_publisher_gui:/home/reachy/ros_ws/install/joint_state_publisher:/opt/ros/foxy /usr/bin/cmake --build /home/reachy/reachy_repo/Fall2021/reachy_touchscreen/dev_ws/build/turtlesim -- -j4 -l4
[2.353s] Invoking command in '/home/reachy/reachy_repo/Fall2021/reachy_touchscreen/dev_ws/build/turtlesim': CMAKE_PREFIX_PATH=${CMAKE_PREFIX_PATH}:/home/reachy/reachy_ws/install/reachy_sdk_server:/home/reachy/reachy_ws/install/reachy_kinematics:/home/reachy/reachy_ws/install/reachy_controllers:/home/reachy/reachy_ws/install/reachy_focus:/home/reachy/ros_ws/install/ros2_demo_py:/home/reachy/ros_ws/install/joint_state_publisher_gui:/home/reachy/ros_ws/install/joint_state_publisher:/opt/ros/foxy /usr/bin/cmake --install /home/reachy/reachy_repo/Fall2021/reachy_touchscreen/dev_ws/build/turtlesim
[2.367s] -- Install configuration: ""
[2.367s] -- Up-to-date: /home/reachy/dev_ws/install/turtlesim/share/ament_index/resource_index/rosidl_interfaces/turtlesim
[2.367s] -- Up-to-date: /home/reachy/dev_ws/install/turtlesim/include/turtlesim
[2.367s] -- Up-to-date: /home/reachy/dev_ws/install/turtlesim/include/turtlesim/msg
[2.367s] -- Up-to-date: /home/reachy/dev_ws/install/turtlesim/include/turtlesim/msg/color.h
[2.368s] -- Up-to-date: /home/reachy/dev_ws/install/turtlesim/include/turtlesim/msg/rosidl_generator_c__visibility_control.h
[2.368s] -- Up-to-date: /home/reachy/dev_ws/install/turtlesim/include/turtlesim/msg/pose.h
[2.368s] -- Up-to-date: /home/reachy/dev_ws/install/turtlesim/include/turtlesim/msg/detail
[2.368s] -- Up-to-date: /home/reachy/dev_ws/install/turtlesim/include/turtlesim/msg/detail/pose__functions.c
[2.369s] -- Up-to-date: /home/reachy/dev_ws/install/turtlesim/include/turtlesim/msg/detail/pose__functions.h
[2.369s] -- Up-to-date: /home/reachy/dev_ws/install/turtlesim/include/turtlesim/msg/detail/color__functions.c
[2.369s] -- Up-to-date: /home/reachy/dev_ws/install/turtlesim/include/turtlesim/msg/detail/pose__type_support.h
[2.369s] -- Up-to-date: /home/reachy/dev_ws/install/turtlesim/include/turtlesim/msg/detail/color__struct.h
[2.369s] -- Up-to-date: /home/reachy/dev_ws/install/turtlesim/include/turtlesim/msg/detail/color__type_support.h
[2.369s] -- Up-to-date: /home/reachy/dev_ws/install/turtlesim/include/turtlesim/msg/detail/pose__struct.h
[2.369s] -- Up-to-date: /home/reachy/dev_ws/install/turtlesim/include/turtlesim/msg/detail/color__functions.h
[2.369s] -- Up-to-date: /home/reachy/dev_ws/install/turtlesim/include/turtlesim/action
[2.370s] -- Up-to-date: /home/reachy/dev_ws/install/turtlesim/include/turtlesim/action/rotate_absolute.h
[2.370s] -- Up-to-date: /home/reachy/dev_ws/install/turtlesim/include/turtlesim/action/detail
[2.370s] -- Up-to-date: /home/reachy/dev_ws/install/turtlesim/include/turtlesim/action/detail/rotate_absolute__functions.c
[2.370s] -- Up-to-date: /home/reachy/dev_ws/install/turtlesim/include/turtlesim/action/detail/rotate_absolute__type_support.h
[2.370s] -- Up-to-date: /home/reachy/dev_ws/install/turtlesim/include/turtlesim/action/detail/rotate_absolute__functions.h
[2.370s] -- Up-to-date: /home/reachy/dev_ws/install/turtlesim/include/turtlesim/action/detail/rotate_absolute__struct.h
[2.370s] -- Up-to-date: /home/reachy/dev_ws/install/turtlesim/include/turtlesim/srv
[2.370s] -- Up-to-date: /home/reachy/dev_ws/install/turtlesim/include/turtlesim/srv/kill.h
[2.371s] -- Up-to-date: /home/reachy/dev_ws/install/turtlesim/include/turtlesim/srv/spawn.h
[2.371s] -- Up-to-date: /home/reachy/dev_ws/install/turtlesim/include/turtlesim/srv/teleport_absolute.h
[2.371s] -- Up-to-date: /home/reachy/dev_ws/install/turtlesim/include/turtlesim/srv/teleport_relative.h
[2.371s] -- Up-to-date: /home/reachy/dev_ws/install/turtlesim/include/turtlesim/srv/detail
[2.371s] -- Up-to-date: /home/reachy/dev_ws/install/turtlesim/include/turtlesim/srv/detail/set_pen__struct.h
[2.371s] -- Up-to-date: /home/reachy/dev_ws/install/turtlesim/include/turtlesim/srv/detail/kill__functions.c
[2.371s] -- Up-to-date: /home/reachy/dev_ws/install/turtlesim/include/turtlesim/srv/detail/teleport_absolute__functions.c
[2.371s] -- Up-to-date: /home/reachy/dev_ws/install/turtlesim/include/turtlesim/srv/detail/teleport_relative__type_support.h
[2.371s] -- Up-to-date: /home/reachy/dev_ws/install/turtlesim/include/turtlesim/srv/detail/teleport_absolute__functions.h
[2.372s] -- Up-to-date: /home/reachy/dev_ws/install/turtlesim/include/turtlesim/srv/detail/spawn__functions.h
[2.372s] -- Up-to-date: /home/reachy/dev_ws/install/turtlesim/include/turtlesim/srv/detail/set_pen__type_support.h
[2.372s] -- Up-to-date: /home/reachy/dev_ws/install/turtlesim/include/turtlesim/srv/detail/teleport_relative__functions.c
[2.372s] -- Up-to-date: /home/reachy/dev_ws/install/turtlesim/include/turtlesim/srv/detail/spawn__struct.h
[2.372s] -- Up-to-date: /home/reachy/dev_ws/install/turtlesim/include/turtlesim/srv/detail/teleport_absolute__struct.h
[2.376s] -- Up-to-date: /home/reachy/dev_ws/install/turtlesim/include/turtlesim/srv/detail/teleport_relative__functions.h
[2.376s] -- Up-to-date: /home/reachy/dev_ws/install/turtlesim/include/turtlesim/srv/detail/set_pen__functions.c
[2.377s] -- Up-to-date: /home/reachy/dev_ws/install/turtlesim/include/turtlesim/srv/detail/spawn__functions.c
[2.377s] -- Up-to-date: /home/reachy/dev_ws/install/turtlesim/include/turtlesim/srv/detail/kill__functions.h
[2.377s] -- Up-to-date: /home/reachy/dev_ws/install/turtlesim/include/turtlesim/srv/detail/kill__type_support.h
[2.377s] -- Up-to-date: /home/reachy/dev_ws/install/turtlesim/include/turtlesim/srv/detail/spawn__type_support.h
[2.377s] -- Up-to-date: /home/reachy/dev_ws/install/turtlesim/include/turtlesim/srv/detail/teleport_relative__struct.h
[2.377s] -- Up-to-date: /home/reachy/dev_ws/install/turtlesim/include/turtlesim/srv/detail/kill__struct.h
[2.377s] -- Up-to-date: /home/reachy/dev_ws/install/turtlesim/include/turtlesim/srv/detail/teleport_absolute__type_support.h
[2.378s] -- Up-to-date: /home/reachy/dev_ws/install/turtlesim/include/turtlesim/srv/detail/set_pen__functions.h
[2.378s] -- Up-to-date: /home/reachy/dev_ws/install/turtlesim/include/turtlesim/srv/set_pen.h
[2.378s] -- Up-to-date: /home/reachy/dev_ws/install/turtlesim/share/turtlesim/environment/library_path.sh
[2.378s] -- Up-to-date: /home/reachy/dev_ws/install/turtlesim/share/turtlesim/environment/library_path.dsv
[2.378s] -- Up-to-date: /home/reachy/dev_ws/install/turtlesim/lib/libturtlesim__rosidl_generator_c.so
[2.378s] -- Up-to-date: /home/reachy/dev_ws/install/turtlesim/include/turtlesim
[2.378s] -- Up-to-date: /home/reachy/dev_ws/install/turtlesim/include/turtlesim/msg
[2.379s] -- Up-to-date: /home/reachy/dev_ws/install/turtlesim/include/turtlesim/msg/detail
[2.379s] -- Up-to-date: /home/reachy/dev_ws/install/turtlesim/include/turtlesim/msg/detail/color__rosidl_typesupport_fastrtps_c.h
[2.379s] -- Up-to-date: /home/reachy/dev_ws/install/turtlesim/include/turtlesim/msg/detail/pose__rosidl_typesupport_fastrtps_c.h
[2.379s] -- Up-to-date: /home/reachy/dev_ws/install/turtlesim/include/turtlesim/msg/rosidl_typesupport_fastrtps_c__visibility_control.h
[2.379s] -- Up-to-date: /home/reachy/dev_ws/install/turtlesim/include/turtlesim/action
[2.379s] -- Up-to-date: /home/reachy/dev_ws/install/turtlesim/include/turtlesim/action/detail
[2.379s] -- Up-to-date: /home/reachy/dev_ws/install/turtlesim/include/turtlesim/action/detail/rotate_absolute__rosidl_typesupport_fastrtps_c.h
[2.380s] -- Up-to-date: /home/reachy/dev_ws/install/turtlesim/include/turtlesim/srv
[2.380s] -- Up-to-date: /home/reachy/dev_ws/install/turtlesim/include/turtlesim/srv/detail
[2.380s] -- Up-to-date: /home/reachy/dev_ws/install/turtlesim/include/turtlesim/srv/detail/kill__rosidl_typesupport_fastrtps_c.h
[2.380s] -- Up-to-date: /home/reachy/dev_ws/install/turtlesim/include/turtlesim/srv/detail/set_pen__rosidl_typesupport_fastrtps_c.h
[2.381s] -- Up-to-date: /home/reachy/dev_ws/install/turtlesim/include/turtlesim/srv/detail/teleport_relative__rosidl_typesupport_fastrtps_c.h
[2.381s] -- Up-to-date: /home/reachy/dev_ws/install/turtlesim/include/turtlesim/srv/detail/teleport_absolute__rosidl_typesupport_fastrtps_c.h
[2.381s] -- Up-to-date: /home/reachy/dev_ws/install/turtlesim/include/turtlesim/srv/detail/spawn__rosidl_typesupport_fastrtps_c.h
[2.381s] -- Up-to-date: /home/reachy/dev_ws/install/turtlesim/lib/libturtlesim__rosidl_typesupport_fastrtps_c.so
[2.381s] -- Up-to-date: /home/reachy/dev_ws/install/turtlesim/include/turtlesim
[2.381s] -- Up-to-date: /home/reachy/dev_ws/install/turtlesim/include/turtlesim/msg
[2.381s] -- Up-to-date: /home/reachy/dev_ws/install/turtlesim/include/turtlesim/msg/rosidl_typesupport_fastrtps_cpp__visibility_control.h
[2.382s] -- Up-to-date: /home/reachy/dev_ws/install/turtlesim/include/turtlesim/msg/detail
[2.382s] -- Up-to-date: /home/reachy/dev_ws/install/turtlesim/include/turtlesim/msg/detail/pose__rosidl_typesupport_fastrtps_cpp.hpp
[2.382s] -- Up-to-date: /home/reachy/dev_ws/install/turtlesim/include/turtlesim/msg/detail/color__rosidl_typesupport_fastrtps_cpp.hpp
[2.382s] -- Up-to-date: /home/reachy/dev_ws/install/turtlesim/include/turtlesim/msg/detail/dds_fastrtps
[2.382s] -- Up-to-date: /home/reachy/dev_ws/install/turtlesim/include/turtlesim/action
[2.382s] -- Up-to-date: /home/reachy/dev_ws/install/turtlesim/include/turtlesim/action/detail
[2.383s] -- Up-to-date: /home/reachy/dev_ws/install/turtlesim/include/turtlesim/action/detail/dds_fastrtps
[2.383s] -- Up-to-date: /home/reachy/dev_ws/install/turtlesim/include/turtlesim/action/detail/rotate_absolute__rosidl_typesupport_fastrtps_cpp.hpp
[2.383s] -- Up-to-date: /home/reachy/dev_ws/install/turtlesim/include/turtlesim/srv
[2.383s] -- Up-to-date: /home/reachy/dev_ws/install/turtlesim/include/turtlesim/srv/detail
[2.383s] -- Up-to-date: /home/reachy/dev_ws/install/turtlesim/include/turtlesim/srv/detail/teleport_relative__rosidl_typesupport_fastrtps_cpp.hpp
[2.383s] -- Up-to-date: /home/reachy/dev_ws/install/turtlesim/include/turtlesim/srv/detail/kill__rosidl_typesupport_fastrtps_cpp.hpp
[2.383s] -- Up-to-date: /home/reachy/dev_ws/install/turtlesim/include/turtlesim/srv/detail/teleport_absolute__rosidl_typesupport_fastrtps_cpp.hpp
[2.384s] -- Up-to-date: /home/reachy/dev_ws/install/turtlesim/include/turtlesim/srv/detail/set_pen__rosidl_typesupport_fastrtps_cpp.hpp
[2.384s] -- Up-to-date: /home/reachy/dev_ws/install/turtlesim/include/turtlesim/srv/detail/dds_fastrtps
[2.384s] -- Up-to-date: /home/reachy/dev_ws/install/turtlesim/include/turtlesim/srv/detail/spawn__rosidl_typesupport_fastrtps_cpp.hpp
[2.384s] -- Up-to-date: /home/reachy/dev_ws/install/turtlesim/lib/libturtlesim__rosidl_typesupport_fastrtps_cpp.so
[2.384s] -- Up-to-date: /home/reachy/dev_ws/install/turtlesim/include/turtlesim
[2.384s] -- Up-to-date: /home/reachy/dev_ws/install/turtlesim/include/turtlesim/msg
[2.385s] -- Up-to-date: /home/reachy/dev_ws/install/turtlesim/include/turtlesim/msg/rosidl_typesupport_introspection_c__visibility_control.h
[2.385s] -- Up-to-date: /home/reachy/dev_ws/install/turtlesim/include/turtlesim/msg/detail
[2.385s] -- Up-to-date: /home/reachy/dev_ws/install/turtlesim/include/turtlesim/msg/detail/color__type_support.c
[2.385s] -- Up-to-date: /home/reachy/dev_ws/install/turtlesim/include/turtlesim/msg/detail/pose__type_support.c
[2.385s] -- Up-to-date: /home/reachy/dev_ws/install/turtlesim/include/turtlesim/msg/detail/color__rosidl_typesupport_introspection_c.h
[2.385s] -- Up-to-date: /home/reachy/dev_ws/install/turtlesim/include/turtlesim/msg/detail/pose__rosidl_typesupport_introspection_c.h
[2.385s] -- Up-to-date: /home/reachy/dev_ws/install/turtlesim/include/turtlesim/action
[2.386s] -- Up-to-date: /home/reachy/dev_ws/install/turtlesim/include/turtlesim/action/detail
[2.386s] -- Up-to-date: /home/reachy/dev_ws/install/turtlesim/include/turtlesim/action/detail/rotate_absolute__rosidl_typesupport_introspection_c.h
[2.386s] -- Up-to-date: /home/reachy/dev_ws/install/turtlesim/include/turtlesim/action/detail/rotate_absolute__type_support.c
[2.386s] -- Up-to-date: /home/reachy/dev_ws/install/turtlesim/include/turtlesim/srv
[2.386s] -- Up-to-date: /home/reachy/dev_ws/install/turtlesim/include/turtlesim/srv/detail
[2.386s] -- Up-to-date: /home/reachy/dev_ws/install/turtlesim/include/turtlesim/srv/detail/set_pen__type_support.c
[2.386s] -- Up-to-date: /home/reachy/dev_ws/install/turtlesim/include/turtlesim/srv/detail/teleport_absolute__type_support.c
[2.387s] -- Up-to-date: /home/reachy/dev_ws/install/turtlesim/include/turtlesim/srv/detail/teleport_absolute__rosidl_typesupport_introspection_c.h
[2.387s] -- Up-to-date: /home/reachy/dev_ws/install/turtlesim/include/turtlesim/srv/detail/set_pen__rosidl_typesupport_introspection_c.h
[2.387s] -- Up-to-date: /home/reachy/dev_ws/install/turtlesim/include/turtlesim/srv/detail/kill__type_support.c
[2.387s] -- Up-to-date: /home/reachy/dev_ws/install/turtlesim/include/turtlesim/srv/detail/spawn__type_support.c
[2.387s] -- Up-to-date: /home/reachy/dev_ws/install/turtlesim/include/turtlesim/srv/detail/spawn__rosidl_typesupport_introspection_c.h
[2.387s] -- Up-to-date: /home/reachy/dev_ws/install/turtlesim/include/turtlesim/srv/detail/kill__rosidl_typesupport_introspection_c.h
[2.387s] -- Up-to-date: /home/reachy/dev_ws/install/turtlesim/include/turtlesim/srv/detail/teleport_relative__rosidl_typesupport_introspection_c.h
[2.388s] -- Up-to-date: /home/reachy/dev_ws/install/turtlesim/include/turtlesim/srv/detail/teleport_relative__type_support.c
[2.388s] -- Up-to-date: /home/reachy/dev_ws/install/turtlesim/lib/libturtlesim__rosidl_typesupport_introspection_c.so
[2.388s] -- Up-to-date: /home/reachy/dev_ws/install/turtlesim/lib/libturtlesim__rosidl_typesupport_c.so
[2.388s] -- Up-to-date: /home/reachy/dev_ws/install/turtlesim/include/turtlesim
[2.388s] -- Up-to-date: /home/reachy/dev_ws/install/turtlesim/include/turtlesim/msg
[2.388s] -- Up-to-date: /home/reachy/dev_ws/install/turtlesim/include/turtlesim/msg/color.hpp
[2.389s] -- Up-to-date: /home/reachy/dev_ws/install/turtlesim/include/turtlesim/msg/pose.hpp
[2.389s] -- Up-to-date: /home/reachy/dev_ws/install/turtlesim/include/turtlesim/msg/detail
[2.389s] -- Up-to-date: /home/reachy/dev_ws/install/turtlesim/include/turtlesim/msg/detail/color__struct.hpp
[2.389s] -- Up-to-date: /home/reachy/dev_ws/install/turtlesim/include/turtlesim/msg/detail/pose__traits.hpp
[2.389s] -- Up-to-date: /home/reachy/dev_ws/install/turtlesim/include/turtlesim/msg/detail/pose__builder.hpp
[2.389s] -- Up-to-date: /home/reachy/dev_ws/install/turtlesim/include/turtlesim/msg/detail/color__builder.hpp
[2.389s] -- Up-to-date: /home/reachy/dev_ws/install/turtlesim/include/turtlesim/msg/detail/pose__struct.hpp
[2.390s] -- Up-to-date: /home/reachy/dev_ws/install/turtlesim/include/turtlesim/msg/detail/color__traits.hpp
[2.390s] -- Up-to-date: /home/reachy/dev_ws/install/turtlesim/include/turtlesim/action
[2.390s] -- Up-to-date: /home/reachy/dev_ws/install/turtlesim/include/turtlesim/action/detail
[2.390s] -- Up-to-date: /home/reachy/dev_ws/install/turtlesim/include/turtlesim/action/detail/rotate_absolute__builder.hpp
[2.390s] -- Up-to-date: /home/reachy/dev_ws/install/turtlesim/include/turtlesim/action/detail/rotate_absolute__traits.hpp
[2.390s] -- Up-to-date: /home/reachy/dev_ws/install/turtlesim/include/turtlesim/action/detail/rotate_absolute__struct.hpp
[2.390s] -- Up-to-date: /home/reachy/dev_ws/install/turtlesim/include/turtlesim/action/rotate_absolute.hpp
[2.391s] -- Up-to-date: /home/reachy/dev_ws/install/turtlesim/include/turtlesim/srv
[2.391s] -- Up-to-date: /home/reachy/dev_ws/install/turtlesim/include/turtlesim/srv/kill.hpp
[2.391s] -- Up-to-date: /home/reachy/dev_ws/install/turtlesim/include/turtlesim/srv/teleport_absolute.hpp
[2.391s] -- Up-to-date: /home/reachy/dev_ws/install/turtlesim/include/turtlesim/srv/set_pen.hpp
[2.391s] -- Up-to-date: /home/reachy/dev_ws/install/turtlesim/include/turtlesim/srv/teleport_relative.hpp
[2.391s] -- Up-to-date: /home/reachy/dev_ws/install/turtlesim/include/turtlesim/srv/detail
[2.391s] -- Up-to-date: /home/reachy/dev_ws/install/turtlesim/include/turtlesim/srv/detail/teleport_relative__traits.hpp
[2.392s] -- Up-to-date: /home/reachy/dev_ws/install/turtlesim/include/turtlesim/srv/detail/teleport_relative__struct.hpp
[2.392s] -- Up-to-date: /home/reachy/dev_ws/install/turtlesim/include/turtlesim/srv/detail/teleport_relative__builder.hpp
[2.392s] -- Up-to-date: /home/reachy/dev_ws/install/turtlesim/include/turtlesim/srv/detail/set_pen__struct.hpp
[2.392s] -- Up-to-date: /home/reachy/dev_ws/install/turtlesim/include/turtlesim/srv/detail/teleport_absolute__struct.hpp
[2.392s] -- Up-to-date: /home/reachy/dev_ws/install/turtlesim/include/turtlesim/srv/detail/teleport_absolute__builder.hpp
[2.392s] -- Up-to-date: /home/reachy/dev_ws/install/turtlesim/include/turtlesim/srv/detail/kill__traits.hpp
[2.392s] -- Up-to-date: /home/reachy/dev_ws/install/turtlesim/include/turtlesim/srv/detail/kill__builder.hpp
[2.393s] -- Up-to-date: /home/reachy/dev_ws/install/turtlesim/include/turtlesim/srv/detail/spawn__traits.hpp
[2.393s] -- Up-to-date: /home/reachy/dev_ws/install/turtlesim/include/turtlesim/srv/detail/teleport_absolute__traits.hpp
[2.393s] -- Up-to-date: /home/reachy/dev_ws/install/turtlesim/include/turtlesim/srv/detail/spawn__struct.hpp
[2.393s] -- Up-to-date: /home/reachy/dev_ws/install/turtlesim/include/turtlesim/srv/detail/kill__struct.hpp
[2.393s] -- Up-to-date: /home/reachy/dev_ws/install/turtlesim/include/turtlesim/srv/detail/set_pen__builder.hpp
[2.393s] -- Up-to-date: /home/reachy/dev_ws/install/turtlesim/include/turtlesim/srv/detail/spawn__builder.hpp
[2.393s] -- Up-to-date: /home/reachy/dev_ws/install/turtlesim/include/turtlesim/srv/detail/set_pen__traits.hpp
[2.394s] -- Up-to-date: /home/reachy/dev_ws/install/turtlesim/include/turtlesim/srv/spawn.hpp
[2.394s] -- Up-to-date: /home/reachy/dev_ws/install/turtlesim/include/turtlesim
[2.394s] -- Up-to-date: /home/reachy/dev_ws/install/turtlesim/include/turtlesim/msg
[2.394s] -- Up-to-date: /home/reachy/dev_ws/install/turtlesim/include/turtlesim/msg/detail
[2.394s] -- Up-to-date: /home/reachy/dev_ws/install/turtlesim/include/turtlesim/msg/detail/color__rosidl_typesupport_introspection_cpp.hpp
[2.394s] -- Up-to-date: /home/reachy/dev_ws/install/turtlesim/include/turtlesim/msg/detail/color__type_support.cpp
[2.395s] -- Up-to-date: /home/reachy/dev_ws/install/turtlesim/include/turtlesim/msg/detail/pose__rosidl_typesupport_introspection_cpp.hpp
[2.395s] -- Up-to-date: /home/reachy/dev_ws/install/turtlesim/include/turtlesim/msg/detail/pose__type_support.cpp
[2.395s] -- Up-to-date: /home/reachy/dev_ws/install/turtlesim/include/turtlesim/action
[2.395s] -- Up-to-date: /home/reachy/dev_ws/install/turtlesim/include/turtlesim/action/detail
[2.395s] -- Up-to-date: /home/reachy/dev_ws/install/turtlesim/include/turtlesim/action/detail/rotate_absolute__rosidl_typesupport_introspection_cpp.hpp
[2.395s] -- Up-to-date: /home/reachy/dev_ws/install/turtlesim/include/turtlesim/action/detail/rotate_absolute__type_support.cpp
[2.395s] -- Up-to-date: /home/reachy/dev_ws/install/turtlesim/include/turtlesim/srv
[2.396s] -- Up-to-date: /home/reachy/dev_ws/install/turtlesim/include/turtlesim/srv/detail
[2.396s] -- Up-to-date: /home/reachy/dev_ws/install/turtlesim/include/turtlesim/srv/detail/teleport_relative__rosidl_typesupport_introspection_cpp.hpp
[2.396s] -- Up-to-date: /home/reachy/dev_ws/install/turtlesim/include/turtlesim/srv/detail/kill__rosidl_typesupport_introspection_cpp.hpp
[2.396s] -- Up-to-date: /home/reachy/dev_ws/install/turtlesim/include/turtlesim/srv/detail/spawn__type_support.cpp
[2.396s] -- Up-to-date: /home/reachy/dev_ws/install/turtlesim/include/turtlesim/srv/detail/set_pen__type_support.cpp
[2.397s] -- Up-to-date: /home/reachy/dev_ws/install/turtlesim/include/turtlesim/srv/detail/teleport_absolute__type_support.cpp
[2.397s] -- Up-to-date: /home/reachy/dev_ws/install/turtlesim/include/turtlesim/srv/detail/teleport_relative__type_support.cpp
[2.397s] -- Up-to-date: /home/reachy/dev_ws/install/turtlesim/include/turtlesim/srv/detail/set_pen__rosidl_typesupport_introspection_cpp.hpp
[2.397s] -- Up-to-date: /home/reachy/dev_ws/install/turtlesim/include/turtlesim/srv/detail/teleport_absolute__rosidl_typesupport_introspection_cpp.hpp
[2.397s] -- Up-to-date: /home/reachy/dev_ws/install/turtlesim/include/turtlesim/srv/detail/kill__type_support.cpp
[2.397s] -- Up-to-date: /home/reachy/dev_ws/install/turtlesim/include/turtlesim/srv/detail/spawn__rosidl_typesupport_introspection_cpp.hpp
[2.398s] -- Up-to-date: /home/reachy/dev_ws/install/turtlesim/lib/libturtlesim__rosidl_typesupport_introspection_cpp.so
[2.398s] -- Up-to-date: /home/reachy/dev_ws/install/turtlesim/lib/libturtlesim__rosidl_typesupport_cpp.so
[2.398s] -- Up-to-date: /home/reachy/dev_ws/install/turtlesim/share/turtlesim/environment/pythonpath.sh
[2.398s] -- Up-to-date: /home/reachy/dev_ws/install/turtlesim/share/turtlesim/environment/pythonpath.dsv
[2.398s] -- Up-to-date: /home/reachy/dev_ws/install/turtlesim/lib/python3.8/site-packages/turtlesim/__init__.py
[2.447s] -- Up-to-date: /home/reachy/dev_ws/install/turtlesim/lib/python3.8/site-packages/turtlesim/action
[2.447s] -- Up-to-date: /home/reachy/dev_ws/install/turtlesim/lib/python3.8/site-packages/turtlesim/action/_rotate_absolute.py
[2.447s] -- Up-to-date: /home/reachy/dev_ws/install/turtlesim/lib/python3.8/site-packages/turtlesim/action/__init__.py
[2.447s] -- Up-to-date: /home/reachy/dev_ws/install/turtlesim/lib/python3.8/site-packages/turtlesim/action/_rotate_absolute_s.c
[2.447s] -- Up-to-date: /home/reachy/dev_ws/install/turtlesim/lib/python3.8/site-packages/turtlesim/msg
[2.448s] -- Up-to-date: /home/reachy/dev_ws/install/turtlesim/lib/python3.8/site-packages/turtlesim/msg/_pose.py
[2.448s] -- Up-to-date: /home/reachy/dev_ws/install/turtlesim/lib/python3.8/site-packages/turtlesim/msg/__init__.py
[2.448s] -- Up-to-date: /home/reachy/dev_ws/install/turtlesim/lib/python3.8/site-packages/turtlesim/msg/_pose_s.c
[2.448s] -- Up-to-date: /home/reachy/dev_ws/install/turtlesim/lib/python3.8/site-packages/turtlesim/msg/_color.py
[2.448s] -- Up-to-date: /home/reachy/dev_ws/install/turtlesim/lib/python3.8/site-packages/turtlesim/msg/_color_s.c
[2.448s] -- Up-to-date: /home/reachy/dev_ws/install/turtlesim/lib/python3.8/site-packages/turtlesim/srv
[2.448s] -- Up-to-date: /home/reachy/dev_ws/install/turtlesim/lib/python3.8/site-packages/turtlesim/srv/_kill.py
[2.448s] -- Up-to-date: /home/reachy/dev_ws/install/turtlesim/lib/python3.8/site-packages/turtlesim/srv/_set_pen.py
[2.449s] -- Up-to-date: /home/reachy/dev_ws/install/turtlesim/lib/python3.8/site-packages/turtlesim/srv/_spawn.py
[2.449s] -- Up-to-date: /home/reachy/dev_ws/install/turtlesim/lib/python3.8/site-packages/turtlesim/srv/_teleport_relative_s.c
[2.449s] -- Up-to-date: /home/reachy/dev_ws/install/turtlesim/lib/python3.8/site-packages/turtlesim/srv/_set_pen_s.c
[2.449s] -- Up-to-date: /home/reachy/dev_ws/install/turtlesim/lib/python3.8/site-packages/turtlesim/srv/__init__.py
[2.449s] -- Up-to-date: /home/reachy/dev_ws/install/turtlesim/lib/python3.8/site-packages/turtlesim/srv/_teleport_absolute.py
[2.449s] -- Up-to-date: /home/reachy/dev_ws/install/turtlesim/lib/python3.8/site-packages/turtlesim/srv/_kill_s.c
[2.449s] -- Up-to-date: /home/reachy/dev_ws/install/turtlesim/lib/python3.8/site-packages/turtlesim/srv/_teleport_absolute_s.c
[2.449s] -- Up-to-date: /home/reachy/dev_ws/install/turtlesim/lib/python3.8/site-packages/turtlesim/srv/_teleport_relative.py
[2.449s] -- Up-to-date: /home/reachy/dev_ws/install/turtlesim/lib/python3.8/site-packages/turtlesim/srv/_spawn_s.c
[2.449s] -- Up-to-date: /home/reachy/dev_ws/install/turtlesim/lib/python3.8/site-packages/turtlesim/turtlesim_s__rosidl_typesupport_fastrtps_c.cpython-38-x86_64-linux-gnu.so
[2.450s] -- Up-to-date: /home/reachy/dev_ws/install/turtlesim/lib/python3.8/site-packages/turtlesim/turtlesim_s__rosidl_typesupport_introspection_c.cpython-38-x86_64-linux-gnu.so
[2.450s] -- Up-to-date: /home/reachy/dev_ws/install/turtlesim/lib/python3.8/site-packages/turtlesim/turtlesim_s__rosidl_typesupport_c.cpython-38-x86_64-linux-gnu.so
[2.450s] -- Up-to-date: /home/reachy/dev_ws/install/turtlesim/lib/libturtlesim__python.so
[2.450s] -- Up-to-date: /home/reachy/dev_ws/install/turtlesim/share/turtlesim/action/RotateAbsolute.idl
[2.450s] -- Up-to-date: /home/reachy/dev_ws/install/turtlesim/share/turtlesim/msg/Color.idl
[2.450s] -- Up-to-date: /home/reachy/dev_ws/install/turtlesim/share/turtlesim/msg/Pose.idl
[2.451s] -- Up-to-date: /home/reachy/dev_ws/install/turtlesim/share/turtlesim/srv/Kill.idl
[2.451s] -- Up-to-date: /home/reachy/dev_ws/install/turtlesim/share/turtlesim/srv/SetPen.idl
[2.451s] -- Up-to-date: /home/reachy/dev_ws/install/turtlesim/share/turtlesim/srv/Spawn.idl
[2.451s] -- Up-to-date: /home/reachy/dev_ws/install/turtlesim/share/turtlesim/srv/TeleportAbsolute.idl
[2.451s] -- Up-to-date: /home/reachy/dev_ws/install/turtlesim/share/turtlesim/srv/TeleportRelative.idl
[2.451s] -- Up-to-date: /home/reachy/dev_ws/install/turtlesim/share/turtlesim/action/RotateAbsolute.action
[2.451s] -- Up-to-date: /home/reachy/dev_ws/install/turtlesim/share/turtlesim/msg/Color.msg
[2.451s] -- Up-to-date: /home/reachy/dev_ws/install/turtlesim/share/turtlesim/msg/Pose.msg
[2.452s] -- Up-to-date: /home/reachy/dev_ws/install/turtlesim/share/turtlesim/srv/Kill.srv
[2.452s] -- Up-to-date: /home/reachy/dev_ws/install/turtlesim/share/turtlesim/srv/Kill_Request.msg
[2.452s] -- Up-to-date: /home/reachy/dev_ws/install/turtlesim/share/turtlesim/srv/Kill_Response.msg
[2.452s] -- Up-to-date: /home/reachy/dev_ws/install/turtlesim/share/turtlesim/srv/SetPen.srv
[2.452s] -- Up-to-date: /home/reachy/dev_ws/install/turtlesim/share/turtlesim/srv/SetPen_Request.msg
[2.452s] -- Up-to-date: /home/reachy/dev_ws/install/turtlesim/share/turtlesim/srv/SetPen_Response.msg
[2.452s] -- Up-to-date: /home/reachy/dev_ws/install/turtlesim/share/turtlesim/srv/Spawn.srv
[2.452s] -- Up-to-date: /home/reachy/dev_ws/install/turtlesim/share/turtlesim/srv/Spawn_Request.msg
[2.452s] -- Up-to-date: /home/reachy/dev_ws/install/turtlesim/share/turtlesim/srv/Spawn_Response.msg
[2.453s] -- Up-to-date: /home/reachy/dev_ws/install/turtlesim/share/turtlesim/srv/TeleportAbsolute.srv
[2.453s] -- Up-to-date: /home/reachy/dev_ws/install/turtlesim/share/turtlesim/srv/TeleportAbsolute_Request.msg
[2.453s] -- Up-to-date: /home/reachy/dev_ws/install/turtlesim/share/turtlesim/srv/TeleportAbsolute_Response.msg
[2.453s] -- Up-to-date: /home/reachy/dev_ws/install/turtlesim/share/turtlesim/srv/TeleportRelative.srv
[2.453s] -- Up-to-date: /home/reachy/dev_ws/install/turtlesim/share/turtlesim/srv/TeleportRelative_Request.msg
[2.453s] -- Up-to-date: /home/reachy/dev_ws/install/turtlesim/share/turtlesim/srv/TeleportRelative_Response.msg
[2.453s] -- Up-to-date: /home/reachy/dev_ws/install/turtlesim/lib/turtlesim/turtlesim_node
[2.454s] -- Up-to-date: /home/reachy/dev_ws/install/turtlesim/lib/turtlesim/turtle_teleop_key
[2.454s] -- Up-to-date: /home/reachy/dev_ws/install/turtlesim/lib/turtlesim/draw_square
[2.454s] -- Up-to-date: /home/reachy/dev_ws/install/turtlesim/lib/turtlesim/mimic
[2.454s] -- Up-to-date: /home/reachy/dev_ws/install/turtlesim/share/turtlesim/images
[2.454s] -- Up-to-date: /home/reachy/dev_ws/install/turtlesim/share/turtlesim/images/bouncy.png
[2.454s] -- Up-to-date: /home/reachy/dev_ws/install/turtlesim/share/turtlesim/images/dashing.png
[2.454s] -- Up-to-date: /home/reachy/dev_ws/install/turtlesim/share/turtlesim/images/eloquent.png
[2.454s] -- Up-to-date: /home/reachy/dev_ws/install/turtlesim/share/turtlesim/images/foxy.png
[2.455s] -- Up-to-date: /home/reachy/dev_ws/install/turtlesim/share/turtlesim/images/crystal.png
[2.455s] -- Up-to-date: /home/reachy/dev_ws/install/turtlesim/share/turtlesim/images/ardent.png
[2.455s] -- Up-to-date: /home/reachy/dev_ws/install/turtlesim/share/turtlesim/launch
[2.455s] -- Up-to-date: /home/reachy/dev_ws/install/turtlesim/share/turtlesim/launch/multisim.launch.py
[2.455s] -- Up-to-date: /home/reachy/dev_ws/install/turtlesim/share/ament_index/resource_index/package_run_dependencies/turtlesim
[2.455s] -- Up-to-date: /home/reachy/dev_ws/install/turtlesim/share/ament_index/resource_index/parent_prefix_path/turtlesim
[2.455s] -- Up-to-date: /home/reachy/dev_ws/install/turtlesim/share/turtlesim/environment/ament_prefix_path.sh
[2.455s] -- Up-to-date: /home/reachy/dev_ws/install/turtlesim/share/turtlesim/environment/ament_prefix_path.dsv
[2.455s] -- Up-to-date: /home/reachy/dev_ws/install/turtlesim/share/turtlesim/environment/path.sh
[2.455s] -- Up-to-date: /home/reachy/dev_ws/install/turtlesim/share/turtlesim/environment/path.dsv
[2.456s] -- Up-to-date: /home/reachy/dev_ws/install/turtlesim/share/turtlesim/local_setup.bash
[2.456s] -- Up-to-date: /home/reachy/dev_ws/install/turtlesim/share/turtlesim/local_setup.sh
[2.456s] -- Up-to-date: /home/reachy/dev_ws/install/turtlesim/share/turtlesim/local_setup.zsh
[2.456s] -- Up-to-date: /home/reachy/dev_ws/install/turtlesim/share/turtlesim/local_setup.dsv
[2.456s] -- Installing: /home/reachy/dev_ws/install/turtlesim/share/turtlesim/package.dsv
[2.456s] -- Up-to-date: /home/reachy/dev_ws/install/turtlesim/share/ament_index/resource_index/packages/turtlesim
[2.456s] -- Up-to-date: /home/reachy/dev_ws/install/turtlesim/share/turtlesim/cmake/turtlesim__rosidl_generator_cExport.cmake
[2.457s] -- Up-to-date: /home/reachy/dev_ws/install/turtlesim/share/turtlesim/cmake/turtlesim__rosidl_generator_cExport-noconfig.cmake
[2.457s] -- Up-to-date: /home/reachy/dev_ws/install/turtlesim/share/turtlesim/cmake/turtlesim__rosidl_typesupport_introspection_cExport.cmake
[2.457s] -- Up-to-date: /home/reachy/dev_ws/install/turtlesim/share/turtlesim/cmake/turtlesim__rosidl_typesupport_introspection_cExport-noconfig.cmake
[2.457s] -- Up-to-date: /home/reachy/dev_ws/install/turtlesim/share/turtlesim/cmake/turtlesim__rosidl_typesupport_cExport.cmake
[2.457s] -- Up-to-date: /home/reachy/dev_ws/install/turtlesim/share/turtlesim/cmake/turtlesim__rosidl_typesupport_cExport-noconfig.cmake
[2.457s] -- Up-to-date: /home/reachy/dev_ws/install/turtlesim/share/turtlesim/cmake/turtlesim__rosidl_generator_cppExport.cmake
[2.457s] -- Up-to-date: /home/reachy/dev_ws/install/turtlesim/share/turtlesim/cmake/turtlesim__rosidl_typesupport_introspection_cppExport.cmake
[2.457s] -- Up-to-date: /home/reachy/dev_ws/install/turtlesim/share/turtlesim/cmake/turtlesim__rosidl_typesupport_introspection_cppExport-noconfig.cmake
[2.457s] -- Up-to-date: /home/reachy/dev_ws/install/turtlesim/share/turtlesim/cmake/turtlesim__rosidl_typesupport_cppExport.cmake
[2.457s] -- Up-to-date: /home/reachy/dev_ws/install/turtlesim/share/turtlesim/cmake/turtlesim__rosidl_typesupport_cppExport-noconfig.cmake
[2.457s] -- Up-to-date: /home/reachy/dev_ws/install/turtlesim/share/turtlesim/cmake/rosidl_cmake-extras.cmake
[2.457s] -- Up-to-date: /home/reachy/dev_ws/install/turtlesim/share/turtlesim/cmake/ament_cmake_export_dependencies-extras.cmake
[2.458s] -- Up-to-date: /home/reachy/dev_ws/install/turtlesim/share/turtlesim/cmake/ament_cmake_export_libraries-extras.cmake
[2.458s] -- Up-to-date: /home/reachy/dev_ws/install/turtlesim/share/turtlesim/cmake/ament_cmake_export_targets-extras.cmake
[2.458s] -- Up-to-date: /home/reachy/dev_ws/install/turtlesim/share/turtlesim/cmake/ament_cmake_export_include_directories-extras.cmake
[2.458s] -- Up-to-date: /home/reachy/dev_ws/install/turtlesim/share/turtlesim/cmake/rosidl_cmake_export_typesupport_libraries-extras.cmake
[2.458s] -- Up-to-date: /home/reachy/dev_ws/install/turtlesim/share/turtlesim/cmake/rosidl_cmake_export_typesupport_targets-extras.cmake
[2.458s] -- Up-to-date: /home/reachy/dev_ws/install/turtlesim/share/turtlesim/cmake/turtlesimConfig.cmake
[2.461s] -- Up-to-date: /home/reachy/dev_ws/install/turtlesim/share/turtlesim/cmake/turtlesimConfig-version.cmake
[2.461s] -- Up-to-date: /home/reachy/dev_ws/install/turtlesim/share/turtlesim/package.xml
[2.461s] Invoked command in '/home/reachy/reachy_repo/Fall2021/reachy_touchscreen/dev_ws/build/turtlesim' returned '0': CMAKE_PREFIX_PATH=${CMAKE_PREFIX_PATH}:/home/reachy/reachy_ws/install/reachy_sdk_server:/home/reachy/reachy_ws/install/reachy_kinematics:/home/reachy/reachy_ws/install/reachy_controllers:/home/reachy/reachy_ws/install/reachy_focus:/home/reachy/ros_ws/install/ros2_demo_py:/home/reachy/ros_ws/install/joint_state_publisher_gui:/home/reachy/ros_ws/install/joint_state_publisher:/opt/ros/foxy /usr/bin/cmake --install /home/reachy/reachy_repo/Fall2021/reachy_touchscreen/dev_ws/build/turtlesim
