[0.756s] Invoking command in '/home/reachy/reachy_repo/Fall2021/reachy_touchscreen/dev_ws/src/my_package': PYTHONPATH=/home/reachy/reachy_repo/Fall2021/reachy_touchscreen/dev_ws/install/my_package/lib/python3.8/site-packages:${PYTHONPATH} /usr/bin/python3 setup.py egg_info --egg-base ../../build/my_package build --build-base /home/reachy/reachy_repo/Fall2021/reachy_touchscreen/dev_ws/build/my_package/build install --prefix /home/reachy/reachy_repo/Fall2021/reachy_touchscreen/dev_ws/install/my_package --record /home/reachy/reachy_repo/Fall2021/reachy_touchscreen/dev_ws/build/my_package/install.log --single-version-externally-managed
[1.310s] running egg_info
[1.311s] writing ../../build/my_package/my_package.egg-info/PKG-INFO
[1.311s] writing dependency_links to ../../build/my_package/my_package.egg-info/dependency_links.txt
[1.312s] writing entry points to ../../build/my_package/my_package.egg-info/entry_points.txt
[1.312s] writing requirements to ../../build/my_package/my_package.egg-info/requires.txt
[1.312s] writing top-level names to ../../build/my_package/my_package.egg-info/top_level.txt
[1.401s] reading manifest file '../../build/my_package/my_package.egg-info/SOURCES.txt'
[1.406s] writing manifest file '../../build/my_package/my_package.egg-info/SOURCES.txt'
[1.406s] running build
[1.407s] running build_py
[1.408s] running install
[1.409s] running install_lib
[1.414s] running install_data
[1.415s] running install_egg_info
[1.423s] removing '/home/reachy/reachy_repo/Fall2021/reachy_touchscreen/dev_ws/install/my_package/lib/python3.8/site-packages/my_package-0.0.0-py3.8.egg-info' (and everything under it)
[1.423s] Copying ../../build/my_package/my_package.egg-info to /home/reachy/reachy_repo/Fall2021/reachy_touchscreen/dev_ws/install/my_package/lib/python3.8/site-packages/my_package-0.0.0-py3.8.egg-info
[1.423s] running install_scripts
[1.482s] Installing my_node script to /home/reachy/reachy_repo/Fall2021/reachy_touchscreen/dev_ws/install/my_package/lib/my_package
[1.482s] writing list of installed files to '/home/reachy/reachy_repo/Fall2021/reachy_touchscreen/dev_ws/build/my_package/install.log'
[1.565s] Invoked command in '/home/reachy/reachy_repo/Fall2021/reachy_touchscreen/dev_ws/src/my_package' returned '0': PYTHONPATH=/home/reachy/reachy_repo/Fall2021/reachy_touchscreen/dev_ws/install/my_package/lib/python3.8/site-packages:${PYTHONPATH} /usr/bin/python3 setup.py egg_info --egg-base ../../build/my_package build --build-base /home/reachy/reachy_repo/Fall2021/reachy_touchscreen/dev_ws/build/my_package/build install --prefix /home/reachy/reachy_repo/Fall2021/reachy_touchscreen/dev_ws/install/my_package --record /home/reachy/reachy_repo/Fall2021/reachy_touchscreen/dev_ws/build/my_package/install.log --single-version-externally-managed
