[0.482s] Invoking command in '/home/reachy/reachy_repo/Fall2021/reachy_touchscreen/RTS_ws/src/reachy_touchscreen': PYTHONPATH=/home/reachy/reachy_repo/Fall2021/reachy_touchscreen/RTS_ws/install/reachy_touchscreen/lib/python3.8/site-packages:${PYTHONPATH} /usr/bin/python3 setup.py egg_info --egg-base ../../build/reachy_touchscreen build --build-base /home/reachy/reachy_repo/Fall2021/reachy_touchscreen/RTS_ws/build/reachy_touchscreen/build install --prefix /home/reachy/reachy_repo/Fall2021/reachy_touchscreen/RTS_ws/install/reachy_touchscreen --record /home/reachy/reachy_repo/Fall2021/reachy_touchscreen/RTS_ws/build/reachy_touchscreen/install.log --single-version-externally-managed
[0.964s] running egg_info
[0.966s] writing ../../build/reachy_touchscreen/reachy_touchscreen.egg-info/PKG-INFO
[0.966s] writing dependency_links to ../../build/reachy_touchscreen/reachy_touchscreen.egg-info/dependency_links.txt
[0.966s] writing entry points to ../../build/reachy_touchscreen/reachy_touchscreen.egg-info/entry_points.txt
[0.967s] writing requirements to ../../build/reachy_touchscreen/reachy_touchscreen.egg-info/requires.txt
[0.967s] writing top-level names to ../../build/reachy_touchscreen/reachy_touchscreen.egg-info/top_level.txt
[1.017s] reading manifest file '../../build/reachy_touchscreen/reachy_touchscreen.egg-info/SOURCES.txt'
[1.018s] writing manifest file '../../build/reachy_touchscreen/reachy_touchscreen.egg-info/SOURCES.txt'
[1.019s] running build
[1.019s] running build_py
[1.019s] copying reachy_touchscreen/head_following_arm.py -> /home/reachy/reachy_repo/Fall2021/reachy_touchscreen/RTS_ws/build/reachy_touchscreen/build/lib/reachy_touchscreen
[1.019s] copying reachy_touchscreen/screen_touch.py -> /home/reachy/reachy_repo/Fall2021/reachy_touchscreen/RTS_ws/build/reachy_touchscreen/build/lib/reachy_touchscreen
[1.019s] copying reachy_touchscreen/otis_test.py -> /home/reachy/reachy_repo/Fall2021/reachy_touchscreen/RTS_ws/build/reachy_touchscreen/build/lib/reachy_touchscreen
[1.020s] copying reachy_touchscreen/screen_sub.py -> /home/reachy/reachy_repo/Fall2021/reachy_touchscreen/RTS_ws/build/reachy_touchscreen/build/lib/reachy_touchscreen
[1.020s] copying reachy_touchscreen/otis_circle.py -> /home/reachy/reachy_repo/Fall2021/reachy_touchscreen/RTS_ws/build/reachy_touchscreen/build/lib/reachy_touchscreen
[1.020s] copying reachy_touchscreen/screen_processing.py -> /home/reachy/reachy_repo/Fall2021/reachy_touchscreen/RTS_ws/build/reachy_touchscreen/build/lib/reachy_touchscreen
[1.021s] running install
[1.023s] running install_lib
[1.025s] copying /home/reachy/reachy_repo/Fall2021/reachy_touchscreen/RTS_ws/build/reachy_touchscreen/build/lib/reachy_touchscreen/head_following_arm.py -> /home/reachy/reachy_repo/Fall2021/reachy_touchscreen/RTS_ws/install/reachy_touchscreen/lib/python3.8/site-packages/reachy_touchscreen
[1.025s] copying /home/reachy/reachy_repo/Fall2021/reachy_touchscreen/RTS_ws/build/reachy_touchscreen/build/lib/reachy_touchscreen/screen_touch.py -> /home/reachy/reachy_repo/Fall2021/reachy_touchscreen/RTS_ws/install/reachy_touchscreen/lib/python3.8/site-packages/reachy_touchscreen
[1.025s] copying /home/reachy/reachy_repo/Fall2021/reachy_touchscreen/RTS_ws/build/reachy_touchscreen/build/lib/reachy_touchscreen/otis_test.py -> /home/reachy/reachy_repo/Fall2021/reachy_touchscreen/RTS_ws/install/reachy_touchscreen/lib/python3.8/site-packages/reachy_touchscreen
[1.025s] copying /home/reachy/reachy_repo/Fall2021/reachy_touchscreen/RTS_ws/build/reachy_touchscreen/build/lib/reachy_touchscreen/screen_sub.py -> /home/reachy/reachy_repo/Fall2021/reachy_touchscreen/RTS_ws/install/reachy_touchscreen/lib/python3.8/site-packages/reachy_touchscreen
[1.026s] copying /home/reachy/reachy_repo/Fall2021/reachy_touchscreen/RTS_ws/build/reachy_touchscreen/build/lib/reachy_touchscreen/otis_circle.py -> /home/reachy/reachy_repo/Fall2021/reachy_touchscreen/RTS_ws/install/reachy_touchscreen/lib/python3.8/site-packages/reachy_touchscreen
[1.026s] copying /home/reachy/reachy_repo/Fall2021/reachy_touchscreen/RTS_ws/build/reachy_touchscreen/build/lib/reachy_touchscreen/screen_processing.py -> /home/reachy/reachy_repo/Fall2021/reachy_touchscreen/RTS_ws/install/reachy_touchscreen/lib/python3.8/site-packages/reachy_touchscreen
[1.027s] byte-compiling /home/reachy/reachy_repo/Fall2021/reachy_touchscreen/RTS_ws/install/reachy_touchscreen/lib/python3.8/site-packages/reachy_touchscreen/head_following_arm.py to head_following_arm.cpython-38.pyc
[1.030s] byte-compiling /home/reachy/reachy_repo/Fall2021/reachy_touchscreen/RTS_ws/install/reachy_touchscreen/lib/python3.8/site-packages/reachy_touchscreen/screen_touch.py to screen_touch.cpython-38.pyc
[1.030s] byte-compiling /home/reachy/reachy_repo/Fall2021/reachy_touchscreen/RTS_ws/install/reachy_touchscreen/lib/python3.8/site-packages/reachy_touchscreen/otis_test.py to otis_test.cpython-38.pyc
[1.031s] byte-compiling /home/reachy/reachy_repo/Fall2021/reachy_touchscreen/RTS_ws/install/reachy_touchscreen/lib/python3.8/site-packages/reachy_touchscreen/screen_sub.py to screen_sub.cpython-38.pyc
[1.031s] byte-compiling /home/reachy/reachy_repo/Fall2021/reachy_touchscreen/RTS_ws/install/reachy_touchscreen/lib/python3.8/site-packages/reachy_touchscreen/otis_circle.py to otis_circle.cpython-38.pyc
[1.032s] byte-compiling /home/reachy/reachy_repo/Fall2021/reachy_touchscreen/RTS_ws/install/reachy_touchscreen/lib/python3.8/site-packages/reachy_touchscreen/screen_processing.py to screen_processing.cpython-38.pyc
[1.032s]   File "/home/reachy/reachy_repo/Fall2021/reachy_touchscreen/RTS_ws/install/reachy_touchscreen/lib/python3.8/site-packages/reachy_touchscreen/screen_processing.py", line 36
[1.033s]     goal_x_px = #___ ?
[1.033s]                 ^
[1.033s] SyntaxError: invalid syntax
[1.033s] 
[1.033s] running install_data
[1.043s] copying package.xml -> /home/reachy/reachy_repo/Fall2021/reachy_touchscreen/RTS_ws/install/reachy_touchscreen/share/reachy_touchscreen
[1.043s] running install_egg_info
[1.044s] removing '/home/reachy/reachy_repo/Fall2021/reachy_touchscreen/RTS_ws/install/reachy_touchscreen/lib/python3.8/site-packages/reachy_touchscreen-0.0.0-py3.8.egg-info' (and everything under it)
[1.044s] Copying ../../build/reachy_touchscreen/reachy_touchscreen.egg-info to /home/reachy/reachy_repo/Fall2021/reachy_touchscreen/RTS_ws/install/reachy_touchscreen/lib/python3.8/site-packages/reachy_touchscreen-0.0.0-py3.8.egg-info
[1.044s] running install_scripts
[1.068s] Installing listener script to /home/reachy/reachy_repo/Fall2021/reachy_touchscreen/RTS_ws/install/reachy_touchscreen/lib/reachy_touchscreen
[1.076s] Installing talker script to /home/reachy/reachy_repo/Fall2021/reachy_touchscreen/RTS_ws/install/reachy_touchscreen/lib/reachy_touchscreen
[1.077s] writing list of installed files to '/home/reachy/reachy_repo/Fall2021/reachy_touchscreen/RTS_ws/build/reachy_touchscreen/install.log'
[1.113s] Invoked command in '/home/reachy/reachy_repo/Fall2021/reachy_touchscreen/RTS_ws/src/reachy_touchscreen' returned '0': PYTHONPATH=/home/reachy/reachy_repo/Fall2021/reachy_touchscreen/RTS_ws/install/reachy_touchscreen/lib/python3.8/site-packages:${PYTHONPATH} /usr/bin/python3 setup.py egg_info --egg-base ../../build/reachy_touchscreen build --build-base /home/reachy/reachy_repo/Fall2021/reachy_touchscreen/RTS_ws/build/reachy_touchscreen/build install --prefix /home/reachy/reachy_repo/Fall2021/reachy_touchscreen/RTS_ws/install/reachy_touchscreen --record /home/reachy/reachy_repo/Fall2021/reachy_touchscreen/RTS_ws/build/reachy_touchscreen/install.log --single-version-externally-managed
