[0.022s] Invoking command in '/home/reachy/dev_ws/build/turtlesim': CMAKE_PREFIX_PATH=${CMAKE_PREFIX_PATH}:/home/reachy/reachy_ws/install/reachy_sdk_server:/home/reachy/reachy_ws/install/reachy_kinematics:/home/reachy/reachy_ws/install/reachy_controllers:/home/reachy/reachy_ws/install/reachy_focus:/home/reachy/ros_ws/install/ros2_demo_py:/home/reachy/ros_ws/install/joint_state_publisher_gui:/home/reachy/ros_ws/install/joint_state_publisher:/opt/ros/foxy /usr/bin/cmake /home/reachy/dev_ws/src/ros_tutorials/turtlesim -DCMAKE_INSTALL_PREFIX=/home/reachy/dev_ws/install/turtlesim
[0.173s] -- The C compiler identification is GNU 9.3.0
[0.285s] -- The CXX compiler identification is GNU 9.3.0
[0.296s] -- Check for working C compiler: /usr/bin/cc
[0.406s] -- Check for working C compiler: /usr/bin/cc -- works
[0.408s] -- Detecting C compiler ABI info
[0.508s] -- Detecting C compiler ABI info - done
[0.526s] -- Detecting C compile features
[0.528s] -- Detecting C compile features - done
[0.533s] -- Check for working CXX compiler: /usr/bin/c++
[0.658s] -- Check for working CXX compiler: /usr/bin/c++ -- works
[0.660s] -- Detecting CXX compiler ABI info
[0.795s] -- Detecting CXX compiler ABI info - done
[0.808s] -- Detecting CXX compile features
[0.809s] -- Detecting CXX compile features - done
[0.815s] -- Found ament_cmake: 0.9.9 (/opt/ros/foxy/share/ament_cmake/cmake)
[0.878s] -- Found PythonInterp: /usr/bin/python3 (found suitable version "3.8.10", minimum required is "3") 
[0.878s] -- Using PYTHON_EXECUTABLE: /usr/bin/python3
[1.302s] -- Found ament_index_cpp: 1.1.0 (/opt/ros/foxy/share/ament_index_cpp/cmake)
[1.319s] -- Found geometry_msgs: 2.0.4 (/opt/ros/foxy/share/geometry_msgs/cmake)
[1.459s] -- Using all available rosidl_typesupport_c: rosidl_typesupport_fastrtps_c;rosidl_typesupport_introspection_c
[1.488s] -- Found rosidl_adapter: 1.2.1 (/opt/ros/foxy/share/rosidl_adapter/cmake)
[1.752s] -- Found OpenSSL: /usr/lib/x86_64-linux-gnu/libcrypto.so (found version "1.1.1f")  
[1.875s] -- Found FastRTPS: /opt/ros/foxy/include  
[2.049s] -- Using all available rosidl_typesupport_cpp: rosidl_typesupport_fastrtps_cpp;rosidl_typesupport_introspection_cpp
[2.225s] -- Found rclcpp: 2.4.0 (/opt/ros/foxy/share/rclcpp/cmake)
[2.334s] -- Found rmw_implementation_cmake: 1.0.3 (/opt/ros/foxy/share/rmw_implementation_cmake/cmake)
[2.341s] -- Using RMW implementation 'rmw_fastrtps_cpp' as default
[2.345s] -- Looking for pthread.h
[2.551s] -- Looking for pthread.h - found
[2.552s] -- Performing Test CMAKE_HAVE_LIBC_PTHREAD
[2.729s] -- Performing Test CMAKE_HAVE_LIBC_PTHREAD - Failed
[2.730s] -- Looking for pthread_create in pthreads
[2.816s] -- Looking for pthread_create in pthreads - not found
[2.816s] -- Looking for pthread_create in pthread
[2.920s] -- Looking for pthread_create in pthread - found
[2.920s] -- Found Threads: TRUE  
[3.158s] -- Found rclcpp_action: 2.4.0 (/opt/ros/foxy/share/rclcpp_action/cmake)
[3.274s] -- Found rosidl_default_generators: 1.0.1 (/opt/ros/foxy/share/rosidl_default_generators/cmake)
[3.295s] -- Found std_srvs: 2.0.4 (/opt/ros/foxy/share/std_srvs/cmake)
[3.353s] -- Found PythonInterp: /usr/bin/python3 (found version "3.8.10") 
[3.668s] -- Found ament_cmake_ros: 0.9.2 (/opt/ros/foxy/share/ament_cmake_ros/cmake)
[3.977s] -- Using all available rosidl_typesupport_c: rosidl_typesupport_fastrtps_c;rosidl_typesupport_introspection_c
[4.066s] -- Using all available rosidl_typesupport_cpp: rosidl_typesupport_fastrtps_cpp;rosidl_typesupport_introspection_cpp
[4.165s] -- Found PythonInterp: /usr/bin/python3 (found suitable version "3.8.10", minimum required is "3.5") 
[4.169s] -- Found python_cmake_module: 0.8.1 (/opt/ros/foxy/share/python_cmake_module/cmake)
[4.231s] -- Found PythonLibs: /usr/lib/x86_64-linux-gnu/libpython3.8.so (found suitable version "3.8.10", minimum required is "3.5") 
[4.231s] -- Using PYTHON_EXECUTABLE: /usr/bin/python3
[4.232s] -- Using PYTHON_INCLUDE_DIRS: /usr/include/python3.8
[4.232s] -- Using PYTHON_LIBRARIES: /usr/lib/x86_64-linux-gnu/libpython3.8.so
[4.288s] -- Found PythonExtra: .so  
[4.415s] -- Configuring done
[4.545s] -- Generating done
[4.551s] -- Build files have been written to: /home/reachy/dev_ws/build/turtlesim
[4.572s] Invoked command in '/home/reachy/dev_ws/build/turtlesim' returned '0': CMAKE_PREFIX_PATH=${CMAKE_PREFIX_PATH}:/home/reachy/reachy_ws/install/reachy_sdk_server:/home/reachy/reachy_ws/install/reachy_kinematics:/home/reachy/reachy_ws/install/reachy_controllers:/home/reachy/reachy_ws/install/reachy_focus:/home/reachy/ros_ws/install/ros2_demo_py:/home/reachy/ros_ws/install/joint_state_publisher_gui:/home/reachy/ros_ws/install/joint_state_publisher:/opt/ros/foxy /usr/bin/cmake /home/reachy/dev_ws/src/ros_tutorials/turtlesim -DCMAKE_INSTALL_PREFIX=/home/reachy/dev_ws/install/turtlesim
[4.577s] Invoking command in '/home/reachy/dev_ws/build/turtlesim': CMAKE_PREFIX_PATH=${CMAKE_PREFIX_PATH}:/home/reachy/reachy_ws/install/reachy_sdk_server:/home/reachy/reachy_ws/install/reachy_kinematics:/home/reachy/reachy_ws/install/reachy_controllers:/home/reachy/reachy_ws/install/reachy_focus:/home/reachy/ros_ws/install/ros2_demo_py:/home/reachy/ros_ws/install/joint_state_publisher_gui:/home/reachy/ros_ws/install/joint_state_publisher:/opt/ros/foxy /usr/bin/cmake --build /home/reachy/dev_ws/build/turtlesim -- -j4 -l4
[4.647s] [35m[1mScanning dependencies of target turtlesim__cpp[0m
[4.647s] [  1%] [34m[1mGenerating C code for ROS interfaces[0m
[4.669s] [  2%] [34m[1mGenerating C++ code for ROS interfaces[0m
[6.428s] [  2%] Built target turtlesim__cpp
[6.471s] [  3%] [34m[1mGenerating C++ type support dispatch for ROS interfaces[0m
[6.499s] [  4%] [34m[1mGenerating C++ introspection for ROS interfaces[0m
[6.578s] [  5%] [34m[1mGenerating C++ type support for eProsima Fast-RTPS[0m
[6.705s] [35m[1mScanning dependencies of target turtlesim__rosidl_generator_c[0m
[6.797s] [  6%] [32mBuilding C object CMakeFiles/turtlesim__rosidl_generator_c.dir/rosidl_generator_c/turtlesim/action/detail/rotate_absolute__functions.c.o[0m
[7.114s] [  7%] [32mBuilding C object CMakeFiles/turtlesim__rosidl_generator_c.dir/rosidl_generator_c/turtlesim/msg/detail/color__functions.c.o[0m
[7.196s] [  8%] [32mBuilding C object CMakeFiles/turtlesim__rosidl_generator_c.dir/rosidl_generator_c/turtlesim/msg/detail/pose__functions.c.o[0m
[7.278s] [  9%] [32mBuilding C object CMakeFiles/turtlesim__rosidl_generator_c.dir/rosidl_generator_c/turtlesim/srv/detail/kill__functions.c.o[0m
[7.374s] [ 10%] [32mBuilding C object CMakeFiles/turtlesim__rosidl_generator_c.dir/rosidl_generator_c/turtlesim/srv/detail/set_pen__functions.c.o[0m
[7.445s] [ 11%] [32mBuilding C object CMakeFiles/turtlesim__rosidl_generator_c.dir/rosidl_generator_c/turtlesim/srv/detail/spawn__functions.c.o[0m
[7.531s] [ 12%] [32mBuilding C object CMakeFiles/turtlesim__rosidl_generator_c.dir/rosidl_generator_c/turtlesim/srv/detail/teleport_absolute__functions.c.o[0m
[7.637s] [ 13%] [32mBuilding C object CMakeFiles/turtlesim__rosidl_generator_c.dir/rosidl_generator_c/turtlesim/srv/detail/teleport_relative__functions.c.o[0m
[7.785s] [ 14%] [32m[1mLinking C shared library libturtlesim__rosidl_generator_c.so[0m
[7.923s] [ 14%] Built target turtlesim__rosidl_generator_c
[7.964s] [ 15%] [34m[1mGenerating C type support dispatch for ROS interfaces[0m
[8.335s] [35m[1mScanning dependencies of target turtlesim__rosidl_typesupport_cpp[0m
[8.413s] [ 16%] [32mBuilding CXX object CMakeFiles/turtlesim__rosidl_typesupport_cpp.dir/rosidl_typesupport_cpp/turtlesim/action/rotate_absolute__type_support.cpp.o[0m
[8.505s] [35m[1mScanning dependencies of target turtlesim__rosidl_typesupport_introspection_cpp[0m
[8.580s] [ 17%] [32mBuilding CXX object CMakeFiles/turtlesim__rosidl_typesupport_introspection_cpp.dir/rosidl_typesupport_introspection_cpp/turtlesim/action/detail/rotate_absolute__type_support.cpp.o[0m
[8.924s] [35m[1mScanning dependencies of target turtlesim__rosidl_typesupport_fastrtps_cpp[0m
[9.022s] [ 18%] [32mBuilding CXX object CMakeFiles/turtlesim__rosidl_typesupport_fastrtps_cpp.dir/rosidl_typesupport_fastrtps_cpp/turtlesim/action/detail/dds_fastrtps/rotate_absolute__type_support.cpp.o[0m
[9.292s] [ 19%] [32mBuilding CXX object CMakeFiles/turtlesim__rosidl_typesupport_cpp.dir/rosidl_typesupport_cpp/turtlesim/msg/color__type_support.cpp.o[0m
[9.445s] [ 20%] [32mBuilding CXX object CMakeFiles/turtlesim__rosidl_typesupport_introspection_cpp.dir/rosidl_typesupport_introspection_cpp/turtlesim/msg/detail/color__type_support.cpp.o[0m
[9.967s] [35m[1mScanning dependencies of target turtlesim__rosidl_typesupport_c[0m
[10.095s] [ 21%] [32mBuilding CXX object CMakeFiles/turtlesim__rosidl_typesupport_c.dir/rosidl_typesupport_c/turtlesim/action/rotate_absolute__type_support.cpp.o[0m
[10.267s] [ 22%] [32mBuilding CXX object CMakeFiles/turtlesim__rosidl_typesupport_c.dir/rosidl_typesupport_c/turtlesim/msg/color__type_support.cpp.o[0m
[10.360s] [ 23%] [32mBuilding CXX object CMakeFiles/turtlesim__rosidl_typesupport_c.dir/rosidl_typesupport_c/turtlesim/msg/pose__type_support.cpp.o[0m
[10.429s] [ 24%] [32mBuilding CXX object CMakeFiles/turtlesim__rosidl_typesupport_c.dir/rosidl_typesupport_c/turtlesim/srv/kill__type_support.cpp.o[0m
[10.488s] [ 25%] [32mBuilding CXX object CMakeFiles/turtlesim__rosidl_typesupport_cpp.dir/rosidl_typesupport_cpp/turtlesim/msg/pose__type_support.cpp.o[0m
[10.506s] [ 26%] [32mBuilding CXX object CMakeFiles/turtlesim__rosidl_typesupport_introspection_cpp.dir/rosidl_typesupport_introspection_cpp/turtlesim/msg/detail/pose__type_support.cpp.o[0m
[10.516s] [ 27%] [32mBuilding CXX object CMakeFiles/turtlesim__rosidl_typesupport_c.dir/rosidl_typesupport_c/turtlesim/srv/set_pen__type_support.cpp.o[0m
[10.586s] [ 28%] [32mBuilding CXX object CMakeFiles/turtlesim__rosidl_typesupport_c.dir/rosidl_typesupport_c/turtlesim/srv/spawn__type_support.cpp.o[0m
[10.617s] [ 29%] [32mBuilding CXX object CMakeFiles/turtlesim__rosidl_typesupport_fastrtps_cpp.dir/rosidl_typesupport_fastrtps_cpp/turtlesim/msg/detail/dds_fastrtps/color__type_support.cpp.o[0m
[10.640s] [ 30%] [32mBuilding CXX object CMakeFiles/turtlesim__rosidl_typesupport_c.dir/rosidl_typesupport_c/turtlesim/srv/teleport_absolute__type_support.cpp.o[0m
[10.761s] [ 31%] [32mBuilding CXX object CMakeFiles/turtlesim__rosidl_typesupport_c.dir/rosidl_typesupport_c/turtlesim/srv/teleport_relative__type_support.cpp.o[0m
[10.904s] [ 32%] [32m[1mLinking CXX shared library libturtlesim__rosidl_typesupport_c.so[0m
[10.987s] [ 32%] Built target turtlesim__rosidl_typesupport_c
[11.008s] [ 33%] [34m[1mGenerating C introspection for ROS interfaces[0m
[11.518s] [ 34%] [32mBuilding CXX object CMakeFiles/turtlesim__rosidl_typesupport_introspection_cpp.dir/rosidl_typesupport_introspection_cpp/turtlesim/srv/detail/kill__type_support.cpp.o[0m
[11.546s] [ 35%] [32mBuilding CXX object CMakeFiles/turtlesim__rosidl_typesupport_cpp.dir/rosidl_typesupport_cpp/turtlesim/srv/kill__type_support.cpp.o[0m
[11.746s] [ 36%] [32mBuilding CXX object CMakeFiles/turtlesim__rosidl_typesupport_fastrtps_cpp.dir/rosidl_typesupport_fastrtps_cpp/turtlesim/msg/detail/dds_fastrtps/pose__type_support.cpp.o[0m
[12.276s] [ 37%] [32mBuilding CXX object CMakeFiles/turtlesim__rosidl_typesupport_cpp.dir/rosidl_typesupport_cpp/turtlesim/srv/set_pen__type_support.cpp.o[0m
[12.618s] [ 38%] [32mBuilding CXX object CMakeFiles/turtlesim__rosidl_typesupport_introspection_cpp.dir/rosidl_typesupport_introspection_cpp/turtlesim/srv/detail/set_pen__type_support.cpp.o[0m
[13.057s] [ 39%] [32mBuilding CXX object CMakeFiles/turtlesim__rosidl_typesupport_fastrtps_cpp.dir/rosidl_typesupport_fastrtps_cpp/turtlesim/srv/detail/dds_fastrtps/kill__type_support.cpp.o[0m
[13.178s] [ 40%] [32mBuilding CXX object CMakeFiles/turtlesim__rosidl_typesupport_cpp.dir/rosidl_typesupport_cpp/turtlesim/srv/spawn__type_support.cpp.o[0m
[13.922s] [35m[1mScanning dependencies of target turtlesim__rosidl_typesupport_introspection_c[0m
[13.977s] [ 41%] [32mBuilding C object CMakeFiles/turtlesim__rosidl_typesupport_introspection_c.dir/rosidl_typesupport_introspection_c/turtlesim/action/detail/rotate_absolute__type_support.c.o[0m
[14.077s] [ 42%] [32mBuilding CXX object CMakeFiles/turtlesim__rosidl_typesupport_introspection_cpp.dir/rosidl_typesupport_introspection_cpp/turtlesim/srv/detail/spawn__type_support.cpp.o[0m
[14.291s] [ 43%] [32mBuilding C object CMakeFiles/turtlesim__rosidl_typesupport_introspection_c.dir/rosidl_typesupport_introspection_c/turtlesim/msg/detail/color__type_support.c.o[0m
[14.358s] [ 44%] [32mBuilding CXX object CMakeFiles/turtlesim__rosidl_typesupport_cpp.dir/rosidl_typesupport_cpp/turtlesim/srv/teleport_absolute__type_support.cpp.o[0m
[14.462s] [ 45%] [32mBuilding C object CMakeFiles/turtlesim__rosidl_typesupport_introspection_c.dir/rosidl_typesupport_introspection_c/turtlesim/msg/detail/pose__type_support.c.o[0m
[14.656s] [ 46%] [32mBuilding C object CMakeFiles/turtlesim__rosidl_typesupport_introspection_c.dir/rosidl_typesupport_introspection_c/turtlesim/srv/detail/kill__type_support.c.o[0m
[14.862s] [ 47%] [32mBuilding C object CMakeFiles/turtlesim__rosidl_typesupport_introspection_c.dir/rosidl_typesupport_introspection_c/turtlesim/srv/detail/set_pen__type_support.c.o[0m
[14.969s] [ 48%] [32mBuilding CXX object CMakeFiles/turtlesim__rosidl_typesupport_fastrtps_cpp.dir/rosidl_typesupport_fastrtps_cpp/turtlesim/srv/detail/dds_fastrtps/set_pen__type_support.cpp.o[0m
[15.036s] [ 49%] [32mBuilding C object CMakeFiles/turtlesim__rosidl_typesupport_introspection_c.dir/rosidl_typesupport_introspection_c/turtlesim/srv/detail/spawn__type_support.c.o[0m
[15.180s] [ 50%] [32mBuilding C object CMakeFiles/turtlesim__rosidl_typesupport_introspection_c.dir/rosidl_typesupport_introspection_c/turtlesim/srv/detail/teleport_absolute__type_support.c.o[0m
[15.357s] [ 51%] [32mBuilding C object CMakeFiles/turtlesim__rosidl_typesupport_introspection_c.dir/rosidl_typesupport_introspection_c/turtlesim/srv/detail/teleport_relative__type_support.c.o[0m
[15.526s] [ 52%] [32m[1mLinking C shared library libturtlesim__rosidl_typesupport_introspection_c.so[0m
[15.630s] [ 53%] [32mBuilding CXX object CMakeFiles/turtlesim__rosidl_typesupport_introspection_cpp.dir/rosidl_typesupport_introspection_cpp/turtlesim/srv/detail/teleport_absolute__type_support.cpp.o[0m
[15.635s] [ 53%] Built target turtlesim__rosidl_typesupport_introspection_c
[15.670s] [ 54%] [32mBuilding CXX object CMakeFiles/turtlesim__rosidl_typesupport_introspection_cpp.dir/rosidl_typesupport_introspection_cpp/turtlesim/srv/detail/teleport_relative__type_support.cpp.o[0m
[15.698s] [ 55%] [32mBuilding CXX object CMakeFiles/turtlesim__rosidl_typesupport_cpp.dir/rosidl_typesupport_cpp/turtlesim/srv/teleport_relative__type_support.cpp.o[0m
[16.925s] [ 56%] [32mBuilding CXX object CMakeFiles/turtlesim__rosidl_typesupport_fastrtps_cpp.dir/rosidl_typesupport_fastrtps_cpp/turtlesim/srv/detail/dds_fastrtps/spawn__type_support.cpp.o[0m
[16.964s] [ 57%] [32mBuilding CXX object CMakeFiles/turtlesim__rosidl_typesupport_fastrtps_cpp.dir/rosidl_typesupport_fastrtps_cpp/turtlesim/srv/detail/dds_fastrtps/teleport_absolute__type_support.cpp.o[0m
[16.973s] [ 58%] [32m[1mLinking CXX shared library libturtlesim__rosidl_typesupport_cpp.so[0m
[16.998s] [ 59%] [32m[1mLinking CXX shared library libturtlesim__rosidl_typesupport_introspection_cpp.so[0m
[17.118s] [ 59%] Built target turtlesim__rosidl_typesupport_cpp
[17.168s] [ 60%] [32mBuilding CXX object CMakeFiles/turtlesim__rosidl_typesupport_fastrtps_cpp.dir/rosidl_typesupport_fastrtps_cpp/turtlesim/srv/detail/dds_fastrtps/teleport_relative__type_support.cpp.o[0m
[17.478s] [ 60%] Built target turtlesim__rosidl_typesupport_introspection_cpp
[18.989s] [ 61%] [32m[1mLinking CXX shared library libturtlesim__rosidl_typesupport_fastrtps_cpp.so[0m
[19.164s] [ 61%] Built target turtlesim__rosidl_typesupport_fastrtps_cpp
[19.182s] [ 62%] [34m[1mGenerating C type support for eProsima Fast-RTPS[0m
[20.200s] [35m[1mScanning dependencies of target turtlesim__rosidl_typesupport_fastrtps_c[0m
[20.246s] [ 63%] [32mBuilding CXX object CMakeFiles/turtlesim__rosidl_typesupport_fastrtps_c.dir/rosidl_typesupport_fastrtps_c/turtlesim/action/detail/rotate_absolute__type_support_c.cpp.o[0m
[20.251s] [ 65%] [32mBuilding CXX object CMakeFiles/turtlesim__rosidl_typesupport_fastrtps_c.dir/rosidl_typesupport_fastrtps_c/turtlesim/msg/detail/pose__type_support_c.cpp.o[0m
[20.251s] [ 65%] [32mBuilding CXX object CMakeFiles/turtlesim__rosidl_typesupport_fastrtps_c.dir/rosidl_typesupport_fastrtps_c/turtlesim/msg/detail/color__type_support_c.cpp.o[0m
[20.260s] [ 66%] [32mBuilding CXX object CMakeFiles/turtlesim__rosidl_typesupport_fastrtps_c.dir/rosidl_typesupport_fastrtps_c/turtlesim/srv/detail/kill__type_support_c.cpp.o[0m
[21.273s] [ 67%] [32mBuilding CXX object CMakeFiles/turtlesim__rosidl_typesupport_fastrtps_c.dir/rosidl_typesupport_fastrtps_c/turtlesim/srv/detail/set_pen__type_support_c.cpp.o[0m
[21.293s] [ 68%] [32mBuilding CXX object CMakeFiles/turtlesim__rosidl_typesupport_fastrtps_c.dir/rosidl_typesupport_fastrtps_c/turtlesim/srv/detail/spawn__type_support_c.cpp.o[0m
[21.381s] [ 69%] [32mBuilding CXX object CMakeFiles/turtlesim__rosidl_typesupport_fastrtps_c.dir/rosidl_typesupport_fastrtps_c/turtlesim/srv/detail/teleport_absolute__type_support_c.cpp.o[0m
[21.789s] [ 70%] [32mBuilding CXX object CMakeFiles/turtlesim__rosidl_typesupport_fastrtps_c.dir/rosidl_typesupport_fastrtps_c/turtlesim/srv/detail/teleport_relative__type_support_c.cpp.o[0m
[22.747s] [ 71%] [32m[1mLinking CXX shared library libturtlesim__rosidl_typesupport_fastrtps_c.so[0m
[22.913s] [ 71%] Built target turtlesim__rosidl_typesupport_fastrtps_c
[22.929s] [35m[1mScanning dependencies of target turtlesim[0m
[22.946s] [ 71%] Built target turtlesim
[22.966s] [35m[1mScanning dependencies of target mimic[0m
[22.967s] [35m[1mScanning dependencies of target draw_square[0m
[22.968s] [35m[1mScanning dependencies of target turtle_teleop_key[0m
[22.989s] [35m[1mScanning dependencies of target turtlesim__py[0m
[23.014s] [ 72%] [34m[1mGenerating Python code for ROS interfaces[0m
[23.100s] [ 73%] [32mBuilding CXX object CMakeFiles/turtle_teleop_key.dir/tutorials/teleop_turtle_key.cpp.o[0m
[23.117s] [ 74%] [32mBuilding CXX object CMakeFiles/draw_square.dir/tutorials/draw_square.cpp.o[0m
[23.120s] [ 75%] [32mBuilding CXX object CMakeFiles/mimic.dir/tutorials/mimic.cpp.o[0m
[32.499s] [ 75%] Built target turtlesim__py
[32.587s] [ 76%] [34m[1mGenerating include/turtlesim/moc_turtle_frame.cpp[0m
[32.948s] [35m[1mScanning dependencies of target turtlesim_node[0m
[33.360s] [ 77%] [32mBuilding CXX object CMakeFiles/turtlesim_node.dir/src/turtlesim.cpp.o[0m
[39.422s] [ 78%] [32m[1mLinking CXX executable turtle_teleop_key[0m
[40.384s] [ 79%] [32m[1mLinking CXX executable mimic[0m
[41.109s] [ 80%] [32mBuilding CXX object CMakeFiles/turtlesim_node.dir/src/turtle.cpp.o[0m
[41.305s] [ 80%] Built target turtle_teleop_key
[41.935s] [ 80%] Built target mimic
[43.067s] [ 81%] [32m[1mLinking CXX executable draw_square[0m
[43.717s] [ 81%] Built target draw_square
[55.493s] [ 82%] [32mBuilding CXX object CMakeFiles/turtlesim_node.dir/include/turtlesim/moc_turtle_frame.cpp.o[0m
[55.493s] [ 83%] [32mBuilding CXX object CMakeFiles/turtlesim_node.dir/src/turtle_frame.cpp.o[0m
[68.535s] [ 84%] [32m[1mLinking CXX executable turtlesim_node[0m
[71.290s] [ 84%] Built target turtlesim_node
[71.308s] [35m[1mScanning dependencies of target turtlesim__python[0m
[71.376s] [ 86%] [32mBuilding C object CMakeFiles/turtlesim__python.dir/rosidl_generator_py/turtlesim/msg/_color_s.c.o[0m
[71.377s] [ 86%] [32mBuilding C object CMakeFiles/turtlesim__python.dir/rosidl_generator_py/turtlesim/action/_rotate_absolute_s.c.o[0m
[71.501s] [ 87%] [32mBuilding C object CMakeFiles/turtlesim__python.dir/rosidl_generator_py/turtlesim/srv/_kill_s.c.o[0m
[71.577s] [ 88%] [32mBuilding C object CMakeFiles/turtlesim__python.dir/rosidl_generator_py/turtlesim/srv/_set_pen_s.c.o[0m
[71.632s] [ 89%] [32mBuilding C object CMakeFiles/turtlesim__python.dir/rosidl_generator_py/turtlesim/srv/_spawn_s.c.o[0m
[71.723s] [ 90%] [32mBuilding C object CMakeFiles/turtlesim__python.dir/rosidl_generator_py/turtlesim/srv/_teleport_absolute_s.c.o[0m
[71.786s] [ 91%] [32mBuilding C object CMakeFiles/turtlesim__python.dir/rosidl_generator_py/turtlesim/srv/_teleport_relative_s.c.o[0m
[71.866s] [ 92%] [32mBuilding C object CMakeFiles/turtlesim__python.dir/rosidl_generator_py/turtlesim/msg/_pose_s.c.o[0m
[71.996s] [ 93%] [32m[1mLinking C shared library rosidl_generator_py/turtlesim/libturtlesim__python.so[0m
[72.059s] [ 93%] Built target turtlesim__python
[72.073s] [35m[1mScanning dependencies of target turtlesim__rosidl_typesupport_fastrtps_c__pyext[0m
[72.076s] [35m[1mScanning dependencies of target turtlesim__rosidl_typesupport_introspection_c__pyext[0m
[72.113s] [ 94%] [32mBuilding C object CMakeFiles/turtlesim__rosidl_typesupport_fastrtps_c__pyext.dir/rosidl_generator_py/turtlesim/_turtlesim_s.ep.rosidl_typesupport_fastrtps_c.c.o[0m
[72.115s] [ 95%] [32mBuilding C object CMakeFiles/turtlesim__rosidl_typesupport_introspection_c__pyext.dir/rosidl_generator_py/turtlesim/_turtlesim_s.ep.rosidl_typesupport_introspection_c.c.o[0m
[72.342s] [ 96%] [32m[1mLinking C shared library rosidl_generator_py/turtlesim/turtlesim_s__rosidl_typesupport_introspection_c.cpython-38-x86_64-linux-gnu.so[0m
[72.373s] [ 97%] [32m[1mLinking CXX shared library rosidl_generator_py/turtlesim/turtlesim_s__rosidl_typesupport_fastrtps_c.cpython-38-x86_64-linux-gnu.so[0m
[72.397s] [ 97%] Built target turtlesim__rosidl_typesupport_introspection_c__pyext
[72.422s] [35m[1mScanning dependencies of target turtlesim__rosidl_typesupport_c__pyext[0m
[72.457s] [ 98%] [32mBuilding C object CMakeFiles/turtlesim__rosidl_typesupport_c__pyext.dir/rosidl_generator_py/turtlesim/_turtlesim_s.ep.rosidl_typesupport_c.c.o[0m
[72.494s] [ 98%] Built target turtlesim__rosidl_typesupport_fastrtps_c__pyext
[72.653s] [100%] [32m[1mLinking C shared library rosidl_generator_py/turtlesim/turtlesim_s__rosidl_typesupport_c.cpython-38-x86_64-linux-gnu.so[0m
[72.700s] [100%] Built target turtlesim__rosidl_typesupport_c__pyext
[72.716s] Invoked command in '/home/reachy/dev_ws/build/turtlesim' returned '0': CMAKE_PREFIX_PATH=${CMAKE_PREFIX_PATH}:/home/reachy/reachy_ws/install/reachy_sdk_server:/home/reachy/reachy_ws/install/reachy_kinematics:/home/reachy/reachy_ws/install/reachy_controllers:/home/reachy/reachy_ws/install/reachy_focus:/home/reachy/ros_ws/install/ros2_demo_py:/home/reachy/ros_ws/install/joint_state_publisher_gui:/home/reachy/ros_ws/install/joint_state_publisher:/opt/ros/foxy /usr/bin/cmake --build /home/reachy/dev_ws/build/turtlesim -- -j4 -l4
[72.907s] Invoking command in '/home/reachy/dev_ws/build/turtlesim': CMAKE_PREFIX_PATH=${CMAKE_PREFIX_PATH}:/home/reachy/reachy_ws/install/reachy_sdk_server:/home/reachy/reachy_ws/install/reachy_kinematics:/home/reachy/reachy_ws/install/reachy_controllers:/home/reachy/reachy_ws/install/reachy_focus:/home/reachy/ros_ws/install/ros2_demo_py:/home/reachy/ros_ws/install/joint_state_publisher_gui:/home/reachy/ros_ws/install/joint_state_publisher:/opt/ros/foxy /usr/bin/cmake --install /home/reachy/dev_ws/build/turtlesim
[72.919s] -- Install configuration: ""
[72.919s] -- Installing: /home/reachy/dev_ws/install/turtlesim/share/ament_index/resource_index/rosidl_interfaces/turtlesim
[72.919s] -- Installing: /home/reachy/dev_ws/install/turtlesim/include/turtlesim
[72.920s] -- Installing: /home/reachy/dev_ws/install/turtlesim/include/turtlesim/msg
[72.920s] -- Installing: /home/reachy/dev_ws/install/turtlesim/include/turtlesim/msg/color.h
[72.920s] -- Installing: /home/reachy/dev_ws/install/turtlesim/include/turtlesim/msg/rosidl_generator_c__visibility_control.h
[72.920s] -- Installing: /home/reachy/dev_ws/install/turtlesim/include/turtlesim/msg/pose.h
[72.920s] -- Installing: /home/reachy/dev_ws/install/turtlesim/include/turtlesim/msg/detail
[72.920s] -- Installing: /home/reachy/dev_ws/install/turtlesim/include/turtlesim/msg/detail/pose__functions.c
[72.920s] -- Installing: /home/reachy/dev_ws/install/turtlesim/include/turtlesim/msg/detail/pose__functions.h
[72.920s] -- Installing: /home/reachy/dev_ws/install/turtlesim/include/turtlesim/msg/detail/color__functions.c
[72.920s] -- Installing: /home/reachy/dev_ws/install/turtlesim/include/turtlesim/msg/detail/pose__type_support.h
[72.921s] -- Installing: /home/reachy/dev_ws/install/turtlesim/include/turtlesim/msg/detail/color__struct.h
[72.921s] -- Installing: /home/reachy/dev_ws/install/turtlesim/include/turtlesim/msg/detail/color__type_support.h
[72.921s] -- Installing: /home/reachy/dev_ws/install/turtlesim/include/turtlesim/msg/detail/pose__struct.h
[72.921s] -- Installing: /home/reachy/dev_ws/install/turtlesim/include/turtlesim/msg/detail/color__functions.h
[72.921s] -- Installing: /home/reachy/dev_ws/install/turtlesim/include/turtlesim/action
[72.921s] -- Installing: /home/reachy/dev_ws/install/turtlesim/include/turtlesim/action/rotate_absolute.h
[72.921s] -- Installing: /home/reachy/dev_ws/install/turtlesim/include/turtlesim/action/detail
[72.922s] -- Installing: /home/reachy/dev_ws/install/turtlesim/include/turtlesim/action/detail/rotate_absolute__functions.c
[72.922s] -- Installing: /home/reachy/dev_ws/install/turtlesim/include/turtlesim/action/detail/rotate_absolute__type_support.h
[72.922s] -- Installing: /home/reachy/dev_ws/install/turtlesim/include/turtlesim/action/detail/rotate_absolute__functions.h
[72.923s] -- Installing: /home/reachy/dev_ws/install/turtlesim/include/turtlesim/action/detail/rotate_absolute__struct.h
[72.923s] -- Installing: /home/reachy/dev_ws/install/turtlesim/include/turtlesim/srv
[72.923s] -- Installing: /home/reachy/dev_ws/install/turtlesim/include/turtlesim/srv/kill.h
[72.923s] -- Installing: /home/reachy/dev_ws/install/turtlesim/include/turtlesim/srv/spawn.h
[72.923s] -- Installing: /home/reachy/dev_ws/install/turtlesim/include/turtlesim/srv/teleport_absolute.h
[72.923s] -- Installing: /home/reachy/dev_ws/install/turtlesim/include/turtlesim/srv/teleport_relative.h
[72.923s] -- Installing: /home/reachy/dev_ws/install/turtlesim/include/turtlesim/srv/detail
[72.923s] -- Installing: /home/reachy/dev_ws/install/turtlesim/include/turtlesim/srv/detail/set_pen__struct.h
[72.924s] -- Installing: /home/reachy/dev_ws/install/turtlesim/include/turtlesim/srv/detail/kill__functions.c
[72.924s] -- Installing: /home/reachy/dev_ws/install/turtlesim/include/turtlesim/srv/detail/teleport_absolute__functions.c
[72.924s] -- Installing: /home/reachy/dev_ws/install/turtlesim/include/turtlesim/srv/detail/teleport_relative__type_support.h
[72.924s] -- Installing: /home/reachy/dev_ws/install/turtlesim/include/turtlesim/srv/detail/teleport_absolute__functions.h
[72.924s] -- Installing: /home/reachy/dev_ws/install/turtlesim/include/turtlesim/srv/detail/spawn__functions.h
[72.924s] -- Installing: /home/reachy/dev_ws/install/turtlesim/include/turtlesim/srv/detail/set_pen__type_support.h
[72.924s] -- Installing: /home/reachy/dev_ws/install/turtlesim/include/turtlesim/srv/detail/teleport_relative__functions.c
[72.924s] -- Installing: /home/reachy/dev_ws/install/turtlesim/include/turtlesim/srv/detail/spawn__struct.h
[72.924s] -- Installing: /home/reachy/dev_ws/install/turtlesim/include/turtlesim/srv/detail/teleport_absolute__struct.h
[72.925s] -- Installing: /home/reachy/dev_ws/install/turtlesim/include/turtlesim/srv/detail/teleport_relative__functions.h
[72.925s] -- Installing: /home/reachy/dev_ws/install/turtlesim/include/turtlesim/srv/detail/set_pen__functions.c
[72.925s] -- Installing: /home/reachy/dev_ws/install/turtlesim/include/turtlesim/srv/detail/spawn__functions.c
[72.925s] -- Installing: /home/reachy/dev_ws/install/turtlesim/include/turtlesim/srv/detail/kill__functions.h
[72.925s] -- Installing: /home/reachy/dev_ws/install/turtlesim/include/turtlesim/srv/detail/kill__type_support.h
[72.925s] -- Installing: /home/reachy/dev_ws/install/turtlesim/include/turtlesim/srv/detail/spawn__type_support.h
[72.925s] -- Installing: /home/reachy/dev_ws/install/turtlesim/include/turtlesim/srv/detail/teleport_relative__struct.h
[72.926s] -- Installing: /home/reachy/dev_ws/install/turtlesim/include/turtlesim/srv/detail/kill__struct.h
[72.926s] -- Installing: /home/reachy/dev_ws/install/turtlesim/include/turtlesim/srv/detail/teleport_absolute__type_support.h
[72.926s] -- Installing: /home/reachy/dev_ws/install/turtlesim/include/turtlesim/srv/detail/set_pen__functions.h
[72.926s] -- Installing: /home/reachy/dev_ws/install/turtlesim/include/turtlesim/srv/set_pen.h
[72.926s] -- Installing: /home/reachy/dev_ws/install/turtlesim/share/turtlesim/environment/library_path.sh
[72.926s] -- Installing: /home/reachy/dev_ws/install/turtlesim/share/turtlesim/environment/library_path.dsv
[72.926s] -- Installing: /home/reachy/dev_ws/install/turtlesim/lib/libturtlesim__rosidl_generator_c.so
[72.926s] -- Set runtime path of "/home/reachy/dev_ws/install/turtlesim/lib/libturtlesim__rosidl_generator_c.so" to ""
[72.927s] -- Up-to-date: /home/reachy/dev_ws/install/turtlesim/include/turtlesim
[72.927s] -- Up-to-date: /home/reachy/dev_ws/install/turtlesim/include/turtlesim/msg
[72.927s] -- Up-to-date: /home/reachy/dev_ws/install/turtlesim/include/turtlesim/msg/detail
[72.927s] -- Installing: /home/reachy/dev_ws/install/turtlesim/include/turtlesim/msg/detail/color__rosidl_typesupport_fastrtps_c.h
[72.927s] -- Installing: /home/reachy/dev_ws/install/turtlesim/include/turtlesim/msg/detail/pose__rosidl_typesupport_fastrtps_c.h
[72.927s] -- Installing: /home/reachy/dev_ws/install/turtlesim/include/turtlesim/msg/rosidl_typesupport_fastrtps_c__visibility_control.h
[72.927s] -- Up-to-date: /home/reachy/dev_ws/install/turtlesim/include/turtlesim/action
[72.927s] -- Up-to-date: /home/reachy/dev_ws/install/turtlesim/include/turtlesim/action/detail
[72.927s] -- Installing: /home/reachy/dev_ws/install/turtlesim/include/turtlesim/action/detail/rotate_absolute__rosidl_typesupport_fastrtps_c.h
[72.928s] -- Up-to-date: /home/reachy/dev_ws/install/turtlesim/include/turtlesim/srv
[72.928s] -- Up-to-date: /home/reachy/dev_ws/install/turtlesim/include/turtlesim/srv/detail
[72.928s] -- Installing: /home/reachy/dev_ws/install/turtlesim/include/turtlesim/srv/detail/kill__rosidl_typesupport_fastrtps_c.h
[72.928s] -- Installing: /home/reachy/dev_ws/install/turtlesim/include/turtlesim/srv/detail/set_pen__rosidl_typesupport_fastrtps_c.h
[72.928s] -- Installing: /home/reachy/dev_ws/install/turtlesim/include/turtlesim/srv/detail/teleport_relative__rosidl_typesupport_fastrtps_c.h
[72.928s] -- Installing: /home/reachy/dev_ws/install/turtlesim/include/turtlesim/srv/detail/teleport_absolute__rosidl_typesupport_fastrtps_c.h
[72.928s] -- Installing: /home/reachy/dev_ws/install/turtlesim/include/turtlesim/srv/detail/spawn__rosidl_typesupport_fastrtps_c.h
[72.928s] -- Installing: /home/reachy/dev_ws/install/turtlesim/lib/libturtlesim__rosidl_typesupport_fastrtps_c.so
[72.928s] -- Set runtime path of "/home/reachy/dev_ws/install/turtlesim/lib/libturtlesim__rosidl_typesupport_fastrtps_c.so" to ""
[72.929s] -- Up-to-date: /home/reachy/dev_ws/install/turtlesim/include/turtlesim
[72.929s] -- Up-to-date: /home/reachy/dev_ws/install/turtlesim/include/turtlesim/msg
[72.929s] -- Installing: /home/reachy/dev_ws/install/turtlesim/include/turtlesim/msg/rosidl_typesupport_fastrtps_cpp__visibility_control.h
[72.929s] -- Up-to-date: /home/reachy/dev_ws/install/turtlesim/include/turtlesim/msg/detail
[72.929s] -- Installing: /home/reachy/dev_ws/install/turtlesim/include/turtlesim/msg/detail/pose__rosidl_typesupport_fastrtps_cpp.hpp
[72.929s] -- Installing: /home/reachy/dev_ws/install/turtlesim/include/turtlesim/msg/detail/color__rosidl_typesupport_fastrtps_cpp.hpp
[72.930s] -- Installing: /home/reachy/dev_ws/install/turtlesim/include/turtlesim/msg/detail/dds_fastrtps
[72.930s] -- Up-to-date: /home/reachy/dev_ws/install/turtlesim/include/turtlesim/action
[72.930s] -- Up-to-date: /home/reachy/dev_ws/install/turtlesim/include/turtlesim/action/detail
[72.930s] -- Installing: /home/reachy/dev_ws/install/turtlesim/include/turtlesim/action/detail/dds_fastrtps
[72.930s] -- Installing: /home/reachy/dev_ws/install/turtlesim/include/turtlesim/action/detail/rotate_absolute__rosidl_typesupport_fastrtps_cpp.hpp
[72.930s] -- Up-to-date: /home/reachy/dev_ws/install/turtlesim/include/turtlesim/srv
[72.930s] -- Up-to-date: /home/reachy/dev_ws/install/turtlesim/include/turtlesim/srv/detail
[72.930s] -- Installing: /home/reachy/dev_ws/install/turtlesim/include/turtlesim/srv/detail/teleport_relative__rosidl_typesupport_fastrtps_cpp.hpp
[72.930s] -- Installing: /home/reachy/dev_ws/install/turtlesim/include/turtlesim/srv/detail/kill__rosidl_typesupport_fastrtps_cpp.hpp
[72.930s] -- Installing: /home/reachy/dev_ws/install/turtlesim/include/turtlesim/srv/detail/teleport_absolute__rosidl_typesupport_fastrtps_cpp.hpp
[72.930s] -- Installing: /home/reachy/dev_ws/install/turtlesim/include/turtlesim/srv/detail/set_pen__rosidl_typesupport_fastrtps_cpp.hpp
[72.931s] -- Installing: /home/reachy/dev_ws/install/turtlesim/include/turtlesim/srv/detail/dds_fastrtps
[72.932s] -- Installing: /home/reachy/dev_ws/install/turtlesim/include/turtlesim/srv/detail/spawn__rosidl_typesupport_fastrtps_cpp.hpp
[72.932s] -- Installing: /home/reachy/dev_ws/install/turtlesim/lib/libturtlesim__rosidl_typesupport_fastrtps_cpp.so
[72.932s] -- Set runtime path of "/home/reachy/dev_ws/install/turtlesim/lib/libturtlesim__rosidl_typesupport_fastrtps_cpp.so" to ""
[72.932s] -- Up-to-date: /home/reachy/dev_ws/install/turtlesim/include/turtlesim
[72.933s] -- Up-to-date: /home/reachy/dev_ws/install/turtlesim/include/turtlesim/msg
[72.933s] -- Installing: /home/reachy/dev_ws/install/turtlesim/include/turtlesim/msg/rosidl_typesupport_introspection_c__visibility_control.h
[72.933s] -- Up-to-date: /home/reachy/dev_ws/install/turtlesim/include/turtlesim/msg/detail
[72.933s] -- Installing: /home/reachy/dev_ws/install/turtlesim/include/turtlesim/msg/detail/color__type_support.c
[72.933s] -- Installing: /home/reachy/dev_ws/install/turtlesim/include/turtlesim/msg/detail/pose__type_support.c
[72.933s] -- Installing: /home/reachy/dev_ws/install/turtlesim/include/turtlesim/msg/detail/color__rosidl_typesupport_introspection_c.h
[72.933s] -- Installing: /home/reachy/dev_ws/install/turtlesim/include/turtlesim/msg/detail/pose__rosidl_typesupport_introspection_c.h
[72.934s] -- Up-to-date: /home/reachy/dev_ws/install/turtlesim/include/turtlesim/action
[72.934s] -- Up-to-date: /home/reachy/dev_ws/install/turtlesim/include/turtlesim/action/detail
[72.934s] -- Installing: /home/reachy/dev_ws/install/turtlesim/include/turtlesim/action/detail/rotate_absolute__rosidl_typesupport_introspection_c.h
[72.934s] -- Installing: /home/reachy/dev_ws/install/turtlesim/include/turtlesim/action/detail/rotate_absolute__type_support.c
[72.934s] -- Up-to-date: /home/reachy/dev_ws/install/turtlesim/include/turtlesim/srv
[72.934s] -- Up-to-date: /home/reachy/dev_ws/install/turtlesim/include/turtlesim/srv/detail
[72.934s] -- Installing: /home/reachy/dev_ws/install/turtlesim/include/turtlesim/srv/detail/set_pen__type_support.c
[72.934s] -- Installing: /home/reachy/dev_ws/install/turtlesim/include/turtlesim/srv/detail/teleport_absolute__type_support.c
[72.934s] -- Installing: /home/reachy/dev_ws/install/turtlesim/include/turtlesim/srv/detail/teleport_absolute__rosidl_typesupport_introspection_c.h
[72.935s] -- Installing: /home/reachy/dev_ws/install/turtlesim/include/turtlesim/srv/detail/set_pen__rosidl_typesupport_introspection_c.h
[72.935s] -- Installing: /home/reachy/dev_ws/install/turtlesim/include/turtlesim/srv/detail/kill__type_support.c
[72.935s] -- Installing: /home/reachy/dev_ws/install/turtlesim/include/turtlesim/srv/detail/spawn__type_support.c
[72.935s] -- Installing: /home/reachy/dev_ws/install/turtlesim/include/turtlesim/srv/detail/spawn__rosidl_typesupport_introspection_c.h
[72.935s] -- Installing: /home/reachy/dev_ws/install/turtlesim/include/turtlesim/srv/detail/kill__rosidl_typesupport_introspection_c.h
[72.935s] -- Installing: /home/reachy/dev_ws/install/turtlesim/include/turtlesim/srv/detail/teleport_relative__rosidl_typesupport_introspection_c.h
[72.935s] -- Installing: /home/reachy/dev_ws/install/turtlesim/include/turtlesim/srv/detail/teleport_relative__type_support.c
[72.935s] -- Installing: /home/reachy/dev_ws/install/turtlesim/lib/libturtlesim__rosidl_typesupport_introspection_c.so
[72.935s] -- Set runtime path of "/home/reachy/dev_ws/install/turtlesim/lib/libturtlesim__rosidl_typesupport_introspection_c.so" to ""
[72.936s] -- Installing: /home/reachy/dev_ws/install/turtlesim/lib/libturtlesim__rosidl_typesupport_c.so
[72.936s] -- Set runtime path of "/home/reachy/dev_ws/install/turtlesim/lib/libturtlesim__rosidl_typesupport_c.so" to ""
[72.936s] -- Up-to-date: /home/reachy/dev_ws/install/turtlesim/include/turtlesim
[72.936s] -- Up-to-date: /home/reachy/dev_ws/install/turtlesim/include/turtlesim/msg
[72.936s] -- Installing: /home/reachy/dev_ws/install/turtlesim/include/turtlesim/msg/color.hpp
[72.936s] -- Installing: /home/reachy/dev_ws/install/turtlesim/include/turtlesim/msg/pose.hpp
[72.936s] -- Up-to-date: /home/reachy/dev_ws/install/turtlesim/include/turtlesim/msg/detail
[72.937s] -- Installing: /home/reachy/dev_ws/install/turtlesim/include/turtlesim/msg/detail/color__struct.hpp
[72.937s] -- Installing: /home/reachy/dev_ws/install/turtlesim/include/turtlesim/msg/detail/pose__traits.hpp
[72.937s] -- Installing: /home/reachy/dev_ws/install/turtlesim/include/turtlesim/msg/detail/pose__builder.hpp
[72.937s] -- Installing: /home/reachy/dev_ws/install/turtlesim/include/turtlesim/msg/detail/color__builder.hpp
[72.937s] -- Installing: /home/reachy/dev_ws/install/turtlesim/include/turtlesim/msg/detail/pose__struct.hpp
[72.937s] -- Installing: /home/reachy/dev_ws/install/turtlesim/include/turtlesim/msg/detail/color__traits.hpp
[72.938s] -- Up-to-date: /home/reachy/dev_ws/install/turtlesim/include/turtlesim/action
[72.938s] -- Up-to-date: /home/reachy/dev_ws/install/turtlesim/include/turtlesim/action/detail
[72.938s] -- Installing: /home/reachy/dev_ws/install/turtlesim/include/turtlesim/action/detail/rotate_absolute__builder.hpp
[72.938s] -- Installing: /home/reachy/dev_ws/install/turtlesim/include/turtlesim/action/detail/rotate_absolute__traits.hpp
[72.938s] -- Installing: /home/reachy/dev_ws/install/turtlesim/include/turtlesim/action/detail/rotate_absolute__struct.hpp
[72.938s] -- Installing: /home/reachy/dev_ws/install/turtlesim/include/turtlesim/action/rotate_absolute.hpp
[72.938s] -- Up-to-date: /home/reachy/dev_ws/install/turtlesim/include/turtlesim/srv
[72.939s] -- Installing: /home/reachy/dev_ws/install/turtlesim/include/turtlesim/srv/kill.hpp
[72.939s] -- Installing: /home/reachy/dev_ws/install/turtlesim/include/turtlesim/srv/teleport_absolute.hpp
[72.939s] -- Installing: /home/reachy/dev_ws/install/turtlesim/include/turtlesim/srv/set_pen.hpp
[72.939s] -- Installing: /home/reachy/dev_ws/install/turtlesim/include/turtlesim/srv/teleport_relative.hpp
[72.939s] -- Up-to-date: /home/reachy/dev_ws/install/turtlesim/include/turtlesim/srv/detail
[72.939s] -- Installing: /home/reachy/dev_ws/install/turtlesim/include/turtlesim/srv/detail/teleport_relative__traits.hpp
[72.939s] -- Installing: /home/reachy/dev_ws/install/turtlesim/include/turtlesim/srv/detail/teleport_relative__struct.hpp
[72.939s] -- Installing: /home/reachy/dev_ws/install/turtlesim/include/turtlesim/srv/detail/teleport_relative__builder.hpp
[72.939s] -- Installing: /home/reachy/dev_ws/install/turtlesim/include/turtlesim/srv/detail/set_pen__struct.hpp
[72.940s] -- Installing: /home/reachy/dev_ws/install/turtlesim/include/turtlesim/srv/detail/teleport_absolute__struct.hpp
[72.940s] -- Installing: /home/reachy/dev_ws/install/turtlesim/include/turtlesim/srv/detail/teleport_absolute__builder.hpp
[72.940s] -- Installing: /home/reachy/dev_ws/install/turtlesim/include/turtlesim/srv/detail/kill__traits.hpp
[72.940s] -- Installing: /home/reachy/dev_ws/install/turtlesim/include/turtlesim/srv/detail/kill__builder.hpp
[72.940s] -- Installing: /home/reachy/dev_ws/install/turtlesim/include/turtlesim/srv/detail/spawn__traits.hpp
[72.940s] -- Installing: /home/reachy/dev_ws/install/turtlesim/include/turtlesim/srv/detail/teleport_absolute__traits.hpp
[72.940s] -- Installing: /home/reachy/dev_ws/install/turtlesim/include/turtlesim/srv/detail/spawn__struct.hpp
[72.940s] -- Installing: /home/reachy/dev_ws/install/turtlesim/include/turtlesim/srv/detail/kill__struct.hpp
[72.940s] -- Installing: /home/reachy/dev_ws/install/turtlesim/include/turtlesim/srv/detail/set_pen__builder.hpp
[72.941s] -- Installing: /home/reachy/dev_ws/install/turtlesim/include/turtlesim/srv/detail/spawn__builder.hpp
[72.942s] -- Installing: /home/reachy/dev_ws/install/turtlesim/include/turtlesim/srv/detail/set_pen__traits.hpp
[72.942s] -- Installing: /home/reachy/dev_ws/install/turtlesim/include/turtlesim/srv/spawn.hpp
[72.942s] -- Up-to-date: /home/reachy/dev_ws/install/turtlesim/include/turtlesim
[72.942s] -- Up-to-date: /home/reachy/dev_ws/install/turtlesim/include/turtlesim/msg
[72.943s] -- Up-to-date: /home/reachy/dev_ws/install/turtlesim/include/turtlesim/msg/detail
[72.943s] -- Installing: /home/reachy/dev_ws/install/turtlesim/include/turtlesim/msg/detail/color__rosidl_typesupport_introspection_cpp.hpp
[72.944s] -- Installing: /home/reachy/dev_ws/install/turtlesim/include/turtlesim/msg/detail/color__type_support.cpp
[72.944s] -- Installing: /home/reachy/dev_ws/install/turtlesim/include/turtlesim/msg/detail/pose__rosidl_typesupport_introspection_cpp.hpp
[72.944s] -- Installing: /home/reachy/dev_ws/install/turtlesim/include/turtlesim/msg/detail/pose__type_support.cpp
[72.944s] -- Up-to-date: /home/reachy/dev_ws/install/turtlesim/include/turtlesim/action
[72.944s] -- Up-to-date: /home/reachy/dev_ws/install/turtlesim/include/turtlesim/action/detail
[72.944s] -- Installing: /home/reachy/dev_ws/install/turtlesim/include/turtlesim/action/detail/rotate_absolute__rosidl_typesupport_introspection_cpp.hpp
[72.944s] -- Installing: /home/reachy/dev_ws/install/turtlesim/include/turtlesim/action/detail/rotate_absolute__type_support.cpp
[72.944s] -- Up-to-date: /home/reachy/dev_ws/install/turtlesim/include/turtlesim/srv
[72.944s] -- Up-to-date: /home/reachy/dev_ws/install/turtlesim/include/turtlesim/srv/detail
[72.945s] -- Installing: /home/reachy/dev_ws/install/turtlesim/include/turtlesim/srv/detail/teleport_relative__rosidl_typesupport_introspection_cpp.hpp
[72.945s] -- Installing: /home/reachy/dev_ws/install/turtlesim/include/turtlesim/srv/detail/kill__rosidl_typesupport_introspection_cpp.hpp
[72.945s] -- Installing: /home/reachy/dev_ws/install/turtlesim/include/turtlesim/srv/detail/spawn__type_support.cpp
[72.945s] -- Installing: /home/reachy/dev_ws/install/turtlesim/include/turtlesim/srv/detail/set_pen__type_support.cpp
[72.945s] -- Installing: /home/reachy/dev_ws/install/turtlesim/include/turtlesim/srv/detail/teleport_absolute__type_support.cpp
[72.945s] -- Installing: /home/reachy/dev_ws/install/turtlesim/include/turtlesim/srv/detail/teleport_relative__type_support.cpp
[72.945s] -- Installing: /home/reachy/dev_ws/install/turtlesim/include/turtlesim/srv/detail/set_pen__rosidl_typesupport_introspection_cpp.hpp
[72.945s] -- Installing: /home/reachy/dev_ws/install/turtlesim/include/turtlesim/srv/detail/teleport_absolute__rosidl_typesupport_introspection_cpp.hpp
[72.945s] -- Installing: /home/reachy/dev_ws/install/turtlesim/include/turtlesim/srv/detail/kill__type_support.cpp
[72.946s] -- Installing: /home/reachy/dev_ws/install/turtlesim/include/turtlesim/srv/detail/spawn__rosidl_typesupport_introspection_cpp.hpp
[72.946s] -- Installing: /home/reachy/dev_ws/install/turtlesim/lib/libturtlesim__rosidl_typesupport_introspection_cpp.so
[72.946s] -- Set runtime path of "/home/reachy/dev_ws/install/turtlesim/lib/libturtlesim__rosidl_typesupport_introspection_cpp.so" to ""
[72.946s] -- Installing: /home/reachy/dev_ws/install/turtlesim/lib/libturtlesim__rosidl_typesupport_cpp.so
[72.946s] -- Set runtime path of "/home/reachy/dev_ws/install/turtlesim/lib/libturtlesim__rosidl_typesupport_cpp.so" to ""
[72.946s] -- Installing: /home/reachy/dev_ws/install/turtlesim/share/turtlesim/environment/pythonpath.sh
[72.946s] -- Installing: /home/reachy/dev_ws/install/turtlesim/share/turtlesim/environment/pythonpath.dsv
[72.946s] -- Installing: /home/reachy/dev_ws/install/turtlesim/lib/python3.8/site-packages/turtlesim/__init__.py
[72.988s] Compiling '/home/reachy/dev_ws/install/turtlesim/lib/python3.8/site-packages/turtlesim/__init__.py'...
[72.994s] -- Installing: /home/reachy/dev_ws/install/turtlesim/lib/python3.8/site-packages/turtlesim/action
[72.994s] -- Installing: /home/reachy/dev_ws/install/turtlesim/lib/python3.8/site-packages/turtlesim/action/_rotate_absolute.py
[72.994s] -- Installing: /home/reachy/dev_ws/install/turtlesim/lib/python3.8/site-packages/turtlesim/action/__init__.py
[72.994s] -- Installing: /home/reachy/dev_ws/install/turtlesim/lib/python3.8/site-packages/turtlesim/action/_rotate_absolute_s.c
[72.995s] -- Installing: /home/reachy/dev_ws/install/turtlesim/lib/python3.8/site-packages/turtlesim/msg
[72.995s] -- Installing: /home/reachy/dev_ws/install/turtlesim/lib/python3.8/site-packages/turtlesim/msg/_pose.py
[72.995s] -- Installing: /home/reachy/dev_ws/install/turtlesim/lib/python3.8/site-packages/turtlesim/msg/__init__.py
[72.995s] -- Installing: /home/reachy/dev_ws/install/turtlesim/lib/python3.8/site-packages/turtlesim/msg/_pose_s.c
[72.995s] -- Installing: /home/reachy/dev_ws/install/turtlesim/lib/python3.8/site-packages/turtlesim/msg/_color.py
[72.995s] -- Installing: /home/reachy/dev_ws/install/turtlesim/lib/python3.8/site-packages/turtlesim/msg/_color_s.c
[72.995s] -- Installing: /home/reachy/dev_ws/install/turtlesim/lib/python3.8/site-packages/turtlesim/srv
[72.995s] -- Installing: /home/reachy/dev_ws/install/turtlesim/lib/python3.8/site-packages/turtlesim/srv/_kill.py
[72.996s] -- Installing: /home/reachy/dev_ws/install/turtlesim/lib/python3.8/site-packages/turtlesim/srv/_set_pen.py
[72.996s] -- Installing: /home/reachy/dev_ws/install/turtlesim/lib/python3.8/site-packages/turtlesim/srv/_spawn.py
[72.996s] -- Installing: /home/reachy/dev_ws/install/turtlesim/lib/python3.8/site-packages/turtlesim/srv/_teleport_relative_s.c
[72.996s] -- Installing: /home/reachy/dev_ws/install/turtlesim/lib/python3.8/site-packages/turtlesim/srv/_set_pen_s.c
[72.996s] -- Installing: /home/reachy/dev_ws/install/turtlesim/lib/python3.8/site-packages/turtlesim/srv/__init__.py
[72.996s] -- Installing: /home/reachy/dev_ws/install/turtlesim/lib/python3.8/site-packages/turtlesim/srv/_teleport_absolute.py
[72.996s] -- Installing: /home/reachy/dev_ws/install/turtlesim/lib/python3.8/site-packages/turtlesim/srv/_kill_s.c
[72.996s] -- Installing: /home/reachy/dev_ws/install/turtlesim/lib/python3.8/site-packages/turtlesim/srv/_teleport_absolute_s.c
[72.996s] -- Installing: /home/reachy/dev_ws/install/turtlesim/lib/python3.8/site-packages/turtlesim/srv/_teleport_relative.py
[72.996s] -- Installing: /home/reachy/dev_ws/install/turtlesim/lib/python3.8/site-packages/turtlesim/srv/_spawn_s.c
[72.997s] -- Installing: /home/reachy/dev_ws/install/turtlesim/lib/python3.8/site-packages/turtlesim/turtlesim_s__rosidl_typesupport_fastrtps_c.cpython-38-x86_64-linux-gnu.so
[72.997s] -- Set runtime path of "/home/reachy/dev_ws/install/turtlesim/lib/python3.8/site-packages/turtlesim/turtlesim_s__rosidl_typesupport_fastrtps_c.cpython-38-x86_64-linux-gnu.so" to ""
[72.997s] -- Installing: /home/reachy/dev_ws/install/turtlesim/lib/python3.8/site-packages/turtlesim/turtlesim_s__rosidl_typesupport_introspection_c.cpython-38-x86_64-linux-gnu.so
[72.998s] -- Set runtime path of "/home/reachy/dev_ws/install/turtlesim/lib/python3.8/site-packages/turtlesim/turtlesim_s__rosidl_typesupport_introspection_c.cpython-38-x86_64-linux-gnu.so" to ""
[72.998s] -- Installing: /home/reachy/dev_ws/install/turtlesim/lib/python3.8/site-packages/turtlesim/turtlesim_s__rosidl_typesupport_c.cpython-38-x86_64-linux-gnu.so
[72.998s] -- Set runtime path of "/home/reachy/dev_ws/install/turtlesim/lib/python3.8/site-packages/turtlesim/turtlesim_s__rosidl_typesupport_c.cpython-38-x86_64-linux-gnu.so" to ""
[72.998s] -- Installing: /home/reachy/dev_ws/install/turtlesim/lib/libturtlesim__python.so
[72.999s] -- Set runtime path of "/home/reachy/dev_ws/install/turtlesim/lib/libturtlesim__python.so" to ""
[72.999s] -- Installing: /home/reachy/dev_ws/install/turtlesim/share/turtlesim/action/RotateAbsolute.idl
[72.999s] -- Installing: /home/reachy/dev_ws/install/turtlesim/share/turtlesim/msg/Color.idl
[72.999s] -- Installing: /home/reachy/dev_ws/install/turtlesim/share/turtlesim/msg/Pose.idl
[72.999s] -- Installing: /home/reachy/dev_ws/install/turtlesim/share/turtlesim/srv/Kill.idl
[73.000s] -- Installing: /home/reachy/dev_ws/install/turtlesim/share/turtlesim/srv/SetPen.idl
[73.000s] -- Installing: /home/reachy/dev_ws/install/turtlesim/share/turtlesim/srv/Spawn.idl
[73.000s] -- Installing: /home/reachy/dev_ws/install/turtlesim/share/turtlesim/srv/TeleportAbsolute.idl
[73.000s] -- Installing: /home/reachy/dev_ws/install/turtlesim/share/turtlesim/srv/TeleportRelative.idl
[73.000s] -- Installing: /home/reachy/dev_ws/install/turtlesim/share/turtlesim/action/RotateAbsolute.action
[73.000s] -- Installing: /home/reachy/dev_ws/install/turtlesim/share/turtlesim/msg/Color.msg
[73.001s] -- Installing: /home/reachy/dev_ws/install/turtlesim/share/turtlesim/msg/Pose.msg
[73.001s] -- Installing: /home/reachy/dev_ws/install/turtlesim/share/turtlesim/srv/Kill.srv
[73.001s] -- Installing: /home/reachy/dev_ws/install/turtlesim/share/turtlesim/srv/Kill_Request.msg
[73.001s] -- Installing: /home/reachy/dev_ws/install/turtlesim/share/turtlesim/srv/Kill_Response.msg
[73.001s] -- Installing: /home/reachy/dev_ws/install/turtlesim/share/turtlesim/srv/SetPen.srv
[73.002s] -- Installing: /home/reachy/dev_ws/install/turtlesim/share/turtlesim/srv/SetPen_Request.msg
[73.002s] -- Installing: /home/reachy/dev_ws/install/turtlesim/share/turtlesim/srv/SetPen_Response.msg
[73.002s] -- Installing: /home/reachy/dev_ws/install/turtlesim/share/turtlesim/srv/Spawn.srv
[73.002s] -- Installing: /home/reachy/dev_ws/install/turtlesim/share/turtlesim/srv/Spawn_Request.msg
[73.002s] -- Installing: /home/reachy/dev_ws/install/turtlesim/share/turtlesim/srv/Spawn_Response.msg
[73.002s] -- Installing: /home/reachy/dev_ws/install/turtlesim/share/turtlesim/srv/TeleportAbsolute.srv
[73.003s] -- Installing: /home/reachy/dev_ws/install/turtlesim/share/turtlesim/srv/TeleportAbsolute_Request.msg
[73.003s] -- Installing: /home/reachy/dev_ws/install/turtlesim/share/turtlesim/srv/TeleportAbsolute_Response.msg
[73.003s] -- Installing: /home/reachy/dev_ws/install/turtlesim/share/turtlesim/srv/TeleportRelative.srv
[73.003s] -- Installing: /home/reachy/dev_ws/install/turtlesim/share/turtlesim/srv/TeleportRelative_Request.msg
[73.004s] -- Installing: /home/reachy/dev_ws/install/turtlesim/share/turtlesim/srv/TeleportRelative_Response.msg
[73.004s] -- Installing: /home/reachy/dev_ws/install/turtlesim/lib/turtlesim/turtlesim_node
[73.009s] -- Set runtime path of "/home/reachy/dev_ws/install/turtlesim/lib/turtlesim/turtlesim_node" to ""
[73.010s] -- Installing: /home/reachy/dev_ws/install/turtlesim/lib/turtlesim/turtle_teleop_key
[73.012s] -- Set runtime path of "/home/reachy/dev_ws/install/turtlesim/lib/turtlesim/turtle_teleop_key" to ""
[73.012s] -- Installing: /home/reachy/dev_ws/install/turtlesim/lib/turtlesim/draw_square
[73.015s] -- Set runtime path of "/home/reachy/dev_ws/install/turtlesim/lib/turtlesim/draw_square" to ""
[73.015s] -- Installing: /home/reachy/dev_ws/install/turtlesim/lib/turtlesim/mimic
[73.018s] -- Set runtime path of "/home/reachy/dev_ws/install/turtlesim/lib/turtlesim/mimic" to ""
[73.018s] -- Installing: /home/reachy/dev_ws/install/turtlesim/share/turtlesim/images
[73.018s] -- Installing: /home/reachy/dev_ws/install/turtlesim/share/turtlesim/images/bouncy.png
[73.018s] -- Installing: /home/reachy/dev_ws/install/turtlesim/share/turtlesim/images/dashing.png
[73.018s] -- Installing: /home/reachy/dev_ws/install/turtlesim/share/turtlesim/images/eloquent.png
[73.019s] -- Installing: /home/reachy/dev_ws/install/turtlesim/share/turtlesim/images/foxy.png
[73.019s] -- Installing: /home/reachy/dev_ws/install/turtlesim/share/turtlesim/images/crystal.png
[73.019s] -- Installing: /home/reachy/dev_ws/install/turtlesim/share/turtlesim/images/ardent.png
[73.019s] -- Installing: /home/reachy/dev_ws/install/turtlesim/share/turtlesim/launch
[73.019s] -- Installing: /home/reachy/dev_ws/install/turtlesim/share/turtlesim/launch/multisim.launch.py
[73.019s] -- Installing: /home/reachy/dev_ws/install/turtlesim/share/ament_index/resource_index/package_run_dependencies/turtlesim
[73.019s] -- Installing: /home/reachy/dev_ws/install/turtlesim/share/ament_index/resource_index/parent_prefix_path/turtlesim
[73.019s] -- Installing: /home/reachy/dev_ws/install/turtlesim/share/turtlesim/environment/ament_prefix_path.sh
[73.020s] -- Installing: /home/reachy/dev_ws/install/turtlesim/share/turtlesim/environment/ament_prefix_path.dsv
[73.021s] -- Installing: /home/reachy/dev_ws/install/turtlesim/share/turtlesim/environment/path.sh
[73.021s] -- Installing: /home/reachy/dev_ws/install/turtlesim/share/turtlesim/environment/path.dsv
[73.022s] -- Installing: /home/reachy/dev_ws/install/turtlesim/share/turtlesim/local_setup.bash
[73.022s] -- Installing: /home/reachy/dev_ws/install/turtlesim/share/turtlesim/local_setup.sh
[73.022s] -- Installing: /home/reachy/dev_ws/install/turtlesim/share/turtlesim/local_setup.zsh
[73.022s] -- Installing: /home/reachy/dev_ws/install/turtlesim/share/turtlesim/local_setup.dsv
[73.022s] -- Installing: /home/reachy/dev_ws/install/turtlesim/share/turtlesim/package.dsv
[73.022s] -- Installing: /home/reachy/dev_ws/install/turtlesim/share/ament_index/resource_index/packages/turtlesim
[73.022s] -- Installing: /home/reachy/dev_ws/install/turtlesim/share/turtlesim/cmake/turtlesim__rosidl_generator_cExport.cmake
[73.022s] -- Installing: /home/reachy/dev_ws/install/turtlesim/share/turtlesim/cmake/turtlesim__rosidl_generator_cExport-noconfig.cmake
[73.022s] -- Installing: /home/reachy/dev_ws/install/turtlesim/share/turtlesim/cmake/turtlesim__rosidl_typesupport_introspection_cExport.cmake
[73.023s] -- Installing: /home/reachy/dev_ws/install/turtlesim/share/turtlesim/cmake/turtlesim__rosidl_typesupport_introspection_cExport-noconfig.cmake
[73.023s] -- Installing: /home/reachy/dev_ws/install/turtlesim/share/turtlesim/cmake/turtlesim__rosidl_typesupport_cExport.cmake
[73.023s] -- Installing: /home/reachy/dev_ws/install/turtlesim/share/turtlesim/cmake/turtlesim__rosidl_typesupport_cExport-noconfig.cmake
[73.023s] -- Installing: /home/reachy/dev_ws/install/turtlesim/share/turtlesim/cmake/turtlesim__rosidl_generator_cppExport.cmake
[73.023s] -- Installing: /home/reachy/dev_ws/install/turtlesim/share/turtlesim/cmake/turtlesim__rosidl_typesupport_introspection_cppExport.cmake
[73.023s] -- Installing: /home/reachy/dev_ws/install/turtlesim/share/turtlesim/cmake/turtlesim__rosidl_typesupport_introspection_cppExport-noconfig.cmake
[73.023s] -- Installing: /home/reachy/dev_ws/install/turtlesim/share/turtlesim/cmake/turtlesim__rosidl_typesupport_cppExport.cmake
[73.023s] -- Installing: /home/reachy/dev_ws/install/turtlesim/share/turtlesim/cmake/turtlesim__rosidl_typesupport_cppExport-noconfig.cmake
[73.023s] -- Installing: /home/reachy/dev_ws/install/turtlesim/share/turtlesim/cmake/rosidl_cmake-extras.cmake
[73.024s] -- Installing: /home/reachy/dev_ws/install/turtlesim/share/turtlesim/cmake/ament_cmake_export_dependencies-extras.cmake
[73.024s] -- Installing: /home/reachy/dev_ws/install/turtlesim/share/turtlesim/cmake/ament_cmake_export_libraries-extras.cmake
[73.024s] -- Installing: /home/reachy/dev_ws/install/turtlesim/share/turtlesim/cmake/ament_cmake_export_targets-extras.cmake
[73.024s] -- Installing: /home/reachy/dev_ws/install/turtlesim/share/turtlesim/cmake/ament_cmake_export_include_directories-extras.cmake
[73.024s] -- Installing: /home/reachy/dev_ws/install/turtlesim/share/turtlesim/cmake/rosidl_cmake_export_typesupport_libraries-extras.cmake
[73.024s] -- Installing: /home/reachy/dev_ws/install/turtlesim/share/turtlesim/cmake/rosidl_cmake_export_typesupport_targets-extras.cmake
[73.025s] -- Installing: /home/reachy/dev_ws/install/turtlesim/share/turtlesim/cmake/turtlesimConfig.cmake
[73.025s] -- Installing: /home/reachy/dev_ws/install/turtlesim/share/turtlesim/cmake/turtlesimConfig-version.cmake
[73.025s] -- Installing: /home/reachy/dev_ws/install/turtlesim/share/turtlesim/package.xml
[73.028s] Invoked command in '/home/reachy/dev_ws/build/turtlesim' returned '0': CMAKE_PREFIX_PATH=${CMAKE_PREFIX_PATH}:/home/reachy/reachy_ws/install/reachy_sdk_server:/home/reachy/reachy_ws/install/reachy_kinematics:/home/reachy/reachy_ws/install/reachy_controllers:/home/reachy/reachy_ws/install/reachy_focus:/home/reachy/ros_ws/install/ros2_demo_py:/home/reachy/ros_ws/install/joint_state_publisher_gui:/home/reachy/ros_ws/install/joint_state_publisher:/opt/ros/foxy /usr/bin/cmake --install /home/reachy/dev_ws/build/turtlesim
