[0.018s] Invoking command in '/home/reachy/ros_ws/src/reachy_screen/build/screen_app': CMAKE_PREFIX_PATH=${CMAKE_PREFIX_PATH}:/home/reachy/reachy_ws/install/reachy_sdk_server:/home/reachy/reachy_ws/install/reachy_kinematics:/home/reachy/reachy_ws/install/reachy_controllers:/home/reachy/reachy_ws/install/reachy_focus:/home/reachy/ros_ws/install/ros2_demo_py:/home/reachy/ros_ws/install/joint_state_publisher_gui:/home/reachy/ros_ws/install/joint_state_publisher:/opt/ros/foxy /usr/bin/cmake /home/reachy/ros_ws/src/reachy_screen/screen_app -DAMENT_CMAKE_SYMLINK_INSTALL=1 -DCMAKE_INSTALL_PREFIX=/home/reachy/ros_ws/src/reachy_screen/install/screen_app
[0.098s] -- The C compiler identification is GNU 9.3.0
[0.188s] -- The CXX compiler identification is GNU 9.3.0
[0.195s] -- Check for working C compiler: /usr/bin/cc
[0.285s] -- Check for working C compiler: /usr/bin/cc -- works
[0.287s] -- Detecting C compiler ABI info
[0.387s] -- Detecting C compiler ABI info - done
[0.408s] -- Detecting C compile features
[0.408s] -- Detecting C compile features - done
[0.412s] -- Check for working CXX compiler: /usr/bin/c++
[0.520s] -- Check for working CXX compiler: /usr/bin/c++ -- works
[0.521s] -- Detecting CXX compiler ABI info
[0.634s] -- Detecting CXX compiler ABI info - done
[0.653s] -- Detecting CXX compile features
[0.654s] -- Detecting CXX compile features - done
[0.659s] -- Found ament_cmake: 0.9.9 (/opt/ros/foxy/share/ament_cmake/cmake)
[0.711s] -- Found PythonInterp: /usr/bin/python3 (found suitable version "3.8.10", minimum required is "3") 
[0.711s] -- Using PYTHON_EXECUTABLE: /usr/bin/python3
[1.008s] -- Override CMake install command with custom implementation using symlinks instead of copying resources
[1.053s] -- Found rosidl_default_generators: 1.0.1 (/opt/ros/foxy/share/rosidl_default_generators/cmake)
[1.062s] -- Using all available rosidl_typesupport_c: rosidl_typesupport_fastrtps_c;rosidl_typesupport_introspection_c
[1.074s] -- Found rosidl_adapter: 1.2.1 (/opt/ros/foxy/share/rosidl_adapter/cmake)
[1.210s] -- Found OpenSSL: /usr/lib/x86_64-linux-gnu/libcrypto.so (found version "1.1.1f")  
[1.254s] -- Found FastRTPS: /opt/ros/foxy/include  
[1.375s] -- Using all available rosidl_typesupport_cpp: rosidl_typesupport_fastrtps_cpp;rosidl_typesupport_introspection_cpp
[1.411s] -- Found std_msgs: 2.0.4 (/opt/ros/foxy/share/std_msgs/cmake)
[1.502s] -- Found PythonInterp: /usr/bin/python3 (found version "3.8.10") 
[1.784s] -- Found ament_cmake_cppcheck: 0.9.6 (/opt/ros/foxy/share/ament_cmake_cppcheck/cmake)
[1.787s] -- Found ament_cmake_cpplint: 0.9.6 (/opt/ros/foxy/share/ament_cmake_cpplint/cmake)
[1.790s] -- Found ament_cmake_uncrustify: 0.9.6 (/opt/ros/foxy/share/ament_cmake_uncrustify/cmake)
[1.794s] -- Found ament_cmake_ros: 0.9.2 (/opt/ros/foxy/share/ament_cmake_ros/cmake)
[2.062s] -- Using all available rosidl_typesupport_c: rosidl_typesupport_fastrtps_c;rosidl_typesupport_introspection_c
[2.201s] -- Using all available rosidl_typesupport_cpp: rosidl_typesupport_fastrtps_cpp;rosidl_typesupport_introspection_cpp
[2.268s] -- Found PythonInterp: /usr/bin/python3 (found suitable version "3.8.10", minimum required is "3.5") 
[2.271s] -- Found python_cmake_module: 0.8.1 (/opt/ros/foxy/share/python_cmake_module/cmake)
[2.326s] -- Found PythonLibs: /usr/lib/x86_64-linux-gnu/libpython3.8.so (found suitable version "3.8.10", minimum required is "3.5") 
[2.326s] -- Using PYTHON_EXECUTABLE: /usr/bin/python3
[2.326s] -- Using PYTHON_INCLUDE_DIRS: /usr/include/python3.8
[2.326s] -- Using PYTHON_LIBRARIES: /usr/lib/x86_64-linux-gnu/libpython3.8.so
[2.379s] -- Found PythonExtra: .so  
[2.500s] -- Found ament_cmake_flake8: 0.9.6 (/opt/ros/foxy/share/ament_cmake_flake8/cmake)
[2.504s] -- Found ament_cmake_pep257: 0.9.6 (/opt/ros/foxy/share/ament_cmake_pep257/cmake)
[2.525s] -- Configuring done
[2.586s] -- Generating done
[2.589s] -- Build files have been written to: /home/reachy/ros_ws/src/reachy_screen/build/screen_app
[2.607s] Invoked command in '/home/reachy/ros_ws/src/reachy_screen/build/screen_app' returned '0': CMAKE_PREFIX_PATH=${CMAKE_PREFIX_PATH}:/home/reachy/reachy_ws/install/reachy_sdk_server:/home/reachy/reachy_ws/install/reachy_kinematics:/home/reachy/reachy_ws/install/reachy_controllers:/home/reachy/reachy_ws/install/reachy_focus:/home/reachy/ros_ws/install/ros2_demo_py:/home/reachy/ros_ws/install/joint_state_publisher_gui:/home/reachy/ros_ws/install/joint_state_publisher:/opt/ros/foxy /usr/bin/cmake /home/reachy/ros_ws/src/reachy_screen/screen_app -DAMENT_CMAKE_SYMLINK_INSTALL=1 -DCMAKE_INSTALL_PREFIX=/home/reachy/ros_ws/src/reachy_screen/install/screen_app
[2.611s] Invoking command in '/home/reachy/ros_ws/src/reachy_screen/build/screen_app': CMAKE_PREFIX_PATH=${CMAKE_PREFIX_PATH}:/home/reachy/reachy_ws/install/reachy_sdk_server:/home/reachy/reachy_ws/install/reachy_kinematics:/home/reachy/reachy_ws/install/reachy_controllers:/home/reachy/reachy_ws/install/reachy_focus:/home/reachy/ros_ws/install/ros2_demo_py:/home/reachy/ros_ws/install/joint_state_publisher_gui:/home/reachy/ros_ws/install/joint_state_publisher:/opt/ros/foxy /usr/bin/cmake --build /home/reachy/ros_ws/src/reachy_screen/build/screen_app -- -j4 -l4
[2.685s] [  2%] [34m[1mGenerating C code for ROS interfaces[0m
[2.686s] [35m[1mScanning dependencies of target screen_app__cpp[0m
[2.719s] [  5%] [34m[1mGenerating C++ code for ROS interfaces[0m
[3.378s] [35m[1mScanning dependencies of target screen_app__rosidl_generator_c[0m
[3.420s] [  7%] [32mBuilding C object CMakeFiles/screen_app__rosidl_generator_c.dir/rosidl_generator_c/screen_app/msg/detail/mouse__functions.c.o[0m
[3.424s] [ 10%] [32mBuilding C object CMakeFiles/screen_app__rosidl_generator_c.dir/rosidl_generator_c/screen_app/msg/detail/key__functions.c.o[0m
[3.520s] [ 12%] [32m[1mLinking C shared library libscreen_app__rosidl_generator_c.so[0m
[3.618s] [ 12%] Built target screen_app__rosidl_generator_c
[3.641s] [ 12%] Built target screen_app__cpp
[3.649s] [ 15%] [34m[1mGenerating C introspection for ROS interfaces[0m
[3.668s] [ 17%] [34m[1mGenerating C type support dispatch for ROS interfaces[0m
[3.689s] [ 20%] [34m[1mGenerating C++ introspection for ROS interfaces[0m
[3.710s] [ 23%] [34m[1mGenerating C++ type support for eProsima Fast-RTPS[0m
[4.999s] [35m[1mScanning dependencies of target screen_app__rosidl_typesupport_introspection_cpp[0m
[5.059s] [ 25%] [32mBuilding CXX object CMakeFiles/screen_app__rosidl_typesupport_introspection_cpp.dir/rosidl_typesupport_introspection_cpp/screen_app/msg/detail/mouse__type_support.cpp.o[0m
[5.153s] [35m[1mScanning dependencies of target screen_app__rosidl_typesupport_c[0m
[5.164s] [35m[1mScanning dependencies of target screen_app__rosidl_typesupport_introspection_c[0m
[5.181s] [ 28%] [32mBuilding CXX object CMakeFiles/screen_app__rosidl_typesupport_c.dir/rosidl_typesupport_c/screen_app/msg/mouse__type_support.cpp.o[0m
[5.221s] [ 30%] [32mBuilding C object CMakeFiles/screen_app__rosidl_typesupport_introspection_c.dir/rosidl_typesupport_introspection_c/screen_app/msg/detail/mouse__type_support.c.o[0m
[5.237s] [35m[1mScanning dependencies of target screen_app__rosidl_typesupport_fastrtps_cpp[0m
[5.272s] [ 33%] [32mBuilding CXX object CMakeFiles/screen_app__rosidl_typesupport_c.dir/rosidl_typesupport_c/screen_app/msg/key__type_support.cpp.o[0m
[5.286s] [ 35%] [32mBuilding CXX object CMakeFiles/screen_app__rosidl_typesupport_fastrtps_cpp.dir/rosidl_typesupport_fastrtps_cpp/screen_app/msg/detail/dds_fastrtps/mouse__type_support.cpp.o[0m
[5.363s] [ 38%] [32mBuilding C object CMakeFiles/screen_app__rosidl_typesupport_introspection_c.dir/rosidl_typesupport_introspection_c/screen_app/msg/detail/key__type_support.c.o[0m
[5.379s] [ 41%] [32m[1mLinking CXX shared library libscreen_app__rosidl_typesupport_c.so[0m
[5.507s] [ 43%] [32m[1mLinking C shared library libscreen_app__rosidl_typesupport_introspection_c.so[0m
[5.599s] [ 43%] Built target screen_app__rosidl_typesupport_c
[5.622s] [ 43%] Built target screen_app__rosidl_typesupport_introspection_c
[5.644s] [ 46%] [32mBuilding CXX object CMakeFiles/screen_app__rosidl_typesupport_fastrtps_cpp.dir/rosidl_typesupport_fastrtps_cpp/screen_app/msg/detail/dds_fastrtps/key__type_support.cpp.o[0m
[5.673s] [ 48%] [34m[1mGenerating C++ type support dispatch for ROS interfaces[0m
[6.226s] [ 51%] [32mBuilding CXX object CMakeFiles/screen_app__rosidl_typesupport_introspection_cpp.dir/rosidl_typesupport_introspection_cpp/screen_app/msg/detail/key__type_support.cpp.o[0m
[6.856s] [35m[1mScanning dependencies of target screen_app__rosidl_typesupport_cpp[0m
[6.895s] [ 53%] [32mBuilding CXX object CMakeFiles/screen_app__rosidl_typesupport_cpp.dir/rosidl_typesupport_cpp/screen_app/msg/key__type_support.cpp.o[0m
[6.904s] [ 56%] [32mBuilding CXX object CMakeFiles/screen_app__rosidl_typesupport_cpp.dir/rosidl_typesupport_cpp/screen_app/msg/mouse__type_support.cpp.o[0m
[7.098s] [ 58%] [32m[1mLinking CXX shared library libscreen_app__rosidl_typesupport_fastrtps_cpp.so[0m
[7.221s] [ 61%] [32m[1mLinking CXX shared library libscreen_app__rosidl_typesupport_introspection_cpp.so[0m
[7.531s] [ 61%] Built target screen_app__rosidl_typesupport_introspection_cpp
[7.558s] [ 61%] Built target screen_app__rosidl_typesupport_fastrtps_cpp
[7.582s] [ 64%] [34m[1mGenerating C type support for eProsima Fast-RTPS[0m
[7.856s] [ 66%] [32m[1mLinking CXX shared library libscreen_app__rosidl_typesupport_cpp.so[0m
[7.925s] [ 66%] Built target screen_app__rosidl_typesupport_cpp
[8.140s] [35m[1mScanning dependencies of target screen_app__rosidl_typesupport_fastrtps_c[0m
[8.167s] [ 69%] [32mBuilding CXX object CMakeFiles/screen_app__rosidl_typesupport_fastrtps_c.dir/rosidl_typesupport_fastrtps_c/screen_app/msg/detail/key__type_support_c.cpp.o[0m
[8.168s] [ 71%] [32mBuilding CXX object CMakeFiles/screen_app__rosidl_typesupport_fastrtps_c.dir/rosidl_typesupport_fastrtps_c/screen_app/msg/detail/mouse__type_support_c.cpp.o[0m
[8.979s] [ 74%] [32m[1mLinking CXX shared library libscreen_app__rosidl_typesupport_fastrtps_c.so[0m
[9.122s] [ 74%] Built target screen_app__rosidl_typesupport_fastrtps_c
[9.140s] [35m[1mScanning dependencies of target screen_app[0m
[9.162s] [ 74%] Built target screen_app
[9.177s] [35m[1mScanning dependencies of target screen_app__py[0m
[9.195s] [ 76%] [34m[1mGenerating Python code for ROS interfaces[0m
[10.020s] [ 76%] Built target screen_app__py
[10.039s] [35m[1mScanning dependencies of target screen_app__python[0m
[10.069s] [ 79%] [32mBuilding C object CMakeFiles/screen_app__python.dir/rosidl_generator_py/screen_app/msg/_key_s.c.o[0m
[10.077s] [ 82%] [32mBuilding C object CMakeFiles/screen_app__python.dir/rosidl_generator_py/screen_app/msg/_mouse_s.c.o[0m
[10.231s] [ 84%] [32m[1mLinking C shared library rosidl_generator_py/screen_app/libscreen_app__python.so[0m
[10.294s] [ 84%] Built target screen_app__python
[10.317s] [35m[1mScanning dependencies of target screen_app__rosidl_typesupport_introspection_c__pyext[0m
[10.319s] [35m[1mScanning dependencies of target screen_app__rosidl_typesupport_c__pyext[0m
[10.341s] [35m[1mScanning dependencies of target screen_app__rosidl_typesupport_fastrtps_c__pyext[0m
[10.354s] [ 87%] [32mBuilding C object CMakeFiles/screen_app__rosidl_typesupport_introspection_c__pyext.dir/rosidl_generator_py/screen_app/_screen_app_s.ep.rosidl_typesupport_introspection_c.c.o[0m
[10.370s] [ 89%] [32mBuilding C object CMakeFiles/screen_app__rosidl_typesupport_c__pyext.dir/rosidl_generator_py/screen_app/_screen_app_s.ep.rosidl_typesupport_c.c.o[0m
[10.383s] [ 92%] [32mBuilding C object CMakeFiles/screen_app__rosidl_typesupport_fastrtps_c__pyext.dir/rosidl_generator_py/screen_app/_screen_app_s.ep.rosidl_typesupport_fastrtps_c.c.o[0m
[10.533s] [ 94%] [32m[1mLinking C shared library rosidl_generator_py/screen_app/screen_app_s__rosidl_typesupport_c.cpython-38-x86_64-linux-gnu.so[0m
[10.556s] [100%] [32m[1mLinking C shared library rosidl_generator_py/screen_app/screen_app_s__rosidl_typesupport_introspection_c.cpython-38-x86_64-linux-gnu.so[0m
[10.556s] [100%] [32m[1mLinking CXX shared library rosidl_generator_py/screen_app/screen_app_s__rosidl_typesupport_fastrtps_c.cpython-38-x86_64-linux-gnu.so[0m
[10.645s] [100%] Built target screen_app__rosidl_typesupport_c__pyext
[10.667s] [100%] Built target screen_app__rosidl_typesupport_introspection_c__pyext
[10.692s] [100%] Built target screen_app__rosidl_typesupport_fastrtps_c__pyext
[10.710s] Invoked command in '/home/reachy/ros_ws/src/reachy_screen/build/screen_app' returned '0': CMAKE_PREFIX_PATH=${CMAKE_PREFIX_PATH}:/home/reachy/reachy_ws/install/reachy_sdk_server:/home/reachy/reachy_ws/install/reachy_kinematics:/home/reachy/reachy_ws/install/reachy_controllers:/home/reachy/reachy_ws/install/reachy_focus:/home/reachy/ros_ws/install/ros2_demo_py:/home/reachy/ros_ws/install/joint_state_publisher_gui:/home/reachy/ros_ws/install/joint_state_publisher:/opt/ros/foxy /usr/bin/cmake --build /home/reachy/ros_ws/src/reachy_screen/build/screen_app -- -j4 -l4
[10.815s] Invoking command in '/home/reachy/ros_ws/src/reachy_screen/build/screen_app': CMAKE_PREFIX_PATH=${CMAKE_PREFIX_PATH}:/home/reachy/reachy_ws/install/reachy_sdk_server:/home/reachy/reachy_ws/install/reachy_kinematics:/home/reachy/reachy_ws/install/reachy_controllers:/home/reachy/reachy_ws/install/reachy_focus:/home/reachy/ros_ws/install/ros2_demo_py:/home/reachy/ros_ws/install/joint_state_publisher_gui:/home/reachy/ros_ws/install/joint_state_publisher:/opt/ros/foxy /usr/bin/cmake --install /home/reachy/ros_ws/src/reachy_screen/build/screen_app
[10.830s] -- Install configuration: ""
[10.831s] -- Execute custom install script
[10.832s] -- Symlinking: /home/reachy/ros_ws/src/reachy_screen/install/screen_app/share/ament_index/resource_index/rosidl_interfaces/screen_app
[10.845s] -- Symlinking: /home/reachy/ros_ws/src/reachy_screen/install/screen_app/include/screen_app/msg/detail/key__functions.h
[10.859s] -- Symlinking: /home/reachy/ros_ws/src/reachy_screen/install/screen_app/include/screen_app/msg/detail/key__struct.h
[10.872s] -- Symlinking: /home/reachy/ros_ws/src/reachy_screen/install/screen_app/include/screen_app/msg/detail/key__type_support.h
[10.885s] -- Symlinking: /home/reachy/ros_ws/src/reachy_screen/install/screen_app/include/screen_app/msg/detail/mouse__functions.h
[10.899s] -- Symlinking: /home/reachy/ros_ws/src/reachy_screen/install/screen_app/include/screen_app/msg/detail/mouse__struct.h
[10.912s] -- Symlinking: /home/reachy/ros_ws/src/reachy_screen/install/screen_app/include/screen_app/msg/detail/mouse__type_support.h
[10.927s] -- Symlinking: /home/reachy/ros_ws/src/reachy_screen/install/screen_app/include/screen_app/msg/key.h
[10.943s] -- Symlinking: /home/reachy/ros_ws/src/reachy_screen/install/screen_app/include/screen_app/msg/mouse.h
[10.958s] -- Symlinking: /home/reachy/ros_ws/src/reachy_screen/install/screen_app/include/screen_app/msg/rosidl_generator_c__visibility_control.h
[10.973s] -- Symlinking: /home/reachy/ros_ws/src/reachy_screen/install/screen_app/share/screen_app/environment/library_path.sh
[10.986s] -- Symlinking: /home/reachy/ros_ws/src/reachy_screen/install/screen_app/share/screen_app/environment/library_path.dsv
[11.000s] -- Symlinking: /home/reachy/ros_ws/src/reachy_screen/install/screen_app/include/screen_app/msg/detail/key__rosidl_typesupport_fastrtps_c.h
[11.015s] -- Symlinking: /home/reachy/ros_ws/src/reachy_screen/install/screen_app/include/screen_app/msg/detail/mouse__rosidl_typesupport_fastrtps_c.h
[11.030s] -- Symlinking: /home/reachy/ros_ws/src/reachy_screen/install/screen_app/include/screen_app/msg/rosidl_typesupport_fastrtps_c__visibility_control.h
[11.043s] -- Symlinking: /home/reachy/ros_ws/src/reachy_screen/install/screen_app/lib/libscreen_app__rosidl_typesupport_fastrtps_c.so
[11.060s] -- Symlinking: /home/reachy/ros_ws/src/reachy_screen/install/screen_app/include/screen_app/msg/detail/key__rosidl_typesupport_fastrtps_cpp.hpp
[11.072s] -- Symlinking: /home/reachy/ros_ws/src/reachy_screen/install/screen_app/include/screen_app/msg/detail/mouse__rosidl_typesupport_fastrtps_cpp.hpp
[11.085s] -- Symlinking: /home/reachy/ros_ws/src/reachy_screen/install/screen_app/include/screen_app/msg/rosidl_typesupport_fastrtps_cpp__visibility_control.h
[11.099s] -- Symlinking: /home/reachy/ros_ws/src/reachy_screen/install/screen_app/lib/libscreen_app__rosidl_typesupport_fastrtps_cpp.so
[11.115s] -- Symlinking: /home/reachy/ros_ws/src/reachy_screen/install/screen_app/include/screen_app/msg/detail/key__rosidl_typesupport_introspection_c.h
[11.130s] -- Symlinking: /home/reachy/ros_ws/src/reachy_screen/install/screen_app/include/screen_app/msg/detail/mouse__rosidl_typesupport_introspection_c.h
[11.143s] -- Symlinking: /home/reachy/ros_ws/src/reachy_screen/install/screen_app/include/screen_app/msg/rosidl_typesupport_introspection_c__visibility_control.h
[11.158s] -- Symlinking: /home/reachy/ros_ws/src/reachy_screen/install/screen_app/include/screen_app/msg/detail/key__builder.hpp
[11.172s] -- Symlinking: /home/reachy/ros_ws/src/reachy_screen/install/screen_app/include/screen_app/msg/detail/key__struct.hpp
[11.186s] -- Symlinking: /home/reachy/ros_ws/src/reachy_screen/install/screen_app/include/screen_app/msg/detail/key__traits.hpp
[11.200s] -- Symlinking: /home/reachy/ros_ws/src/reachy_screen/install/screen_app/include/screen_app/msg/detail/mouse__builder.hpp
[11.216s] -- Symlinking: /home/reachy/ros_ws/src/reachy_screen/install/screen_app/include/screen_app/msg/detail/mouse__struct.hpp
[11.233s] -- Symlinking: /home/reachy/ros_ws/src/reachy_screen/install/screen_app/include/screen_app/msg/detail/mouse__traits.hpp
[11.246s] -- Symlinking: /home/reachy/ros_ws/src/reachy_screen/install/screen_app/include/screen_app/msg/key.hpp
[11.261s] -- Symlinking: /home/reachy/ros_ws/src/reachy_screen/install/screen_app/include/screen_app/msg/mouse.hpp
[11.276s] -- Symlinking: /home/reachy/ros_ws/src/reachy_screen/install/screen_app/include/screen_app/msg/detail/key__rosidl_typesupport_introspection_cpp.hpp
[11.291s] -- Symlinking: /home/reachy/ros_ws/src/reachy_screen/install/screen_app/include/screen_app/msg/detail/mouse__rosidl_typesupport_introspection_cpp.hpp
[11.307s] -- Symlinking: /home/reachy/ros_ws/src/reachy_screen/install/screen_app/share/screen_app/environment/pythonpath.sh
[11.322s] -- Symlinking: /home/reachy/ros_ws/src/reachy_screen/install/screen_app/share/screen_app/environment/pythonpath.dsv
[11.336s] -- Symlinking: /home/reachy/ros_ws/src/reachy_screen/install/screen_app/lib/python3.8/site-packages/screen_app/__init__.py
[11.350s] -- Symlinking: /home/reachy/ros_ws/src/reachy_screen/install/screen_app/lib/python3.8/site-packages/screen_app/msg/__init__.py
[11.364s] -- Symlinking: /home/reachy/ros_ws/src/reachy_screen/install/screen_app/lib/python3.8/site-packages/screen_app/msg/_key.py
[11.376s] -- Symlinking: /home/reachy/ros_ws/src/reachy_screen/install/screen_app/lib/python3.8/site-packages/screen_app/msg/_mouse.py
[11.390s] -- Symlinking: /home/reachy/ros_ws/src/reachy_screen/install/screen_app/lib/python3.8/site-packages/screen_app/screen_app_s__rosidl_typesupport_fastrtps_c.cpython-38-x86_64-linux-gnu.so
[11.407s] -- Symlinking: /home/reachy/ros_ws/src/reachy_screen/install/screen_app/lib/python3.8/site-packages/screen_app/screen_app_s__rosidl_typesupport_introspection_c.cpython-38-x86_64-linux-gnu.so
[11.420s] -- Symlinking: /home/reachy/ros_ws/src/reachy_screen/install/screen_app/lib/python3.8/site-packages/screen_app/screen_app_s__rosidl_typesupport_c.cpython-38-x86_64-linux-gnu.so
[11.437s] -- Symlinking: /home/reachy/ros_ws/src/reachy_screen/install/screen_app/lib/libscreen_app__python.so
[11.450s] -- Symlinking: /home/reachy/ros_ws/src/reachy_screen/install/screen_app/share/screen_app/msg/Mouse.idl
[11.464s] -- Symlinking: /home/reachy/ros_ws/src/reachy_screen/install/screen_app/share/screen_app/msg/Key.idl
[11.476s] -- Symlinking: /home/reachy/ros_ws/src/reachy_screen/install/screen_app/share/screen_app/msg/Mouse.msg
[11.490s] -- Symlinking: /home/reachy/ros_ws/src/reachy_screen/install/screen_app/share/screen_app/msg/Key.msg
[11.505s] -- Symlinking: /home/reachy/ros_ws/src/reachy_screen/install/screen_app/lib/screen_app/run_app.py
[11.518s] -- Symlinking: /home/reachy/ros_ws/src/reachy_screen/install/screen_app/lib/screen_app/screen_subscriber.py
[11.532s] -- Symlinking: /home/reachy/ros_ws/src/reachy_screen/install/screen_app/share/ament_index/resource_index/package_run_dependencies/screen_app
[11.545s] -- Symlinking: /home/reachy/ros_ws/src/reachy_screen/install/screen_app/share/ament_index/resource_index/parent_prefix_path/screen_app
[11.561s] -- Symlinking: /home/reachy/ros_ws/src/reachy_screen/install/screen_app/share/screen_app/environment/ament_prefix_path.sh
[11.575s] -- Symlinking: /home/reachy/ros_ws/src/reachy_screen/install/screen_app/share/screen_app/environment/ament_prefix_path.dsv
[11.588s] -- Symlinking: /home/reachy/ros_ws/src/reachy_screen/install/screen_app/share/screen_app/environment/path.sh
[11.602s] -- Symlinking: /home/reachy/ros_ws/src/reachy_screen/install/screen_app/share/screen_app/environment/path.dsv
[11.615s] -- Symlinking: /home/reachy/ros_ws/src/reachy_screen/install/screen_app/share/screen_app/local_setup.bash
[11.629s] -- Symlinking: /home/reachy/ros_ws/src/reachy_screen/install/screen_app/share/screen_app/local_setup.sh
[11.643s] -- Symlinking: /home/reachy/ros_ws/src/reachy_screen/install/screen_app/share/screen_app/local_setup.zsh
[11.657s] -- Symlinking: /home/reachy/ros_ws/src/reachy_screen/install/screen_app/share/screen_app/local_setup.dsv
[11.670s] -- Symlinking: /home/reachy/ros_ws/src/reachy_screen/install/screen_app/share/screen_app/package.dsv
[11.682s] -- Symlinking: /home/reachy/ros_ws/src/reachy_screen/install/screen_app/share/ament_index/resource_index/packages/screen_app
[11.697s] -- Symlinking: /home/reachy/ros_ws/src/reachy_screen/install/screen_app/share/screen_app/cmake/rosidl_cmake-extras.cmake
[11.710s] -- Symlinking: /home/reachy/ros_ws/src/reachy_screen/install/screen_app/share/screen_app/cmake/ament_cmake_export_dependencies-extras.cmake
[11.724s] -- Symlinking: /home/reachy/ros_ws/src/reachy_screen/install/screen_app/share/screen_app/cmake/ament_cmake_export_libraries-extras.cmake
[11.737s] -- Symlinking: /home/reachy/ros_ws/src/reachy_screen/install/screen_app/share/screen_app/cmake/ament_cmake_export_targets-extras.cmake
[11.750s] -- Symlinking: /home/reachy/ros_ws/src/reachy_screen/install/screen_app/share/screen_app/cmake/ament_cmake_export_include_directories-extras.cmake
[11.764s] -- Symlinking: /home/reachy/ros_ws/src/reachy_screen/install/screen_app/share/screen_app/cmake/rosidl_cmake_export_typesupport_libraries-extras.cmake
[11.776s] -- Symlinking: /home/reachy/ros_ws/src/reachy_screen/install/screen_app/share/screen_app/cmake/rosidl_cmake_export_typesupport_targets-extras.cmake
[11.790s] -- Symlinking: /home/reachy/ros_ws/src/reachy_screen/install/screen_app/share/screen_app/cmake/screen_appConfig.cmake
[11.808s] -- Symlinking: /home/reachy/ros_ws/src/reachy_screen/install/screen_app/share/screen_app/cmake/screen_appConfig-version.cmake
[11.823s] -- Symlinking: /home/reachy/ros_ws/src/reachy_screen/install/screen_app/share/screen_app/package.xml
[11.837s] -- Installing: /home/reachy/ros_ws/src/reachy_screen/install/screen_app/lib/libscreen_app__rosidl_generator_c.so
[11.838s] -- Set runtime path of "/home/reachy/ros_ws/src/reachy_screen/install/screen_app/lib/libscreen_app__rosidl_generator_c.so" to ""
[11.838s] -- Installing: /home/reachy/ros_ws/src/reachy_screen/install/screen_app/lib/libscreen_app__rosidl_typesupport_introspection_c.so
[11.838s] -- Set runtime path of "/home/reachy/ros_ws/src/reachy_screen/install/screen_app/lib/libscreen_app__rosidl_typesupport_introspection_c.so" to ""
[11.839s] -- Installing: /home/reachy/ros_ws/src/reachy_screen/install/screen_app/lib/libscreen_app__rosidl_typesupport_c.so
[11.839s] -- Set runtime path of "/home/reachy/ros_ws/src/reachy_screen/install/screen_app/lib/libscreen_app__rosidl_typesupport_c.so" to ""
[11.839s] -- Installing: /home/reachy/ros_ws/src/reachy_screen/install/screen_app/lib/libscreen_app__rosidl_typesupport_introspection_cpp.so
[11.840s] -- Set runtime path of "/home/reachy/ros_ws/src/reachy_screen/install/screen_app/lib/libscreen_app__rosidl_typesupport_introspection_cpp.so" to ""
[11.840s] -- Installing: /home/reachy/ros_ws/src/reachy_screen/install/screen_app/lib/libscreen_app__rosidl_typesupport_cpp.so
[11.840s] -- Set runtime path of "/home/reachy/ros_ws/src/reachy_screen/install/screen_app/lib/libscreen_app__rosidl_typesupport_cpp.so" to ""
[11.898s] Compiling '/home/reachy/ros_ws/src/reachy_screen/install/screen_app/lib/python3.8/site-packages/screen_app/__init__.py'...
[11.907s] -- Installing: /home/reachy/ros_ws/src/reachy_screen/install/screen_app/share/screen_app/cmake/screen_app__rosidl_generator_cExport.cmake
[11.907s] -- Installing: /home/reachy/ros_ws/src/reachy_screen/install/screen_app/share/screen_app/cmake/screen_app__rosidl_generator_cExport-noconfig.cmake
[11.907s] -- Installing: /home/reachy/ros_ws/src/reachy_screen/install/screen_app/share/screen_app/cmake/screen_app__rosidl_typesupport_introspection_cExport.cmake
[11.907s] -- Installing: /home/reachy/ros_ws/src/reachy_screen/install/screen_app/share/screen_app/cmake/screen_app__rosidl_typesupport_introspection_cExport-noconfig.cmake
[11.907s] -- Installing: /home/reachy/ros_ws/src/reachy_screen/install/screen_app/share/screen_app/cmake/screen_app__rosidl_typesupport_cExport.cmake
[11.907s] -- Installing: /home/reachy/ros_ws/src/reachy_screen/install/screen_app/share/screen_app/cmake/screen_app__rosidl_typesupport_cExport-noconfig.cmake
[11.908s] -- Installing: /home/reachy/ros_ws/src/reachy_screen/install/screen_app/share/screen_app/cmake/screen_app__rosidl_generator_cppExport.cmake
[11.908s] -- Installing: /home/reachy/ros_ws/src/reachy_screen/install/screen_app/share/screen_app/cmake/screen_app__rosidl_typesupport_introspection_cppExport.cmake
[11.908s] -- Installing: /home/reachy/ros_ws/src/reachy_screen/install/screen_app/share/screen_app/cmake/screen_app__rosidl_typesupport_introspection_cppExport-noconfig.cmake
[11.908s] -- Installing: /home/reachy/ros_ws/src/reachy_screen/install/screen_app/share/screen_app/cmake/screen_app__rosidl_typesupport_cppExport.cmake
[11.908s] -- Installing: /home/reachy/ros_ws/src/reachy_screen/install/screen_app/share/screen_app/cmake/screen_app__rosidl_typesupport_cppExport-noconfig.cmake
[11.912s] Invoked command in '/home/reachy/ros_ws/src/reachy_screen/build/screen_app' returned '0': CMAKE_PREFIX_PATH=${CMAKE_PREFIX_PATH}:/home/reachy/reachy_ws/install/reachy_sdk_server:/home/reachy/reachy_ws/install/reachy_kinematics:/home/reachy/reachy_ws/install/reachy_controllers:/home/reachy/reachy_ws/install/reachy_focus:/home/reachy/ros_ws/install/ros2_demo_py:/home/reachy/ros_ws/install/joint_state_publisher_gui:/home/reachy/ros_ws/install/joint_state_publisher:/opt/ros/foxy /usr/bin/cmake --install /home/reachy/ros_ws/src/reachy_screen/build/screen_app
