[0.365s] Invoking command in '/home/reachy/ros_ws/src/reachy_screen/touchscreen_ws/src': PYTHONPATH=/home/reachy/ros_ws/src/reachy_screen/install/reachy_touchscreen/lib/python3.8/site-packages:${PYTHONPATH} /usr/bin/python3 setup.py egg_info --egg-base ../../build/reachy_touchscreen build --build-base /home/reachy/ros_ws/src/reachy_screen/build/reachy_touchscreen/build install --prefix /home/reachy/ros_ws/src/reachy_screen/install/reachy_touchscreen --record /home/reachy/ros_ws/src/reachy_screen/build/reachy_touchscreen/install.log --single-version-externally-managed
[0.718s] running egg_info
[0.719s] creating ../../build/reachy_touchscreen/reachy_touchscreen.egg-info
[0.720s] writing ../../build/reachy_touchscreen/reachy_touchscreen.egg-info/PKG-INFO
[0.721s] writing dependency_links to ../../build/reachy_touchscreen/reachy_touchscreen.egg-info/dependency_links.txt
[0.721s] writing entry points to ../../build/reachy_touchscreen/reachy_touchscreen.egg-info/entry_points.txt
[0.722s] writing requirements to ../../build/reachy_touchscreen/reachy_touchscreen.egg-info/requires.txt
[0.722s] writing top-level names to ../../build/reachy_touchscreen/reachy_touchscreen.egg-info/top_level.txt
[0.726s] writing manifest file '../../build/reachy_touchscreen/reachy_touchscreen.egg-info/SOURCES.txt'
[0.776s] reading manifest file '../../build/reachy_touchscreen/reachy_touchscreen.egg-info/SOURCES.txt'
[0.777s] writing manifest file '../../build/reachy_touchscreen/reachy_touchscreen.egg-info/SOURCES.txt'
[0.777s] running build
[0.777s] running build_py
[0.778s] creating /home/reachy/ros_ws/src/reachy_screen/build/reachy_touchscreen/build
[0.779s] creating /home/reachy/ros_ws/src/reachy_screen/build/reachy_touchscreen/build/lib
[0.779s] creating /home/reachy/ros_ws/src/reachy_screen/build/reachy_touchscreen/build/lib/reachy_touchscreen
[0.779s] copying reachy_touchscreen/screen_calibration.py -> /home/reachy/ros_ws/src/reachy_screen/build/reachy_touchscreen/build/lib/reachy_touchscreen
[0.779s] copying reachy_touchscreen/__init__.py -> /home/reachy/ros_ws/src/reachy_screen/build/reachy_touchscreen/build/lib/reachy_touchscreen
[0.780s] copying reachy_touchscreen/screen_touch.py -> /home/reachy/ros_ws/src/reachy_screen/build/reachy_touchscreen/build/lib/reachy_touchscreen
[0.780s] copying reachy_touchscreen/listen_app.py -> /home/reachy/ros_ws/src/reachy_screen/build/reachy_touchscreen/build/lib/reachy_touchscreen
[0.780s] copying reachy_touchscreen/screen_subscriber.py -> /home/reachy/ros_ws/src/reachy_screen/build/reachy_touchscreen/build/lib/reachy_touchscreen
[0.780s] copying reachy_touchscreen/screen_processing.py -> /home/reachy/ros_ws/src/reachy_screen/build/reachy_touchscreen/build/lib/reachy_touchscreen
[0.780s] running install
[0.782s] running install_lib
[0.784s] creating /home/reachy/ros_ws/src/reachy_screen/install/reachy_touchscreen/lib/python3.8/site-packages/reachy_touchscreen
[0.784s] copying /home/reachy/ros_ws/src/reachy_screen/build/reachy_touchscreen/build/lib/reachy_touchscreen/screen_calibration.py -> /home/reachy/ros_ws/src/reachy_screen/install/reachy_touchscreen/lib/python3.8/site-packages/reachy_touchscreen
[0.784s] copying /home/reachy/ros_ws/src/reachy_screen/build/reachy_touchscreen/build/lib/reachy_touchscreen/__init__.py -> /home/reachy/ros_ws/src/reachy_screen/install/reachy_touchscreen/lib/python3.8/site-packages/reachy_touchscreen
[0.784s] copying /home/reachy/ros_ws/src/reachy_screen/build/reachy_touchscreen/build/lib/reachy_touchscreen/screen_touch.py -> /home/reachy/ros_ws/src/reachy_screen/install/reachy_touchscreen/lib/python3.8/site-packages/reachy_touchscreen
[0.785s] copying /home/reachy/ros_ws/src/reachy_screen/build/reachy_touchscreen/build/lib/reachy_touchscreen/listen_app.py -> /home/reachy/ros_ws/src/reachy_screen/install/reachy_touchscreen/lib/python3.8/site-packages/reachy_touchscreen
[0.785s] copying /home/reachy/ros_ws/src/reachy_screen/build/reachy_touchscreen/build/lib/reachy_touchscreen/screen_subscriber.py -> /home/reachy/ros_ws/src/reachy_screen/install/reachy_touchscreen/lib/python3.8/site-packages/reachy_touchscreen
[0.785s] copying /home/reachy/ros_ws/src/reachy_screen/build/reachy_touchscreen/build/lib/reachy_touchscreen/screen_processing.py -> /home/reachy/ros_ws/src/reachy_screen/install/reachy_touchscreen/lib/python3.8/site-packages/reachy_touchscreen
[0.786s] byte-compiling /home/reachy/ros_ws/src/reachy_screen/install/reachy_touchscreen/lib/python3.8/site-packages/reachy_touchscreen/screen_calibration.py to screen_calibration.cpython-38.pyc
[0.789s] byte-compiling /home/reachy/ros_ws/src/reachy_screen/install/reachy_touchscreen/lib/python3.8/site-packages/reachy_touchscreen/__init__.py to __init__.cpython-38.pyc
[0.789s] byte-compiling /home/reachy/ros_ws/src/reachy_screen/install/reachy_touchscreen/lib/python3.8/site-packages/reachy_touchscreen/screen_touch.py to screen_touch.cpython-38.pyc
[0.790s] byte-compiling /home/reachy/ros_ws/src/reachy_screen/install/reachy_touchscreen/lib/python3.8/site-packages/reachy_touchscreen/listen_app.py to listen_app.cpython-38.pyc
[0.790s] byte-compiling /home/reachy/ros_ws/src/reachy_screen/install/reachy_touchscreen/lib/python3.8/site-packages/reachy_touchscreen/screen_subscriber.py to screen_subscriber.cpython-38.pyc
[0.791s] byte-compiling /home/reachy/ros_ws/src/reachy_screen/install/reachy_touchscreen/lib/python3.8/site-packages/reachy_touchscreen/screen_processing.py to screen_processing.cpython-38.pyc
[0.792s] running install_data
[0.793s] creating /home/reachy/ros_ws/src/reachy_screen/install/reachy_touchscreen/share/ament_index
[0.793s] creating /home/reachy/ros_ws/src/reachy_screen/install/reachy_touchscreen/share/ament_index/resource_index
[0.794s] creating /home/reachy/ros_ws/src/reachy_screen/install/reachy_touchscreen/share/ament_index/resource_index/packages
[0.794s] copying resource/reachy_touchscreen -> /home/reachy/ros_ws/src/reachy_screen/install/reachy_touchscreen/share/ament_index/resource_index/packages
[0.794s] copying package.xml -> /home/reachy/ros_ws/src/reachy_screen/install/reachy_touchscreen/share/reachy_touchscreen
[0.794s] running install_egg_info
[0.797s] Copying ../../build/reachy_touchscreen/reachy_touchscreen.egg-info to /home/reachy/ros_ws/src/reachy_screen/install/reachy_touchscreen/lib/python3.8/site-packages/reachy_touchscreen-0.0.0-py3.8.egg-info
[0.798s] running install_scripts
[0.831s] writing list of installed files to '/home/reachy/ros_ws/src/reachy_screen/build/reachy_touchscreen/install.log'
[0.872s] Invoked command in '/home/reachy/ros_ws/src/reachy_screen/touchscreen_ws/src' returned '0': PYTHONPATH=/home/reachy/ros_ws/src/reachy_screen/install/reachy_touchscreen/lib/python3.8/site-packages:${PYTHONPATH} /usr/bin/python3 setup.py egg_info --egg-base ../../build/reachy_touchscreen build --build-base /home/reachy/ros_ws/src/reachy_screen/build/reachy_touchscreen/build install --prefix /home/reachy/ros_ws/src/reachy_screen/install/reachy_touchscreen --record /home/reachy/ros_ws/src/reachy_screen/build/reachy_touchscreen/install.log --single-version-externally-managed
