[0.018s] Invoking command in '/home/reachy/ros_ws/src/screen_app/build/screen_app': CMAKE_PREFIX_PATH=${CMAKE_PREFIX_PATH}:/home/reachy/reachy_ws/install/reachy_sdk_server:/home/reachy/reachy_ws/install/reachy_kinematics:/home/reachy/reachy_ws/install/reachy_controllers:/home/reachy/reachy_ws/install/reachy_focus:/home/reachy/ros_ws/install/joint_state_publisher_gui:/home/reachy/ros_ws/install/joint_state_publisher:/opt/ros/foxy /usr/bin/cmake --build /home/reachy/ros_ws/src/screen_app/build/screen_app -- -j4 -l4
[0.053s] -- Found ament_cmake: 0.9.9 (/opt/ros/foxy/share/ament_cmake/cmake)
[0.081s] -- Found PythonInterp: /usr/bin/python3 (found suitable version "3.8.10", minimum required is "3") 
[0.081s] -- Using PYTHON_EXECUTABLE: /usr/bin/python3
[0.302s] -- Found std_msgs: 2.0.4 (/opt/ros/foxy/share/std_msgs/cmake)
[0.326s] -- Using all available rosidl_typesupport_c: rosidl_typesupport_fastrtps_c;rosidl_typesupport_introspection_c
[0.329s] -- Found rosidl_adapter: 1.2.1 (/opt/ros/foxy/share/rosidl_adapter/cmake)
[0.443s] -- Using all available rosidl_typesupport_cpp: rosidl_typesupport_fastrtps_cpp;rosidl_typesupport_introspection_cpp
[0.484s] -- Found rosidl_default_generators: 1.0.1 (/opt/ros/foxy/share/rosidl_default_generators/cmake)
[0.520s] -- Found PythonInterp: /usr/bin/python3 (found version "3.8.10") 
[0.691s] -- Found ament_cmake_ros: 0.9.2 (/opt/ros/foxy/share/ament_cmake_ros/cmake)
[0.853s] -- Using all available rosidl_typesupport_c: rosidl_typesupport_fastrtps_c;rosidl_typesupport_introspection_c
[0.914s] -- Using all available rosidl_typesupport_cpp: rosidl_typesupport_fastrtps_cpp;rosidl_typesupport_introspection_cpp
[0.940s] -- Found PythonInterp: /usr/bin/python3 (found suitable version "3.8.10", minimum required is "3.5") 
[0.940s] -- Found python_cmake_module: 0.8.1 (/opt/ros/foxy/share/python_cmake_module/cmake)
[0.969s] -- Using PYTHON_EXECUTABLE: /usr/bin/python3
[0.969s] -- Using PYTHON_INCLUDE_DIRS: /usr/include/python3.8
[0.969s] -- Using PYTHON_LIBRARIES: /usr/lib/x86_64-linux-gnu/libpython3.8.so
[1.006s] -- Found ament_lint_auto: 0.9.6 (/opt/ros/foxy/share/ament_lint_auto/cmake)
[1.016s] -- Added test 'copyright' to check source files copyright and LICENSE
[1.038s] -- Added test 'cppcheck' to perform static code analysis on C / C++ code
[1.039s] -- Configured cppcheck include dirs: $<BUILD_INTERFACE:/home/reachy/ros_ws/src/screen_app/build/screen_app/rosidl_generator_c>;/home/reachy/ros_ws/src/screen_app/build/screen_app/rosidl_generator_c;/home/reachy/ros_ws/src/screen_app/build/screen_app/rosidl_generator_cpp;/home/reachy/ros_ws/src/screen_app/build/screen_app/rosidl_typesupport_fastrtps_c;/home/reachy/ros_ws/src/screen_app/build/screen_app/rosidl_typesupport_fastrtps_cpp;$<BUILD_INTERFACE:/home/reachy/ros_ws/src/screen_app/build/screen_app/rosidl_typesupport_introspection_c>;$<BUILD_INTERFACE:/home/reachy/ros_ws/src/screen_app/build/screen_app/rosidl_typesupport_c>;$<BUILD_INTERFACE:/home/reachy/ros_ws/src/screen_app/build/screen_app/rosidl_generator_cpp>;/home/reachy/ros_ws/src/screen_app/build/screen_app/rosidl_generator_py
[1.039s] -- Configured cppcheck exclude dirs and/or files: 
[1.062s] -- Added test 'cpplint' to check C / C++ code against the Google style
[1.062s] -- Configured cpplint exclude dirs and/or files: 
[1.065s] -- Added test 'flake8' to check Python code syntax and style conventions
[1.070s] -- Added test 'lint_cmake' to check CMake code style
[1.075s] -- Added test 'pep257' to check Python code against some of the style conventions in PEP 257
[1.101s] -- Added test 'uncrustify' to check C / C++ code style
[1.101s] -- Configured uncrustify additional arguments: 
[1.104s] -- Added test 'xmllint' to check XML markup files
[1.108s] -- Configuring done
[1.150s] -- Generating done
[1.153s] -- Build files have been written to: /home/reachy/ros_ws/src/screen_app/build/screen_app
[1.182s] [35m[1mScanning dependencies of target screen_app__cpp[0m
[1.185s] [  2%] [34m[1mGenerating C code for ROS interfaces[0m
[1.197s] [  5%] [34m[1mGenerating C++ code for ROS interfaces[0m
[1.571s] [  5%] Built target screen_app__cpp
[1.594s] [  7%] [34m[1mGenerating C++ type support dispatch for ROS interfaces[0m
[1.598s] [ 10%] [34m[1mGenerating C++ introspection for ROS interfaces[0m
[1.601s] [ 12%] [34m[1mGenerating C++ type support for eProsima Fast-RTPS[0m
[1.787s] [35m[1mScanning dependencies of target screen_app__rosidl_generator_c[0m
[1.830s] [ 15%] [32mBuilding C object CMakeFiles/screen_app__rosidl_generator_c.dir/rosidl_generator_c/screen_app/msg/detail/mouse__functions.c.o[0m
[1.869s] In file included from [01m[K/home/reachy/ros_ws/src/screen_app/build/screen_app/rosidl_generator_c/screen_app/msg/detail/mouse__functions.h:19[m[K,
[1.869s]                  from [01m[K/home/reachy/ros_ws/src/screen_app/build/screen_app/rosidl_generator_c/screen_app/msg/detail/mouse__functions.c:4[m[K:
[1.869s] [01m[K/home/reachy/ros_ws/src/screen_app/build/screen_app/rosidl_generator_c/screen_app/msg/detail/mouse__struct.h:22:10:[m[K [01;31m[Kfatal error: [m[Kscreen_app/msg/detail/header__struct.h: No such file or directory
[1.869s]    22 | #include [01;31m[K"screen_app/msg/detail/header__struct.h"[m[K
[1.869s]       |          [01;31m[K^~~~~~~~~~~~~~~~~~~~~~~~~~~~~~~~~~~~~~~~[m[K
[1.869s] compilation terminated.
[1.870s] make[2]: *** [CMakeFiles/screen_app__rosidl_generator_c.dir/build.make:140: CMakeFiles/screen_app__rosidl_generator_c.dir/rosidl_generator_c/screen_app/msg/detail/mouse__functions.c.o] Error 1
[1.870s] make[1]: *** [CMakeFiles/Makefile2:415: CMakeFiles/screen_app__rosidl_generator_c.dir/all] Error 2
[1.870s] make[1]: *** Waiting for unfinished jobs....
[2.189s] [35m[1mScanning dependencies of target screen_app__rosidl_typesupport_cpp[0m
[2.190s] [35m[1mScanning dependencies of target screen_app__rosidl_typesupport_fastrtps_cpp[0m
[2.213s] [ 17%] [32mBuilding CXX object CMakeFiles/screen_app__rosidl_typesupport_cpp.dir/rosidl_typesupport_cpp/screen_app/msg/key__type_support.cpp.o[0m
[2.213s] [ 20%] [32mBuilding CXX object CMakeFiles/screen_app__rosidl_typesupport_cpp.dir/rosidl_typesupport_cpp/screen_app/msg/mouse__type_support.cpp.o[0m
[2.215s] [ 23%] [32mBuilding CXX object CMakeFiles/screen_app__rosidl_typesupport_fastrtps_cpp.dir/rosidl_typesupport_fastrtps_cpp/screen_app/msg/detail/dds_fastrtps/mouse__type_support.cpp.o[0m
[2.218s] [35m[1mScanning dependencies of target screen_app__rosidl_typesupport_introspection_cpp[0m
[2.265s] [ 25%] [32mBuilding CXX object CMakeFiles/screen_app__rosidl_typesupport_introspection_cpp.dir/rosidl_typesupport_introspection_cpp/screen_app/msg/detail/mouse__type_support.cpp.o[0m
[2.288s] In file included from [01m[K/home/reachy/ros_ws/src/screen_app/build/screen_app/rosidl_typesupport_cpp/screen_app/msg/key__type_support.cpp:7[m[K:
[2.289s] [01m[K/home/reachy/ros_ws/src/screen_app/build/screen_app/rosidl_generator_cpp/screen_app/msg/detail/key__struct.hpp:19:10:[m[K [01;31m[Kfatal error: [m[Kscreen_app/msg/detail/header__struct.hpp: No such file or directory
[2.289s]    19 | #include [01;31m[K"screen_app/msg/detail/header__struct.hpp"[m[K
[2.289s]       |          [01;31m[K^~~~~~~~~~~~~~~~~~~~~~~~~~~~~~~~~~~~~~~~~~[m[K
[2.289s] compilation terminated.
[2.291s] make[2]: *** [CMakeFiles/screen_app__rosidl_typesupport_cpp.dir/build.make:122: CMakeFiles/screen_app__rosidl_typesupport_cpp.dir/rosidl_typesupport_cpp/screen_app/msg/key__type_support.cpp.o] Error 1
[2.292s] make[2]: *** Waiting for unfinished jobs....
[2.293s] In file included from [01m[K/home/reachy/ros_ws/src/screen_app/build/screen_app/rosidl_typesupport_cpp/screen_app/msg/mouse__type_support.cpp:7[m[K:
[2.293s] [01m[K/home/reachy/ros_ws/src/screen_app/build/screen_app/rosidl_generator_cpp/screen_app/msg/detail/mouse__struct.hpp:19:10:[m[K [01;31m[Kfatal error: [m[Kscreen_app/msg/detail/header__struct.hpp: No such file or directory
[2.293s]    19 | #include [01;31m[K"screen_app/msg/detail/header__struct.hpp"[m[K
[2.293s]       |          [01;31m[K^~~~~~~~~~~~~~~~~~~~~~~~~~~~~~~~~~~~~~~~~~[m[K
[2.293s] compilation terminated.
[2.296s] make[2]: *** [CMakeFiles/screen_app__rosidl_typesupport_cpp.dir/build.make:109: CMakeFiles/screen_app__rosidl_typesupport_cpp.dir/rosidl_typesupport_cpp/screen_app/msg/mouse__type_support.cpp.o] Error 1
[2.296s] make[1]: *** [CMakeFiles/Makefile2:442: CMakeFiles/screen_app__rosidl_typesupport_cpp.dir/all] Error 2
[2.300s] In file included from [01m[K/home/reachy/ros_ws/src/screen_app/build/screen_app/rosidl_typesupport_fastrtps_cpp/screen_app/msg/detail/mouse__rosidl_typesupport_fastrtps_cpp.hpp:11[m[K,
[2.300s]                  from [01m[K/home/reachy/ros_ws/src/screen_app/build/screen_app/rosidl_typesupport_fastrtps_cpp/screen_app/msg/detail/dds_fastrtps/mouse__type_support.cpp:4[m[K:
[2.300s] [01m[K/home/reachy/ros_ws/src/screen_app/build/screen_app/rosidl_generator_cpp/screen_app/msg/detail/mouse__struct.hpp:19:10:[m[K [01;31m[Kfatal error: [m[Kscreen_app/msg/detail/header__struct.hpp: No such file or directory
[2.300s]    19 | #include [01;31m[K"screen_app/msg/detail/header__struct.hpp"[m[K
[2.300s]       |          [01;31m[K^~~~~~~~~~~~~~~~~~~~~~~~~~~~~~~~~~~~~~~~~~[m[K
[2.300s] compilation terminated.
[2.306s] make[2]: *** [CMakeFiles/screen_app__rosidl_typesupport_fastrtps_cpp.dir/build.make:117: CMakeFiles/screen_app__rosidl_typesupport_fastrtps_cpp.dir/rosidl_typesupport_fastrtps_cpp/screen_app/msg/detail/dds_fastrtps/mouse__type_support.cpp.o] Error 1
[2.306s] make[2]: *** Waiting for unfinished jobs....
[2.307s] [ 28%] [32mBuilding CXX object CMakeFiles/screen_app__rosidl_typesupport_introspection_cpp.dir/rosidl_typesupport_introspection_cpp/screen_app/msg/detail/key__type_support.cpp.o[0m
[2.312s] [ 30%] [32mBuilding CXX object CMakeFiles/screen_app__rosidl_typesupport_fastrtps_cpp.dir/rosidl_typesupport_fastrtps_cpp/screen_app/msg/detail/dds_fastrtps/key__type_support.cpp.o[0m
[2.350s] In file included from [01m[K/home/reachy/ros_ws/src/screen_app/build/screen_app/rosidl_typesupport_introspection_cpp/screen_app/msg/detail/mouse__type_support.cpp:12[m[K:
[2.351s] [01m[K/home/reachy/ros_ws/src/screen_app/build/screen_app/rosidl_generator_cpp/screen_app/msg/detail/mouse__struct.hpp:19:10:[m[K [01;31m[Kfatal error: [m[Kscreen_app/msg/detail/header__struct.hpp: No such file or directory
[2.351s]    19 | #include [01;31m[K"screen_app/msg/detail/header__struct.hpp"[m[K
[2.351s]       |          [01;31m[K^~~~~~~~~~~~~~~~~~~~~~~~~~~~~~~~~~~~~~~~~~[m[K
[2.351s] compilation terminated.
[2.352s] make[2]: *** [CMakeFiles/screen_app__rosidl_typesupport_introspection_cpp.dir/build.make:117: CMakeFiles/screen_app__rosidl_typesupport_introspection_cpp.dir/rosidl_typesupport_introspection_cpp/screen_app/msg/detail/mouse__type_support.cpp.o] Error 1
[2.352s] make[2]: *** Waiting for unfinished jobs....
[2.369s] In file included from [01m[K/home/reachy/ros_ws/src/screen_app/build/screen_app/rosidl_typesupport_introspection_cpp/screen_app/msg/detail/key__type_support.cpp:12[m[K:
[2.369s] [01m[K/home/reachy/ros_ws/src/screen_app/build/screen_app/rosidl_generator_cpp/screen_app/msg/detail/key__struct.hpp:19:10:[m[K [01;31m[Kfatal error: [m[Kscreen_app/msg/detail/header__struct.hpp: No such file or directory
[2.370s]    19 | #include [01;31m[K"screen_app/msg/detail/header__struct.hpp"[m[K
[2.370s]       |          [01;31m[K^~~~~~~~~~~~~~~~~~~~~~~~~~~~~~~~~~~~~~~~~~[m[K
[2.370s] compilation terminated.
[2.370s] make[2]: *** [CMakeFiles/screen_app__rosidl_typesupport_introspection_cpp.dir/build.make:130: CMakeFiles/screen_app__rosidl_typesupport_introspection_cpp.dir/rosidl_typesupport_introspection_cpp/screen_app/msg/detail/key__type_support.cpp.o] Error 1
[2.370s] make[1]: *** [CMakeFiles/Makefile2:246: CMakeFiles/screen_app__rosidl_typesupport_introspection_cpp.dir/all] Error 2
[2.371s] In file included from [01m[K/home/reachy/ros_ws/src/screen_app/build/screen_app/rosidl_typesupport_fastrtps_cpp/screen_app/msg/detail/key__rosidl_typesupport_fastrtps_cpp.hpp:11[m[K,
[2.371s]                  from [01m[K/home/reachy/ros_ws/src/screen_app/build/screen_app/rosidl_typesupport_fastrtps_cpp/screen_app/msg/detail/dds_fastrtps/key__type_support.cpp:4[m[K:
[2.371s] [01m[K/home/reachy/ros_ws/src/screen_app/build/screen_app/rosidl_generator_cpp/screen_app/msg/detail/key__struct.hpp:19:10:[m[K [01;31m[Kfatal error: [m[Kscreen_app/msg/detail/header__struct.hpp: No such file or directory
[2.371s]    19 | #include [01;31m[K"screen_app/msg/detail/header__struct.hpp"[m[K
[2.371s]       |          [01;31m[K^~~~~~~~~~~~~~~~~~~~~~~~~~~~~~~~~~~~~~~~~~[m[K
[2.371s] compilation terminated.
[2.372s] make[2]: *** [CMakeFiles/screen_app__rosidl_typesupport_fastrtps_cpp.dir/build.make:130: CMakeFiles/screen_app__rosidl_typesupport_fastrtps_cpp.dir/rosidl_typesupport_fastrtps_cpp/screen_app/msg/detail/dds_fastrtps/key__type_support.cpp.o] Error 1
[2.372s] make[1]: *** [CMakeFiles/Makefile2:496: CMakeFiles/screen_app__rosidl_typesupport_fastrtps_cpp.dir/all] Error 2
[2.372s] make: *** [Makefile:141: all] Error 2
[2.374s] Invoked command in '/home/reachy/ros_ws/src/screen_app/build/screen_app' returned '2': CMAKE_PREFIX_PATH=${CMAKE_PREFIX_PATH}:/home/reachy/reachy_ws/install/reachy_sdk_server:/home/reachy/reachy_ws/install/reachy_kinematics:/home/reachy/reachy_ws/install/reachy_controllers:/home/reachy/reachy_ws/install/reachy_focus:/home/reachy/ros_ws/install/joint_state_publisher_gui:/home/reachy/ros_ws/install/joint_state_publisher:/opt/ros/foxy /usr/bin/cmake --build /home/reachy/ros_ws/src/screen_app/build/screen_app -- -j4 -l4
