[0.489s] DEBUG:colcon:Command line arguments: ['/usr/bin/colcon', 'build', '--symlink-install', '--packages-select', 'screen_app']
[0.489s] DEBUG:colcon:Parsed command line arguments: Namespace(ament_cmake_args=None, base_paths=['.'], build_base='build', catkin_cmake_args=None, catkin_skip_building_tests=False, cmake_args=None, cmake_clean_cache=False, cmake_clean_first=False, cmake_force_configure=False, cmake_target=None, cmake_target_skip_unavailable=False, continue_on_error=False, event_handlers=None, executor='parallel', ignore_user_meta=False, install_base='install', log_base=None, log_level=None, main=<bound method BuildVerb.main of <colcon_core.verb.build.BuildVerb object at 0x7f1afcfe5400>>, merge_install=False, metas=['./colcon.meta'], packages_above=None, packages_above_and_dependencies=None, packages_above_depth=None, packages_end=None, packages_ignore=None, packages_ignore_regex=None, packages_select=['screen_app'], packages_select_build_failed=False, packages_select_by_dep=None, packages_select_regex=None, packages_select_test_failures=False, packages_skip=None, packages_skip_build_finished=False, packages_skip_by_dep=None, packages_skip_regex=None, packages_skip_test_passed=False, packages_skip_up_to=None, packages_start=None, packages_up_to=None, packages_up_to_regex=None, parallel_workers=4, paths=None, symlink_install=True, test_result_base=None, verb_extension=<colcon_core.verb.build.BuildVerb object at 0x7f1afcfe5400>, verb_name='build', verb_parser=<colcon_defaults.argument_parser.defaults.DefaultArgumentsDecorator object at 0x7f1afcfe5940>)
[0.501s] Level 1:colcon.colcon_core.package_discovery:discover_packages(colcon_meta) check parameters
[0.501s] Level 1:colcon.colcon_core.package_discovery:discover_packages(recursive) check parameters
[0.501s] Level 1:colcon.colcon_core.package_discovery:discover_packages(ignore) check parameters
[0.501s] Level 1:colcon.colcon_core.package_discovery:discover_packages(path) check parameters
[0.501s] Level 1:colcon.colcon_core.package_discovery:discover_packages(colcon_meta) discover
[0.501s] Level 1:colcon.colcon_core.package_discovery:discover_packages(recursive) discover
[0.501s] INFO:colcon.colcon_core.package_discovery:Crawling recursively for packages in '/home/reachy/reachy_repo/Fall2021/reachy_screen'
[0.502s] Level 1:colcon.colcon_core.package_identification:_identify(.) by extensions ['ignore', 'ignore_ament_install']
[0.502s] Level 1:colcon.colcon_core.package_identification:_identify(.) by extension 'ignore'
[0.502s] Level 1:colcon.colcon_core.package_identification:_identify(.) by extension 'ignore_ament_install'
[0.502s] Level 1:colcon.colcon_core.package_identification:_identify(.) by extensions ['colcon_pkg']
[0.502s] Level 1:colcon.colcon_core.package_identification:_identify(.) by extension 'colcon_pkg'
[0.502s] Level 1:colcon.colcon_core.package_identification:_identify(.) by extensions ['colcon_meta']
[0.502s] Level 1:colcon.colcon_core.package_identification:_identify(.) by extension 'colcon_meta'
[0.502s] Level 1:colcon.colcon_core.package_identification:_identify(.) by extensions ['ros']
[0.502s] Level 1:colcon.colcon_core.package_identification:_identify(.) by extension 'ros'
[0.526s] Level 1:colcon.colcon_core.package_identification:_identify(.) by extensions ['cmake', 'python']
[0.526s] Level 1:colcon.colcon_core.package_identification:_identify(.) by extension 'cmake'
[0.526s] Level 1:colcon.colcon_core.package_identification:_identify(.) by extension 'python'
[0.526s] Level 1:colcon.colcon_core.package_identification:_identify(.) by extensions ['python_setup_py']
[0.526s] Level 1:colcon.colcon_core.package_identification:_identify(.) by extension 'python_setup_py'
[0.526s] Level 1:colcon.colcon_core.package_identification:_identify(build) by extensions ['ignore', 'ignore_ament_install']
[0.526s] Level 1:colcon.colcon_core.package_identification:_identify(build) by extension 'ignore'
[0.526s] Level 1:colcon.colcon_core.package_identification:_identify(build) ignored
[0.527s] Level 1:colcon.colcon_core.package_identification:_identify(install) by extensions ['ignore', 'ignore_ament_install']
[0.527s] Level 1:colcon.colcon_core.package_identification:_identify(install) by extension 'ignore'
[0.527s] Level 1:colcon.colcon_core.package_identification:_identify(install) ignored
[0.527s] Level 1:colcon.colcon_core.package_identification:_identify(log) by extensions ['ignore', 'ignore_ament_install']
[0.527s] Level 1:colcon.colcon_core.package_identification:_identify(log) by extension 'ignore'
[0.527s] Level 1:colcon.colcon_core.package_identification:_identify(log) ignored
[0.528s] Level 1:colcon.colcon_core.package_identification:_identify(screen_app) by extensions ['ignore', 'ignore_ament_install']
[0.528s] Level 1:colcon.colcon_core.package_identification:_identify(screen_app) by extension 'ignore'
[0.528s] Level 1:colcon.colcon_core.package_identification:_identify(screen_app) by extension 'ignore_ament_install'
[0.528s] Level 1:colcon.colcon_core.package_identification:_identify(screen_app) by extensions ['colcon_pkg']
[0.528s] Level 1:colcon.colcon_core.package_identification:_identify(screen_app) by extension 'colcon_pkg'
[0.528s] Level 1:colcon.colcon_core.package_identification:_identify(screen_app) by extensions ['colcon_meta']
[0.528s] Level 1:colcon.colcon_core.package_identification:_identify(screen_app) by extension 'colcon_meta'
[0.528s] Level 1:colcon.colcon_core.package_identification:_identify(screen_app) by extensions ['ros']
[0.528s] Level 1:colcon.colcon_core.package_identification:_identify(screen_app) by extension 'ros'
[0.533s] DEBUG:colcon.colcon_core.package_identification:Package 'screen_app' with type 'ros.ament_cmake' and name 'screen_app'
[0.533s] Level 1:colcon.colcon_core.package_identification:_identify(touchscreen_ws) by extensions ['ignore', 'ignore_ament_install']
[0.533s] Level 1:colcon.colcon_core.package_identification:_identify(touchscreen_ws) by extension 'ignore'
[0.533s] Level 1:colcon.colcon_core.package_identification:_identify(touchscreen_ws) by extension 'ignore_ament_install'
[0.533s] Level 1:colcon.colcon_core.package_identification:_identify(touchscreen_ws) by extensions ['colcon_pkg']
[0.533s] Level 1:colcon.colcon_core.package_identification:_identify(touchscreen_ws) by extension 'colcon_pkg'
[0.534s] Level 1:colcon.colcon_core.package_identification:_identify(touchscreen_ws) by extensions ['colcon_meta']
[0.534s] Level 1:colcon.colcon_core.package_identification:_identify(touchscreen_ws) by extension 'colcon_meta'
[0.534s] Level 1:colcon.colcon_core.package_identification:_identify(touchscreen_ws) by extensions ['ros']
[0.534s] Level 1:colcon.colcon_core.package_identification:_identify(touchscreen_ws) by extension 'ros'
[0.534s] Level 1:colcon.colcon_core.package_identification:_identify(touchscreen_ws) by extensions ['cmake', 'python']
[0.534s] Level 1:colcon.colcon_core.package_identification:_identify(touchscreen_ws) by extension 'cmake'
[0.534s] Level 1:colcon.colcon_core.package_identification:_identify(touchscreen_ws) by extension 'python'
[0.534s] Level 1:colcon.colcon_core.package_identification:_identify(touchscreen_ws) by extensions ['python_setup_py']
[0.534s] Level 1:colcon.colcon_core.package_identification:_identify(touchscreen_ws) by extension 'python_setup_py'
[0.534s] Level 1:colcon.colcon_core.package_identification:_identify(touchscreen_ws/build) by extensions ['ignore', 'ignore_ament_install']
[0.535s] Level 1:colcon.colcon_core.package_identification:_identify(touchscreen_ws/build) by extension 'ignore'
[0.535s] Level 1:colcon.colcon_core.package_identification:_identify(touchscreen_ws/build) ignored
[0.535s] Level 1:colcon.colcon_core.package_identification:_identify(touchscreen_ws/install) by extensions ['ignore', 'ignore_ament_install']
[0.535s] Level 1:colcon.colcon_core.package_identification:_identify(touchscreen_ws/install) by extension 'ignore'
[0.535s] Level 1:colcon.colcon_core.package_identification:_identify(touchscreen_ws/install) ignored
[0.535s] Level 1:colcon.colcon_core.package_identification:_identify(touchscreen_ws/log) by extensions ['ignore', 'ignore_ament_install']
[0.535s] Level 1:colcon.colcon_core.package_identification:_identify(touchscreen_ws/log) by extension 'ignore'
[0.536s] Level 1:colcon.colcon_core.package_identification:_identify(touchscreen_ws/log) ignored
[0.536s] Level 1:colcon.colcon_core.package_identification:_identify(touchscreen_ws/src) by extensions ['ignore', 'ignore_ament_install']
[0.536s] Level 1:colcon.colcon_core.package_identification:_identify(touchscreen_ws/src) by extension 'ignore'
[0.536s] Level 1:colcon.colcon_core.package_identification:_identify(touchscreen_ws/src) by extension 'ignore_ament_install'
[0.536s] Level 1:colcon.colcon_core.package_identification:_identify(touchscreen_ws/src) by extensions ['colcon_pkg']
[0.536s] Level 1:colcon.colcon_core.package_identification:_identify(touchscreen_ws/src) by extension 'colcon_pkg'
[0.536s] Level 1:colcon.colcon_core.package_identification:_identify(touchscreen_ws/src) by extensions ['colcon_meta']
[0.536s] Level 1:colcon.colcon_core.package_identification:_identify(touchscreen_ws/src) by extension 'colcon_meta'
[0.536s] Level 1:colcon.colcon_core.package_identification:_identify(touchscreen_ws/src) by extensions ['ros']
[0.536s] Level 1:colcon.colcon_core.package_identification:_identify(touchscreen_ws/src) by extension 'ros'
[0.538s] DEBUG:colcon.colcon_core.package_identification:Package 'touchscreen_ws/src' with type 'ros.ament_python' and name 'reachy_touchscreen'
[0.538s] Level 1:colcon.colcon_core.package_discovery:discover_packages(recursive) using defaults
[0.538s] Level 1:colcon.colcon_core.package_discovery:discover_packages(ignore) discover
[0.538s] Level 1:colcon.colcon_core.package_discovery:discover_packages(ignore) using defaults
[0.538s] Level 1:colcon.colcon_core.package_discovery:discover_packages(path) discover
[0.538s] Level 1:colcon.colcon_core.package_discovery:discover_packages(path) using defaults
[0.572s] INFO:colcon.colcon_core.package_selection:Skipping not selected package 'reachy_touchscreen' in 'touchscreen_ws/src'
[0.578s] Level 5:colcon.colcon_core.verb:set package 'screen_app' build argument 'cmake_args' from command line to 'None'
[0.578s] Level 5:colcon.colcon_core.verb:set package 'screen_app' build argument 'cmake_target' from command line to 'None'
[0.578s] Level 5:colcon.colcon_core.verb:set package 'screen_app' build argument 'cmake_target_skip_unavailable' from command line to 'False'
[0.578s] Level 5:colcon.colcon_core.verb:set package 'screen_app' build argument 'cmake_clean_cache' from command line to 'False'
[0.578s] Level 5:colcon.colcon_core.verb:set package 'screen_app' build argument 'cmake_clean_first' from command line to 'False'
[0.578s] Level 5:colcon.colcon_core.verb:set package 'screen_app' build argument 'cmake_force_configure' from command line to 'False'
[0.578s] Level 5:colcon.colcon_core.verb:set package 'screen_app' build argument 'ament_cmake_args' from command line to 'None'
[0.578s] Level 5:colcon.colcon_core.verb:set package 'screen_app' build argument 'catkin_cmake_args' from command line to 'None'
[0.578s] Level 5:colcon.colcon_core.verb:set package 'screen_app' build argument 'catkin_skip_building_tests' from command line to 'False'
[0.578s] DEBUG:colcon.colcon_core.verb:Building package 'screen_app' with the following arguments: {'ament_cmake_args': None, 'build_base': '/home/reachy/reachy_repo/Fall2021/reachy_screen/build/screen_app', 'catkin_cmake_args': None, 'catkin_skip_building_tests': False, 'cmake_args': None, 'cmake_clean_cache': False, 'cmake_clean_first': False, 'cmake_force_configure': False, 'cmake_target': None, 'cmake_target_skip_unavailable': False, 'install_base': '/home/reachy/reachy_repo/Fall2021/reachy_screen/install/screen_app', 'merge_install': False, 'path': '/home/reachy/reachy_repo/Fall2021/reachy_screen/screen_app', 'symlink_install': True, 'test_result_base': None}
[0.579s] INFO:colcon.colcon_core.executor:Executing jobs using 'parallel' executor
[0.583s] DEBUG:colcon.colcon_parallel_executor.executor.parallel:run_until_complete
[0.592s] INFO:colcon.colcon_ros.task.ament_cmake.build:Building ROS package in '/home/reachy/reachy_repo/Fall2021/reachy_screen/screen_app' with build type 'ament_cmake'
[0.592s] INFO:colcon.colcon_cmake.task.cmake.build:Building CMake package in '/home/reachy/reachy_repo/Fall2021/reachy_screen/screen_app'
[0.598s] INFO:colcon.colcon_core.plugin_system:Skipping extension 'colcon_core.shell.bat': Not used on non-Windows systems
[0.598s] INFO:colcon.colcon_core.shell:Skip shell extension 'powershell' for command environment: Not usable outside of PowerShell
[0.598s] DEBUG:colcon.colcon_core.shell:Skip shell extension 'dsv' for command environment
[0.607s] DEBUG:colcon.colcon_core.shell:Ignoring prefix path '/opt/ros/foxy'
[0.625s] DEBUG:colcon.colcon_core.event_handler.log_command:Invoking command in '/home/reachy/reachy_repo/Fall2021/reachy_screen/build/screen_app': CMAKE_PREFIX_PATH=${CMAKE_PREFIX_PATH}:/home/reachy/reachy_ws/install/reachy_sdk_server:/home/reachy/reachy_ws/install/reachy_kinematics:/home/reachy/reachy_ws/install/reachy_controllers:/home/reachy/reachy_ws/install/reachy_focus:/home/reachy/ros_ws/install/ros2_demo_py:/home/reachy/ros_ws/install/joint_state_publisher_gui:/home/reachy/ros_ws/install/joint_state_publisher:/opt/ros/foxy /usr/bin/cmake /home/reachy/reachy_repo/Fall2021/reachy_screen/screen_app -DAMENT_CMAKE_SYMLINK_INSTALL=1 -DCMAKE_INSTALL_PREFIX=/home/reachy/reachy_repo/Fall2021/reachy_screen/install/screen_app
[4.684s] DEBUG:colcon.colcon_core.event_handler.log_command:Invoked command in '/home/reachy/reachy_repo/Fall2021/reachy_screen/build/screen_app' returned '0': CMAKE_PREFIX_PATH=${CMAKE_PREFIX_PATH}:/home/reachy/reachy_ws/install/reachy_sdk_server:/home/reachy/reachy_ws/install/reachy_kinematics:/home/reachy/reachy_ws/install/reachy_controllers:/home/reachy/reachy_ws/install/reachy_focus:/home/reachy/ros_ws/install/ros2_demo_py:/home/reachy/ros_ws/install/joint_state_publisher_gui:/home/reachy/ros_ws/install/joint_state_publisher:/opt/ros/foxy /usr/bin/cmake /home/reachy/reachy_repo/Fall2021/reachy_screen/screen_app -DAMENT_CMAKE_SYMLINK_INSTALL=1 -DCMAKE_INSTALL_PREFIX=/home/reachy/reachy_repo/Fall2021/reachy_screen/install/screen_app
[4.685s] DEBUG:colcon.colcon_core.event_handler.log_command:Invoking command in '/home/reachy/reachy_repo/Fall2021/reachy_screen/build/screen_app': CMAKE_PREFIX_PATH=${CMAKE_PREFIX_PATH}:/home/reachy/reachy_ws/install/reachy_sdk_server:/home/reachy/reachy_ws/install/reachy_kinematics:/home/reachy/reachy_ws/install/reachy_controllers:/home/reachy/reachy_ws/install/reachy_focus:/home/reachy/ros_ws/install/ros2_demo_py:/home/reachy/ros_ws/install/joint_state_publisher_gui:/home/reachy/ros_ws/install/joint_state_publisher:/opt/ros/foxy /usr/bin/cmake --build /home/reachy/reachy_repo/Fall2021/reachy_screen/build/screen_app -- -j4 -l4
[14.421s] DEBUG:colcon.colcon_core.event_handler.log_command:Invoked command in '/home/reachy/reachy_repo/Fall2021/reachy_screen/build/screen_app' returned '0': CMAKE_PREFIX_PATH=${CMAKE_PREFIX_PATH}:/home/reachy/reachy_ws/install/reachy_sdk_server:/home/reachy/reachy_ws/install/reachy_kinematics:/home/reachy/reachy_ws/install/reachy_controllers:/home/reachy/reachy_ws/install/reachy_focus:/home/reachy/ros_ws/install/ros2_demo_py:/home/reachy/ros_ws/install/joint_state_publisher_gui:/home/reachy/ros_ws/install/joint_state_publisher:/opt/ros/foxy /usr/bin/cmake --build /home/reachy/reachy_repo/Fall2021/reachy_screen/build/screen_app -- -j4 -l4
[14.532s] DEBUG:colcon.colcon_core.event_handler.log_command:Invoking command in '/home/reachy/reachy_repo/Fall2021/reachy_screen/build/screen_app': CMAKE_PREFIX_PATH=${CMAKE_PREFIX_PATH}:/home/reachy/reachy_ws/install/reachy_sdk_server:/home/reachy/reachy_ws/install/reachy_kinematics:/home/reachy/reachy_ws/install/reachy_controllers:/home/reachy/reachy_ws/install/reachy_focus:/home/reachy/ros_ws/install/ros2_demo_py:/home/reachy/ros_ws/install/joint_state_publisher_gui:/home/reachy/ros_ws/install/joint_state_publisher:/opt/ros/foxy /usr/bin/cmake --install /home/reachy/reachy_repo/Fall2021/reachy_screen/build/screen_app
[16.056s] Level 1:colcon.colcon_core.environment:create_environment_scripts_only(screen_app)
[16.073s] Level 1:colcon.colcon_core.environment:checking '/home/reachy/reachy_repo/Fall2021/reachy_screen/install/screen_app' for CMake module files
[16.077s] DEBUG:colcon.colcon_core.event_handler.log_command:Invoked command in '/home/reachy/reachy_repo/Fall2021/reachy_screen/build/screen_app' returned '0': CMAKE_PREFIX_PATH=${CMAKE_PREFIX_PATH}:/home/reachy/reachy_ws/install/reachy_sdk_server:/home/reachy/reachy_ws/install/reachy_kinematics:/home/reachy/reachy_ws/install/reachy_controllers:/home/reachy/reachy_ws/install/reachy_focus:/home/reachy/ros_ws/install/ros2_demo_py:/home/reachy/ros_ws/install/joint_state_publisher_gui:/home/reachy/ros_ws/install/joint_state_publisher:/opt/ros/foxy /usr/bin/cmake --install /home/reachy/reachy_repo/Fall2021/reachy_screen/build/screen_app
[16.077s] Level 1:colcon.colcon_core.environment:checking '/home/reachy/reachy_repo/Fall2021/reachy_screen/install/screen_app' for CMake config files
[16.078s] Level 1:colcon.colcon_core.shell:create_environment_hook('screen_app', 'cmake_prefix_path')
[16.080s] INFO:colcon.colcon_core.shell:Creating environment hook '/home/reachy/reachy_repo/Fall2021/reachy_screen/install/screen_app/share/screen_app/hook/cmake_prefix_path.ps1'
[16.085s] INFO:colcon.colcon_core.shell:Creating environment descriptor '/home/reachy/reachy_repo/Fall2021/reachy_screen/install/screen_app/share/screen_app/hook/cmake_prefix_path.dsv'
[16.086s] INFO:colcon.colcon_core.shell:Creating environment hook '/home/reachy/reachy_repo/Fall2021/reachy_screen/install/screen_app/share/screen_app/hook/cmake_prefix_path.sh'
[16.087s] Level 1:colcon.colcon_core.environment:checking '/home/reachy/reachy_repo/Fall2021/reachy_screen/install/screen_app/lib'
[16.092s] Level 1:colcon.colcon_core.shell:create_environment_hook('screen_app', 'ld_library_path_lib')
[16.093s] INFO:colcon.colcon_core.shell:Creating environment hook '/home/reachy/reachy_repo/Fall2021/reachy_screen/install/screen_app/share/screen_app/hook/ld_library_path_lib.ps1'
[16.094s] INFO:colcon.colcon_core.shell:Creating environment descriptor '/home/reachy/reachy_repo/Fall2021/reachy_screen/install/screen_app/share/screen_app/hook/ld_library_path_lib.dsv'
[16.096s] INFO:colcon.colcon_core.shell:Creating environment hook '/home/reachy/reachy_repo/Fall2021/reachy_screen/install/screen_app/share/screen_app/hook/ld_library_path_lib.sh'
[16.097s] Level 1:colcon.colcon_core.environment:checking '/home/reachy/reachy_repo/Fall2021/reachy_screen/install/screen_app/bin'
[16.097s] Level 1:colcon.colcon_core.environment:checking '/home/reachy/reachy_repo/Fall2021/reachy_screen/install/screen_app/lib/pkgconfig/screen_app.pc'
[16.097s] Level 1:colcon.colcon_core.environment:checking '/home/reachy/reachy_repo/Fall2021/reachy_screen/install/screen_app/lib/python3.8/site-packages'
[16.097s] Level 1:colcon.colcon_core.shell:create_environment_hook('screen_app', 'pythonpath')
[16.103s] INFO:colcon.colcon_core.shell:Creating environment hook '/home/reachy/reachy_repo/Fall2021/reachy_screen/install/screen_app/share/screen_app/hook/pythonpath.ps1'
[16.106s] INFO:colcon.colcon_core.shell:Creating environment descriptor '/home/reachy/reachy_repo/Fall2021/reachy_screen/install/screen_app/share/screen_app/hook/pythonpath.dsv'
[16.107s] INFO:colcon.colcon_core.shell:Creating environment hook '/home/reachy/reachy_repo/Fall2021/reachy_screen/install/screen_app/share/screen_app/hook/pythonpath.sh'
[16.110s] INFO:colcon.colcon_core.shell:Creating package script '/home/reachy/reachy_repo/Fall2021/reachy_screen/install/screen_app/share/screen_app/package.ps1'
[16.112s] INFO:colcon.colcon_core.shell:Creating package descriptor '/home/reachy/reachy_repo/Fall2021/reachy_screen/install/screen_app/share/screen_app/package.dsv'
[16.117s] INFO:colcon.colcon_core.shell:Creating package script '/home/reachy/reachy_repo/Fall2021/reachy_screen/install/screen_app/share/screen_app/package.sh'
[16.119s] INFO:colcon.colcon_core.shell:Creating package script '/home/reachy/reachy_repo/Fall2021/reachy_screen/install/screen_app/share/screen_app/package.bash'
[16.123s] INFO:colcon.colcon_core.shell:Creating package script '/home/reachy/reachy_repo/Fall2021/reachy_screen/install/screen_app/share/screen_app/package.zsh'
[16.125s] Level 1:colcon.colcon_core.environment:create_file_with_runtime_dependencies(/home/reachy/reachy_repo/Fall2021/reachy_screen/install/screen_app/share/colcon-core/packages/screen_app)
[16.298s] Level 1:colcon.colcon_core.environment:create_environment_scripts_only(screen_app)
[16.301s] Level 1:colcon.colcon_core.environment:checking '/home/reachy/reachy_repo/Fall2021/reachy_screen/install/screen_app' for CMake module files
[16.303s] Level 1:colcon.colcon_core.environment:checking '/home/reachy/reachy_repo/Fall2021/reachy_screen/install/screen_app' for CMake config files
[16.304s] Level 1:colcon.colcon_core.shell:create_environment_hook('screen_app', 'cmake_prefix_path')
[16.307s] INFO:colcon.colcon_core.shell:Creating environment hook '/home/reachy/reachy_repo/Fall2021/reachy_screen/install/screen_app/share/screen_app/hook/cmake_prefix_path.ps1'
[16.308s] INFO:colcon.colcon_core.shell:Creating environment descriptor '/home/reachy/reachy_repo/Fall2021/reachy_screen/install/screen_app/share/screen_app/hook/cmake_prefix_path.dsv'
[16.309s] INFO:colcon.colcon_core.shell:Creating environment hook '/home/reachy/reachy_repo/Fall2021/reachy_screen/install/screen_app/share/screen_app/hook/cmake_prefix_path.sh'
[16.310s] Level 1:colcon.colcon_core.environment:checking '/home/reachy/reachy_repo/Fall2021/reachy_screen/install/screen_app/lib'
[16.311s] Level 1:colcon.colcon_core.shell:create_environment_hook('screen_app', 'ld_library_path_lib')
[16.313s] INFO:colcon.colcon_core.shell:Creating environment hook '/home/reachy/reachy_repo/Fall2021/reachy_screen/install/screen_app/share/screen_app/hook/ld_library_path_lib.ps1'
[16.315s] INFO:colcon.colcon_core.shell:Creating environment descriptor '/home/reachy/reachy_repo/Fall2021/reachy_screen/install/screen_app/share/screen_app/hook/ld_library_path_lib.dsv'
[16.316s] INFO:colcon.colcon_core.shell:Creating environment hook '/home/reachy/reachy_repo/Fall2021/reachy_screen/install/screen_app/share/screen_app/hook/ld_library_path_lib.sh'
[16.317s] Level 1:colcon.colcon_core.environment:checking '/home/reachy/reachy_repo/Fall2021/reachy_screen/install/screen_app/bin'
[16.317s] Level 1:colcon.colcon_core.environment:checking '/home/reachy/reachy_repo/Fall2021/reachy_screen/install/screen_app/lib/pkgconfig/screen_app.pc'
[16.317s] Level 1:colcon.colcon_core.environment:checking '/home/reachy/reachy_repo/Fall2021/reachy_screen/install/screen_app/lib/python3.8/site-packages'
[16.317s] Level 1:colcon.colcon_core.shell:create_environment_hook('screen_app', 'pythonpath')
[16.319s] INFO:colcon.colcon_core.shell:Creating environment hook '/home/reachy/reachy_repo/Fall2021/reachy_screen/install/screen_app/share/screen_app/hook/pythonpath.ps1'
[16.320s] INFO:colcon.colcon_core.shell:Creating environment descriptor '/home/reachy/reachy_repo/Fall2021/reachy_screen/install/screen_app/share/screen_app/hook/pythonpath.dsv'
[16.320s] INFO:colcon.colcon_core.shell:Creating environment hook '/home/reachy/reachy_repo/Fall2021/reachy_screen/install/screen_app/share/screen_app/hook/pythonpath.sh'
[16.323s] INFO:colcon.colcon_core.shell:Creating package script '/home/reachy/reachy_repo/Fall2021/reachy_screen/install/screen_app/share/screen_app/package.ps1'
[16.324s] INFO:colcon.colcon_core.shell:Creating package descriptor '/home/reachy/reachy_repo/Fall2021/reachy_screen/install/screen_app/share/screen_app/package.dsv'
[16.326s] INFO:colcon.colcon_core.shell:Creating package script '/home/reachy/reachy_repo/Fall2021/reachy_screen/install/screen_app/share/screen_app/package.sh'
[16.329s] INFO:colcon.colcon_core.shell:Creating package script '/home/reachy/reachy_repo/Fall2021/reachy_screen/install/screen_app/share/screen_app/package.bash'
[16.331s] INFO:colcon.colcon_core.shell:Creating package script '/home/reachy/reachy_repo/Fall2021/reachy_screen/install/screen_app/share/screen_app/package.zsh'
[16.333s] Level 1:colcon.colcon_core.environment:create_file_with_runtime_dependencies(/home/reachy/reachy_repo/Fall2021/reachy_screen/install/screen_app/share/colcon-core/packages/screen_app)
[16.335s] DEBUG:colcon.colcon_parallel_executor.executor.parallel:closing loop
[16.335s] DEBUG:colcon.colcon_parallel_executor.executor.parallel:loop closed
[16.335s] DEBUG:colcon.colcon_parallel_executor.executor.parallel:run_until_complete finished with '0'
[16.335s] DEBUG:colcon.colcon_core.event_reactor:joining thread
[16.354s] INFO:colcon.colcon_core.plugin_system:Skipping extension 'colcon_notification.desktop_notification.terminal_notifier': Not used on non-Darwin systems
[16.354s] INFO:colcon.colcon_core.plugin_system:Skipping extension 'colcon_notification.desktop_notification.win32': Not used on non-Windows systems
[16.354s] INFO:colcon.colcon_notification.desktop_notification:Sending desktop notification using 'notify2'
[16.385s] DEBUG:colcon.colcon_core.event_reactor:joined thread
[16.387s] INFO:colcon.colcon_core.shell:Creating prefix script '/home/reachy/reachy_repo/Fall2021/reachy_screen/install/local_setup.ps1'
[16.389s] INFO:colcon.colcon_core.shell:Creating prefix util module '/home/reachy/reachy_repo/Fall2021/reachy_screen/install/_local_setup_util_ps1.py'
[16.391s] INFO:colcon.colcon_core.shell:Creating prefix chain script '/home/reachy/reachy_repo/Fall2021/reachy_screen/install/setup.ps1'
[16.405s] INFO:colcon.colcon_core.shell:Creating prefix script '/home/reachy/reachy_repo/Fall2021/reachy_screen/install/local_setup.sh'
[16.406s] INFO:colcon.colcon_core.shell:Creating prefix util module '/home/reachy/reachy_repo/Fall2021/reachy_screen/install/_local_setup_util_sh.py'
[16.407s] INFO:colcon.colcon_core.shell:Creating prefix chain script '/home/reachy/reachy_repo/Fall2021/reachy_screen/install/setup.sh'
[16.413s] INFO:colcon.colcon_core.shell:Creating prefix script '/home/reachy/reachy_repo/Fall2021/reachy_screen/install/local_setup.bash'
[16.414s] INFO:colcon.colcon_core.shell:Creating prefix chain script '/home/reachy/reachy_repo/Fall2021/reachy_screen/install/setup.bash'
[16.424s] INFO:colcon.colcon_core.shell:Creating prefix script '/home/reachy/reachy_repo/Fall2021/reachy_screen/install/local_setup.zsh'
[16.433s] INFO:colcon.colcon_core.shell:Creating prefix chain script '/home/reachy/reachy_repo/Fall2021/reachy_screen/install/setup.zsh'
