[0.365s] DEBUG:colcon:Command line arguments: ['/usr/bin/colcon', 'build']
[0.365s] DEBUG:colcon:Parsed command line arguments: Namespace(ament_cmake_args=None, base_paths=['.'], build_base='build', catkin_cmake_args=None, catkin_skip_building_tests=False, cmake_args=None, cmake_clean_cache=False, cmake_clean_first=False, cmake_force_configure=False, cmake_target=None, cmake_target_skip_unavailable=False, continue_on_error=False, event_handlers=None, executor='parallel', ignore_user_meta=False, install_base='install', log_base=None, log_level=None, main=<bound method BuildVerb.main of <colcon_core.verb.build.BuildVerb object at 0x7fb38d818790>>, merge_install=False, metas=['./colcon.meta'], packages_above=None, packages_above_and_dependencies=None, packages_above_depth=None, packages_end=None, packages_ignore=None, packages_ignore_regex=None, packages_select=None, packages_select_build_failed=False, packages_select_by_dep=None, packages_select_regex=None, packages_select_test_failures=False, packages_skip=None, packages_skip_build_finished=False, packages_skip_by_dep=None, packages_skip_regex=None, packages_skip_test_passed=False, packages_skip_up_to=None, packages_start=None, packages_up_to=None, packages_up_to_regex=None, parallel_workers=4, paths=None, symlink_install=False, test_result_base=None, verb_extension=<colcon_core.verb.build.BuildVerb object at 0x7fb38d818790>, verb_name='build', verb_parser=<colcon_defaults.argument_parser.defaults.DefaultArgumentsDecorator object at 0x7fb38d818d00>)
[0.373s] Level 1:colcon.colcon_core.package_discovery:discover_packages(colcon_meta) check parameters
[0.374s] Level 1:colcon.colcon_core.package_discovery:discover_packages(recursive) check parameters
[0.374s] Level 1:colcon.colcon_core.package_discovery:discover_packages(ignore) check parameters
[0.374s] Level 1:colcon.colcon_core.package_discovery:discover_packages(path) check parameters
[0.374s] Level 1:colcon.colcon_core.package_discovery:discover_packages(colcon_meta) discover
[0.374s] Level 1:colcon.colcon_core.package_discovery:discover_packages(recursive) discover
[0.374s] INFO:colcon.colcon_core.package_discovery:Crawling recursively for packages in '/home/reachy/ros_ws/src/reachy_screen'
[0.374s] Level 1:colcon.colcon_core.package_identification:_identify(.) by extensions ['ignore', 'ignore_ament_install']
[0.374s] Level 1:colcon.colcon_core.package_identification:_identify(.) by extension 'ignore'
[0.375s] Level 1:colcon.colcon_core.package_identification:_identify(.) by extension 'ignore_ament_install'
[0.375s] Level 1:colcon.colcon_core.package_identification:_identify(.) by extensions ['colcon_pkg']
[0.375s] Level 1:colcon.colcon_core.package_identification:_identify(.) by extension 'colcon_pkg'
[0.375s] Level 1:colcon.colcon_core.package_identification:_identify(.) by extensions ['colcon_meta']
[0.375s] Level 1:colcon.colcon_core.package_identification:_identify(.) by extension 'colcon_meta'
[0.375s] Level 1:colcon.colcon_core.package_identification:_identify(.) by extensions ['ros']
[0.375s] Level 1:colcon.colcon_core.package_identification:_identify(.) by extension 'ros'
[0.388s] Level 1:colcon.colcon_core.package_identification:_identify(.) by extensions ['cmake', 'python']
[0.389s] Level 1:colcon.colcon_core.package_identification:_identify(.) by extension 'cmake'
[0.389s] Level 1:colcon.colcon_core.package_identification:_identify(.) by extension 'python'
[0.389s] Level 1:colcon.colcon_core.package_identification:_identify(.) by extensions ['python_setup_py']
[0.389s] Level 1:colcon.colcon_core.package_identification:_identify(.) by extension 'python_setup_py'
[0.389s] Level 1:colcon.colcon_core.package_identification:_identify(build) by extensions ['ignore', 'ignore_ament_install']
[0.389s] Level 1:colcon.colcon_core.package_identification:_identify(build) by extension 'ignore'
[0.389s] Level 1:colcon.colcon_core.package_identification:_identify(build) ignored
[0.389s] Level 1:colcon.colcon_core.package_identification:_identify(install) by extensions ['ignore', 'ignore_ament_install']
[0.389s] Level 1:colcon.colcon_core.package_identification:_identify(install) by extension 'ignore'
[0.389s] Level 1:colcon.colcon_core.package_identification:_identify(install) ignored
[0.389s] Level 1:colcon.colcon_core.package_identification:_identify(log) by extensions ['ignore', 'ignore_ament_install']
[0.390s] Level 1:colcon.colcon_core.package_identification:_identify(log) by extension 'ignore'
[0.390s] Level 1:colcon.colcon_core.package_identification:_identify(log) ignored
[0.390s] Level 1:colcon.colcon_core.package_identification:_identify(touchscreen_ws) by extensions ['ignore', 'ignore_ament_install']
[0.390s] Level 1:colcon.colcon_core.package_identification:_identify(touchscreen_ws) by extension 'ignore'
[0.390s] Level 1:colcon.colcon_core.package_identification:_identify(touchscreen_ws) by extension 'ignore_ament_install'
[0.390s] Level 1:colcon.colcon_core.package_identification:_identify(touchscreen_ws) by extensions ['colcon_pkg']
[0.390s] Level 1:colcon.colcon_core.package_identification:_identify(touchscreen_ws) by extension 'colcon_pkg'
[0.390s] Level 1:colcon.colcon_core.package_identification:_identify(touchscreen_ws) by extensions ['colcon_meta']
[0.390s] Level 1:colcon.colcon_core.package_identification:_identify(touchscreen_ws) by extension 'colcon_meta'
[0.390s] Level 1:colcon.colcon_core.package_identification:_identify(touchscreen_ws) by extensions ['ros']
[0.390s] Level 1:colcon.colcon_core.package_identification:_identify(touchscreen_ws) by extension 'ros'
[0.390s] Level 1:colcon.colcon_core.package_identification:_identify(touchscreen_ws) by extensions ['cmake', 'python']
[0.390s] Level 1:colcon.colcon_core.package_identification:_identify(touchscreen_ws) by extension 'cmake'
[0.390s] Level 1:colcon.colcon_core.package_identification:_identify(touchscreen_ws) by extension 'python'
[0.390s] Level 1:colcon.colcon_core.package_identification:_identify(touchscreen_ws) by extensions ['python_setup_py']
[0.391s] Level 1:colcon.colcon_core.package_identification:_identify(touchscreen_ws) by extension 'python_setup_py'
[0.391s] Level 1:colcon.colcon_core.package_identification:_identify(touchscreen_ws/install) by extensions ['ignore', 'ignore_ament_install']
[0.391s] Level 1:colcon.colcon_core.package_identification:_identify(touchscreen_ws/install) by extension 'ignore'
[0.391s] Level 1:colcon.colcon_core.package_identification:_identify(touchscreen_ws/install) ignored
[0.391s] Level 1:colcon.colcon_core.package_identification:_identify(touchscreen_ws/log) by extensions ['ignore', 'ignore_ament_install']
[0.391s] Level 1:colcon.colcon_core.package_identification:_identify(touchscreen_ws/log) by extension 'ignore'
[0.391s] Level 1:colcon.colcon_core.package_identification:_identify(touchscreen_ws/log) ignored
[0.391s] Level 1:colcon.colcon_core.package_identification:_identify(touchscreen_ws/src) by extensions ['ignore', 'ignore_ament_install']
[0.391s] Level 1:colcon.colcon_core.package_identification:_identify(touchscreen_ws/src) by extension 'ignore'
[0.391s] Level 1:colcon.colcon_core.package_identification:_identify(touchscreen_ws/src) by extension 'ignore_ament_install'
[0.391s] Level 1:colcon.colcon_core.package_identification:_identify(touchscreen_ws/src) by extensions ['colcon_pkg']
[0.391s] Level 1:colcon.colcon_core.package_identification:_identify(touchscreen_ws/src) by extension 'colcon_pkg'
[0.392s] Level 1:colcon.colcon_core.package_identification:_identify(touchscreen_ws/src) by extensions ['colcon_meta']
[0.392s] Level 1:colcon.colcon_core.package_identification:_identify(touchscreen_ws/src) by extension 'colcon_meta'
[0.392s] Level 1:colcon.colcon_core.package_identification:_identify(touchscreen_ws/src) by extensions ['ros']
[0.392s] Level 1:colcon.colcon_core.package_identification:_identify(touchscreen_ws/src) by extension 'ros'
[0.394s] DEBUG:colcon.colcon_core.package_identification:Package 'touchscreen_ws/src' with type 'ros.ament_python' and name 'reachy_touchscreen'
[0.394s] Level 1:colcon.colcon_core.package_discovery:discover_packages(recursive) using defaults
[0.394s] Level 1:colcon.colcon_core.package_discovery:discover_packages(ignore) discover
[0.394s] Level 1:colcon.colcon_core.package_discovery:discover_packages(ignore) using defaults
[0.394s] Level 1:colcon.colcon_core.package_discovery:discover_packages(path) discover
[0.394s] Level 1:colcon.colcon_core.package_discovery:discover_packages(path) using defaults
[0.418s] Level 5:colcon.colcon_core.verb:set package 'reachy_touchscreen' build argument 'cmake_args' from command line to 'None'
[0.418s] Level 5:colcon.colcon_core.verb:set package 'reachy_touchscreen' build argument 'cmake_target' from command line to 'None'
[0.418s] Level 5:colcon.colcon_core.verb:set package 'reachy_touchscreen' build argument 'cmake_target_skip_unavailable' from command line to 'False'
[0.418s] Level 5:colcon.colcon_core.verb:set package 'reachy_touchscreen' build argument 'cmake_clean_cache' from command line to 'False'
[0.418s] Level 5:colcon.colcon_core.verb:set package 'reachy_touchscreen' build argument 'cmake_clean_first' from command line to 'False'
[0.418s] Level 5:colcon.colcon_core.verb:set package 'reachy_touchscreen' build argument 'cmake_force_configure' from command line to 'False'
[0.418s] Level 5:colcon.colcon_core.verb:set package 'reachy_touchscreen' build argument 'ament_cmake_args' from command line to 'None'
[0.418s] Level 5:colcon.colcon_core.verb:set package 'reachy_touchscreen' build argument 'catkin_cmake_args' from command line to 'None'
[0.418s] Level 5:colcon.colcon_core.verb:set package 'reachy_touchscreen' build argument 'catkin_skip_building_tests' from command line to 'False'
[0.418s] DEBUG:colcon.colcon_core.verb:Building package 'reachy_touchscreen' with the following arguments: {'ament_cmake_args': None, 'build_base': '/home/reachy/ros_ws/src/reachy_screen/build/reachy_touchscreen', 'catkin_cmake_args': None, 'catkin_skip_building_tests': False, 'cmake_args': None, 'cmake_clean_cache': False, 'cmake_clean_first': False, 'cmake_force_configure': False, 'cmake_target': None, 'cmake_target_skip_unavailable': False, 'install_base': '/home/reachy/ros_ws/src/reachy_screen/install/reachy_touchscreen', 'merge_install': False, 'path': '/home/reachy/ros_ws/src/reachy_screen/touchscreen_ws/src', 'symlink_install': False, 'test_result_base': None}
[0.419s] INFO:colcon.colcon_core.executor:Executing jobs using 'parallel' executor
[0.422s] DEBUG:colcon.colcon_parallel_executor.executor.parallel:run_until_complete
[0.422s] INFO:colcon.colcon_ros.task.ament_python.build:Building ROS package in '/home/reachy/ros_ws/src/reachy_screen/touchscreen_ws/src' with build type 'ament_python'
[0.423s] Level 1:colcon.colcon_core.shell:create_environment_hook('reachy_touchscreen', 'ament_prefix_path')
[0.427s] INFO:colcon.colcon_core.plugin_system:Skipping extension 'colcon_core.shell.bat': Not used on non-Windows systems
[0.428s] INFO:colcon.colcon_core.shell:Creating environment hook '/home/reachy/ros_ws/src/reachy_screen/install/reachy_touchscreen/share/reachy_touchscreen/hook/ament_prefix_path.ps1'
[0.429s] INFO:colcon.colcon_core.shell:Creating environment descriptor '/home/reachy/ros_ws/src/reachy_screen/install/reachy_touchscreen/share/reachy_touchscreen/hook/ament_prefix_path.dsv'
[0.429s] INFO:colcon.colcon_core.shell:Creating environment hook '/home/reachy/ros_ws/src/reachy_screen/install/reachy_touchscreen/share/reachy_touchscreen/hook/ament_prefix_path.sh'
[0.431s] INFO:colcon.colcon_core.shell:Skip shell extension 'powershell' for command environment: Not usable outside of PowerShell
[0.431s] DEBUG:colcon.colcon_core.shell:Skip shell extension 'dsv' for command environment
[0.437s] DEBUG:colcon.colcon_core.shell:Ignoring prefix path '/opt/ros/foxy'
[0.770s] INFO:colcon.colcon_core.task.python.build:Building Python package in '/home/reachy/ros_ws/src/reachy_screen/touchscreen_ws/src'
[0.771s] INFO:colcon.colcon_core.shell:Skip shell extension 'powershell' for command environment: Not usable outside of PowerShell
[0.771s] DEBUG:colcon.colcon_core.shell:Skip shell extension 'dsv' for command environment
[0.775s] DEBUG:colcon.colcon_core.shell:Ignoring prefix path '/opt/ros/foxy'
[0.788s] DEBUG:colcon.colcon_core.event_handler.log_command:Invoking command in '/home/reachy/ros_ws/src/reachy_screen/touchscreen_ws/src': PYTHONPATH=/home/reachy/ros_ws/src/reachy_screen/install/reachy_touchscreen/lib/python3.8/site-packages:${PYTHONPATH} /usr/bin/python3 setup.py egg_info --egg-base ../../build/reachy_touchscreen build --build-base /home/reachy/ros_ws/src/reachy_screen/build/reachy_touchscreen/build install --prefix /home/reachy/ros_ws/src/reachy_screen/install/reachy_touchscreen --record /home/reachy/ros_ws/src/reachy_screen/build/reachy_touchscreen/install.log --single-version-externally-managed
[1.294s] DEBUG:colcon.colcon_core.event_handler.log_command:Invoked command in '/home/reachy/ros_ws/src/reachy_screen/touchscreen_ws/src' returned '0': PYTHONPATH=/home/reachy/ros_ws/src/reachy_screen/install/reachy_touchscreen/lib/python3.8/site-packages:${PYTHONPATH} /usr/bin/python3 setup.py egg_info --egg-base ../../build/reachy_touchscreen build --build-base /home/reachy/ros_ws/src/reachy_screen/build/reachy_touchscreen/build install --prefix /home/reachy/ros_ws/src/reachy_screen/install/reachy_touchscreen --record /home/reachy/ros_ws/src/reachy_screen/build/reachy_touchscreen/install.log --single-version-externally-managed
[1.299s] Level 1:colcon.colcon_core.environment:checking '/home/reachy/ros_ws/src/reachy_screen/install/reachy_touchscreen' for CMake module files
[1.300s] Level 1:colcon.colcon_core.environment:checking '/home/reachy/ros_ws/src/reachy_screen/install/reachy_touchscreen' for CMake config files
[1.301s] Level 1:colcon.colcon_core.environment:checking '/home/reachy/ros_ws/src/reachy_screen/install/reachy_touchscreen/lib'
[1.302s] Level 1:colcon.colcon_core.environment:checking '/home/reachy/ros_ws/src/reachy_screen/install/reachy_touchscreen/bin'
[1.302s] Level 1:colcon.colcon_core.environment:checking '/home/reachy/ros_ws/src/reachy_screen/install/reachy_touchscreen/lib/pkgconfig/reachy_touchscreen.pc'
[1.302s] Level 1:colcon.colcon_core.environment:checking '/home/reachy/ros_ws/src/reachy_screen/install/reachy_touchscreen/lib/python3.8/site-packages'
[1.302s] Level 1:colcon.colcon_core.shell:create_environment_hook('reachy_touchscreen', 'pythonpath')
[1.303s] INFO:colcon.colcon_core.shell:Creating environment hook '/home/reachy/ros_ws/src/reachy_screen/install/reachy_touchscreen/share/reachy_touchscreen/hook/pythonpath.ps1'
[1.304s] INFO:colcon.colcon_core.shell:Creating environment descriptor '/home/reachy/ros_ws/src/reachy_screen/install/reachy_touchscreen/share/reachy_touchscreen/hook/pythonpath.dsv'
[1.305s] INFO:colcon.colcon_core.shell:Creating environment hook '/home/reachy/ros_ws/src/reachy_screen/install/reachy_touchscreen/share/reachy_touchscreen/hook/pythonpath.sh'
[1.306s] Level 1:colcon.colcon_core.environment:create_environment_scripts_only(reachy_touchscreen)
[1.307s] INFO:colcon.colcon_core.shell:Creating package script '/home/reachy/ros_ws/src/reachy_screen/install/reachy_touchscreen/share/reachy_touchscreen/package.ps1'
[1.309s] INFO:colcon.colcon_core.shell:Creating package descriptor '/home/reachy/ros_ws/src/reachy_screen/install/reachy_touchscreen/share/reachy_touchscreen/package.dsv'
[1.310s] INFO:colcon.colcon_core.shell:Creating package script '/home/reachy/ros_ws/src/reachy_screen/install/reachy_touchscreen/share/reachy_touchscreen/package.sh'
[1.312s] INFO:colcon.colcon_core.shell:Creating package script '/home/reachy/ros_ws/src/reachy_screen/install/reachy_touchscreen/share/reachy_touchscreen/package.bash'
[1.314s] INFO:colcon.colcon_core.shell:Creating package script '/home/reachy/ros_ws/src/reachy_screen/install/reachy_touchscreen/share/reachy_touchscreen/package.zsh'
[1.315s] Level 1:colcon.colcon_core.environment:create_file_with_runtime_dependencies(/home/reachy/ros_ws/src/reachy_screen/install/reachy_touchscreen/share/colcon-core/packages/reachy_touchscreen)
[1.316s] DEBUG:colcon.colcon_parallel_executor.executor.parallel:closing loop
[1.316s] DEBUG:colcon.colcon_parallel_executor.executor.parallel:loop closed
[1.317s] DEBUG:colcon.colcon_parallel_executor.executor.parallel:run_until_complete finished with '0'
[1.318s] DEBUG:colcon.colcon_core.event_reactor:joining thread
[1.329s] INFO:colcon.colcon_core.plugin_system:Skipping extension 'colcon_notification.desktop_notification.terminal_notifier': Not used on non-Darwin systems
[1.329s] INFO:colcon.colcon_core.plugin_system:Skipping extension 'colcon_notification.desktop_notification.win32': Not used on non-Windows systems
[1.329s] INFO:colcon.colcon_notification.desktop_notification:Sending desktop notification using 'notify2'
[1.335s] DEBUG:colcon.colcon_core.event_reactor:joined thread
[1.337s] INFO:colcon.colcon_core.shell:Creating prefix script '/home/reachy/ros_ws/src/reachy_screen/install/local_setup.ps1'
[1.339s] INFO:colcon.colcon_core.shell:Creating prefix util module '/home/reachy/ros_ws/src/reachy_screen/install/_local_setup_util_ps1.py'
[1.342s] INFO:colcon.colcon_core.shell:Creating prefix chain script '/home/reachy/ros_ws/src/reachy_screen/install/setup.ps1'
[1.348s] INFO:colcon.colcon_core.shell:Creating prefix script '/home/reachy/ros_ws/src/reachy_screen/install/local_setup.sh'
[1.349s] INFO:colcon.colcon_core.shell:Creating prefix util module '/home/reachy/ros_ws/src/reachy_screen/install/_local_setup_util_sh.py'
[1.350s] INFO:colcon.colcon_core.shell:Creating prefix chain script '/home/reachy/ros_ws/src/reachy_screen/install/setup.sh'
[1.357s] INFO:colcon.colcon_core.shell:Creating prefix script '/home/reachy/ros_ws/src/reachy_screen/install/local_setup.bash'
[1.358s] INFO:colcon.colcon_core.shell:Creating prefix chain script '/home/reachy/ros_ws/src/reachy_screen/install/setup.bash'
[1.364s] INFO:colcon.colcon_core.shell:Creating prefix script '/home/reachy/ros_ws/src/reachy_screen/install/local_setup.zsh'
[1.365s] INFO:colcon.colcon_core.shell:Creating prefix chain script '/home/reachy/ros_ws/src/reachy_screen/install/setup.zsh'
