[0.015s] Invoking command in '/home/reachy/ros_ws/src/screen_app/build/screen_app': CMAKE_PREFIX_PATH=${CMAKE_PREFIX_PATH}:/home/reachy/reachy_ws/install/reachy_sdk_server:/home/reachy/reachy_ws/install/reachy_kinematics:/home/reachy/reachy_ws/install/reachy_controllers:/home/reachy/reachy_ws/install/reachy_focus:/home/reachy/ros_ws/install/joint_state_publisher_gui:/home/reachy/ros_ws/install/joint_state_publisher:/opt/ros/foxy /usr/bin/cmake --build /home/reachy/ros_ws/src/screen_app/build/screen_app -- -j4 -l4
[0.050s] -- Found ament_cmake: 0.9.9 (/opt/ros/foxy/share/ament_cmake/cmake)
[0.079s] -- Found PythonInterp: /usr/bin/python3 (found suitable version "3.8.10", minimum required is "3") 
[0.079s] -- Using PYTHON_EXECUTABLE: /usr/bin/python3
[0.309s] -- Found std_msgs: 2.0.4 (/opt/ros/foxy/share/std_msgs/cmake)
[0.338s] -- Using all available rosidl_typesupport_c: rosidl_typesupport_fastrtps_c;rosidl_typesupport_introspection_c
[0.342s] -- Found rosidl_adapter: 1.2.1 (/opt/ros/foxy/share/rosidl_adapter/cmake)
[0.468s] -- Using all available rosidl_typesupport_cpp: rosidl_typesupport_fastrtps_cpp;rosidl_typesupport_introspection_cpp
[0.516s] -- Found rosidl_default_generators: 1.0.1 (/opt/ros/foxy/share/rosidl_default_generators/cmake)
[0.550s] -- Found PythonInterp: /usr/bin/python3 (found version "3.8.10") 
[0.738s] -- Found ament_cmake_ros: 0.9.2 (/opt/ros/foxy/share/ament_cmake_ros/cmake)
[0.909s] -- Using all available rosidl_typesupport_c: rosidl_typesupport_fastrtps_c;rosidl_typesupport_introspection_c
[0.974s] -- Using all available rosidl_typesupport_cpp: rosidl_typesupport_fastrtps_cpp;rosidl_typesupport_introspection_cpp
[1.004s] -- Found PythonInterp: /usr/bin/python3 (found suitable version "3.8.10", minimum required is "3.5") 
[1.004s] -- Found python_cmake_module: 0.8.1 (/opt/ros/foxy/share/python_cmake_module/cmake)
[1.031s] -- Using PYTHON_EXECUTABLE: /usr/bin/python3
[1.031s] -- Using PYTHON_INCLUDE_DIRS: /usr/include/python3.8
[1.031s] -- Using PYTHON_LIBRARIES: /usr/lib/x86_64-linux-gnu/libpython3.8.so
[1.071s] -- Found ament_lint_auto: 0.9.6 (/opt/ros/foxy/share/ament_lint_auto/cmake)
[1.080s] -- Added test 'copyright' to check source files copyright and LICENSE
[1.104s] -- Added test 'cppcheck' to perform static code analysis on C / C++ code
[1.106s] -- Configured cppcheck include dirs: $<BUILD_INTERFACE:/home/reachy/ros_ws/src/screen_app/build/screen_app/rosidl_generator_c>;/home/reachy/ros_ws/src/screen_app/build/screen_app/rosidl_generator_c;/home/reachy/ros_ws/src/screen_app/build/screen_app/rosidl_generator_cpp;/home/reachy/ros_ws/src/screen_app/build/screen_app/rosidl_typesupport_fastrtps_c;/home/reachy/ros_ws/src/screen_app/build/screen_app/rosidl_typesupport_fastrtps_cpp;$<BUILD_INTERFACE:/home/reachy/ros_ws/src/screen_app/build/screen_app/rosidl_typesupport_introspection_c>;$<BUILD_INTERFACE:/home/reachy/ros_ws/src/screen_app/build/screen_app/rosidl_typesupport_c>;$<BUILD_INTERFACE:/home/reachy/ros_ws/src/screen_app/build/screen_app/rosidl_generator_cpp>;/home/reachy/ros_ws/src/screen_app/build/screen_app/rosidl_generator_py
[1.106s] -- Configured cppcheck exclude dirs and/or files: 
[1.129s] -- Added test 'cpplint' to check C / C++ code against the Google style
[1.129s] -- Configured cpplint exclude dirs and/or files: 
[1.133s] -- Added test 'flake8' to check Python code syntax and style conventions
[1.140s] -- Added test 'lint_cmake' to check CMake code style
[1.143s] -- Added test 'pep257' to check Python code against some of the style conventions in PEP 257
[1.166s] -- Added test 'uncrustify' to check C / C++ code style
[1.166s] -- Configured uncrustify additional arguments: 
[1.169s] -- Added test 'xmllint' to check XML markup files
[1.173s] -- Configuring done
[1.214s] -- Generating done
[1.217s] -- Build files have been written to: /home/reachy/ros_ws/src/screen_app/build/screen_app
[1.248s] [  2%] [34m[1mGenerating C code for ROS interfaces[0m
[1.259s] [  5%] [34m[1mGenerating C++ code for ROS interfaces[0m
[1.668s] [  5%] Built target screen_app__cpp
[1.689s] [  7%] [34m[1mGenerating C++ type support for eProsima Fast-RTPS[0m
[1.705s] [ 10%] [34m[1mGenerating C++ type support dispatch for ROS interfaces[0m
[1.706s] [35m[1mScanning dependencies of target screen_app__rosidl_generator_c[0m
[1.710s] [ 12%] [34m[1mGenerating C++ introspection for ROS interfaces[0m
[1.726s] [ 15%] [32mBuilding C object CMakeFiles/screen_app__rosidl_generator_c.dir/rosidl_generator_c/screen_app/msg/detail/mouse__functions.c.o[0m
[1.789s] [ 17%] [32mBuilding C object CMakeFiles/screen_app__rosidl_generator_c.dir/rosidl_generator_c/screen_app/msg/detail/key__functions.c.o[0m
[1.853s] [ 20%] [32m[1mLinking C shared library libscreen_app__rosidl_generator_c.so[0m
[1.910s] [ 20%] Built target screen_app__rosidl_generator_c
[1.926s] [ 23%] [34m[1mGenerating C introspection for ROS interfaces[0m
[2.263s] [35m[1mScanning dependencies of target screen_app__rosidl_typesupport_cpp[0m
[2.281s] [ 25%] [32mBuilding CXX object CMakeFiles/screen_app__rosidl_typesupport_cpp.dir/rosidl_typesupport_cpp/screen_app/msg/mouse__type_support.cpp.o[0m
[2.486s] [35m[1mScanning dependencies of target screen_app__rosidl_typesupport_fastrtps_cpp[0m
[2.514s] [ 28%] [32mBuilding CXX object CMakeFiles/screen_app__rosidl_typesupport_fastrtps_cpp.dir/rosidl_typesupport_fastrtps_cpp/screen_app/msg/detail/dds_fastrtps/mouse__type_support.cpp.o[0m
[2.549s] [35m[1mScanning dependencies of target screen_app__rosidl_typesupport_introspection_cpp[0m
[2.570s] [ 30%] [32mBuilding CXX object CMakeFiles/screen_app__rosidl_typesupport_introspection_cpp.dir/rosidl_typesupport_introspection_cpp/screen_app/msg/detail/mouse__type_support.cpp.o[0m
[2.595s] [35m[1mScanning dependencies of target screen_app__rosidl_typesupport_introspection_c[0m
[2.635s] [ 33%] [32mBuilding C object CMakeFiles/screen_app__rosidl_typesupport_introspection_c.dir/rosidl_typesupport_introspection_c/screen_app/msg/detail/mouse__type_support.c.o[0m
[2.710s] [ 35%] [32mBuilding C object CMakeFiles/screen_app__rosidl_typesupport_introspection_c.dir/rosidl_typesupport_introspection_c/screen_app/msg/detail/key__type_support.c.o[0m
[2.783s] [ 38%] [32m[1mLinking C shared library libscreen_app__rosidl_typesupport_introspection_c.so[0m
[2.830s] [ 41%] [32mBuilding CXX object CMakeFiles/screen_app__rosidl_typesupport_cpp.dir/rosidl_typesupport_cpp/screen_app/msg/key__type_support.cpp.o[0m
[2.835s] [ 41%] Built target screen_app__rosidl_typesupport_introspection_c
[2.881s] [ 43%] [34m[1mGenerating C type support dispatch for ROS interfaces[0m
[3.156s] [ 46%] [32mBuilding CXX object CMakeFiles/screen_app__rosidl_typesupport_introspection_cpp.dir/rosidl_typesupport_introspection_cpp/screen_app/msg/detail/key__type_support.cpp.o[0m
[3.364s] [ 48%] [32mBuilding CXX object CMakeFiles/screen_app__rosidl_typesupport_fastrtps_cpp.dir/rosidl_typesupport_fastrtps_cpp/screen_app/msg/detail/dds_fastrtps/key__type_support.cpp.o[0m
[3.437s] [ 51%] [32m[1mLinking CXX shared library libscreen_app__rosidl_typesupport_cpp.so[0m
[3.504s] [ 51%] Built target screen_app__rosidl_typesupport_cpp
[3.661s] [35m[1mScanning dependencies of target screen_app__rosidl_typesupport_c[0m
[3.684s] [ 56%] [32mBuilding CXX object CMakeFiles/screen_app__rosidl_typesupport_c.dir/rosidl_typesupport_c/screen_app/msg/mouse__type_support.cpp.o[0m
[3.686s] [ 56%] [32mBuilding CXX object CMakeFiles/screen_app__rosidl_typesupport_c.dir/rosidl_typesupport_c/screen_app/msg/key__type_support.cpp.o[0m
[3.698s] [ 58%] [32m[1mLinking CXX shared library libscreen_app__rosidl_typesupport_introspection_cpp.so[0m
[3.769s] [ 61%] [32m[1mLinking CXX shared library libscreen_app__rosidl_typesupport_c.so[0m
[3.836s] [ 61%] Built target screen_app__rosidl_typesupport_introspection_cpp
[3.856s] [ 61%] Built target screen_app__rosidl_typesupport_c
[4.024s] [ 64%] [32m[1mLinking CXX shared library libscreen_app__rosidl_typesupport_fastrtps_cpp.so[0m
[4.144s] [ 64%] Built target screen_app__rosidl_typesupport_fastrtps_cpp
[4.160s] [ 66%] [34m[1mGenerating C type support for eProsima Fast-RTPS[0m
[4.467s] [35m[1mScanning dependencies of target screen_app__rosidl_typesupport_fastrtps_c[0m
[4.486s] [ 71%] [32mBuilding CXX object CMakeFiles/screen_app__rosidl_typesupport_fastrtps_c.dir/rosidl_typesupport_fastrtps_c/screen_app/msg/detail/mouse__type_support_c.cpp.o[0m
[4.486s] [ 71%] [32mBuilding CXX object CMakeFiles/screen_app__rosidl_typesupport_fastrtps_c.dir/rosidl_typesupport_fastrtps_c/screen_app/msg/detail/key__type_support_c.cpp.o[0m
[4.900s] [ 74%] [32m[1mLinking CXX shared library libscreen_app__rosidl_typesupport_fastrtps_c.so[0m
[5.022s] [ 74%] Built target screen_app__rosidl_typesupport_fastrtps_c
[5.049s] [ 74%] Built target screen_app
[5.064s] [35m[1mScanning dependencies of target screen_app__py[0m
[5.082s] [ 76%] [34m[1mGenerating Python code for ROS interfaces[0m
[5.702s] [ 76%] Built target screen_app__py
[5.714s] [35m[1mScanning dependencies of target screen_app__python[0m
[5.736s] [ 79%] [32mBuilding C object CMakeFiles/screen_app__python.dir/rosidl_generator_py/screen_app/msg/_key_s.c.o[0m
[5.736s] [ 82%] [32mBuilding C object CMakeFiles/screen_app__python.dir/rosidl_generator_py/screen_app/msg/_mouse_s.c.o[0m
[5.839s] [ 84%] [32m[1mLinking C shared library rosidl_generator_py/screen_app/libscreen_app__python.so[0m
[5.887s] [ 84%] Built target screen_app__python
[5.902s] [35m[1mScanning dependencies of target screen_app__rosidl_typesupport_c__pyext[0m
[5.902s] [35m[1mScanning dependencies of target screen_app__rosidl_typesupport_introspection_c__pyext[0m
[5.903s] [35m[1mScanning dependencies of target screen_app__rosidl_typesupport_fastrtps_c__pyext[0m
[5.928s] [ 87%] [32mBuilding C object CMakeFiles/screen_app__rosidl_typesupport_introspection_c__pyext.dir/rosidl_generator_py/screen_app/_screen_app_s.ep.rosidl_typesupport_introspection_c.c.o[0m
[5.931s] [ 89%] [32mBuilding C object CMakeFiles/screen_app__rosidl_typesupport_c__pyext.dir/rosidl_generator_py/screen_app/_screen_app_s.ep.rosidl_typesupport_c.c.o[0m
[5.935s] [ 92%] [32mBuilding C object CMakeFiles/screen_app__rosidl_typesupport_fastrtps_c__pyext.dir/rosidl_generator_py/screen_app/_screen_app_s.ep.rosidl_typesupport_fastrtps_c.c.o[0m
[6.041s] [ 94%] [32m[1mLinking C shared library rosidl_generator_py/screen_app/screen_app_s__rosidl_typesupport_c.cpython-38-x86_64-linux-gnu.so[0m
[6.062s] [ 97%] [32m[1mLinking C shared library rosidl_generator_py/screen_app/screen_app_s__rosidl_typesupport_introspection_c.cpython-38-x86_64-linux-gnu.so[0m
[6.085s] [100%] [32m[1mLinking CXX shared library rosidl_generator_py/screen_app/screen_app_s__rosidl_typesupport_fastrtps_c.cpython-38-x86_64-linux-gnu.so[0m
[6.104s] [100%] Built target screen_app__rosidl_typesupport_c__pyext
[6.132s] [100%] Built target screen_app__rosidl_typesupport_introspection_c__pyext
[6.184s] [100%] Built target screen_app__rosidl_typesupport_fastrtps_c__pyext
[6.198s] Invoked command in '/home/reachy/ros_ws/src/screen_app/build/screen_app' returned '0': CMAKE_PREFIX_PATH=${CMAKE_PREFIX_PATH}:/home/reachy/reachy_ws/install/reachy_sdk_server:/home/reachy/reachy_ws/install/reachy_kinematics:/home/reachy/reachy_ws/install/reachy_controllers:/home/reachy/reachy_ws/install/reachy_focus:/home/reachy/ros_ws/install/joint_state_publisher_gui:/home/reachy/ros_ws/install/joint_state_publisher:/opt/ros/foxy /usr/bin/cmake --build /home/reachy/ros_ws/src/screen_app/build/screen_app -- -j4 -l4
[6.277s] Invoking command in '/home/reachy/ros_ws/src/screen_app/build/screen_app': CMAKE_PREFIX_PATH=${CMAKE_PREFIX_PATH}:/home/reachy/reachy_ws/install/reachy_sdk_server:/home/reachy/reachy_ws/install/reachy_kinematics:/home/reachy/reachy_ws/install/reachy_controllers:/home/reachy/reachy_ws/install/reachy_focus:/home/reachy/ros_ws/install/joint_state_publisher_gui:/home/reachy/ros_ws/install/joint_state_publisher:/opt/ros/foxy /usr/bin/cmake --install /home/reachy/ros_ws/src/screen_app/build/screen_app
[6.287s] -- Install configuration: ""
[6.287s] -- Installing: /home/reachy/ros_ws/src/screen_app/install/screen_app/share/ament_index/resource_index/rosidl_interfaces/screen_app
[6.287s] -- Up-to-date: /home/reachy/ros_ws/src/screen_app/install/screen_app/include/screen_app
[6.287s] -- Up-to-date: /home/reachy/ros_ws/src/screen_app/install/screen_app/include/screen_app/msg
[6.287s] -- Up-to-date: /home/reachy/ros_ws/src/screen_app/install/screen_app/include/screen_app/msg/rosidl_generator_c__visibility_control.h
[6.288s] -- Installing: /home/reachy/ros_ws/src/screen_app/install/screen_app/include/screen_app/msg/mouse.h
[6.288s] -- Up-to-date: /home/reachy/ros_ws/src/screen_app/install/screen_app/include/screen_app/msg/num.h
[6.288s] -- Up-to-date: /home/reachy/ros_ws/src/screen_app/install/screen_app/include/screen_app/msg/detail
[6.288s] -- Up-to-date: /home/reachy/ros_ws/src/screen_app/install/screen_app/include/screen_app/msg/detail/num__functions.h
[6.288s] -- Installing: /home/reachy/ros_ws/src/screen_app/install/screen_app/include/screen_app/msg/detail/key__type_support.h
[6.288s] -- Installing: /home/reachy/ros_ws/src/screen_app/install/screen_app/include/screen_app/msg/detail/key__functions.c
[6.288s] -- Installing: /home/reachy/ros_ws/src/screen_app/install/screen_app/include/screen_app/msg/detail/key__functions.h
[6.289s] -- Up-to-date: /home/reachy/ros_ws/src/screen_app/install/screen_app/include/screen_app/msg/detail/num__functions.c
[6.289s] -- Installing: /home/reachy/ros_ws/src/screen_app/install/screen_app/include/screen_app/msg/detail/key__struct.h
[6.289s] -- Up-to-date: /home/reachy/ros_ws/src/screen_app/install/screen_app/include/screen_app/msg/detail/num__struct.h
[6.289s] -- Up-to-date: /home/reachy/ros_ws/src/screen_app/install/screen_app/include/screen_app/msg/detail/num__type_support.h
[6.289s] -- Installing: /home/reachy/ros_ws/src/screen_app/install/screen_app/include/screen_app/msg/detail/mouse__type_support.h
[6.289s] -- Installing: /home/reachy/ros_ws/src/screen_app/install/screen_app/include/screen_app/msg/detail/mouse__struct.h
[6.289s] -- Installing: /home/reachy/ros_ws/src/screen_app/install/screen_app/include/screen_app/msg/detail/mouse__functions.h
[6.290s] -- Installing: /home/reachy/ros_ws/src/screen_app/install/screen_app/include/screen_app/msg/detail/mouse__functions.c
[6.290s] -- Installing: /home/reachy/ros_ws/src/screen_app/install/screen_app/include/screen_app/msg/key.h
[6.290s] -- Up-to-date: /home/reachy/ros_ws/src/screen_app/install/screen_app/share/screen_app/environment/library_path.sh
[6.290s] -- Installing: /home/reachy/ros_ws/src/screen_app/install/screen_app/share/screen_app/environment/library_path.dsv
[6.290s] -- Installing: /home/reachy/ros_ws/src/screen_app/install/screen_app/lib/libscreen_app__rosidl_generator_c.so
[6.290s] -- Set runtime path of "/home/reachy/ros_ws/src/screen_app/install/screen_app/lib/libscreen_app__rosidl_generator_c.so" to ""
[6.291s] -- Up-to-date: /home/reachy/ros_ws/src/screen_app/install/screen_app/include/screen_app
[6.291s] -- Up-to-date: /home/reachy/ros_ws/src/screen_app/install/screen_app/include/screen_app/msg
[6.291s] -- Up-to-date: /home/reachy/ros_ws/src/screen_app/install/screen_app/include/screen_app/msg/detail
[6.291s] -- Installing: /home/reachy/ros_ws/src/screen_app/install/screen_app/include/screen_app/msg/detail/mouse__rosidl_typesupport_fastrtps_c.h
[6.291s] -- Installing: /home/reachy/ros_ws/src/screen_app/install/screen_app/include/screen_app/msg/detail/key__rosidl_typesupport_fastrtps_c.h
[6.291s] -- Up-to-date: /home/reachy/ros_ws/src/screen_app/install/screen_app/include/screen_app/msg/detail/num__rosidl_typesupport_fastrtps_c.h
[6.292s] -- Up-to-date: /home/reachy/ros_ws/src/screen_app/install/screen_app/include/screen_app/msg/rosidl_typesupport_fastrtps_c__visibility_control.h
[6.292s] -- Installing: /home/reachy/ros_ws/src/screen_app/install/screen_app/lib/libscreen_app__rosidl_typesupport_fastrtps_c.so
[6.292s] -- Set runtime path of "/home/reachy/ros_ws/src/screen_app/install/screen_app/lib/libscreen_app__rosidl_typesupport_fastrtps_c.so" to ""
[6.292s] -- Up-to-date: /home/reachy/ros_ws/src/screen_app/install/screen_app/include/screen_app
[6.292s] -- Up-to-date: /home/reachy/ros_ws/src/screen_app/install/screen_app/include/screen_app/msg
[6.292s] -- Up-to-date: /home/reachy/ros_ws/src/screen_app/install/screen_app/include/screen_app/msg/rosidl_typesupport_fastrtps_cpp__visibility_control.h
[6.292s] -- Up-to-date: /home/reachy/ros_ws/src/screen_app/install/screen_app/include/screen_app/msg/detail
[6.293s] -- Installing: /home/reachy/ros_ws/src/screen_app/install/screen_app/include/screen_app/msg/detail/mouse__rosidl_typesupport_fastrtps_cpp.hpp
[6.293s] -- Installing: /home/reachy/ros_ws/src/screen_app/install/screen_app/include/screen_app/msg/detail/key__rosidl_typesupport_fastrtps_cpp.hpp
[6.293s] -- Up-to-date: /home/reachy/ros_ws/src/screen_app/install/screen_app/include/screen_app/msg/detail/num__rosidl_typesupport_fastrtps_cpp.hpp
[6.293s] -- Up-to-date: /home/reachy/ros_ws/src/screen_app/install/screen_app/include/screen_app/msg/detail/dds_fastrtps
[6.293s] -- Installing: /home/reachy/ros_ws/src/screen_app/install/screen_app/lib/libscreen_app__rosidl_typesupport_fastrtps_cpp.so
[6.293s] -- Set runtime path of "/home/reachy/ros_ws/src/screen_app/install/screen_app/lib/libscreen_app__rosidl_typesupport_fastrtps_cpp.so" to ""
[6.293s] -- Up-to-date: /home/reachy/ros_ws/src/screen_app/install/screen_app/include/screen_app
[6.294s] -- Up-to-date: /home/reachy/ros_ws/src/screen_app/install/screen_app/include/screen_app/msg
[6.294s] -- Up-to-date: /home/reachy/ros_ws/src/screen_app/install/screen_app/include/screen_app/msg/rosidl_typesupport_introspection_c__visibility_control.h
[6.294s] -- Up-to-date: /home/reachy/ros_ws/src/screen_app/install/screen_app/include/screen_app/msg/detail
[6.294s] -- Installing: /home/reachy/ros_ws/src/screen_app/install/screen_app/include/screen_app/msg/detail/key__type_support.c
[6.294s] -- Installing: /home/reachy/ros_ws/src/screen_app/install/screen_app/include/screen_app/msg/detail/mouse__rosidl_typesupport_introspection_c.h
[6.294s] -- Up-to-date: /home/reachy/ros_ws/src/screen_app/install/screen_app/include/screen_app/msg/detail/num__rosidl_typesupport_introspection_c.h
[6.294s] -- Up-to-date: /home/reachy/ros_ws/src/screen_app/install/screen_app/include/screen_app/msg/detail/num__type_support.c
[6.295s] -- Installing: /home/reachy/ros_ws/src/screen_app/install/screen_app/include/screen_app/msg/detail/key__rosidl_typesupport_introspection_c.h
[6.295s] -- Installing: /home/reachy/ros_ws/src/screen_app/install/screen_app/include/screen_app/msg/detail/mouse__type_support.c
[6.295s] -- Installing: /home/reachy/ros_ws/src/screen_app/install/screen_app/lib/libscreen_app__rosidl_typesupport_introspection_c.so
[6.295s] -- Set runtime path of "/home/reachy/ros_ws/src/screen_app/install/screen_app/lib/libscreen_app__rosidl_typesupport_introspection_c.so" to ""
[6.295s] -- Installing: /home/reachy/ros_ws/src/screen_app/install/screen_app/lib/libscreen_app__rosidl_typesupport_c.so
[6.296s] -- Set runtime path of "/home/reachy/ros_ws/src/screen_app/install/screen_app/lib/libscreen_app__rosidl_typesupport_c.so" to ""
[6.296s] -- Up-to-date: /home/reachy/ros_ws/src/screen_app/install/screen_app/include/screen_app
[6.296s] -- Up-to-date: /home/reachy/ros_ws/src/screen_app/install/screen_app/include/screen_app/msg
[6.296s] -- Installing: /home/reachy/ros_ws/src/screen_app/install/screen_app/include/screen_app/msg/mouse.hpp
[6.296s] -- Up-to-date: /home/reachy/ros_ws/src/screen_app/install/screen_app/include/screen_app/msg/num.hpp
[6.296s] -- Up-to-date: /home/reachy/ros_ws/src/screen_app/install/screen_app/include/screen_app/msg/detail
[6.296s] -- Up-to-date: /home/reachy/ros_ws/src/screen_app/install/screen_app/include/screen_app/msg/detail/num__builder.hpp
[6.297s] -- Up-to-date: /home/reachy/ros_ws/src/screen_app/install/screen_app/include/screen_app/msg/detail/num__traits.hpp
[6.297s] -- Installing: /home/reachy/ros_ws/src/screen_app/install/screen_app/include/screen_app/msg/detail/key__builder.hpp
[6.297s] -- Installing: /home/reachy/ros_ws/src/screen_app/install/screen_app/include/screen_app/msg/detail/mouse__struct.hpp
[6.297s] -- Installing: /home/reachy/ros_ws/src/screen_app/install/screen_app/include/screen_app/msg/detail/key__traits.hpp
[6.297s] -- Installing: /home/reachy/ros_ws/src/screen_app/install/screen_app/include/screen_app/msg/detail/mouse__traits.hpp
[6.297s] -- Up-to-date: /home/reachy/ros_ws/src/screen_app/install/screen_app/include/screen_app/msg/detail/num__struct.hpp
[6.298s] -- Installing: /home/reachy/ros_ws/src/screen_app/install/screen_app/include/screen_app/msg/detail/key__struct.hpp
[6.298s] -- Installing: /home/reachy/ros_ws/src/screen_app/install/screen_app/include/screen_app/msg/detail/mouse__builder.hpp
[6.298s] -- Installing: /home/reachy/ros_ws/src/screen_app/install/screen_app/include/screen_app/msg/key.hpp
[6.298s] -- Up-to-date: /home/reachy/ros_ws/src/screen_app/install/screen_app/include/screen_app
[6.298s] -- Up-to-date: /home/reachy/ros_ws/src/screen_app/install/screen_app/include/screen_app/msg
[6.298s] -- Up-to-date: /home/reachy/ros_ws/src/screen_app/install/screen_app/include/screen_app/msg/detail
[6.298s] -- Installing: /home/reachy/ros_ws/src/screen_app/install/screen_app/include/screen_app/msg/detail/mouse__type_support.cpp
[6.299s] -- Up-to-date: /home/reachy/ros_ws/src/screen_app/install/screen_app/include/screen_app/msg/detail/num__rosidl_typesupport_introspection_cpp.hpp
[6.299s] -- Installing: /home/reachy/ros_ws/src/screen_app/install/screen_app/include/screen_app/msg/detail/key__type_support.cpp
[6.299s] -- Up-to-date: /home/reachy/ros_ws/src/screen_app/install/screen_app/include/screen_app/msg/detail/num__type_support.cpp
[6.299s] -- Installing: /home/reachy/ros_ws/src/screen_app/install/screen_app/include/screen_app/msg/detail/mouse__rosidl_typesupport_introspection_cpp.hpp
[6.299s] -- Installing: /home/reachy/ros_ws/src/screen_app/install/screen_app/include/screen_app/msg/detail/key__rosidl_typesupport_introspection_cpp.hpp
[6.299s] -- Installing: /home/reachy/ros_ws/src/screen_app/install/screen_app/lib/libscreen_app__rosidl_typesupport_introspection_cpp.so
[6.299s] -- Set runtime path of "/home/reachy/ros_ws/src/screen_app/install/screen_app/lib/libscreen_app__rosidl_typesupport_introspection_cpp.so" to ""
[6.300s] -- Installing: /home/reachy/ros_ws/src/screen_app/install/screen_app/lib/libscreen_app__rosidl_typesupport_cpp.so
[6.300s] -- Set runtime path of "/home/reachy/ros_ws/src/screen_app/install/screen_app/lib/libscreen_app__rosidl_typesupport_cpp.so" to ""
[6.300s] -- Up-to-date: /home/reachy/ros_ws/src/screen_app/install/screen_app/share/screen_app/environment/pythonpath.sh
[6.300s] -- Installing: /home/reachy/ros_ws/src/screen_app/install/screen_app/share/screen_app/environment/pythonpath.dsv
[6.301s] -- Installing: /home/reachy/ros_ws/src/screen_app/install/screen_app/lib/python3.8/site-packages/screen_app/__init__.py
[6.342s] Compiling '/home/reachy/ros_ws/src/screen_app/install/screen_app/lib/python3.8/site-packages/screen_app/__init__.py'...
[6.347s] -- Up-to-date: /home/reachy/ros_ws/src/screen_app/install/screen_app/lib/python3.8/site-packages/screen_app/msg
[6.347s] -- Up-to-date: /home/reachy/ros_ws/src/screen_app/install/screen_app/lib/python3.8/site-packages/screen_app/msg/_num.py
[6.347s] -- Up-to-date: /home/reachy/ros_ws/src/screen_app/install/screen_app/lib/python3.8/site-packages/screen_app/msg/_num_s.c
[6.347s] -- Installing: /home/reachy/ros_ws/src/screen_app/install/screen_app/lib/python3.8/site-packages/screen_app/msg/__init__.py
[6.347s] -- Installing: /home/reachy/ros_ws/src/screen_app/install/screen_app/lib/python3.8/site-packages/screen_app/msg/_mouse.py
[6.347s] -- Installing: /home/reachy/ros_ws/src/screen_app/install/screen_app/lib/python3.8/site-packages/screen_app/msg/_key.py
[6.348s] -- Installing: /home/reachy/ros_ws/src/screen_app/install/screen_app/lib/python3.8/site-packages/screen_app/msg/_mouse_s.c
[6.348s] -- Installing: /home/reachy/ros_ws/src/screen_app/install/screen_app/lib/python3.8/site-packages/screen_app/msg/_key_s.c
[6.348s] -- Installing: /home/reachy/ros_ws/src/screen_app/install/screen_app/lib/python3.8/site-packages/screen_app/screen_app_s__rosidl_typesupport_fastrtps_c.cpython-38-x86_64-linux-gnu.so
[6.348s] -- Set runtime path of "/home/reachy/ros_ws/src/screen_app/install/screen_app/lib/python3.8/site-packages/screen_app/screen_app_s__rosidl_typesupport_fastrtps_c.cpython-38-x86_64-linux-gnu.so" to ""
[6.348s] -- Installing: /home/reachy/ros_ws/src/screen_app/install/screen_app/lib/python3.8/site-packages/screen_app/screen_app_s__rosidl_typesupport_introspection_c.cpython-38-x86_64-linux-gnu.so
[6.349s] -- Set runtime path of "/home/reachy/ros_ws/src/screen_app/install/screen_app/lib/python3.8/site-packages/screen_app/screen_app_s__rosidl_typesupport_introspection_c.cpython-38-x86_64-linux-gnu.so" to ""
[6.349s] -- Installing: /home/reachy/ros_ws/src/screen_app/install/screen_app/lib/python3.8/site-packages/screen_app/screen_app_s__rosidl_typesupport_c.cpython-38-x86_64-linux-gnu.so
[6.350s] -- Set runtime path of "/home/reachy/ros_ws/src/screen_app/install/screen_app/lib/python3.8/site-packages/screen_app/screen_app_s__rosidl_typesupport_c.cpython-38-x86_64-linux-gnu.so" to ""
[6.350s] -- Installing: /home/reachy/ros_ws/src/screen_app/install/screen_app/lib/libscreen_app__python.so
[6.350s] -- Set runtime path of "/home/reachy/ros_ws/src/screen_app/install/screen_app/lib/libscreen_app__python.so" to ""
[6.350s] -- Installing: /home/reachy/ros_ws/src/screen_app/install/screen_app/share/screen_app/msg/Mouse.idl
[6.350s] -- Installing: /home/reachy/ros_ws/src/screen_app/install/screen_app/share/screen_app/msg/Key.idl
[6.350s] -- Installing: /home/reachy/ros_ws/src/screen_app/install/screen_app/share/screen_app/msg/Mouse.msg
[6.351s] -- Installing: /home/reachy/ros_ws/src/screen_app/install/screen_app/share/screen_app/msg/Key.msg
[6.351s] -- Up-to-date: /home/reachy/ros_ws/src/screen_app/install/screen_app/share/ament_index/resource_index/package_run_dependencies/screen_app
[6.351s] -- Up-to-date: /home/reachy/ros_ws/src/screen_app/install/screen_app/share/ament_index/resource_index/parent_prefix_path/screen_app
[6.351s] -- Up-to-date: /home/reachy/ros_ws/src/screen_app/install/screen_app/share/screen_app/environment/ament_prefix_path.sh
[6.351s] -- Installing: /home/reachy/ros_ws/src/screen_app/install/screen_app/share/screen_app/environment/ament_prefix_path.dsv
[6.351s] -- Up-to-date: /home/reachy/ros_ws/src/screen_app/install/screen_app/share/screen_app/environment/path.sh
[6.351s] -- Installing: /home/reachy/ros_ws/src/screen_app/install/screen_app/share/screen_app/environment/path.dsv
[6.351s] -- Up-to-date: /home/reachy/ros_ws/src/screen_app/install/screen_app/share/screen_app/local_setup.bash
[6.351s] -- Up-to-date: /home/reachy/ros_ws/src/screen_app/install/screen_app/share/screen_app/local_setup.sh
[6.351s] -- Up-to-date: /home/reachy/ros_ws/src/screen_app/install/screen_app/share/screen_app/local_setup.zsh
[6.352s] -- Installing: /home/reachy/ros_ws/src/screen_app/install/screen_app/share/screen_app/local_setup.dsv
[6.352s] -- Installing: /home/reachy/ros_ws/src/screen_app/install/screen_app/share/screen_app/package.dsv
[6.352s] -- Up-to-date: /home/reachy/ros_ws/src/screen_app/install/screen_app/share/ament_index/resource_index/packages/screen_app
[6.352s] -- Up-to-date: /home/reachy/ros_ws/src/screen_app/install/screen_app/share/screen_app/cmake/screen_app__rosidl_generator_cExport.cmake
[6.352s] -- Installing: /home/reachy/ros_ws/src/screen_app/install/screen_app/share/screen_app/cmake/screen_app__rosidl_generator_cExport-noconfig.cmake
[6.352s] -- Up-to-date: /home/reachy/ros_ws/src/screen_app/install/screen_app/share/screen_app/cmake/screen_app__rosidl_typesupport_introspection_cExport.cmake
[6.352s] -- Installing: /home/reachy/ros_ws/src/screen_app/install/screen_app/share/screen_app/cmake/screen_app__rosidl_typesupport_introspection_cExport-noconfig.cmake
[6.352s] -- Up-to-date: /home/reachy/ros_ws/src/screen_app/install/screen_app/share/screen_app/cmake/screen_app__rosidl_typesupport_cExport.cmake
[6.353s] -- Installing: /home/reachy/ros_ws/src/screen_app/install/screen_app/share/screen_app/cmake/screen_app__rosidl_typesupport_cExport-noconfig.cmake
[6.353s] -- Up-to-date: /home/reachy/ros_ws/src/screen_app/install/screen_app/share/screen_app/cmake/screen_app__rosidl_generator_cppExport.cmake
[6.353s] -- Up-to-date: /home/reachy/ros_ws/src/screen_app/install/screen_app/share/screen_app/cmake/screen_app__rosidl_typesupport_introspection_cppExport.cmake
[6.353s] -- Installing: /home/reachy/ros_ws/src/screen_app/install/screen_app/share/screen_app/cmake/screen_app__rosidl_typesupport_introspection_cppExport-noconfig.cmake
[6.353s] -- Up-to-date: /home/reachy/ros_ws/src/screen_app/install/screen_app/share/screen_app/cmake/screen_app__rosidl_typesupport_cppExport.cmake
[6.353s] -- Installing: /home/reachy/ros_ws/src/screen_app/install/screen_app/share/screen_app/cmake/screen_app__rosidl_typesupport_cppExport-noconfig.cmake
[6.353s] -- Installing: /home/reachy/ros_ws/src/screen_app/install/screen_app/share/screen_app/cmake/rosidl_cmake-extras.cmake
[6.354s] -- Up-to-date: /home/reachy/ros_ws/src/screen_app/install/screen_app/share/screen_app/cmake/ament_cmake_export_dependencies-extras.cmake
[6.354s] -- Up-to-date: /home/reachy/ros_ws/src/screen_app/install/screen_app/share/screen_app/cmake/ament_cmake_export_libraries-extras.cmake
[6.354s] -- Up-to-date: /home/reachy/ros_ws/src/screen_app/install/screen_app/share/screen_app/cmake/ament_cmake_export_targets-extras.cmake
[6.354s] -- Up-to-date: /home/reachy/ros_ws/src/screen_app/install/screen_app/share/screen_app/cmake/ament_cmake_export_include_directories-extras.cmake
[6.354s] -- Up-to-date: /home/reachy/ros_ws/src/screen_app/install/screen_app/share/screen_app/cmake/rosidl_cmake_export_typesupport_libraries-extras.cmake
[6.354s] -- Up-to-date: /home/reachy/ros_ws/src/screen_app/install/screen_app/share/screen_app/cmake/rosidl_cmake_export_typesupport_targets-extras.cmake
[6.354s] -- Up-to-date: /home/reachy/ros_ws/src/screen_app/install/screen_app/share/screen_app/cmake/screen_appConfig.cmake
[6.354s] -- Up-to-date: /home/reachy/ros_ws/src/screen_app/install/screen_app/share/screen_app/cmake/screen_appConfig-version.cmake
[6.354s] -- Up-to-date: /home/reachy/ros_ws/src/screen_app/install/screen_app/share/screen_app/package.xml
[6.357s] Invoked command in '/home/reachy/ros_ws/src/screen_app/build/screen_app' returned '0': CMAKE_PREFIX_PATH=${CMAKE_PREFIX_PATH}:/home/reachy/reachy_ws/install/reachy_sdk_server:/home/reachy/reachy_ws/install/reachy_kinematics:/home/reachy/reachy_ws/install/reachy_controllers:/home/reachy/reachy_ws/install/reachy_focus:/home/reachy/ros_ws/install/joint_state_publisher_gui:/home/reachy/ros_ws/install/joint_state_publisher:/opt/ros/foxy /usr/bin/cmake --install /home/reachy/ros_ws/src/screen_app/build/screen_app
