-- The C compiler identification is GNU 9.3.0
-- The CXX compiler identification is GNU 9.3.0
-- Check for working C compiler: /usr/bin/cc
-- Check for working C compiler: /usr/bin/cc -- works
-- Detecting C compiler ABI info
-- Detecting C compiler ABI info - done
-- Detecting C compile features
-- Detecting C compile features - done
-- Check for working CXX compiler: /usr/bin/c++
-- Check for working CXX compiler: /usr/bin/c++ -- works
-- Detecting CXX compiler ABI info
-- Detecting CXX compiler ABI info - done
-- Detecting CXX compile features
-- Detecting CXX compile features - done
-- Found ament_cmake: 0.9.9 (/opt/ros/foxy/share/ament_cmake/cmake)
-- Found PythonInterp: /usr/bin/python3 (found suitable version "3.8.10", minimum required is "3") 
-- Using PYTHON_EXECUTABLE: /usr/bin/python3
-- Override CMake install command with custom implementation using symlinks instead of copying resources
-- Found rosidl_default_generators: 1.0.1 (/opt/ros/foxy/share/rosidl_default_generators/cmake)
-- Using all available rosidl_typesupport_c: rosidl_typesupport_fastrtps_c;rosidl_typesupport_introspection_c
-- Found rosidl_adapter: 1.2.1 (/opt/ros/foxy/share/rosidl_adapter/cmake)
-- Found OpenSSL: /usr/lib/x86_64-linux-gnu/libcrypto.so (found version "1.1.1f")  
-- Found FastRTPS: /opt/ros/foxy/include  
-- Using all available rosidl_typesupport_cpp: rosidl_typesupport_fastrtps_cpp;rosidl_typesupport_introspection_cpp
-- Found std_msgs: 2.0.4 (/opt/ros/foxy/share/std_msgs/cmake)
-- Found PythonInterp: /usr/bin/python3 (found version "3.8.10") 
-- Found ament_cmake_cppcheck: 0.9.6 (/opt/ros/foxy/share/ament_cmake_cppcheck/cmake)
-- Found ament_cmake_cpplint: 0.9.6 (/opt/ros/foxy/share/ament_cmake_cpplint/cmake)
-- Found ament_cmake_uncrustify: 0.9.6 (/opt/ros/foxy/share/ament_cmake_uncrustify/cmake)
-- Found ament_cmake_ros: 0.9.2 (/opt/ros/foxy/share/ament_cmake_ros/cmake)
-- Using all available rosidl_typesupport_c: rosidl_typesupport_fastrtps_c;rosidl_typesupport_introspection_c
-- Using all available rosidl_typesupport_cpp: rosidl_typesupport_fastrtps_cpp;rosidl_typesupport_introspection_cpp
-- Found PythonInterp: /usr/bin/python3 (found suitable version "3.8.10", minimum required is "3.5") 
-- Found python_cmake_module: 0.8.1 (/opt/ros/foxy/share/python_cmake_module/cmake)
-- Found PythonLibs: /usr/lib/x86_64-linux-gnu/libpython3.8.so (found suitable version "3.8.10", minimum required is "3.5") 
-- Using PYTHON_EXECUTABLE: /usr/bin/python3
-- Using PYTHON_INCLUDE_DIRS: /usr/include/python3.8
-- Using PYTHON_LIBRARIES: /usr/lib/x86_64-linux-gnu/libpython3.8.so
-- Found PythonExtra: .so  
-- Found ament_cmake_flake8: 0.9.6 (/opt/ros/foxy/share/ament_cmake_flake8/cmake)
-- Found ament_cmake_pep257: 0.9.6 (/opt/ros/foxy/share/ament_cmake_pep257/cmake)
-- Configuring done
-- Generating done
-- Build files have been written to: /home/reachy/reachy_repo/Fall2021/reachy_screen/build/screen_app
[35m[1mScanning dependencies of target screen_app__cpp[0m
[  2%] [34m[1mGenerating C code for ROS interfaces[0m
[  5%] [34m[1mGenerating C++ code for ROS interfaces[0m
[  5%] Built target screen_app__cpp
[  7%] [34m[1mGenerating C++ type support for eProsima Fast-RTPS[0m
[35m[1mScanning dependencies of target screen_app__rosidl_generator_c[0m
[ 10%] [32mBuilding C object CMakeFiles/screen_app__rosidl_generator_c.dir/rosidl_generator_c/screen_app/msg/detail/mouse__functions.c.o[0m
[ 12%] [32mBuilding C object CMakeFiles/screen_app__rosidl_generator_c.dir/rosidl_generator_c/screen_app/msg/detail/key__functions.c.o[0m
[ 15%] [32m[1mLinking C shared library libscreen_app__rosidl_generator_c.so[0m
[ 15%] Built target screen_app__rosidl_generator_c
[ 17%] [34m[1mGenerating C++ type support dispatch for ROS interfaces[0m
[35m[1mScanning dependencies of target screen_app__rosidl_typesupport_fastrtps_cpp[0m
[ 20%] [32mBuilding CXX object CMakeFiles/screen_app__rosidl_typesupport_fastrtps_cpp.dir/rosidl_typesupport_fastrtps_cpp/screen_app/msg/detail/dds_fastrtps/mouse__type_support.cpp.o[0m
[35m[1mScanning dependencies of target screen_app__rosidl_typesupport_cpp[0m
[ 23%] [32mBuilding CXX object CMakeFiles/screen_app__rosidl_typesupport_cpp.dir/rosidl_typesupport_cpp/screen_app/msg/mouse__type_support.cpp.o[0m
[ 25%] [32mBuilding CXX object CMakeFiles/screen_app__rosidl_typesupport_fastrtps_cpp.dir/rosidl_typesupport_fastrtps_cpp/screen_app/msg/detail/dds_fastrtps/key__type_support.cpp.o[0m
[ 28%] [32mBuilding CXX object CMakeFiles/screen_app__rosidl_typesupport_cpp.dir/rosidl_typesupport_cpp/screen_app/msg/key__type_support.cpp.o[0m
[ 30%] [34m[1mGenerating C introspection for ROS interfaces[0m
[ 33%] [32m[1mLinking CXX shared library libscreen_app__rosidl_typesupport_cpp.so[0m
[ 35%] [34m[1mGenerating C++ introspection for ROS interfaces[0m
[ 35%] Built target screen_app__rosidl_typesupport_cpp
[ 38%] [34m[1mGenerating C type support dispatch for ROS interfaces[0m
[ 41%] [32m[1mLinking CXX shared library libscreen_app__rosidl_typesupport_fastrtps_cpp.so[0m
[ 41%] Built target screen_app__rosidl_typesupport_fastrtps_cpp
[ 43%] [34m[1mGenerating C type support for eProsima Fast-RTPS[0m
[35m[1mScanning dependencies of target screen_app__rosidl_typesupport_introspection_cpp[0m
[35m[1mScanning dependencies of target screen_app__rosidl_typesupport_introspection_c[0m
[ 46%] [32mBuilding CXX object CMakeFiles/screen_app__rosidl_typesupport_introspection_cpp.dir/rosidl_typesupport_introspection_cpp/screen_app/msg/detail/mouse__type_support.cpp.o[0m
[ 48%] [32mBuilding C object CMakeFiles/screen_app__rosidl_typesupport_introspection_c.dir/rosidl_typesupport_introspection_c/screen_app/msg/detail/mouse__type_support.c.o[0m
[ 51%] [32mBuilding C object CMakeFiles/screen_app__rosidl_typesupport_introspection_c.dir/rosidl_typesupport_introspection_c/screen_app/msg/detail/key__type_support.c.o[0m
[ 53%] [32m[1mLinking C shared library libscreen_app__rosidl_typesupport_introspection_c.so[0m
[ 53%] Built target screen_app__rosidl_typesupport_introspection_c
[ 56%] [32mBuilding CXX object CMakeFiles/screen_app__rosidl_typesupport_introspection_cpp.dir/rosidl_typesupport_introspection_cpp/screen_app/msg/detail/key__type_support.cpp.o[0m
[35m[1mScanning dependencies of target screen_app__rosidl_typesupport_c[0m
[35m[1mScanning dependencies of target screen_app__rosidl_typesupport_fastrtps_c[0m
[ 58%] [32mBuilding CXX object CMakeFiles/screen_app__rosidl_typesupport_c.dir/rosidl_typesupport_c/screen_app/msg/mouse__type_support.cpp.o[0m
[ 61%] [32mBuilding CXX object CMakeFiles/screen_app__rosidl_typesupport_fastrtps_c.dir/rosidl_typesupport_fastrtps_c/screen_app/msg/detail/mouse__type_support_c.cpp.o[0m
[ 64%] [32mBuilding CXX object CMakeFiles/screen_app__rosidl_typesupport_c.dir/rosidl_typesupport_c/screen_app/msg/key__type_support.cpp.o[0m
[ 66%] [32mBuilding CXX object CMakeFiles/screen_app__rosidl_typesupport_fastrtps_c.dir/rosidl_typesupport_fastrtps_c/screen_app/msg/detail/key__type_support_c.cpp.o[0m
[ 69%] [32m[1mLinking CXX shared library libscreen_app__rosidl_typesupport_c.so[0m
[ 69%] Built target screen_app__rosidl_typesupport_c
[ 71%] [32m[1mLinking CXX shared library libscreen_app__rosidl_typesupport_introspection_cpp.so[0m
[ 71%] Built target screen_app__rosidl_typesupport_introspection_cpp
[ 74%] [32m[1mLinking CXX shared library libscreen_app__rosidl_typesupport_fastrtps_c.so[0m
[ 74%] Built target screen_app__rosidl_typesupport_fastrtps_c
[35m[1mScanning dependencies of target screen_app[0m
[ 74%] Built target screen_app
[35m[1mScanning dependencies of target screen_app__py[0m
[ 76%] [34m[1mGenerating Python code for ROS interfaces[0m
[ 76%] Built target screen_app__py
[35m[1mScanning dependencies of target screen_app__python[0m
[ 79%] [32mBuilding C object CMakeFiles/screen_app__python.dir/rosidl_generator_py/screen_app/msg/_mouse_s.c.o[0m
[ 82%] [32mBuilding C object CMakeFiles/screen_app__python.dir/rosidl_generator_py/screen_app/msg/_key_s.c.o[0m
[ 84%] [32m[1mLinking C shared library rosidl_generator_py/screen_app/libscreen_app__python.so[0m
[ 84%] Built target screen_app__python
[35m[1mScanning dependencies of target screen_app__rosidl_typesupport_c__pyext[0m
[ 87%] [32mBuilding C object CMakeFiles/screen_app__rosidl_typesupport_c__pyext.dir/rosidl_generator_py/screen_app/_screen_app_s.ep.rosidl_typesupport_c.c.o[0m
[ 89%] [32m[1mLinking C shared library rosidl_generator_py/screen_app/screen_app_s__rosidl_typesupport_c.cpython-38-x86_64-linux-gnu.so[0m
[ 89%] Built target screen_app__rosidl_typesupport_c__pyext
[35m[1mScanning dependencies of target screen_app__rosidl_typesupport_fastrtps_c__pyext[0m
[ 92%] [32mBuilding C object CMakeFiles/screen_app__rosidl_typesupport_fastrtps_c__pyext.dir/rosidl_generator_py/screen_app/_screen_app_s.ep.rosidl_typesupport_fastrtps_c.c.o[0m
[ 94%] [32m[1mLinking CXX shared library rosidl_generator_py/screen_app/screen_app_s__rosidl_typesupport_fastrtps_c.cpython-38-x86_64-linux-gnu.so[0m
[ 94%] Built target screen_app__rosidl_typesupport_fastrtps_c__pyext
[35m[1mScanning dependencies of target screen_app__rosidl_typesupport_introspection_c__pyext[0m
[ 97%] [32mBuilding C object CMakeFiles/screen_app__rosidl_typesupport_introspection_c__pyext.dir/rosidl_generator_py/screen_app/_screen_app_s.ep.rosidl_typesupport_introspection_c.c.o[0m
[100%] [32m[1mLinking C shared library rosidl_generator_py/screen_app/screen_app_s__rosidl_typesupport_introspection_c.cpython-38-x86_64-linux-gnu.so[0m
[100%] Built target screen_app__rosidl_typesupport_introspection_c__pyext
-- Install configuration: ""
-- Execute custom install script
-- Symlinking: /home/reachy/reachy_repo/Fall2021/reachy_screen/install/screen_app/share/ament_index/resource_index/rosidl_interfaces/screen_app
-- Symlinking: /home/reachy/reachy_repo/Fall2021/reachy_screen/install/screen_app/include/screen_app/msg/detail/key__functions.h
-- Symlinking: /home/reachy/reachy_repo/Fall2021/reachy_screen/install/screen_app/include/screen_app/msg/detail/key__struct.h
-- Symlinking: /home/reachy/reachy_repo/Fall2021/reachy_screen/install/screen_app/include/screen_app/msg/detail/key__type_support.h
-- Symlinking: /home/reachy/reachy_repo/Fall2021/reachy_screen/install/screen_app/include/screen_app/msg/detail/mouse__functions.h
-- Symlinking: /home/reachy/reachy_repo/Fall2021/reachy_screen/install/screen_app/include/screen_app/msg/detail/mouse__struct.h
-- Symlinking: /home/reachy/reachy_repo/Fall2021/reachy_screen/install/screen_app/include/screen_app/msg/detail/mouse__type_support.h
-- Symlinking: /home/reachy/reachy_repo/Fall2021/reachy_screen/install/screen_app/include/screen_app/msg/key.h
-- Symlinking: /home/reachy/reachy_repo/Fall2021/reachy_screen/install/screen_app/include/screen_app/msg/mouse.h
-- Symlinking: /home/reachy/reachy_repo/Fall2021/reachy_screen/install/screen_app/include/screen_app/msg/rosidl_generator_c__visibility_control.h
-- Symlinking: /home/reachy/reachy_repo/Fall2021/reachy_screen/install/screen_app/share/screen_app/environment/library_path.sh
-- Symlinking: /home/reachy/reachy_repo/Fall2021/reachy_screen/install/screen_app/share/screen_app/environment/library_path.dsv
-- Symlinking: /home/reachy/reachy_repo/Fall2021/reachy_screen/install/screen_app/include/screen_app/msg/detail/key__rosidl_typesupport_fastrtps_c.h
-- Symlinking: /home/reachy/reachy_repo/Fall2021/reachy_screen/install/screen_app/include/screen_app/msg/detail/mouse__rosidl_typesupport_fastrtps_c.h
-- Symlinking: /home/reachy/reachy_repo/Fall2021/reachy_screen/install/screen_app/include/screen_app/msg/rosidl_typesupport_fastrtps_c__visibility_control.h
-- Symlinking: /home/reachy/reachy_repo/Fall2021/reachy_screen/install/screen_app/lib/libscreen_app__rosidl_typesupport_fastrtps_c.so
-- Symlinking: /home/reachy/reachy_repo/Fall2021/reachy_screen/install/screen_app/include/screen_app/msg/detail/key__rosidl_typesupport_fastrtps_cpp.hpp
-- Symlinking: /home/reachy/reachy_repo/Fall2021/reachy_screen/install/screen_app/include/screen_app/msg/detail/mouse__rosidl_typesupport_fastrtps_cpp.hpp
-- Symlinking: /home/reachy/reachy_repo/Fall2021/reachy_screen/install/screen_app/include/screen_app/msg/rosidl_typesupport_fastrtps_cpp__visibility_control.h
-- Symlinking: /home/reachy/reachy_repo/Fall2021/reachy_screen/install/screen_app/lib/libscreen_app__rosidl_typesupport_fastrtps_cpp.so
-- Symlinking: /home/reachy/reachy_repo/Fall2021/reachy_screen/install/screen_app/include/screen_app/msg/detail/key__rosidl_typesupport_introspection_c.h
-- Symlinking: /home/reachy/reachy_repo/Fall2021/reachy_screen/install/screen_app/include/screen_app/msg/detail/mouse__rosidl_typesupport_introspection_c.h
-- Symlinking: /home/reachy/reachy_repo/Fall2021/reachy_screen/install/screen_app/include/screen_app/msg/rosidl_typesupport_introspection_c__visibility_control.h
-- Symlinking: /home/reachy/reachy_repo/Fall2021/reachy_screen/install/screen_app/include/screen_app/msg/detail/key__builder.hpp
-- Symlinking: /home/reachy/reachy_repo/Fall2021/reachy_screen/install/screen_app/include/screen_app/msg/detail/key__struct.hpp
-- Symlinking: /home/reachy/reachy_repo/Fall2021/reachy_screen/install/screen_app/include/screen_app/msg/detail/key__traits.hpp
-- Symlinking: /home/reachy/reachy_repo/Fall2021/reachy_screen/install/screen_app/include/screen_app/msg/detail/mouse__builder.hpp
-- Symlinking: /home/reachy/reachy_repo/Fall2021/reachy_screen/install/screen_app/include/screen_app/msg/detail/mouse__struct.hpp
-- Symlinking: /home/reachy/reachy_repo/Fall2021/reachy_screen/install/screen_app/include/screen_app/msg/detail/mouse__traits.hpp
-- Symlinking: /home/reachy/reachy_repo/Fall2021/reachy_screen/install/screen_app/include/screen_app/msg/key.hpp
-- Symlinking: /home/reachy/reachy_repo/Fall2021/reachy_screen/install/screen_app/include/screen_app/msg/mouse.hpp
-- Symlinking: /home/reachy/reachy_repo/Fall2021/reachy_screen/install/screen_app/include/screen_app/msg/detail/key__rosidl_typesupport_introspection_cpp.hpp
-- Symlinking: /home/reachy/reachy_repo/Fall2021/reachy_screen/install/screen_app/include/screen_app/msg/detail/mouse__rosidl_typesupport_introspection_cpp.hpp
-- Symlinking: /home/reachy/reachy_repo/Fall2021/reachy_screen/install/screen_app/share/screen_app/environment/pythonpath.sh
-- Symlinking: /home/reachy/reachy_repo/Fall2021/reachy_screen/install/screen_app/share/screen_app/environment/pythonpath.dsv
-- Symlinking: /home/reachy/reachy_repo/Fall2021/reachy_screen/install/screen_app/lib/python3.8/site-packages/screen_app/__init__.py
-- Symlinking: /home/reachy/reachy_repo/Fall2021/reachy_screen/install/screen_app/lib/python3.8/site-packages/screen_app/msg/__init__.py
-- Symlinking: /home/reachy/reachy_repo/Fall2021/reachy_screen/install/screen_app/lib/python3.8/site-packages/screen_app/msg/_key.py
-- Symlinking: /home/reachy/reachy_repo/Fall2021/reachy_screen/install/screen_app/lib/python3.8/site-packages/screen_app/msg/_mouse.py
-- Symlinking: /home/reachy/reachy_repo/Fall2021/reachy_screen/install/screen_app/lib/python3.8/site-packages/screen_app/screen_app_s__rosidl_typesupport_fastrtps_c.cpython-38-x86_64-linux-gnu.so
-- Symlinking: /home/reachy/reachy_repo/Fall2021/reachy_screen/install/screen_app/lib/python3.8/site-packages/screen_app/screen_app_s__rosidl_typesupport_introspection_c.cpython-38-x86_64-linux-gnu.so
-- Symlinking: /home/reachy/reachy_repo/Fall2021/reachy_screen/install/screen_app/lib/python3.8/site-packages/screen_app/screen_app_s__rosidl_typesupport_c.cpython-38-x86_64-linux-gnu.so
-- Symlinking: /home/reachy/reachy_repo/Fall2021/reachy_screen/install/screen_app/lib/libscreen_app__python.so
-- Symlinking: /home/reachy/reachy_repo/Fall2021/reachy_screen/install/screen_app/share/screen_app/msg/Mouse.idl
-- Symlinking: /home/reachy/reachy_repo/Fall2021/reachy_screen/install/screen_app/share/screen_app/msg/Key.idl
-- Symlinking: /home/reachy/reachy_repo/Fall2021/reachy_screen/install/screen_app/share/screen_app/msg/Mouse.msg
-- Symlinking: /home/reachy/reachy_repo/Fall2021/reachy_screen/install/screen_app/share/screen_app/msg/Key.msg
-- Symlinking: /home/reachy/reachy_repo/Fall2021/reachy_screen/install/screen_app/lib/screen_app/run_app.py
-- Symlinking: /home/reachy/reachy_repo/Fall2021/reachy_screen/install/screen_app/lib/screen_app/screen_subscriber.py
-- Symlinking: /home/reachy/reachy_repo/Fall2021/reachy_screen/install/screen_app/share/ament_index/resource_index/package_run_dependencies/screen_app
-- Symlinking: /home/reachy/reachy_repo/Fall2021/reachy_screen/install/screen_app/share/ament_index/resource_index/parent_prefix_path/screen_app
-- Symlinking: /home/reachy/reachy_repo/Fall2021/reachy_screen/install/screen_app/share/screen_app/environment/ament_prefix_path.sh
-- Symlinking: /home/reachy/reachy_repo/Fall2021/reachy_screen/install/screen_app/share/screen_app/environment/ament_prefix_path.dsv
-- Symlinking: /home/reachy/reachy_repo/Fall2021/reachy_screen/install/screen_app/share/screen_app/environment/path.sh
-- Symlinking: /home/reachy/reachy_repo/Fall2021/reachy_screen/install/screen_app/share/screen_app/environment/path.dsv
-- Symlinking: /home/reachy/reachy_repo/Fall2021/reachy_screen/install/screen_app/share/screen_app/local_setup.bash
-- Symlinking: /home/reachy/reachy_repo/Fall2021/reachy_screen/install/screen_app/share/screen_app/local_setup.sh
-- Symlinking: /home/reachy/reachy_repo/Fall2021/reachy_screen/install/screen_app/share/screen_app/local_setup.zsh
-- Symlinking: /home/reachy/reachy_repo/Fall2021/reachy_screen/install/screen_app/share/screen_app/local_setup.dsv
-- Symlinking: /home/reachy/reachy_repo/Fall2021/reachy_screen/install/screen_app/share/screen_app/package.dsv
-- Symlinking: /home/reachy/reachy_repo/Fall2021/reachy_screen/install/screen_app/share/ament_index/resource_index/packages/screen_app
-- Symlinking: /home/reachy/reachy_repo/Fall2021/reachy_screen/install/screen_app/share/screen_app/cmake/rosidl_cmake-extras.cmake
-- Symlinking: /home/reachy/reachy_repo/Fall2021/reachy_screen/install/screen_app/share/screen_app/cmake/ament_cmake_export_dependencies-extras.cmake
-- Symlinking: /home/reachy/reachy_repo/Fall2021/reachy_screen/install/screen_app/share/screen_app/cmake/ament_cmake_export_libraries-extras.cmake
-- Symlinking: /home/reachy/reachy_repo/Fall2021/reachy_screen/install/screen_app/share/screen_app/cmake/ament_cmake_export_targets-extras.cmake
-- Symlinking: /home/reachy/reachy_repo/Fall2021/reachy_screen/install/screen_app/share/screen_app/cmake/ament_cmake_export_include_directories-extras.cmake
-- Symlinking: /home/reachy/reachy_repo/Fall2021/reachy_screen/install/screen_app/share/screen_app/cmake/rosidl_cmake_export_typesupport_libraries-extras.cmake
-- Symlinking: /home/reachy/reachy_repo/Fall2021/reachy_screen/install/screen_app/share/screen_app/cmake/rosidl_cmake_export_typesupport_targets-extras.cmake
-- Symlinking: /home/reachy/reachy_repo/Fall2021/reachy_screen/install/screen_app/share/screen_app/cmake/screen_appConfig.cmake
-- Symlinking: /home/reachy/reachy_repo/Fall2021/reachy_screen/install/screen_app/share/screen_app/cmake/screen_appConfig-version.cmake
-- Symlinking: /home/reachy/reachy_repo/Fall2021/reachy_screen/install/screen_app/share/screen_app/package.xml
-- Installing: /home/reachy/reachy_repo/Fall2021/reachy_screen/install/screen_app/lib/libscreen_app__rosidl_generator_c.so
-- Set runtime path of "/home/reachy/reachy_repo/Fall2021/reachy_screen/install/screen_app/lib/libscreen_app__rosidl_generator_c.so" to ""
-- Installing: /home/reachy/reachy_repo/Fall2021/reachy_screen/install/screen_app/lib/libscreen_app__rosidl_typesupport_introspection_c.so
-- Set runtime path of "/home/reachy/reachy_repo/Fall2021/reachy_screen/install/screen_app/lib/libscreen_app__rosidl_typesupport_introspection_c.so" to ""
-- Installing: /home/reachy/reachy_repo/Fall2021/reachy_screen/install/screen_app/lib/libscreen_app__rosidl_typesupport_c.so
-- Set runtime path of "/home/reachy/reachy_repo/Fall2021/reachy_screen/install/screen_app/lib/libscreen_app__rosidl_typesupport_c.so" to ""
-- Installing: /home/reachy/reachy_repo/Fall2021/reachy_screen/install/screen_app/lib/libscreen_app__rosidl_typesupport_introspection_cpp.so
-- Set runtime path of "/home/reachy/reachy_repo/Fall2021/reachy_screen/install/screen_app/lib/libscreen_app__rosidl_typesupport_introspection_cpp.so" to ""
-- Installing: /home/reachy/reachy_repo/Fall2021/reachy_screen/install/screen_app/lib/libscreen_app__rosidl_typesupport_cpp.so
-- Set runtime path of "/home/reachy/reachy_repo/Fall2021/reachy_screen/install/screen_app/lib/libscreen_app__rosidl_typesupport_cpp.so" to ""
Compiling '/home/reachy/reachy_repo/Fall2021/reachy_screen/install/screen_app/lib/python3.8/site-packages/screen_app/__init__.py'...
-- Installing: /home/reachy/reachy_repo/Fall2021/reachy_screen/install/screen_app/share/screen_app/cmake/screen_app__rosidl_generator_cExport.cmake
-- Installing: /home/reachy/reachy_repo/Fall2021/reachy_screen/install/screen_app/share/screen_app/cmake/screen_app__rosidl_generator_cExport-noconfig.cmake
-- Installing: /home/reachy/reachy_repo/Fall2021/reachy_screen/install/screen_app/share/screen_app/cmake/screen_app__rosidl_typesupport_introspection_cExport.cmake
-- Installing: /home/reachy/reachy_repo/Fall2021/reachy_screen/install/screen_app/share/screen_app/cmake/screen_app__rosidl_typesupport_introspection_cExport-noconfig.cmake
-- Installing: /home/reachy/reachy_repo/Fall2021/reachy_screen/install/screen_app/share/screen_app/cmake/screen_app__rosidl_typesupport_cExport.cmake
-- Installing: /home/reachy/reachy_repo/Fall2021/reachy_screen/install/screen_app/share/screen_app/cmake/screen_app__rosidl_typesupport_cExport-noconfig.cmake
-- Installing: /home/reachy/reachy_repo/Fall2021/reachy_screen/install/screen_app/share/screen_app/cmake/screen_app__rosidl_generator_cppExport.cmake
-- Installing: /home/reachy/reachy_repo/Fall2021/reachy_screen/install/screen_app/share/screen_app/cmake/screen_app__rosidl_typesupport_introspection_cppExport.cmake
-- Installing: /home/reachy/reachy_repo/Fall2021/reachy_screen/install/screen_app/share/screen_app/cmake/screen_app__rosidl_typesupport_introspection_cppExport-noconfig.cmake
-- Installing: /home/reachy/reachy_repo/Fall2021/reachy_screen/install/screen_app/share/screen_app/cmake/screen_app__rosidl_typesupport_cppExport.cmake
-- Installing: /home/reachy/reachy_repo/Fall2021/reachy_screen/install/screen_app/share/screen_app/cmake/screen_app__rosidl_typesupport_cppExport-noconfig.cmake
