[0.032s] Invoking command in '/home/reachy/reachy_repo/Fall2021/reachy_screen/build/screen_app': CMAKE_PREFIX_PATH=${CMAKE_PREFIX_PATH}:/home/reachy/reachy_ws/install/reachy_sdk_server:/home/reachy/reachy_ws/install/reachy_kinematics:/home/reachy/reachy_ws/install/reachy_controllers:/home/reachy/reachy_ws/install/reachy_focus:/home/reachy/ros_ws/install/ros2_demo_py:/home/reachy/ros_ws/install/joint_state_publisher_gui:/home/reachy/ros_ws/install/joint_state_publisher:/opt/ros/foxy /usr/bin/cmake /home/reachy/reachy_repo/Fall2021/reachy_screen/screen_app -DAMENT_CMAKE_SYMLINK_INSTALL=1 -DCMAKE_INSTALL_PREFIX=/home/reachy/reachy_repo/Fall2021/reachy_screen/install/screen_app
[0.182s] -- The C compiler identification is GNU 9.3.0
[0.277s] -- The CXX compiler identification is GNU 9.3.0
[0.290s] -- Check for working C compiler: /usr/bin/cc
[0.411s] -- Check for working C compiler: /usr/bin/cc -- works
[0.413s] -- Detecting C compiler ABI info
[0.576s] -- Detecting C compiler ABI info - done
[0.603s] -- Detecting C compile features
[0.604s] -- Detecting C compile features - done
[0.609s] -- Check for working CXX compiler: /usr/bin/c++
[0.819s] -- Check for working CXX compiler: /usr/bin/c++ -- works
[0.822s] -- Detecting CXX compiler ABI info
[1.062s] -- Detecting CXX compiler ABI info - done
[1.120s] -- Detecting CXX compile features
[1.122s] -- Detecting CXX compile features - done
[1.131s] -- Found ament_cmake: 0.9.9 (/opt/ros/foxy/share/ament_cmake/cmake)
[1.236s] -- Found PythonInterp: /usr/bin/python3 (found suitable version "3.8.10", minimum required is "3") 
[1.236s] -- Using PYTHON_EXECUTABLE: /usr/bin/python3
[1.835s] -- Override CMake install command with custom implementation using symlinks instead of copying resources
[1.902s] -- Found rosidl_default_generators: 1.0.1 (/opt/ros/foxy/share/rosidl_default_generators/cmake)
[1.914s] -- Using all available rosidl_typesupport_c: rosidl_typesupport_fastrtps_c;rosidl_typesupport_introspection_c
[1.933s] -- Found rosidl_adapter: 1.2.1 (/opt/ros/foxy/share/rosidl_adapter/cmake)
[2.196s] -- Found OpenSSL: /usr/lib/x86_64-linux-gnu/libcrypto.so (found version "1.1.1f")  
[2.271s] -- Found FastRTPS: /opt/ros/foxy/include  
[2.430s] -- Using all available rosidl_typesupport_cpp: rosidl_typesupport_fastrtps_cpp;rosidl_typesupport_introspection_cpp
[2.481s] -- Found std_msgs: 2.0.4 (/opt/ros/foxy/share/std_msgs/cmake)
[2.576s] -- Found PythonInterp: /usr/bin/python3 (found version "3.8.10") 
[2.968s] -- Found ament_cmake_cppcheck: 0.9.6 (/opt/ros/foxy/share/ament_cmake_cppcheck/cmake)
[2.973s] -- Found ament_cmake_cpplint: 0.9.6 (/opt/ros/foxy/share/ament_cmake_cpplint/cmake)
[2.979s] -- Found ament_cmake_uncrustify: 0.9.6 (/opt/ros/foxy/share/ament_cmake_uncrustify/cmake)
[2.983s] -- Found ament_cmake_ros: 0.9.2 (/opt/ros/foxy/share/ament_cmake_ros/cmake)
[3.384s] -- Using all available rosidl_typesupport_c: rosidl_typesupport_fastrtps_c;rosidl_typesupport_introspection_c
[3.534s] -- Using all available rosidl_typesupport_cpp: rosidl_typesupport_fastrtps_cpp;rosidl_typesupport_introspection_cpp
[3.606s] -- Found PythonInterp: /usr/bin/python3 (found suitable version "3.8.10", minimum required is "3.5") 
[3.612s] -- Found python_cmake_module: 0.8.1 (/opt/ros/foxy/share/python_cmake_module/cmake)
[3.680s] -- Found PythonLibs: /usr/lib/x86_64-linux-gnu/libpython3.8.so (found suitable version "3.8.10", minimum required is "3.5") 
[3.680s] -- Using PYTHON_EXECUTABLE: /usr/bin/python3
[3.681s] -- Using PYTHON_INCLUDE_DIRS: /usr/include/python3.8
[3.681s] -- Using PYTHON_LIBRARIES: /usr/lib/x86_64-linux-gnu/libpython3.8.so
[3.749s] -- Found PythonExtra: .so  
[3.939s] -- Found ament_cmake_flake8: 0.9.6 (/opt/ros/foxy/share/ament_cmake_flake8/cmake)
[3.942s] -- Found ament_cmake_pep257: 0.9.6 (/opt/ros/foxy/share/ament_cmake_pep257/cmake)
[3.976s] -- Configuring done
[4.063s] -- Generating done
[4.068s] -- Build files have been written to: /home/reachy/reachy_repo/Fall2021/reachy_screen/build/screen_app
[4.091s] Invoked command in '/home/reachy/reachy_repo/Fall2021/reachy_screen/build/screen_app' returned '0': CMAKE_PREFIX_PATH=${CMAKE_PREFIX_PATH}:/home/reachy/reachy_ws/install/reachy_sdk_server:/home/reachy/reachy_ws/install/reachy_kinematics:/home/reachy/reachy_ws/install/reachy_controllers:/home/reachy/reachy_ws/install/reachy_focus:/home/reachy/ros_ws/install/ros2_demo_py:/home/reachy/ros_ws/install/joint_state_publisher_gui:/home/reachy/ros_ws/install/joint_state_publisher:/opt/ros/foxy /usr/bin/cmake /home/reachy/reachy_repo/Fall2021/reachy_screen/screen_app -DAMENT_CMAKE_SYMLINK_INSTALL=1 -DCMAKE_INSTALL_PREFIX=/home/reachy/reachy_repo/Fall2021/reachy_screen/install/screen_app
[4.092s] Invoking command in '/home/reachy/reachy_repo/Fall2021/reachy_screen/build/screen_app': CMAKE_PREFIX_PATH=${CMAKE_PREFIX_PATH}:/home/reachy/reachy_ws/install/reachy_sdk_server:/home/reachy/reachy_ws/install/reachy_kinematics:/home/reachy/reachy_ws/install/reachy_controllers:/home/reachy/reachy_ws/install/reachy_focus:/home/reachy/ros_ws/install/ros2_demo_py:/home/reachy/ros_ws/install/joint_state_publisher_gui:/home/reachy/ros_ws/install/joint_state_publisher:/opt/ros/foxy /usr/bin/cmake --build /home/reachy/reachy_repo/Fall2021/reachy_screen/build/screen_app -- -j4 -l4
[4.211s] [35m[1mScanning dependencies of target screen_app__cpp[0m
[4.216s] [  2%] [34m[1mGenerating C code for ROS interfaces[0m
[4.267s] [  5%] [34m[1mGenerating C++ code for ROS interfaces[0m
[5.104s] [  5%] Built target screen_app__cpp
[5.151s] [  7%] [34m[1mGenerating C++ type support for eProsima Fast-RTPS[0m
[5.297s] [35m[1mScanning dependencies of target screen_app__rosidl_generator_c[0m
[5.329s] [ 10%] [32mBuilding C object CMakeFiles/screen_app__rosidl_generator_c.dir/rosidl_generator_c/screen_app/msg/detail/mouse__functions.c.o[0m
[5.460s] [ 12%] [32mBuilding C object CMakeFiles/screen_app__rosidl_generator_c.dir/rosidl_generator_c/screen_app/msg/detail/key__functions.c.o[0m
[5.564s] [ 15%] [32m[1mLinking C shared library libscreen_app__rosidl_generator_c.so[0m
[5.700s] [ 15%] Built target screen_app__rosidl_generator_c
[5.741s] [ 17%] [34m[1mGenerating C++ type support dispatch for ROS interfaces[0m
[5.960s] [35m[1mScanning dependencies of target screen_app__rosidl_typesupport_fastrtps_cpp[0m
[5.988s] [ 20%] [32mBuilding CXX object CMakeFiles/screen_app__rosidl_typesupport_fastrtps_cpp.dir/rosidl_typesupport_fastrtps_cpp/screen_app/msg/detail/dds_fastrtps/mouse__type_support.cpp.o[0m
[6.319s] [35m[1mScanning dependencies of target screen_app__rosidl_typesupport_cpp[0m
[6.344s] [ 23%] [32mBuilding CXX object CMakeFiles/screen_app__rosidl_typesupport_cpp.dir/rosidl_typesupport_cpp/screen_app/msg/mouse__type_support.cpp.o[0m
[6.897s] [ 25%] [32mBuilding CXX object CMakeFiles/screen_app__rosidl_typesupport_fastrtps_cpp.dir/rosidl_typesupport_fastrtps_cpp/screen_app/msg/detail/dds_fastrtps/key__type_support.cpp.o[0m
[6.982s] [ 28%] [32mBuilding CXX object CMakeFiles/screen_app__rosidl_typesupport_cpp.dir/rosidl_typesupport_cpp/screen_app/msg/key__type_support.cpp.o[0m
[7.354s] [ 30%] [34m[1mGenerating C introspection for ROS interfaces[0m
[7.658s] [ 33%] [32m[1mLinking CXX shared library libscreen_app__rosidl_typesupport_cpp.so[0m
[7.831s] [ 35%] [34m[1mGenerating C++ introspection for ROS interfaces[0m
[7.831s] [ 35%] Built target screen_app__rosidl_typesupport_cpp
[7.896s] [ 38%] [34m[1mGenerating C type support dispatch for ROS interfaces[0m
[7.950s] [ 41%] [32m[1mLinking CXX shared library libscreen_app__rosidl_typesupport_fastrtps_cpp.so[0m
[8.276s] [ 41%] Built target screen_app__rosidl_typesupport_fastrtps_cpp
[8.366s] [ 43%] [34m[1mGenerating C type support for eProsima Fast-RTPS[0m
[8.764s] [35m[1mScanning dependencies of target screen_app__rosidl_typesupport_introspection_cpp[0m
[8.826s] [35m[1mScanning dependencies of target screen_app__rosidl_typesupport_introspection_c[0m
[8.836s] [ 46%] [32mBuilding CXX object CMakeFiles/screen_app__rosidl_typesupport_introspection_cpp.dir/rosidl_typesupport_introspection_cpp/screen_app/msg/detail/mouse__type_support.cpp.o[0m
[8.915s] [ 48%] [32mBuilding C object CMakeFiles/screen_app__rosidl_typesupport_introspection_c.dir/rosidl_typesupport_introspection_c/screen_app/msg/detail/mouse__type_support.c.o[0m
[9.116s] [ 51%] [32mBuilding C object CMakeFiles/screen_app__rosidl_typesupport_introspection_c.dir/rosidl_typesupport_introspection_c/screen_app/msg/detail/key__type_support.c.o[0m
[9.292s] [ 53%] [32m[1mLinking C shared library libscreen_app__rosidl_typesupport_introspection_c.so[0m
[9.487s] [ 53%] Built target screen_app__rosidl_typesupport_introspection_c
[9.544s] [ 56%] [32mBuilding CXX object CMakeFiles/screen_app__rosidl_typesupport_introspection_cpp.dir/rosidl_typesupport_introspection_cpp/screen_app/msg/detail/key__type_support.cpp.o[0m
[9.865s] [35m[1mScanning dependencies of target screen_app__rosidl_typesupport_c[0m
[9.888s] [35m[1mScanning dependencies of target screen_app__rosidl_typesupport_fastrtps_c[0m
[9.959s] [ 58%] [32mBuilding CXX object CMakeFiles/screen_app__rosidl_typesupport_c.dir/rosidl_typesupport_c/screen_app/msg/mouse__type_support.cpp.o[0m
[9.973s] [ 61%] [32mBuilding CXX object CMakeFiles/screen_app__rosidl_typesupport_fastrtps_c.dir/rosidl_typesupport_fastrtps_c/screen_app/msg/detail/mouse__type_support_c.cpp.o[0m
[10.064s] [ 64%] [32mBuilding CXX object CMakeFiles/screen_app__rosidl_typesupport_c.dir/rosidl_typesupport_c/screen_app/msg/key__type_support.cpp.o[0m
[10.104s] [ 66%] [32mBuilding CXX object CMakeFiles/screen_app__rosidl_typesupport_fastrtps_c.dir/rosidl_typesupport_fastrtps_c/screen_app/msg/detail/key__type_support_c.cpp.o[0m
[10.259s] [ 69%] [32m[1mLinking CXX shared library libscreen_app__rosidl_typesupport_c.so[0m
[10.525s] [ 69%] Built target screen_app__rosidl_typesupport_c
[10.819s] [ 71%] [32m[1mLinking CXX shared library libscreen_app__rosidl_typesupport_introspection_cpp.so[0m
[11.040s] [ 71%] Built target screen_app__rosidl_typesupport_introspection_cpp
[11.419s] [ 74%] [32m[1mLinking CXX shared library libscreen_app__rosidl_typesupport_fastrtps_c.so[0m
[11.594s] [ 74%] Built target screen_app__rosidl_typesupport_fastrtps_c
[11.615s] [35m[1mScanning dependencies of target screen_app[0m
[11.637s] [ 74%] Built target screen_app
[11.656s] [35m[1mScanning dependencies of target screen_app__py[0m
[11.675s] [ 76%] [34m[1mGenerating Python code for ROS interfaces[0m
[12.498s] [ 76%] Built target screen_app__py
[12.515s] [35m[1mScanning dependencies of target screen_app__python[0m
[12.554s] [ 79%] [32mBuilding C object CMakeFiles/screen_app__python.dir/rosidl_generator_py/screen_app/msg/_mouse_s.c.o[0m
[12.694s] [ 82%] [32mBuilding C object CMakeFiles/screen_app__python.dir/rosidl_generator_py/screen_app/msg/_key_s.c.o[0m
[12.835s] [ 84%] [32m[1mLinking C shared library rosidl_generator_py/screen_app/libscreen_app__python.so[0m
[12.912s] [ 84%] Built target screen_app__python
[12.932s] [35m[1mScanning dependencies of target screen_app__rosidl_typesupport_c__pyext[0m
[12.967s] [ 87%] [32mBuilding C object CMakeFiles/screen_app__rosidl_typesupport_c__pyext.dir/rosidl_generator_py/screen_app/_screen_app_s.ep.rosidl_typesupport_c.c.o[0m
[13.121s] [ 89%] [32m[1mLinking C shared library rosidl_generator_py/screen_app/screen_app_s__rosidl_typesupport_c.cpython-38-x86_64-linux-gnu.so[0m
[13.200s] [ 89%] Built target screen_app__rosidl_typesupport_c__pyext
[13.221s] [35m[1mScanning dependencies of target screen_app__rosidl_typesupport_fastrtps_c__pyext[0m
[13.263s] [ 92%] [32mBuilding C object CMakeFiles/screen_app__rosidl_typesupport_fastrtps_c__pyext.dir/rosidl_generator_py/screen_app/_screen_app_s.ep.rosidl_typesupport_fastrtps_c.c.o[0m
[13.428s] [ 94%] [32m[1mLinking CXX shared library rosidl_generator_py/screen_app/screen_app_s__rosidl_typesupport_fastrtps_c.cpython-38-x86_64-linux-gnu.so[0m
[13.568s] [ 94%] Built target screen_app__rosidl_typesupport_fastrtps_c__pyext
[13.582s] [35m[1mScanning dependencies of target screen_app__rosidl_typesupport_introspection_c__pyext[0m
[13.611s] [ 97%] [32mBuilding C object CMakeFiles/screen_app__rosidl_typesupport_introspection_c__pyext.dir/rosidl_generator_py/screen_app/_screen_app_s.ep.rosidl_typesupport_introspection_c.c.o[0m
[13.742s] [100%] [32m[1mLinking C shared library rosidl_generator_py/screen_app/screen_app_s__rosidl_typesupport_introspection_c.cpython-38-x86_64-linux-gnu.so[0m
[13.800s] [100%] Built target screen_app__rosidl_typesupport_introspection_c__pyext
[13.827s] Invoked command in '/home/reachy/reachy_repo/Fall2021/reachy_screen/build/screen_app' returned '0': CMAKE_PREFIX_PATH=${CMAKE_PREFIX_PATH}:/home/reachy/reachy_ws/install/reachy_sdk_server:/home/reachy/reachy_ws/install/reachy_kinematics:/home/reachy/reachy_ws/install/reachy_controllers:/home/reachy/reachy_ws/install/reachy_focus:/home/reachy/ros_ws/install/ros2_demo_py:/home/reachy/ros_ws/install/joint_state_publisher_gui:/home/reachy/ros_ws/install/joint_state_publisher:/opt/ros/foxy /usr/bin/cmake --build /home/reachy/reachy_repo/Fall2021/reachy_screen/build/screen_app -- -j4 -l4
[13.939s] Invoking command in '/home/reachy/reachy_repo/Fall2021/reachy_screen/build/screen_app': CMAKE_PREFIX_PATH=${CMAKE_PREFIX_PATH}:/home/reachy/reachy_ws/install/reachy_sdk_server:/home/reachy/reachy_ws/install/reachy_kinematics:/home/reachy/reachy_ws/install/reachy_controllers:/home/reachy/reachy_ws/install/reachy_focus:/home/reachy/ros_ws/install/ros2_demo_py:/home/reachy/ros_ws/install/joint_state_publisher_gui:/home/reachy/ros_ws/install/joint_state_publisher:/opt/ros/foxy /usr/bin/cmake --install /home/reachy/reachy_repo/Fall2021/reachy_screen/build/screen_app
[13.955s] -- Install configuration: ""
[13.957s] -- Execute custom install script
[13.958s] -- Symlinking: /home/reachy/reachy_repo/Fall2021/reachy_screen/install/screen_app/share/ament_index/resource_index/rosidl_interfaces/screen_app
[13.984s] -- Symlinking: /home/reachy/reachy_repo/Fall2021/reachy_screen/install/screen_app/include/screen_app/msg/detail/key__functions.h
[13.999s] -- Symlinking: /home/reachy/reachy_repo/Fall2021/reachy_screen/install/screen_app/include/screen_app/msg/detail/key__struct.h
[14.015s] -- Symlinking: /home/reachy/reachy_repo/Fall2021/reachy_screen/install/screen_app/include/screen_app/msg/detail/key__type_support.h
[14.032s] -- Symlinking: /home/reachy/reachy_repo/Fall2021/reachy_screen/install/screen_app/include/screen_app/msg/detail/mouse__functions.h
[14.050s] -- Symlinking: /home/reachy/reachy_repo/Fall2021/reachy_screen/install/screen_app/include/screen_app/msg/detail/mouse__struct.h
[14.066s] -- Symlinking: /home/reachy/reachy_repo/Fall2021/reachy_screen/install/screen_app/include/screen_app/msg/detail/mouse__type_support.h
[14.083s] -- Symlinking: /home/reachy/reachy_repo/Fall2021/reachy_screen/install/screen_app/include/screen_app/msg/key.h
[14.100s] -- Symlinking: /home/reachy/reachy_repo/Fall2021/reachy_screen/install/screen_app/include/screen_app/msg/mouse.h
[14.116s] -- Symlinking: /home/reachy/reachy_repo/Fall2021/reachy_screen/install/screen_app/include/screen_app/msg/rosidl_generator_c__visibility_control.h
[14.136s] -- Symlinking: /home/reachy/reachy_repo/Fall2021/reachy_screen/install/screen_app/share/screen_app/environment/library_path.sh
[14.156s] -- Symlinking: /home/reachy/reachy_repo/Fall2021/reachy_screen/install/screen_app/share/screen_app/environment/library_path.dsv
[14.178s] -- Symlinking: /home/reachy/reachy_repo/Fall2021/reachy_screen/install/screen_app/include/screen_app/msg/detail/key__rosidl_typesupport_fastrtps_c.h
[14.201s] -- Symlinking: /home/reachy/reachy_repo/Fall2021/reachy_screen/install/screen_app/include/screen_app/msg/detail/mouse__rosidl_typesupport_fastrtps_c.h
[14.222s] -- Symlinking: /home/reachy/reachy_repo/Fall2021/reachy_screen/install/screen_app/include/screen_app/msg/rosidl_typesupport_fastrtps_c__visibility_control.h
[14.246s] -- Symlinking: /home/reachy/reachy_repo/Fall2021/reachy_screen/install/screen_app/lib/libscreen_app__rosidl_typesupport_fastrtps_c.so
[14.271s] -- Symlinking: /home/reachy/reachy_repo/Fall2021/reachy_screen/install/screen_app/include/screen_app/msg/detail/key__rosidl_typesupport_fastrtps_cpp.hpp
[14.284s] -- Symlinking: /home/reachy/reachy_repo/Fall2021/reachy_screen/install/screen_app/include/screen_app/msg/detail/mouse__rosidl_typesupport_fastrtps_cpp.hpp
[14.299s] -- Symlinking: /home/reachy/reachy_repo/Fall2021/reachy_screen/install/screen_app/include/screen_app/msg/rosidl_typesupport_fastrtps_cpp__visibility_control.h
[14.314s] -- Symlinking: /home/reachy/reachy_repo/Fall2021/reachy_screen/install/screen_app/lib/libscreen_app__rosidl_typesupport_fastrtps_cpp.so
[14.332s] -- Symlinking: /home/reachy/reachy_repo/Fall2021/reachy_screen/install/screen_app/include/screen_app/msg/detail/key__rosidl_typesupport_introspection_c.h
[14.350s] -- Symlinking: /home/reachy/reachy_repo/Fall2021/reachy_screen/install/screen_app/include/screen_app/msg/detail/mouse__rosidl_typesupport_introspection_c.h
[14.376s] -- Symlinking: /home/reachy/reachy_repo/Fall2021/reachy_screen/install/screen_app/include/screen_app/msg/rosidl_typesupport_introspection_c__visibility_control.h
[14.392s] -- Symlinking: /home/reachy/reachy_repo/Fall2021/reachy_screen/install/screen_app/include/screen_app/msg/detail/key__builder.hpp
[14.411s] -- Symlinking: /home/reachy/reachy_repo/Fall2021/reachy_screen/install/screen_app/include/screen_app/msg/detail/key__struct.hpp
[14.427s] -- Symlinking: /home/reachy/reachy_repo/Fall2021/reachy_screen/install/screen_app/include/screen_app/msg/detail/key__traits.hpp
[14.445s] -- Symlinking: /home/reachy/reachy_repo/Fall2021/reachy_screen/install/screen_app/include/screen_app/msg/detail/mouse__builder.hpp
[14.461s] -- Symlinking: /home/reachy/reachy_repo/Fall2021/reachy_screen/install/screen_app/include/screen_app/msg/detail/mouse__struct.hpp
[14.487s] -- Symlinking: /home/reachy/reachy_repo/Fall2021/reachy_screen/install/screen_app/include/screen_app/msg/detail/mouse__traits.hpp
[14.503s] -- Symlinking: /home/reachy/reachy_repo/Fall2021/reachy_screen/install/screen_app/include/screen_app/msg/key.hpp
[14.519s] -- Symlinking: /home/reachy/reachy_repo/Fall2021/reachy_screen/install/screen_app/include/screen_app/msg/mouse.hpp
[14.537s] -- Symlinking: /home/reachy/reachy_repo/Fall2021/reachy_screen/install/screen_app/include/screen_app/msg/detail/key__rosidl_typesupport_introspection_cpp.hpp
[14.555s] -- Symlinking: /home/reachy/reachy_repo/Fall2021/reachy_screen/install/screen_app/include/screen_app/msg/detail/mouse__rosidl_typesupport_introspection_cpp.hpp
[14.572s] -- Symlinking: /home/reachy/reachy_repo/Fall2021/reachy_screen/install/screen_app/share/screen_app/environment/pythonpath.sh
[14.589s] -- Symlinking: /home/reachy/reachy_repo/Fall2021/reachy_screen/install/screen_app/share/screen_app/environment/pythonpath.dsv
[14.611s] -- Symlinking: /home/reachy/reachy_repo/Fall2021/reachy_screen/install/screen_app/lib/python3.8/site-packages/screen_app/__init__.py
[14.633s] -- Symlinking: /home/reachy/reachy_repo/Fall2021/reachy_screen/install/screen_app/lib/python3.8/site-packages/screen_app/msg/__init__.py
[14.661s] -- Symlinking: /home/reachy/reachy_repo/Fall2021/reachy_screen/install/screen_app/lib/python3.8/site-packages/screen_app/msg/_key.py
[14.681s] -- Symlinking: /home/reachy/reachy_repo/Fall2021/reachy_screen/install/screen_app/lib/python3.8/site-packages/screen_app/msg/_mouse.py
[14.702s] -- Symlinking: /home/reachy/reachy_repo/Fall2021/reachy_screen/install/screen_app/lib/python3.8/site-packages/screen_app/screen_app_s__rosidl_typesupport_fastrtps_c.cpython-38-x86_64-linux-gnu.so
[14.721s] -- Symlinking: /home/reachy/reachy_repo/Fall2021/reachy_screen/install/screen_app/lib/python3.8/site-packages/screen_app/screen_app_s__rosidl_typesupport_introspection_c.cpython-38-x86_64-linux-gnu.so
[14.755s] -- Symlinking: /home/reachy/reachy_repo/Fall2021/reachy_screen/install/screen_app/lib/python3.8/site-packages/screen_app/screen_app_s__rosidl_typesupport_c.cpython-38-x86_64-linux-gnu.so
[14.767s] -- Symlinking: /home/reachy/reachy_repo/Fall2021/reachy_screen/install/screen_app/lib/libscreen_app__python.so
[14.786s] -- Symlinking: /home/reachy/reachy_repo/Fall2021/reachy_screen/install/screen_app/share/screen_app/msg/Mouse.idl
[14.804s] -- Symlinking: /home/reachy/reachy_repo/Fall2021/reachy_screen/install/screen_app/share/screen_app/msg/Key.idl
[14.824s] -- Symlinking: /home/reachy/reachy_repo/Fall2021/reachy_screen/install/screen_app/share/screen_app/msg/Mouse.msg
[14.849s] -- Symlinking: /home/reachy/reachy_repo/Fall2021/reachy_screen/install/screen_app/share/screen_app/msg/Key.msg
[14.865s] -- Symlinking: /home/reachy/reachy_repo/Fall2021/reachy_screen/install/screen_app/lib/screen_app/run_app.py
[14.883s] -- Symlinking: /home/reachy/reachy_repo/Fall2021/reachy_screen/install/screen_app/lib/screen_app/screen_subscriber.py
[14.901s] -- Symlinking: /home/reachy/reachy_repo/Fall2021/reachy_screen/install/screen_app/share/ament_index/resource_index/package_run_dependencies/screen_app
[14.917s] -- Symlinking: /home/reachy/reachy_repo/Fall2021/reachy_screen/install/screen_app/share/ament_index/resource_index/parent_prefix_path/screen_app
[14.946s] -- Symlinking: /home/reachy/reachy_repo/Fall2021/reachy_screen/install/screen_app/share/screen_app/environment/ament_prefix_path.sh
[14.961s] -- Symlinking: /home/reachy/reachy_repo/Fall2021/reachy_screen/install/screen_app/share/screen_app/environment/ament_prefix_path.dsv
[14.977s] -- Symlinking: /home/reachy/reachy_repo/Fall2021/reachy_screen/install/screen_app/share/screen_app/environment/path.sh
[15.000s] -- Symlinking: /home/reachy/reachy_repo/Fall2021/reachy_screen/install/screen_app/share/screen_app/environment/path.dsv
[15.017s] -- Symlinking: /home/reachy/reachy_repo/Fall2021/reachy_screen/install/screen_app/share/screen_app/local_setup.bash
[15.034s] -- Symlinking: /home/reachy/reachy_repo/Fall2021/reachy_screen/install/screen_app/share/screen_app/local_setup.sh
[15.051s] -- Symlinking: /home/reachy/reachy_repo/Fall2021/reachy_screen/install/screen_app/share/screen_app/local_setup.zsh
[15.068s] -- Symlinking: /home/reachy/reachy_repo/Fall2021/reachy_screen/install/screen_app/share/screen_app/local_setup.dsv
[15.087s] -- Symlinking: /home/reachy/reachy_repo/Fall2021/reachy_screen/install/screen_app/share/screen_app/package.dsv
[15.104s] -- Symlinking: /home/reachy/reachy_repo/Fall2021/reachy_screen/install/screen_app/share/ament_index/resource_index/packages/screen_app
[15.125s] -- Symlinking: /home/reachy/reachy_repo/Fall2021/reachy_screen/install/screen_app/share/screen_app/cmake/rosidl_cmake-extras.cmake
[15.150s] -- Symlinking: /home/reachy/reachy_repo/Fall2021/reachy_screen/install/screen_app/share/screen_app/cmake/ament_cmake_export_dependencies-extras.cmake
[15.172s] -- Symlinking: /home/reachy/reachy_repo/Fall2021/reachy_screen/install/screen_app/share/screen_app/cmake/ament_cmake_export_libraries-extras.cmake
[15.191s] -- Symlinking: /home/reachy/reachy_repo/Fall2021/reachy_screen/install/screen_app/share/screen_app/cmake/ament_cmake_export_targets-extras.cmake
[15.210s] -- Symlinking: /home/reachy/reachy_repo/Fall2021/reachy_screen/install/screen_app/share/screen_app/cmake/ament_cmake_export_include_directories-extras.cmake
[15.231s] -- Symlinking: /home/reachy/reachy_repo/Fall2021/reachy_screen/install/screen_app/share/screen_app/cmake/rosidl_cmake_export_typesupport_libraries-extras.cmake
[15.252s] -- Symlinking: /home/reachy/reachy_repo/Fall2021/reachy_screen/install/screen_app/share/screen_app/cmake/rosidl_cmake_export_typesupport_targets-extras.cmake
[15.272s] -- Symlinking: /home/reachy/reachy_repo/Fall2021/reachy_screen/install/screen_app/share/screen_app/cmake/screen_appConfig.cmake
[15.291s] -- Symlinking: /home/reachy/reachy_repo/Fall2021/reachy_screen/install/screen_app/share/screen_app/cmake/screen_appConfig-version.cmake
[15.310s] -- Symlinking: /home/reachy/reachy_repo/Fall2021/reachy_screen/install/screen_app/share/screen_app/package.xml
[15.331s] -- Installing: /home/reachy/reachy_repo/Fall2021/reachy_screen/install/screen_app/lib/libscreen_app__rosidl_generator_c.so
[15.331s] -- Set runtime path of "/home/reachy/reachy_repo/Fall2021/reachy_screen/install/screen_app/lib/libscreen_app__rosidl_generator_c.so" to ""
[15.332s] -- Installing: /home/reachy/reachy_repo/Fall2021/reachy_screen/install/screen_app/lib/libscreen_app__rosidl_typesupport_introspection_c.so
[15.332s] -- Set runtime path of "/home/reachy/reachy_repo/Fall2021/reachy_screen/install/screen_app/lib/libscreen_app__rosidl_typesupport_introspection_c.so" to ""
[15.332s] -- Installing: /home/reachy/reachy_repo/Fall2021/reachy_screen/install/screen_app/lib/libscreen_app__rosidl_typesupport_c.so
[15.332s] -- Set runtime path of "/home/reachy/reachy_repo/Fall2021/reachy_screen/install/screen_app/lib/libscreen_app__rosidl_typesupport_c.so" to ""
[15.333s] -- Installing: /home/reachy/reachy_repo/Fall2021/reachy_screen/install/screen_app/lib/libscreen_app__rosidl_typesupport_introspection_cpp.so
[15.333s] -- Set runtime path of "/home/reachy/reachy_repo/Fall2021/reachy_screen/install/screen_app/lib/libscreen_app__rosidl_typesupport_introspection_cpp.so" to ""
[15.333s] -- Installing: /home/reachy/reachy_repo/Fall2021/reachy_screen/install/screen_app/lib/libscreen_app__rosidl_typesupport_cpp.so
[15.334s] -- Set runtime path of "/home/reachy/reachy_repo/Fall2021/reachy_screen/install/screen_app/lib/libscreen_app__rosidl_typesupport_cpp.so" to ""
[15.437s] Compiling '/home/reachy/reachy_repo/Fall2021/reachy_screen/install/screen_app/lib/python3.8/site-packages/screen_app/__init__.py'...
[15.460s] -- Installing: /home/reachy/reachy_repo/Fall2021/reachy_screen/install/screen_app/share/screen_app/cmake/screen_app__rosidl_generator_cExport.cmake
[15.460s] -- Installing: /home/reachy/reachy_repo/Fall2021/reachy_screen/install/screen_app/share/screen_app/cmake/screen_app__rosidl_generator_cExport-noconfig.cmake
[15.460s] -- Installing: /home/reachy/reachy_repo/Fall2021/reachy_screen/install/screen_app/share/screen_app/cmake/screen_app__rosidl_typesupport_introspection_cExport.cmake
[15.460s] -- Installing: /home/reachy/reachy_repo/Fall2021/reachy_screen/install/screen_app/share/screen_app/cmake/screen_app__rosidl_typesupport_introspection_cExport-noconfig.cmake
[15.461s] -- Installing: /home/reachy/reachy_repo/Fall2021/reachy_screen/install/screen_app/share/screen_app/cmake/screen_app__rosidl_typesupport_cExport.cmake
[15.461s] -- Installing: /home/reachy/reachy_repo/Fall2021/reachy_screen/install/screen_app/share/screen_app/cmake/screen_app__rosidl_typesupport_cExport-noconfig.cmake
[15.461s] -- Installing: /home/reachy/reachy_repo/Fall2021/reachy_screen/install/screen_app/share/screen_app/cmake/screen_app__rosidl_generator_cppExport.cmake
[15.461s] -- Installing: /home/reachy/reachy_repo/Fall2021/reachy_screen/install/screen_app/share/screen_app/cmake/screen_app__rosidl_typesupport_introspection_cppExport.cmake
[15.461s] -- Installing: /home/reachy/reachy_repo/Fall2021/reachy_screen/install/screen_app/share/screen_app/cmake/screen_app__rosidl_typesupport_introspection_cppExport-noconfig.cmake
[15.461s] -- Installing: /home/reachy/reachy_repo/Fall2021/reachy_screen/install/screen_app/share/screen_app/cmake/screen_app__rosidl_typesupport_cppExport.cmake
[15.461s] -- Installing: /home/reachy/reachy_repo/Fall2021/reachy_screen/install/screen_app/share/screen_app/cmake/screen_app__rosidl_typesupport_cppExport-noconfig.cmake
[15.484s] Invoked command in '/home/reachy/reachy_repo/Fall2021/reachy_screen/build/screen_app' returned '0': CMAKE_PREFIX_PATH=${CMAKE_PREFIX_PATH}:/home/reachy/reachy_ws/install/reachy_sdk_server:/home/reachy/reachy_ws/install/reachy_kinematics:/home/reachy/reachy_ws/install/reachy_controllers:/home/reachy/reachy_ws/install/reachy_focus:/home/reachy/ros_ws/install/ros2_demo_py:/home/reachy/ros_ws/install/joint_state_publisher_gui:/home/reachy/ros_ws/install/joint_state_publisher:/opt/ros/foxy /usr/bin/cmake --install /home/reachy/reachy_repo/Fall2021/reachy_screen/build/screen_app
