[1.505s] DEBUG:colcon:Command line arguments: ['/usr/bin/colcon', 'list', '-p', '--base-paths', '/home/reachy/reachy_repo/Fall2021/reachy_touchscreen/RTS_ws']
[1.505s] DEBUG:colcon:Parsed command line arguments: Namespace(base_paths=['/home/reachy/reachy_repo/Fall2021/reachy_touchscreen/RTS_ws'], build_base='build', ignore_user_meta=False, log_base=None, log_level=None, main=<bound method ListVerb.main of <colcon_package_information.verb.list.ListVerb object at 0x7f713fb348e0>>, metas=['./colcon.meta'], names_only=False, packages_above=None, packages_above_and_dependencies=None, packages_above_depth=None, packages_end=None, packages_ignore=None, packages_ignore_regex=None, packages_select=None, packages_select_build_failed=False, packages_select_by_dep=None, packages_select_regex=None, packages_select_test_failures=False, packages_skip=None, packages_skip_build_finished=False, packages_skip_by_dep=None, packages_skip_regex=None, packages_skip_test_passed=False, packages_skip_up_to=None, packages_start=None, packages_up_to=None, packages_up_to_regex=None, paths=None, paths_only=True, topological_graph=False, topological_graph_density=False, topological_graph_dot=False, topological_graph_dot_cluster=False, topological_graph_dot_include_skipped=False, topological_graph_legend=False, topological_order=False, verb_extension=<colcon_package_information.verb.list.ListVerb object at 0x7f713fb348e0>, verb_name='list', verb_parser=<colcon_defaults.argument_parser.defaults.DefaultArgumentsDecorator object at 0x7f713f9c3c70>)
[1.886s] Level 1:colcon.colcon_core.package_discovery:discover_packages(colcon_meta) check parameters
[1.888s] Level 1:colcon.colcon_core.package_discovery:discover_packages(recursive) check parameters
[1.890s] Level 1:colcon.colcon_core.package_discovery:discover_packages(ignore) check parameters
[1.892s] Level 1:colcon.colcon_core.package_discovery:discover_packages(path) check parameters
[1.893s] Level 1:colcon.colcon_core.package_discovery:discover_packages(recursive) discover
[1.893s] INFO:colcon.colcon_core.package_discovery:Crawling recursively for packages in '/home/reachy/reachy_repo/Fall2021/reachy_touchscreen/RTS_ws'
[1.893s] Level 1:colcon.colcon_core.package_identification:_identify(/home/reachy/reachy_repo/Fall2021/reachy_touchscreen/RTS_ws) by extensions ['ignore', 'ignore_ament_install']
[1.894s] Level 1:colcon.colcon_core.package_identification:_identify(/home/reachy/reachy_repo/Fall2021/reachy_touchscreen/RTS_ws) by extension 'ignore'
[1.894s] Level 1:colcon.colcon_core.package_identification:_identify(/home/reachy/reachy_repo/Fall2021/reachy_touchscreen/RTS_ws) by extension 'ignore_ament_install'
[1.894s] Level 1:colcon.colcon_core.package_identification:_identify(/home/reachy/reachy_repo/Fall2021/reachy_touchscreen/RTS_ws) by extensions ['colcon_pkg']
[1.895s] Level 1:colcon.colcon_core.package_identification:_identify(/home/reachy/reachy_repo/Fall2021/reachy_touchscreen/RTS_ws) by extension 'colcon_pkg'
[1.901s] Level 1:colcon.colcon_core.package_identification:_identify(/home/reachy/reachy_repo/Fall2021/reachy_touchscreen/RTS_ws) by extensions ['colcon_meta']
[1.902s] Level 1:colcon.colcon_core.package_identification:_identify(/home/reachy/reachy_repo/Fall2021/reachy_touchscreen/RTS_ws) by extension 'colcon_meta'
[1.911s] Level 1:colcon.colcon_core.package_identification:_identify(/home/reachy/reachy_repo/Fall2021/reachy_touchscreen/RTS_ws) by extensions ['ros']
[1.912s] Level 1:colcon.colcon_core.package_identification:_identify(/home/reachy/reachy_repo/Fall2021/reachy_touchscreen/RTS_ws) by extension 'ros'
[2.021s] Level 1:colcon.colcon_core.package_identification:_identify(/home/reachy/reachy_repo/Fall2021/reachy_touchscreen/RTS_ws) by extensions ['cmake', 'python']
[2.029s] Level 1:colcon.colcon_core.package_identification:_identify(/home/reachy/reachy_repo/Fall2021/reachy_touchscreen/RTS_ws) by extension 'cmake'
[2.032s] Level 1:colcon.colcon_core.package_identification:_identify(/home/reachy/reachy_repo/Fall2021/reachy_touchscreen/RTS_ws) by extension 'python'
[2.039s] Level 1:colcon.colcon_core.package_identification:_identify(/home/reachy/reachy_repo/Fall2021/reachy_touchscreen/RTS_ws) by extensions ['python_setup_py']
[2.042s] Level 1:colcon.colcon_core.package_identification:_identify(/home/reachy/reachy_repo/Fall2021/reachy_touchscreen/RTS_ws) by extension 'python_setup_py'
[2.048s] Level 1:colcon.colcon_core.package_identification:_identify(/home/reachy/reachy_repo/Fall2021/reachy_touchscreen/RTS_ws/build) by extensions ['ignore', 'ignore_ament_install']
[2.054s] Level 1:colcon.colcon_core.package_identification:_identify(/home/reachy/reachy_repo/Fall2021/reachy_touchscreen/RTS_ws/build) by extension 'ignore'
[2.060s] Level 1:colcon.colcon_core.package_identification:_identify(/home/reachy/reachy_repo/Fall2021/reachy_touchscreen/RTS_ws/build) ignored
[2.061s] Level 1:colcon.colcon_core.package_identification:_identify(/home/reachy/reachy_repo/Fall2021/reachy_touchscreen/RTS_ws/install) by extensions ['ignore', 'ignore_ament_install']
[2.061s] Level 1:colcon.colcon_core.package_identification:_identify(/home/reachy/reachy_repo/Fall2021/reachy_touchscreen/RTS_ws/install) by extension 'ignore'
[2.061s] Level 1:colcon.colcon_core.package_identification:_identify(/home/reachy/reachy_repo/Fall2021/reachy_touchscreen/RTS_ws/install) ignored
[2.061s] Level 1:colcon.colcon_core.package_identification:_identify(/home/reachy/reachy_repo/Fall2021/reachy_touchscreen/RTS_ws/log) by extensions ['ignore', 'ignore_ament_install']
[2.061s] Level 1:colcon.colcon_core.package_identification:_identify(/home/reachy/reachy_repo/Fall2021/reachy_touchscreen/RTS_ws/log) by extension 'ignore'
[2.061s] Level 1:colcon.colcon_core.package_identification:_identify(/home/reachy/reachy_repo/Fall2021/reachy_touchscreen/RTS_ws/log) ignored
[2.070s] Level 1:colcon.colcon_core.package_identification:_identify(/home/reachy/reachy_repo/Fall2021/reachy_touchscreen/RTS_ws/src) by extensions ['ignore', 'ignore_ament_install']
[2.071s] Level 1:colcon.colcon_core.package_identification:_identify(/home/reachy/reachy_repo/Fall2021/reachy_touchscreen/RTS_ws/src) by extension 'ignore'
[2.072s] Level 1:colcon.colcon_core.package_identification:_identify(/home/reachy/reachy_repo/Fall2021/reachy_touchscreen/RTS_ws/src) by extension 'ignore_ament_install'
[2.077s] Level 1:colcon.colcon_core.package_identification:_identify(/home/reachy/reachy_repo/Fall2021/reachy_touchscreen/RTS_ws/src) by extensions ['colcon_pkg']
[2.077s] Level 1:colcon.colcon_core.package_identification:_identify(/home/reachy/reachy_repo/Fall2021/reachy_touchscreen/RTS_ws/src) by extension 'colcon_pkg'
[2.078s] Level 1:colcon.colcon_core.package_identification:_identify(/home/reachy/reachy_repo/Fall2021/reachy_touchscreen/RTS_ws/src) by extensions ['colcon_meta']
[2.078s] Level 1:colcon.colcon_core.package_identification:_identify(/home/reachy/reachy_repo/Fall2021/reachy_touchscreen/RTS_ws/src) by extension 'colcon_meta'
[2.078s] Level 1:colcon.colcon_core.package_identification:_identify(/home/reachy/reachy_repo/Fall2021/reachy_touchscreen/RTS_ws/src) by extensions ['ros']
[2.078s] Level 1:colcon.colcon_core.package_identification:_identify(/home/reachy/reachy_repo/Fall2021/reachy_touchscreen/RTS_ws/src) by extension 'ros'
[2.078s] Level 1:colcon.colcon_core.package_identification:_identify(/home/reachy/reachy_repo/Fall2021/reachy_touchscreen/RTS_ws/src) by extensions ['cmake', 'python']
[2.078s] Level 1:colcon.colcon_core.package_identification:_identify(/home/reachy/reachy_repo/Fall2021/reachy_touchscreen/RTS_ws/src) by extension 'cmake'
[2.078s] Level 1:colcon.colcon_core.package_identification:_identify(/home/reachy/reachy_repo/Fall2021/reachy_touchscreen/RTS_ws/src) by extension 'python'
[2.078s] Level 1:colcon.colcon_core.package_identification:_identify(/home/reachy/reachy_repo/Fall2021/reachy_touchscreen/RTS_ws/src) by extensions ['python_setup_py']
[2.078s] Level 1:colcon.colcon_core.package_identification:_identify(/home/reachy/reachy_repo/Fall2021/reachy_touchscreen/RTS_ws/src) by extension 'python_setup_py'
[2.079s] Level 1:colcon.colcon_core.package_identification:_identify(/home/reachy/reachy_repo/Fall2021/reachy_touchscreen/RTS_ws/src/reachy_touchscreen) by extensions ['ignore', 'ignore_ament_install']
[2.079s] Level 1:colcon.colcon_core.package_identification:_identify(/home/reachy/reachy_repo/Fall2021/reachy_touchscreen/RTS_ws/src/reachy_touchscreen) by extension 'ignore'
[2.079s] Level 1:colcon.colcon_core.package_identification:_identify(/home/reachy/reachy_repo/Fall2021/reachy_touchscreen/RTS_ws/src/reachy_touchscreen) by extension 'ignore_ament_install'
[2.079s] Level 1:colcon.colcon_core.package_identification:_identify(/home/reachy/reachy_repo/Fall2021/reachy_touchscreen/RTS_ws/src/reachy_touchscreen) by extensions ['colcon_pkg']
[2.079s] Level 1:colcon.colcon_core.package_identification:_identify(/home/reachy/reachy_repo/Fall2021/reachy_touchscreen/RTS_ws/src/reachy_touchscreen) by extension 'colcon_pkg'
[2.079s] Level 1:colcon.colcon_core.package_identification:_identify(/home/reachy/reachy_repo/Fall2021/reachy_touchscreen/RTS_ws/src/reachy_touchscreen) by extensions ['colcon_meta']
[2.079s] Level 1:colcon.colcon_core.package_identification:_identify(/home/reachy/reachy_repo/Fall2021/reachy_touchscreen/RTS_ws/src/reachy_touchscreen) by extension 'colcon_meta'
[2.079s] Level 1:colcon.colcon_core.package_identification:_identify(/home/reachy/reachy_repo/Fall2021/reachy_touchscreen/RTS_ws/src/reachy_touchscreen) by extensions ['ros']
[2.079s] Level 1:colcon.colcon_core.package_identification:_identify(/home/reachy/reachy_repo/Fall2021/reachy_touchscreen/RTS_ws/src/reachy_touchscreen) by extension 'ros'
[2.113s] DEBUG:colcon.colcon_core.package_identification:Package '/home/reachy/reachy_repo/Fall2021/reachy_touchscreen/RTS_ws/src/reachy_touchscreen' with type 'ros.ament_python' and name 'reachy_touchscreen'
[2.113s] Level 1:colcon.colcon_core.package_discovery:discover_packages(recursive) using defaults
