[0.490s] DEBUG:colcon:Command line arguments: ['/usr/bin/colcon', 'build', '--symlink-install', '--packages-select', 'screen_app']
[0.490s] DEBUG:colcon:Parsed command line arguments: Namespace(ament_cmake_args=None, base_paths=['.'], build_base='build', catkin_cmake_args=None, catkin_skip_building_tests=False, cmake_args=None, cmake_clean_cache=False, cmake_clean_first=False, cmake_force_configure=False, cmake_target=None, cmake_target_skip_unavailable=False, continue_on_error=False, event_handlers=None, executor='parallel', ignore_user_meta=False, install_base='install', log_base=None, log_level=None, main=<bound method BuildVerb.main of <colcon_core.verb.build.BuildVerb object at 0x7fe12f1b4520>>, merge_install=False, metas=['./colcon.meta'], packages_above=None, packages_above_and_dependencies=None, packages_above_depth=None, packages_end=None, packages_ignore=None, packages_ignore_regex=None, packages_select=['screen_app'], packages_select_build_failed=False, packages_select_by_dep=None, packages_select_regex=None, packages_select_test_failures=False, packages_skip=None, packages_skip_build_finished=False, packages_skip_by_dep=None, packages_skip_regex=None, packages_skip_test_passed=False, packages_skip_up_to=None, packages_start=None, packages_up_to=None, packages_up_to_regex=None, parallel_workers=4, paths=None, symlink_install=True, test_result_base=None, verb_extension=<colcon_core.verb.build.BuildVerb object at 0x7fe12f1b4520>, verb_name='build', verb_parser=<colcon_defaults.argument_parser.defaults.DefaultArgumentsDecorator object at 0x7fe12f1b4a60>)
[0.498s] Level 1:colcon.colcon_core.package_discovery:discover_packages(colcon_meta) check parameters
[0.498s] Level 1:colcon.colcon_core.package_discovery:discover_packages(recursive) check parameters
[0.498s] Level 1:colcon.colcon_core.package_discovery:discover_packages(ignore) check parameters
[0.498s] Level 1:colcon.colcon_core.package_discovery:discover_packages(path) check parameters
[0.498s] Level 1:colcon.colcon_core.package_discovery:discover_packages(colcon_meta) discover
[0.498s] Level 1:colcon.colcon_core.package_discovery:discover_packages(recursive) discover
[0.498s] INFO:colcon.colcon_core.package_discovery:Crawling recursively for packages in '/home/reachy/ros_ws/src/reachy_screen'
[0.498s] Level 1:colcon.colcon_core.package_identification:_identify(.) by extensions ['ignore', 'ignore_ament_install']
[0.498s] Level 1:colcon.colcon_core.package_identification:_identify(.) by extension 'ignore'
[0.498s] Level 1:colcon.colcon_core.package_identification:_identify(.) by extension 'ignore_ament_install'
[0.498s] Level 1:colcon.colcon_core.package_identification:_identify(.) by extensions ['colcon_pkg']
[0.499s] Level 1:colcon.colcon_core.package_identification:_identify(.) by extension 'colcon_pkg'
[0.499s] Level 1:colcon.colcon_core.package_identification:_identify(.) by extensions ['colcon_meta']
[0.499s] Level 1:colcon.colcon_core.package_identification:_identify(.) by extension 'colcon_meta'
[0.499s] Level 1:colcon.colcon_core.package_identification:_identify(.) by extensions ['ros']
[0.499s] Level 1:colcon.colcon_core.package_identification:_identify(.) by extension 'ros'
[0.517s] Level 1:colcon.colcon_core.package_identification:_identify(.) by extensions ['cmake', 'python']
[0.518s] Level 1:colcon.colcon_core.package_identification:_identify(.) by extension 'cmake'
[0.518s] Level 1:colcon.colcon_core.package_identification:_identify(.) by extension 'python'
[0.518s] Level 1:colcon.colcon_core.package_identification:_identify(.) by extensions ['python_setup_py']
[0.518s] Level 1:colcon.colcon_core.package_identification:_identify(.) by extension 'python_setup_py'
[0.518s] Level 1:colcon.colcon_core.package_identification:_identify(build) by extensions ['ignore', 'ignore_ament_install']
[0.518s] Level 1:colcon.colcon_core.package_identification:_identify(build) by extension 'ignore'
[0.518s] Level 1:colcon.colcon_core.package_identification:_identify(build) ignored
[0.518s] Level 1:colcon.colcon_core.package_identification:_identify(install) by extensions ['ignore', 'ignore_ament_install']
[0.518s] Level 1:colcon.colcon_core.package_identification:_identify(install) by extension 'ignore'
[0.518s] Level 1:colcon.colcon_core.package_identification:_identify(install) ignored
[0.519s] Level 1:colcon.colcon_core.package_identification:_identify(log) by extensions ['ignore', 'ignore_ament_install']
[0.519s] Level 1:colcon.colcon_core.package_identification:_identify(log) by extension 'ignore'
[0.519s] Level 1:colcon.colcon_core.package_identification:_identify(log) ignored
[0.519s] Level 1:colcon.colcon_core.package_identification:_identify(screen_app) by extensions ['ignore', 'ignore_ament_install']
[0.519s] Level 1:colcon.colcon_core.package_identification:_identify(screen_app) by extension 'ignore'
[0.519s] Level 1:colcon.colcon_core.package_identification:_identify(screen_app) by extension 'ignore_ament_install'
[0.519s] Level 1:colcon.colcon_core.package_identification:_identify(screen_app) by extensions ['colcon_pkg']
[0.519s] Level 1:colcon.colcon_core.package_identification:_identify(screen_app) by extension 'colcon_pkg'
[0.519s] Level 1:colcon.colcon_core.package_identification:_identify(screen_app) by extensions ['colcon_meta']
[0.520s] Level 1:colcon.colcon_core.package_identification:_identify(screen_app) by extension 'colcon_meta'
[0.520s] Level 1:colcon.colcon_core.package_identification:_identify(screen_app) by extensions ['ros']
[0.520s] Level 1:colcon.colcon_core.package_identification:_identify(screen_app) by extension 'ros'
[0.523s] DEBUG:colcon.colcon_core.package_identification:Package 'screen_app' with type 'ros.ament_cmake' and name 'screen_app'
[0.523s] Level 1:colcon.colcon_core.package_identification:_identify(touchscreen_ws) by extensions ['ignore', 'ignore_ament_install']
[0.523s] Level 1:colcon.colcon_core.package_identification:_identify(touchscreen_ws) by extension 'ignore'
[0.523s] Level 1:colcon.colcon_core.package_identification:_identify(touchscreen_ws) by extension 'ignore_ament_install'
[0.523s] Level 1:colcon.colcon_core.package_identification:_identify(touchscreen_ws) by extensions ['colcon_pkg']
[0.523s] Level 1:colcon.colcon_core.package_identification:_identify(touchscreen_ws) by extension 'colcon_pkg'
[0.523s] Level 1:colcon.colcon_core.package_identification:_identify(touchscreen_ws) by extensions ['colcon_meta']
[0.523s] Level 1:colcon.colcon_core.package_identification:_identify(touchscreen_ws) by extension 'colcon_meta'
[0.523s] Level 1:colcon.colcon_core.package_identification:_identify(touchscreen_ws) by extensions ['ros']
[0.523s] Level 1:colcon.colcon_core.package_identification:_identify(touchscreen_ws) by extension 'ros'
[0.524s] Level 1:colcon.colcon_core.package_identification:_identify(touchscreen_ws) by extensions ['cmake', 'python']
[0.524s] Level 1:colcon.colcon_core.package_identification:_identify(touchscreen_ws) by extension 'cmake'
[0.524s] Level 1:colcon.colcon_core.package_identification:_identify(touchscreen_ws) by extension 'python'
[0.524s] Level 1:colcon.colcon_core.package_identification:_identify(touchscreen_ws) by extensions ['python_setup_py']
[0.524s] Level 1:colcon.colcon_core.package_identification:_identify(touchscreen_ws) by extension 'python_setup_py'
[0.524s] Level 1:colcon.colcon_core.package_identification:_identify(touchscreen_ws/install) by extensions ['ignore', 'ignore_ament_install']
[0.524s] Level 1:colcon.colcon_core.package_identification:_identify(touchscreen_ws/install) by extension 'ignore'
[0.524s] Level 1:colcon.colcon_core.package_identification:_identify(touchscreen_ws/install) ignored
[0.524s] Level 1:colcon.colcon_core.package_identification:_identify(touchscreen_ws/log) by extensions ['ignore', 'ignore_ament_install']
[0.525s] Level 1:colcon.colcon_core.package_identification:_identify(touchscreen_ws/log) by extension 'ignore'
[0.525s] Level 1:colcon.colcon_core.package_identification:_identify(touchscreen_ws/log) ignored
[0.525s] Level 1:colcon.colcon_core.package_identification:_identify(touchscreen_ws/src) by extensions ['ignore', 'ignore_ament_install']
[0.525s] Level 1:colcon.colcon_core.package_identification:_identify(touchscreen_ws/src) by extension 'ignore'
[0.525s] Level 1:colcon.colcon_core.package_identification:_identify(touchscreen_ws/src) by extension 'ignore_ament_install'
[0.525s] Level 1:colcon.colcon_core.package_identification:_identify(touchscreen_ws/src) by extensions ['colcon_pkg']
[0.525s] Level 1:colcon.colcon_core.package_identification:_identify(touchscreen_ws/src) by extension 'colcon_pkg'
[0.525s] Level 1:colcon.colcon_core.package_identification:_identify(touchscreen_ws/src) by extensions ['colcon_meta']
[0.525s] Level 1:colcon.colcon_core.package_identification:_identify(touchscreen_ws/src) by extension 'colcon_meta'
[0.525s] Level 1:colcon.colcon_core.package_identification:_identify(touchscreen_ws/src) by extensions ['ros']
[0.526s] Level 1:colcon.colcon_core.package_identification:_identify(touchscreen_ws/src) by extension 'ros'
[0.526s] DEBUG:colcon.colcon_core.package_identification:Package 'touchscreen_ws/src' with type 'ros.ament_python' and name 'reachy_touchscreen'
[0.526s] Level 1:colcon.colcon_core.package_discovery:discover_packages(recursive) using defaults
[0.526s] Level 1:colcon.colcon_core.package_discovery:discover_packages(ignore) discover
[0.527s] Level 1:colcon.colcon_core.package_discovery:discover_packages(ignore) using defaults
[0.527s] Level 1:colcon.colcon_core.package_discovery:discover_packages(path) discover
[0.527s] Level 1:colcon.colcon_core.package_discovery:discover_packages(path) using defaults
[0.552s] INFO:colcon.colcon_core.package_selection:Skipping not selected package 'reachy_touchscreen' in 'touchscreen_ws/src'
[0.556s] Level 5:colcon.colcon_core.verb:set package 'screen_app' build argument 'cmake_args' from command line to 'None'
[0.556s] Level 5:colcon.colcon_core.verb:set package 'screen_app' build argument 'cmake_target' from command line to 'None'
[0.556s] Level 5:colcon.colcon_core.verb:set package 'screen_app' build argument 'cmake_target_skip_unavailable' from command line to 'False'
[0.556s] Level 5:colcon.colcon_core.verb:set package 'screen_app' build argument 'cmake_clean_cache' from command line to 'False'
[0.556s] Level 5:colcon.colcon_core.verb:set package 'screen_app' build argument 'cmake_clean_first' from command line to 'False'
[0.556s] Level 5:colcon.colcon_core.verb:set package 'screen_app' build argument 'cmake_force_configure' from command line to 'False'
[0.556s] Level 5:colcon.colcon_core.verb:set package 'screen_app' build argument 'ament_cmake_args' from command line to 'None'
[0.556s] Level 5:colcon.colcon_core.verb:set package 'screen_app' build argument 'catkin_cmake_args' from command line to 'None'
[0.556s] Level 5:colcon.colcon_core.verb:set package 'screen_app' build argument 'catkin_skip_building_tests' from command line to 'False'
[0.556s] DEBUG:colcon.colcon_core.verb:Building package 'screen_app' with the following arguments: {'ament_cmake_args': None, 'build_base': '/home/reachy/ros_ws/src/reachy_screen/build/screen_app', 'catkin_cmake_args': None, 'catkin_skip_building_tests': False, 'cmake_args': None, 'cmake_clean_cache': False, 'cmake_clean_first': False, 'cmake_force_configure': False, 'cmake_target': None, 'cmake_target_skip_unavailable': False, 'install_base': '/home/reachy/ros_ws/src/reachy_screen/install/screen_app', 'merge_install': False, 'path': '/home/reachy/ros_ws/src/reachy_screen/screen_app', 'symlink_install': True, 'test_result_base': None}
[0.557s] INFO:colcon.colcon_core.executor:Executing jobs using 'parallel' executor
[0.561s] DEBUG:colcon.colcon_parallel_executor.executor.parallel:run_until_complete
[0.561s] INFO:colcon.colcon_ros.task.ament_cmake.build:Building ROS package in '/home/reachy/ros_ws/src/reachy_screen/screen_app' with build type 'ament_cmake'
[0.562s] INFO:colcon.colcon_cmake.task.cmake.build:Building CMake package in '/home/reachy/ros_ws/src/reachy_screen/screen_app'
[0.567s] INFO:colcon.colcon_core.plugin_system:Skipping extension 'colcon_core.shell.bat': Not used on non-Windows systems
[0.567s] INFO:colcon.colcon_core.shell:Skip shell extension 'powershell' for command environment: Not usable outside of PowerShell
[0.567s] DEBUG:colcon.colcon_core.shell:Skip shell extension 'dsv' for command environment
[0.571s] DEBUG:colcon.colcon_core.shell:Ignoring prefix path '/opt/ros/foxy'
[0.581s] DEBUG:colcon.colcon_core.event_handler.log_command:Invoking command in '/home/reachy/ros_ws/src/reachy_screen/build/screen_app': CMAKE_PREFIX_PATH=${CMAKE_PREFIX_PATH}:/home/reachy/reachy_ws/install/reachy_sdk_server:/home/reachy/reachy_ws/install/reachy_kinematics:/home/reachy/reachy_ws/install/reachy_controllers:/home/reachy/reachy_ws/install/reachy_focus:/home/reachy/ros_ws/install/ros2_demo_py:/home/reachy/ros_ws/install/joint_state_publisher_gui:/home/reachy/ros_ws/install/joint_state_publisher:/opt/ros/foxy /usr/bin/cmake /home/reachy/ros_ws/src/reachy_screen/screen_app -DAMENT_CMAKE_SYMLINK_INSTALL=1 -DCMAKE_INSTALL_PREFIX=/home/reachy/ros_ws/src/reachy_screen/install/screen_app
[3.169s] DEBUG:colcon.colcon_core.event_handler.log_command:Invoked command in '/home/reachy/ros_ws/src/reachy_screen/build/screen_app' returned '0': CMAKE_PREFIX_PATH=${CMAKE_PREFIX_PATH}:/home/reachy/reachy_ws/install/reachy_sdk_server:/home/reachy/reachy_ws/install/reachy_kinematics:/home/reachy/reachy_ws/install/reachy_controllers:/home/reachy/reachy_ws/install/reachy_focus:/home/reachy/ros_ws/install/ros2_demo_py:/home/reachy/ros_ws/install/joint_state_publisher_gui:/home/reachy/ros_ws/install/joint_state_publisher:/opt/ros/foxy /usr/bin/cmake /home/reachy/ros_ws/src/reachy_screen/screen_app -DAMENT_CMAKE_SYMLINK_INSTALL=1 -DCMAKE_INSTALL_PREFIX=/home/reachy/ros_ws/src/reachy_screen/install/screen_app
[3.174s] DEBUG:colcon.colcon_core.event_handler.log_command:Invoking command in '/home/reachy/ros_ws/src/reachy_screen/build/screen_app': CMAKE_PREFIX_PATH=${CMAKE_PREFIX_PATH}:/home/reachy/reachy_ws/install/reachy_sdk_server:/home/reachy/reachy_ws/install/reachy_kinematics:/home/reachy/reachy_ws/install/reachy_controllers:/home/reachy/reachy_ws/install/reachy_focus:/home/reachy/ros_ws/install/ros2_demo_py:/home/reachy/ros_ws/install/joint_state_publisher_gui:/home/reachy/ros_ws/install/joint_state_publisher:/opt/ros/foxy /usr/bin/cmake --build /home/reachy/ros_ws/src/reachy_screen/build/screen_app -- -j4 -l4
[11.273s] DEBUG:colcon.colcon_core.event_handler.log_command:Invoked command in '/home/reachy/ros_ws/src/reachy_screen/build/screen_app' returned '0': CMAKE_PREFIX_PATH=${CMAKE_PREFIX_PATH}:/home/reachy/reachy_ws/install/reachy_sdk_server:/home/reachy/reachy_ws/install/reachy_kinematics:/home/reachy/reachy_ws/install/reachy_controllers:/home/reachy/reachy_ws/install/reachy_focus:/home/reachy/ros_ws/install/ros2_demo_py:/home/reachy/ros_ws/install/joint_state_publisher_gui:/home/reachy/ros_ws/install/joint_state_publisher:/opt/ros/foxy /usr/bin/cmake --build /home/reachy/ros_ws/src/reachy_screen/build/screen_app -- -j4 -l4
[11.378s] DEBUG:colcon.colcon_core.event_handler.log_command:Invoking command in '/home/reachy/ros_ws/src/reachy_screen/build/screen_app': CMAKE_PREFIX_PATH=${CMAKE_PREFIX_PATH}:/home/reachy/reachy_ws/install/reachy_sdk_server:/home/reachy/reachy_ws/install/reachy_kinematics:/home/reachy/reachy_ws/install/reachy_controllers:/home/reachy/reachy_ws/install/reachy_focus:/home/reachy/ros_ws/install/ros2_demo_py:/home/reachy/ros_ws/install/joint_state_publisher_gui:/home/reachy/ros_ws/install/joint_state_publisher:/opt/ros/foxy /usr/bin/cmake --install /home/reachy/ros_ws/src/reachy_screen/build/screen_app
[12.472s] Level 1:colcon.colcon_core.environment:create_environment_scripts_only(screen_app)
[12.474s] DEBUG:colcon.colcon_core.event_handler.log_command:Invoked command in '/home/reachy/ros_ws/src/reachy_screen/build/screen_app' returned '0': CMAKE_PREFIX_PATH=${CMAKE_PREFIX_PATH}:/home/reachy/reachy_ws/install/reachy_sdk_server:/home/reachy/reachy_ws/install/reachy_kinematics:/home/reachy/reachy_ws/install/reachy_controllers:/home/reachy/reachy_ws/install/reachy_focus:/home/reachy/ros_ws/install/ros2_demo_py:/home/reachy/ros_ws/install/joint_state_publisher_gui:/home/reachy/ros_ws/install/joint_state_publisher:/opt/ros/foxy /usr/bin/cmake --install /home/reachy/ros_ws/src/reachy_screen/build/screen_app
[12.479s] Level 1:colcon.colcon_core.environment:checking '/home/reachy/ros_ws/src/reachy_screen/install/screen_app' for CMake module files
[12.480s] Level 1:colcon.colcon_core.environment:checking '/home/reachy/ros_ws/src/reachy_screen/install/screen_app' for CMake config files
[12.481s] Level 1:colcon.colcon_core.shell:create_environment_hook('screen_app', 'cmake_prefix_path')
[12.482s] INFO:colcon.colcon_core.shell:Creating environment hook '/home/reachy/ros_ws/src/reachy_screen/install/screen_app/share/screen_app/hook/cmake_prefix_path.ps1'
[12.483s] INFO:colcon.colcon_core.shell:Creating environment descriptor '/home/reachy/ros_ws/src/reachy_screen/install/screen_app/share/screen_app/hook/cmake_prefix_path.dsv'
[12.484s] INFO:colcon.colcon_core.shell:Creating environment hook '/home/reachy/ros_ws/src/reachy_screen/install/screen_app/share/screen_app/hook/cmake_prefix_path.sh'
[12.487s] Level 1:colcon.colcon_core.environment:checking '/home/reachy/ros_ws/src/reachy_screen/install/screen_app/lib'
[12.487s] Level 1:colcon.colcon_core.shell:create_environment_hook('screen_app', 'ld_library_path_lib')
[12.488s] INFO:colcon.colcon_core.shell:Creating environment hook '/home/reachy/ros_ws/src/reachy_screen/install/screen_app/share/screen_app/hook/ld_library_path_lib.ps1'
[12.489s] INFO:colcon.colcon_core.shell:Creating environment descriptor '/home/reachy/ros_ws/src/reachy_screen/install/screen_app/share/screen_app/hook/ld_library_path_lib.dsv'
[12.489s] INFO:colcon.colcon_core.shell:Creating environment hook '/home/reachy/ros_ws/src/reachy_screen/install/screen_app/share/screen_app/hook/ld_library_path_lib.sh'
[12.490s] Level 1:colcon.colcon_core.environment:checking '/home/reachy/ros_ws/src/reachy_screen/install/screen_app/bin'
[12.490s] Level 1:colcon.colcon_core.environment:checking '/home/reachy/ros_ws/src/reachy_screen/install/screen_app/lib/pkgconfig/screen_app.pc'
[12.490s] Level 1:colcon.colcon_core.environment:checking '/home/reachy/ros_ws/src/reachy_screen/install/screen_app/lib/python3.8/site-packages'
[12.490s] Level 1:colcon.colcon_core.shell:create_environment_hook('screen_app', 'pythonpath')
[12.491s] INFO:colcon.colcon_core.shell:Creating environment hook '/home/reachy/ros_ws/src/reachy_screen/install/screen_app/share/screen_app/hook/pythonpath.ps1'
[12.492s] INFO:colcon.colcon_core.shell:Creating environment descriptor '/home/reachy/ros_ws/src/reachy_screen/install/screen_app/share/screen_app/hook/pythonpath.dsv'
[12.492s] INFO:colcon.colcon_core.shell:Creating environment hook '/home/reachy/ros_ws/src/reachy_screen/install/screen_app/share/screen_app/hook/pythonpath.sh'
[12.494s] INFO:colcon.colcon_core.shell:Creating package script '/home/reachy/ros_ws/src/reachy_screen/install/screen_app/share/screen_app/package.ps1'
[12.496s] INFO:colcon.colcon_core.shell:Creating package descriptor '/home/reachy/ros_ws/src/reachy_screen/install/screen_app/share/screen_app/package.dsv'
[12.497s] INFO:colcon.colcon_core.shell:Creating package script '/home/reachy/ros_ws/src/reachy_screen/install/screen_app/share/screen_app/package.sh'
[12.498s] INFO:colcon.colcon_core.shell:Creating package script '/home/reachy/ros_ws/src/reachy_screen/install/screen_app/share/screen_app/package.bash'
[12.499s] INFO:colcon.colcon_core.shell:Creating package script '/home/reachy/ros_ws/src/reachy_screen/install/screen_app/share/screen_app/package.zsh'
[12.500s] Level 1:colcon.colcon_core.environment:create_file_with_runtime_dependencies(/home/reachy/ros_ws/src/reachy_screen/install/screen_app/share/colcon-core/packages/screen_app)
[12.585s] Level 1:colcon.colcon_core.environment:create_environment_scripts_only(screen_app)
[12.586s] Level 1:colcon.colcon_core.environment:checking '/home/reachy/ros_ws/src/reachy_screen/install/screen_app' for CMake module files
[12.588s] Level 1:colcon.colcon_core.environment:checking '/home/reachy/ros_ws/src/reachy_screen/install/screen_app' for CMake config files
[12.588s] Level 1:colcon.colcon_core.shell:create_environment_hook('screen_app', 'cmake_prefix_path')
[12.590s] INFO:colcon.colcon_core.shell:Creating environment hook '/home/reachy/ros_ws/src/reachy_screen/install/screen_app/share/screen_app/hook/cmake_prefix_path.ps1'
[12.590s] INFO:colcon.colcon_core.shell:Creating environment descriptor '/home/reachy/ros_ws/src/reachy_screen/install/screen_app/share/screen_app/hook/cmake_prefix_path.dsv'
[12.591s] INFO:colcon.colcon_core.shell:Creating environment hook '/home/reachy/ros_ws/src/reachy_screen/install/screen_app/share/screen_app/hook/cmake_prefix_path.sh'
[12.592s] Level 1:colcon.colcon_core.environment:checking '/home/reachy/ros_ws/src/reachy_screen/install/screen_app/lib'
[12.592s] Level 1:colcon.colcon_core.shell:create_environment_hook('screen_app', 'ld_library_path_lib')
[12.593s] INFO:colcon.colcon_core.shell:Creating environment hook '/home/reachy/ros_ws/src/reachy_screen/install/screen_app/share/screen_app/hook/ld_library_path_lib.ps1'
[12.593s] INFO:colcon.colcon_core.shell:Creating environment descriptor '/home/reachy/ros_ws/src/reachy_screen/install/screen_app/share/screen_app/hook/ld_library_path_lib.dsv'
[12.594s] INFO:colcon.colcon_core.shell:Creating environment hook '/home/reachy/ros_ws/src/reachy_screen/install/screen_app/share/screen_app/hook/ld_library_path_lib.sh'
[12.594s] Level 1:colcon.colcon_core.environment:checking '/home/reachy/ros_ws/src/reachy_screen/install/screen_app/bin'
[12.594s] Level 1:colcon.colcon_core.environment:checking '/home/reachy/ros_ws/src/reachy_screen/install/screen_app/lib/pkgconfig/screen_app.pc'
[12.594s] Level 1:colcon.colcon_core.environment:checking '/home/reachy/ros_ws/src/reachy_screen/install/screen_app/lib/python3.8/site-packages'
[12.595s] Level 1:colcon.colcon_core.shell:create_environment_hook('screen_app', 'pythonpath')
[12.596s] INFO:colcon.colcon_core.shell:Creating environment hook '/home/reachy/ros_ws/src/reachy_screen/install/screen_app/share/screen_app/hook/pythonpath.ps1'
[12.596s] INFO:colcon.colcon_core.shell:Creating environment descriptor '/home/reachy/ros_ws/src/reachy_screen/install/screen_app/share/screen_app/hook/pythonpath.dsv'
[12.597s] INFO:colcon.colcon_core.shell:Creating environment hook '/home/reachy/ros_ws/src/reachy_screen/install/screen_app/share/screen_app/hook/pythonpath.sh'
[12.598s] INFO:colcon.colcon_core.shell:Creating package script '/home/reachy/ros_ws/src/reachy_screen/install/screen_app/share/screen_app/package.ps1'
[12.599s] INFO:colcon.colcon_core.shell:Creating package descriptor '/home/reachy/ros_ws/src/reachy_screen/install/screen_app/share/screen_app/package.dsv'
[12.600s] INFO:colcon.colcon_core.shell:Creating package script '/home/reachy/ros_ws/src/reachy_screen/install/screen_app/share/screen_app/package.sh'
[12.601s] INFO:colcon.colcon_core.shell:Creating package script '/home/reachy/ros_ws/src/reachy_screen/install/screen_app/share/screen_app/package.bash'
[12.601s] INFO:colcon.colcon_core.shell:Creating package script '/home/reachy/ros_ws/src/reachy_screen/install/screen_app/share/screen_app/package.zsh'
[12.602s] Level 1:colcon.colcon_core.environment:create_file_with_runtime_dependencies(/home/reachy/ros_ws/src/reachy_screen/install/screen_app/share/colcon-core/packages/screen_app)
[12.602s] DEBUG:colcon.colcon_parallel_executor.executor.parallel:closing loop
[12.603s] DEBUG:colcon.colcon_parallel_executor.executor.parallel:loop closed
[12.603s] DEBUG:colcon.colcon_parallel_executor.executor.parallel:run_until_complete finished with '0'
[12.603s] DEBUG:colcon.colcon_core.event_reactor:joining thread
[12.612s] INFO:colcon.colcon_core.plugin_system:Skipping extension 'colcon_notification.desktop_notification.terminal_notifier': Not used on non-Darwin systems
[12.612s] INFO:colcon.colcon_core.plugin_system:Skipping extension 'colcon_notification.desktop_notification.win32': Not used on non-Windows systems
[12.612s] INFO:colcon.colcon_notification.desktop_notification:Sending desktop notification using 'notify2'
[12.633s] DEBUG:colcon.colcon_core.event_reactor:joined thread
[12.635s] INFO:colcon.colcon_core.shell:Creating prefix script '/home/reachy/ros_ws/src/reachy_screen/install/local_setup.ps1'
[12.636s] INFO:colcon.colcon_core.shell:Creating prefix util module '/home/reachy/ros_ws/src/reachy_screen/install/_local_setup_util_ps1.py'
[12.639s] INFO:colcon.colcon_core.shell:Creating prefix chain script '/home/reachy/ros_ws/src/reachy_screen/install/setup.ps1'
[12.643s] INFO:colcon.colcon_core.shell:Creating prefix script '/home/reachy/ros_ws/src/reachy_screen/install/local_setup.sh'
[12.645s] INFO:colcon.colcon_core.shell:Creating prefix util module '/home/reachy/ros_ws/src/reachy_screen/install/_local_setup_util_sh.py'
[12.646s] INFO:colcon.colcon_core.shell:Creating prefix chain script '/home/reachy/ros_ws/src/reachy_screen/install/setup.sh'
[12.653s] INFO:colcon.colcon_core.shell:Creating prefix script '/home/reachy/ros_ws/src/reachy_screen/install/local_setup.bash'
[12.654s] INFO:colcon.colcon_core.shell:Creating prefix chain script '/home/reachy/ros_ws/src/reachy_screen/install/setup.bash'
[12.665s] INFO:colcon.colcon_core.shell:Creating prefix script '/home/reachy/ros_ws/src/reachy_screen/install/local_setup.zsh'
[12.666s] INFO:colcon.colcon_core.shell:Creating prefix chain script '/home/reachy/ros_ws/src/reachy_screen/install/setup.zsh'
