[  2%] Built target screen_app__cpp
[ 12%] Built target screen_app__rosidl_generator_c
[ 23%] Built target screen_app__rosidl_typesupport_cpp
[ 33%] Built target screen_app__rosidl_typesupport_introspection_cpp
[ 43%] Built target screen_app__rosidl_typesupport_fastrtps_cpp
[ 53%] Built target screen_app__rosidl_typesupport_introspection_c
[ 64%] Built target screen_app__rosidl_typesupport_c
[ 74%] Built target screen_app__rosidl_typesupport_fastrtps_c
[ 74%] Built target screen_app
[ 76%] Built target screen_app__py
[ 84%] Built target screen_app__python
[ 89%] Built target screen_app__rosidl_typesupport_introspection_c__pyext
[ 94%] Built target screen_app__rosidl_typesupport_fastrtps_c__pyext
[100%] Built target screen_app__rosidl_typesupport_c__pyext
-- Install configuration: ""
-- Execute custom install script
-- Up-to-date symlink: /home/reachy/ros_ws/src/reachy_screen/install/screen_app/share/ament_index/resource_index/rosidl_interfaces/screen_app
-- Up-to-date symlink: /home/reachy/ros_ws/src/reachy_screen/install/screen_app/include/screen_app/msg/detail/key__functions.h
-- Up-to-date symlink: /home/reachy/ros_ws/src/reachy_screen/install/screen_app/include/screen_app/msg/detail/key__struct.h
-- Up-to-date symlink: /home/reachy/ros_ws/src/reachy_screen/install/screen_app/include/screen_app/msg/detail/key__type_support.h
-- Up-to-date symlink: /home/reachy/ros_ws/src/reachy_screen/install/screen_app/include/screen_app/msg/detail/mouse__functions.h
-- Up-to-date symlink: /home/reachy/ros_ws/src/reachy_screen/install/screen_app/include/screen_app/msg/detail/mouse__struct.h
-- Up-to-date symlink: /home/reachy/ros_ws/src/reachy_screen/install/screen_app/include/screen_app/msg/detail/mouse__type_support.h
-- Up-to-date symlink: /home/reachy/ros_ws/src/reachy_screen/install/screen_app/include/screen_app/msg/key.h
-- Up-to-date symlink: /home/reachy/ros_ws/src/reachy_screen/install/screen_app/include/screen_app/msg/mouse.h
-- Up-to-date symlink: /home/reachy/ros_ws/src/reachy_screen/install/screen_app/include/screen_app/msg/rosidl_generator_c__visibility_control.h
-- Up-to-date symlink: /home/reachy/ros_ws/src/reachy_screen/install/screen_app/share/screen_app/environment/library_path.sh
-- Up-to-date symlink: /home/reachy/ros_ws/src/reachy_screen/install/screen_app/share/screen_app/environment/library_path.dsv
-- Up-to-date symlink: /home/reachy/ros_ws/src/reachy_screen/install/screen_app/include/screen_app/msg/detail/key__rosidl_typesupport_fastrtps_c.h
-- Up-to-date symlink: /home/reachy/ros_ws/src/reachy_screen/install/screen_app/include/screen_app/msg/detail/mouse__rosidl_typesupport_fastrtps_c.h
-- Up-to-date symlink: /home/reachy/ros_ws/src/reachy_screen/install/screen_app/include/screen_app/msg/rosidl_typesupport_fastrtps_c__visibility_control.h
-- Up-to-date symlink: /home/reachy/ros_ws/src/reachy_screen/install/screen_app/lib/libscreen_app__rosidl_typesupport_fastrtps_c.so
-- Up-to-date symlink: /home/reachy/ros_ws/src/reachy_screen/install/screen_app/include/screen_app/msg/detail/key__rosidl_typesupport_fastrtps_cpp.hpp
-- Up-to-date symlink: /home/reachy/ros_ws/src/reachy_screen/install/screen_app/include/screen_app/msg/detail/mouse__rosidl_typesupport_fastrtps_cpp.hpp
-- Up-to-date symlink: /home/reachy/ros_ws/src/reachy_screen/install/screen_app/include/screen_app/msg/rosidl_typesupport_fastrtps_cpp__visibility_control.h
-- Up-to-date symlink: /home/reachy/ros_ws/src/reachy_screen/install/screen_app/lib/libscreen_app__rosidl_typesupport_fastrtps_cpp.so
-- Up-to-date symlink: /home/reachy/ros_ws/src/reachy_screen/install/screen_app/include/screen_app/msg/detail/key__rosidl_typesupport_introspection_c.h
-- Up-to-date symlink: /home/reachy/ros_ws/src/reachy_screen/install/screen_app/include/screen_app/msg/detail/mouse__rosidl_typesupport_introspection_c.h
-- Up-to-date symlink: /home/reachy/ros_ws/src/reachy_screen/install/screen_app/include/screen_app/msg/rosidl_typesupport_introspection_c__visibility_control.h
-- Up-to-date symlink: /home/reachy/ros_ws/src/reachy_screen/install/screen_app/include/screen_app/msg/detail/key__builder.hpp
-- Up-to-date symlink: /home/reachy/ros_ws/src/reachy_screen/install/screen_app/include/screen_app/msg/detail/key__struct.hpp
-- Up-to-date symlink: /home/reachy/ros_ws/src/reachy_screen/install/screen_app/include/screen_app/msg/detail/key__traits.hpp
-- Up-to-date symlink: /home/reachy/ros_ws/src/reachy_screen/install/screen_app/include/screen_app/msg/detail/mouse__builder.hpp
-- Up-to-date symlink: /home/reachy/ros_ws/src/reachy_screen/install/screen_app/include/screen_app/msg/detail/mouse__struct.hpp
-- Up-to-date symlink: /home/reachy/ros_ws/src/reachy_screen/install/screen_app/include/screen_app/msg/detail/mouse__traits.hpp
-- Up-to-date symlink: /home/reachy/ros_ws/src/reachy_screen/install/screen_app/include/screen_app/msg/key.hpp
-- Up-to-date symlink: /home/reachy/ros_ws/src/reachy_screen/install/screen_app/include/screen_app/msg/mouse.hpp
-- Up-to-date symlink: /home/reachy/ros_ws/src/reachy_screen/install/screen_app/include/screen_app/msg/detail/key__rosidl_typesupport_introspection_cpp.hpp
-- Up-to-date symlink: /home/reachy/ros_ws/src/reachy_screen/install/screen_app/include/screen_app/msg/detail/mouse__rosidl_typesupport_introspection_cpp.hpp
-- Up-to-date symlink: /home/reachy/ros_ws/src/reachy_screen/install/screen_app/share/screen_app/environment/pythonpath.sh
-- Up-to-date symlink: /home/reachy/ros_ws/src/reachy_screen/install/screen_app/share/screen_app/environment/pythonpath.dsv
-- Up-to-date symlink: /home/reachy/ros_ws/src/reachy_screen/install/screen_app/lib/python3.8/site-packages/screen_app/__init__.py
-- Up-to-date symlink: /home/reachy/ros_ws/src/reachy_screen/install/screen_app/lib/python3.8/site-packages/screen_app/msg/__init__.py
-- Up-to-date symlink: /home/reachy/ros_ws/src/reachy_screen/install/screen_app/lib/python3.8/site-packages/screen_app/msg/_key.py
-- Up-to-date symlink: /home/reachy/ros_ws/src/reachy_screen/install/screen_app/lib/python3.8/site-packages/screen_app/msg/_mouse.py
-- Up-to-date symlink: /home/reachy/ros_ws/src/reachy_screen/install/screen_app/lib/python3.8/site-packages/screen_app/screen_app_s__rosidl_typesupport_fastrtps_c.cpython-38-x86_64-linux-gnu.so
-- Up-to-date symlink: /home/reachy/ros_ws/src/reachy_screen/install/screen_app/lib/python3.8/site-packages/screen_app/screen_app_s__rosidl_typesupport_introspection_c.cpython-38-x86_64-linux-gnu.so
-- Up-to-date symlink: /home/reachy/ros_ws/src/reachy_screen/install/screen_app/lib/python3.8/site-packages/screen_app/screen_app_s__rosidl_typesupport_c.cpython-38-x86_64-linux-gnu.so
-- Up-to-date symlink: /home/reachy/ros_ws/src/reachy_screen/install/screen_app/lib/libscreen_app__python.so
-- Up-to-date symlink: /home/reachy/ros_ws/src/reachy_screen/install/screen_app/share/screen_app/msg/Mouse.idl
-- Up-to-date symlink: /home/reachy/ros_ws/src/reachy_screen/install/screen_app/share/screen_app/msg/Key.idl
-- Up-to-date symlink: /home/reachy/ros_ws/src/reachy_screen/install/screen_app/share/screen_app/msg/Mouse.msg
-- Up-to-date symlink: /home/reachy/ros_ws/src/reachy_screen/install/screen_app/share/screen_app/msg/Key.msg
-- Up-to-date symlink: /home/reachy/ros_ws/src/reachy_screen/install/screen_app/lib/screen_app/run_app.py
-- Up-to-date symlink: /home/reachy/ros_ws/src/reachy_screen/install/screen_app/lib/screen_app/screen_subscriber.py
-- Up-to-date symlink: /home/reachy/ros_ws/src/reachy_screen/install/screen_app/share/ament_index/resource_index/package_run_dependencies/screen_app
-- Up-to-date symlink: /home/reachy/ros_ws/src/reachy_screen/install/screen_app/share/ament_index/resource_index/parent_prefix_path/screen_app
-- Up-to-date symlink: /home/reachy/ros_ws/src/reachy_screen/install/screen_app/share/screen_app/environment/ament_prefix_path.sh
-- Up-to-date symlink: /home/reachy/ros_ws/src/reachy_screen/install/screen_app/share/screen_app/environment/ament_prefix_path.dsv
-- Up-to-date symlink: /home/reachy/ros_ws/src/reachy_screen/install/screen_app/share/screen_app/environment/path.sh
-- Up-to-date symlink: /home/reachy/ros_ws/src/reachy_screen/install/screen_app/share/screen_app/environment/path.dsv
-- Up-to-date symlink: /home/reachy/ros_ws/src/reachy_screen/install/screen_app/share/screen_app/local_setup.bash
-- Up-to-date symlink: /home/reachy/ros_ws/src/reachy_screen/install/screen_app/share/screen_app/local_setup.sh
-- Up-to-date symlink: /home/reachy/ros_ws/src/reachy_screen/install/screen_app/share/screen_app/local_setup.zsh
-- Up-to-date symlink: /home/reachy/ros_ws/src/reachy_screen/install/screen_app/share/screen_app/local_setup.dsv
-- Symlinking: /home/reachy/ros_ws/src/reachy_screen/install/screen_app/share/screen_app/package.dsv
-- Up-to-date symlink: /home/reachy/ros_ws/src/reachy_screen/install/screen_app/share/ament_index/resource_index/packages/screen_app
-- Up-to-date symlink: /home/reachy/ros_ws/src/reachy_screen/install/screen_app/share/screen_app/cmake/rosidl_cmake-extras.cmake
-- Up-to-date symlink: /home/reachy/ros_ws/src/reachy_screen/install/screen_app/share/screen_app/cmake/ament_cmake_export_dependencies-extras.cmake
-- Up-to-date symlink: /home/reachy/ros_ws/src/reachy_screen/install/screen_app/share/screen_app/cmake/ament_cmake_export_libraries-extras.cmake
-- Up-to-date symlink: /home/reachy/ros_ws/src/reachy_screen/install/screen_app/share/screen_app/cmake/ament_cmake_export_targets-extras.cmake
-- Up-to-date symlink: /home/reachy/ros_ws/src/reachy_screen/install/screen_app/share/screen_app/cmake/ament_cmake_export_include_directories-extras.cmake
-- Up-to-date symlink: /home/reachy/ros_ws/src/reachy_screen/install/screen_app/share/screen_app/cmake/rosidl_cmake_export_typesupport_libraries-extras.cmake
-- Up-to-date symlink: /home/reachy/ros_ws/src/reachy_screen/install/screen_app/share/screen_app/cmake/rosidl_cmake_export_typesupport_targets-extras.cmake
-- Up-to-date symlink: /home/reachy/ros_ws/src/reachy_screen/install/screen_app/share/screen_app/cmake/screen_appConfig.cmake
-- Up-to-date symlink: /home/reachy/ros_ws/src/reachy_screen/install/screen_app/share/screen_app/cmake/screen_appConfig-version.cmake
-- Up-to-date symlink: /home/reachy/ros_ws/src/reachy_screen/install/screen_app/share/screen_app/package.xml
-- Up-to-date: /home/reachy/ros_ws/src/reachy_screen/install/screen_app/lib/libscreen_app__rosidl_generator_c.so
-- Up-to-date: /home/reachy/ros_ws/src/reachy_screen/install/screen_app/lib/libscreen_app__rosidl_typesupport_introspection_c.so
-- Up-to-date: /home/reachy/ros_ws/src/reachy_screen/install/screen_app/lib/libscreen_app__rosidl_typesupport_c.so
-- Up-to-date: /home/reachy/ros_ws/src/reachy_screen/install/screen_app/lib/libscreen_app__rosidl_typesupport_introspection_cpp.so
-- Up-to-date: /home/reachy/ros_ws/src/reachy_screen/install/screen_app/lib/libscreen_app__rosidl_typesupport_cpp.so
-- Up-to-date: /home/reachy/ros_ws/src/reachy_screen/install/screen_app/share/screen_app/cmake/screen_app__rosidl_generator_cExport.cmake
-- Up-to-date: /home/reachy/ros_ws/src/reachy_screen/install/screen_app/share/screen_app/cmake/screen_app__rosidl_generator_cExport-noconfig.cmake
-- Up-to-date: /home/reachy/ros_ws/src/reachy_screen/install/screen_app/share/screen_app/cmake/screen_app__rosidl_typesupport_introspection_cExport.cmake
-- Up-to-date: /home/reachy/ros_ws/src/reachy_screen/install/screen_app/share/screen_app/cmake/screen_app__rosidl_typesupport_introspection_cExport-noconfig.cmake
-- Up-to-date: /home/reachy/ros_ws/src/reachy_screen/install/screen_app/share/screen_app/cmake/screen_app__rosidl_typesupport_cExport.cmake
-- Up-to-date: /home/reachy/ros_ws/src/reachy_screen/install/screen_app/share/screen_app/cmake/screen_app__rosidl_typesupport_cExport-noconfig.cmake
-- Up-to-date: /home/reachy/ros_ws/src/reachy_screen/install/screen_app/share/screen_app/cmake/screen_app__rosidl_generator_cppExport.cmake
-- Up-to-date: /home/reachy/ros_ws/src/reachy_screen/install/screen_app/share/screen_app/cmake/screen_app__rosidl_typesupport_introspection_cppExport.cmake
-- Up-to-date: /home/reachy/ros_ws/src/reachy_screen/install/screen_app/share/screen_app/cmake/screen_app__rosidl_typesupport_introspection_cppExport-noconfig.cmake
-- Up-to-date: /home/reachy/ros_ws/src/reachy_screen/install/screen_app/share/screen_app/cmake/screen_app__rosidl_typesupport_cppExport.cmake
-- Up-to-date: /home/reachy/ros_ws/src/reachy_screen/install/screen_app/share/screen_app/cmake/screen_app__rosidl_typesupport_cppExport-noconfig.cmake
