[0.872s] Invoking command in '/home/reachy/reachy_repo/Fall2021/reachy_touchscreen/dev_ws/src/my_package': PYTHONPATH=/home/reachy/reachy_repo/Fall2021/reachy_touchscreen/dev_ws/install/my_package/lib/python3.8/site-packages:${PYTHONPATH} /usr/bin/python3 setup.py egg_info --egg-base ../../build/my_package build --build-base /home/reachy/reachy_repo/Fall2021/reachy_touchscreen/dev_ws/build/my_package/build install --prefix /home/reachy/reachy_repo/Fall2021/reachy_touchscreen/dev_ws/install/my_package --record /home/reachy/reachy_repo/Fall2021/reachy_touchscreen/dev_ws/build/my_package/install.log --single-version-externally-managed
[1.669s] running egg_info
[1.670s] creating ../../build/my_package/my_package.egg-info
[1.670s] writing ../../build/my_package/my_package.egg-info/PKG-INFO
[1.671s] writing dependency_links to ../../build/my_package/my_package.egg-info/dependency_links.txt
[1.671s] writing entry points to ../../build/my_package/my_package.egg-info/entry_points.txt
[1.671s] writing requirements to ../../build/my_package/my_package.egg-info/requires.txt
[1.672s] writing top-level names to ../../build/my_package/my_package.egg-info/top_level.txt
[1.677s] writing manifest file '../../build/my_package/my_package.egg-info/SOURCES.txt'
[1.826s] reading manifest file '../../build/my_package/my_package.egg-info/SOURCES.txt'
[1.831s] writing manifest file '../../build/my_package/my_package.egg-info/SOURCES.txt'
[1.831s] running build
[1.831s] running build_py
[1.832s] creating /home/reachy/reachy_repo/Fall2021/reachy_touchscreen/dev_ws/build/my_package/build
[1.832s] creating /home/reachy/reachy_repo/Fall2021/reachy_touchscreen/dev_ws/build/my_package/build/lib
[1.832s] creating /home/reachy/reachy_repo/Fall2021/reachy_touchscreen/dev_ws/build/my_package/build/lib/my_package
[1.833s] copying my_package/my_node.py -> /home/reachy/reachy_repo/Fall2021/reachy_touchscreen/dev_ws/build/my_package/build/lib/my_package
[1.833s] copying my_package/__init__.py -> /home/reachy/reachy_repo/Fall2021/reachy_touchscreen/dev_ws/build/my_package/build/lib/my_package
[1.834s] running install
[1.836s] running install_lib
[1.843s] creating /home/reachy/reachy_repo/Fall2021/reachy_touchscreen/dev_ws/install/my_package/lib/python3.8/site-packages/my_package
[1.843s] copying /home/reachy/reachy_repo/Fall2021/reachy_touchscreen/dev_ws/build/my_package/build/lib/my_package/my_node.py -> /home/reachy/reachy_repo/Fall2021/reachy_touchscreen/dev_ws/install/my_package/lib/python3.8/site-packages/my_package
[1.846s] copying /home/reachy/reachy_repo/Fall2021/reachy_touchscreen/dev_ws/build/my_package/build/lib/my_package/__init__.py -> /home/reachy/reachy_repo/Fall2021/reachy_touchscreen/dev_ws/install/my_package/lib/python3.8/site-packages/my_package
[1.848s] byte-compiling /home/reachy/reachy_repo/Fall2021/reachy_touchscreen/dev_ws/install/my_package/lib/python3.8/site-packages/my_package/my_node.py to my_node.cpython-38.pyc
[1.862s] byte-compiling /home/reachy/reachy_repo/Fall2021/reachy_touchscreen/dev_ws/install/my_package/lib/python3.8/site-packages/my_package/__init__.py to __init__.cpython-38.pyc
[1.875s] running install_data
[1.875s] creating /home/reachy/reachy_repo/Fall2021/reachy_touchscreen/dev_ws/install/my_package/share/ament_index
[1.875s] creating /home/reachy/reachy_repo/Fall2021/reachy_touchscreen/dev_ws/install/my_package/share/ament_index/resource_index
[1.875s] creating /home/reachy/reachy_repo/Fall2021/reachy_touchscreen/dev_ws/install/my_package/share/ament_index/resource_index/packages
[1.876s] copying resource/my_package -> /home/reachy/reachy_repo/Fall2021/reachy_touchscreen/dev_ws/install/my_package/share/ament_index/resource_index/packages
[1.876s] copying package.xml -> /home/reachy/reachy_repo/Fall2021/reachy_touchscreen/dev_ws/install/my_package/share/my_package
[1.876s] running install_egg_info
[1.883s] Copying ../../build/my_package/my_package.egg-info to /home/reachy/reachy_repo/Fall2021/reachy_touchscreen/dev_ws/install/my_package/lib/python3.8/site-packages/my_package-0.0.0-py3.8.egg-info
[1.884s] running install_scripts
[1.970s] Installing my_node script to /home/reachy/reachy_repo/Fall2021/reachy_touchscreen/dev_ws/install/my_package/lib/my_package
[1.970s] writing list of installed files to '/home/reachy/reachy_repo/Fall2021/reachy_touchscreen/dev_ws/build/my_package/install.log'
[2.042s] Invoked command in '/home/reachy/reachy_repo/Fall2021/reachy_touchscreen/dev_ws/src/my_package' returned '0': PYTHONPATH=/home/reachy/reachy_repo/Fall2021/reachy_touchscreen/dev_ws/install/my_package/lib/python3.8/site-packages:${PYTHONPATH} /usr/bin/python3 setup.py egg_info --egg-base ../../build/my_package build --build-base /home/reachy/reachy_repo/Fall2021/reachy_touchscreen/dev_ws/build/my_package/build install --prefix /home/reachy/reachy_repo/Fall2021/reachy_touchscreen/dev_ws/install/my_package --record /home/reachy/reachy_repo/Fall2021/reachy_touchscreen/dev_ws/build/my_package/install.log --single-version-externally-managed
