[0.354s] DEBUG:colcon:Command line arguments: ['/usr/bin/colcon', 'build', '--packages-select', 'screen_app']
[0.354s] DEBUG:colcon:Parsed command line arguments: Namespace(ament_cmake_args=None, base_paths=['.'], build_base='build', catkin_cmake_args=None, catkin_skip_building_tests=False, cmake_args=None, cmake_clean_cache=False, cmake_clean_first=False, cmake_force_configure=False, cmake_target=None, cmake_target_skip_unavailable=False, continue_on_error=False, event_handlers=None, executor='parallel', ignore_user_meta=False, install_base='install', log_base=None, log_level=None, main=<bound method BuildVerb.main of <colcon_core.verb.build.BuildVerb object at 0x7f0e3326d4f0>>, merge_install=False, metas=['./colcon.meta'], packages_above=None, packages_above_and_dependencies=None, packages_above_depth=None, packages_end=None, packages_ignore=None, packages_ignore_regex=None, packages_select=['screen_app'], packages_select_build_failed=False, packages_select_by_dep=None, packages_select_regex=None, packages_select_test_failures=False, packages_skip=None, packages_skip_build_finished=False, packages_skip_by_dep=None, packages_skip_regex=None, packages_skip_test_passed=False, packages_skip_up_to=None, packages_start=None, packages_up_to=None, packages_up_to_regex=None, parallel_workers=4, paths=None, symlink_install=False, test_result_base=None, verb_extension=<colcon_core.verb.build.BuildVerb object at 0x7f0e3326d4f0>, verb_name='build', verb_parser=<colcon_defaults.argument_parser.defaults.DefaultArgumentsDecorator object at 0x7f0e3326da30>)
[0.360s] Level 1:colcon.colcon_core.package_discovery:discover_packages(colcon_meta) check parameters
[0.360s] Level 1:colcon.colcon_core.package_discovery:discover_packages(recursive) check parameters
[0.360s] Level 1:colcon.colcon_core.package_discovery:discover_packages(ignore) check parameters
[0.360s] Level 1:colcon.colcon_core.package_discovery:discover_packages(path) check parameters
[0.360s] Level 1:colcon.colcon_core.package_discovery:discover_packages(colcon_meta) discover
[0.360s] Level 1:colcon.colcon_core.package_discovery:discover_packages(recursive) discover
[0.360s] INFO:colcon.colcon_core.package_discovery:Crawling recursively for packages in '/home/reachy/ros_ws/src/screen_app'
[0.360s] Level 1:colcon.colcon_core.package_identification:_identify(.) by extensions ['ignore', 'ignore_ament_install']
[0.360s] Level 1:colcon.colcon_core.package_identification:_identify(.) by extension 'ignore'
[0.361s] Level 1:colcon.colcon_core.package_identification:_identify(.) by extension 'ignore_ament_install'
[0.361s] Level 1:colcon.colcon_core.package_identification:_identify(.) by extensions ['colcon_pkg']
[0.361s] Level 1:colcon.colcon_core.package_identification:_identify(.) by extension 'colcon_pkg'
[0.361s] Level 1:colcon.colcon_core.package_identification:_identify(.) by extensions ['colcon_meta']
[0.361s] Level 1:colcon.colcon_core.package_identification:_identify(.) by extension 'colcon_meta'
[0.361s] Level 1:colcon.colcon_core.package_identification:_identify(.) by extensions ['ros']
[0.361s] Level 1:colcon.colcon_core.package_identification:_identify(.) by extension 'ros'
[0.375s] DEBUG:colcon.colcon_core.package_identification:Package '.' with type 'ros.ament_cmake' and name 'screen_app'
[0.375s] Level 1:colcon.colcon_core.package_discovery:discover_packages(recursive) using defaults
[0.375s] Level 1:colcon.colcon_core.package_discovery:discover_packages(ignore) discover
[0.375s] Level 1:colcon.colcon_core.package_discovery:discover_packages(ignore) using defaults
[0.375s] Level 1:colcon.colcon_core.package_discovery:discover_packages(path) discover
[0.375s] Level 1:colcon.colcon_core.package_discovery:discover_packages(path) using defaults
[0.398s] Level 5:colcon.colcon_core.verb:set package 'screen_app' build argument 'cmake_args' from command line to 'None'
[0.398s] Level 5:colcon.colcon_core.verb:set package 'screen_app' build argument 'cmake_target' from command line to 'None'
[0.398s] Level 5:colcon.colcon_core.verb:set package 'screen_app' build argument 'cmake_target_skip_unavailable' from command line to 'False'
[0.398s] Level 5:colcon.colcon_core.verb:set package 'screen_app' build argument 'cmake_clean_cache' from command line to 'False'
[0.398s] Level 5:colcon.colcon_core.verb:set package 'screen_app' build argument 'cmake_clean_first' from command line to 'False'
[0.398s] Level 5:colcon.colcon_core.verb:set package 'screen_app' build argument 'cmake_force_configure' from command line to 'False'
[0.398s] Level 5:colcon.colcon_core.verb:set package 'screen_app' build argument 'ament_cmake_args' from command line to 'None'
[0.398s] Level 5:colcon.colcon_core.verb:set package 'screen_app' build argument 'catkin_cmake_args' from command line to 'None'
[0.398s] Level 5:colcon.colcon_core.verb:set package 'screen_app' build argument 'catkin_skip_building_tests' from command line to 'False'
[0.398s] DEBUG:colcon.colcon_core.verb:Building package 'screen_app' with the following arguments: {'ament_cmake_args': None, 'build_base': '/home/reachy/ros_ws/src/screen_app/build/screen_app', 'catkin_cmake_args': None, 'catkin_skip_building_tests': False, 'cmake_args': None, 'cmake_clean_cache': False, 'cmake_clean_first': False, 'cmake_force_configure': False, 'cmake_target': None, 'cmake_target_skip_unavailable': False, 'install_base': '/home/reachy/ros_ws/src/screen_app/install/screen_app', 'merge_install': False, 'path': '/home/reachy/ros_ws/src/screen_app', 'symlink_install': False, 'test_result_base': None}
[0.399s] INFO:colcon.colcon_core.executor:Executing jobs using 'parallel' executor
[0.401s] DEBUG:colcon.colcon_parallel_executor.executor.parallel:run_until_complete
[0.401s] INFO:colcon.colcon_ros.task.ament_cmake.build:Building ROS package in '/home/reachy/ros_ws/src/screen_app' with build type 'ament_cmake'
[0.401s] INFO:colcon.colcon_cmake.task.cmake.build:Building CMake package in '/home/reachy/ros_ws/src/screen_app'
[0.405s] INFO:colcon.colcon_core.plugin_system:Skipping extension 'colcon_core.shell.bat': Not used on non-Windows systems
[0.405s] INFO:colcon.colcon_core.shell:Skip shell extension 'powershell' for command environment: Not usable outside of PowerShell
[0.405s] DEBUG:colcon.colcon_core.shell:Skip shell extension 'dsv' for command environment
[0.410s] DEBUG:colcon.colcon_core.shell:Ignoring prefix path '/opt/ros/foxy'
[0.419s] DEBUG:colcon.colcon_core.event_handler.log_command:Invoking command in '/home/reachy/ros_ws/src/screen_app/build/screen_app': CMAKE_PREFIX_PATH=${CMAKE_PREFIX_PATH}:/home/reachy/reachy_ws/install/reachy_sdk_server:/home/reachy/reachy_ws/install/reachy_kinematics:/home/reachy/reachy_ws/install/reachy_controllers:/home/reachy/reachy_ws/install/reachy_focus:/home/reachy/ros_ws/install/joint_state_publisher_gui:/home/reachy/ros_ws/install/joint_state_publisher:/opt/ros/foxy /usr/bin/cmake --build /home/reachy/ros_ws/src/screen_app/build/screen_app -- -j4 -l4
[0.987s] DEBUG:colcon.colcon_core.event_handler.log_command:Invoked command in '/home/reachy/ros_ws/src/screen_app/build/screen_app' returned '2': CMAKE_PREFIX_PATH=${CMAKE_PREFIX_PATH}:/home/reachy/reachy_ws/install/reachy_sdk_server:/home/reachy/reachy_ws/install/reachy_kinematics:/home/reachy/reachy_ws/install/reachy_controllers:/home/reachy/reachy_ws/install/reachy_focus:/home/reachy/ros_ws/install/joint_state_publisher_gui:/home/reachy/ros_ws/install/joint_state_publisher:/opt/ros/foxy /usr/bin/cmake --build /home/reachy/ros_ws/src/screen_app/build/screen_app -- -j4 -l4
[1.038s] Level 1:colcon.colcon_core.environment:create_environment_scripts_only(screen_app)
[1.041s] Level 1:colcon.colcon_core.environment:checking '/home/reachy/ros_ws/src/screen_app/install/screen_app' for CMake module files
[1.042s] Level 1:colcon.colcon_core.environment:checking '/home/reachy/ros_ws/src/screen_app/install/screen_app' for CMake config files
[1.042s] Level 1:colcon.colcon_core.shell:create_environment_hook('screen_app', 'cmake_prefix_path')
[1.043s] INFO:colcon.colcon_core.shell:Creating environment hook '/home/reachy/ros_ws/src/screen_app/install/screen_app/share/screen_app/hook/cmake_prefix_path.ps1'
[1.044s] INFO:colcon.colcon_core.shell:Creating environment descriptor '/home/reachy/ros_ws/src/screen_app/install/screen_app/share/screen_app/hook/cmake_prefix_path.dsv'
[1.044s] INFO:colcon.colcon_core.shell:Creating environment hook '/home/reachy/ros_ws/src/screen_app/install/screen_app/share/screen_app/hook/cmake_prefix_path.sh'
[1.045s] Level 1:colcon.colcon_core.environment:checking '/home/reachy/ros_ws/src/screen_app/install/screen_app/lib'
[1.046s] Level 1:colcon.colcon_core.shell:create_environment_hook('screen_app', 'ld_library_path_lib')
[1.046s] INFO:colcon.colcon_core.shell:Creating environment hook '/home/reachy/ros_ws/src/screen_app/install/screen_app/share/screen_app/hook/ld_library_path_lib.ps1'
[1.047s] INFO:colcon.colcon_core.shell:Creating environment descriptor '/home/reachy/ros_ws/src/screen_app/install/screen_app/share/screen_app/hook/ld_library_path_lib.dsv'
[1.047s] INFO:colcon.colcon_core.shell:Creating environment hook '/home/reachy/ros_ws/src/screen_app/install/screen_app/share/screen_app/hook/ld_library_path_lib.sh'
[1.048s] Level 1:colcon.colcon_core.environment:checking '/home/reachy/ros_ws/src/screen_app/install/screen_app/bin'
[1.048s] Level 1:colcon.colcon_core.environment:checking '/home/reachy/ros_ws/src/screen_app/install/screen_app/lib/pkgconfig/screen_app.pc'
[1.048s] Level 1:colcon.colcon_core.environment:checking '/home/reachy/ros_ws/src/screen_app/install/screen_app/lib/python3.8/site-packages'
[1.048s] Level 1:colcon.colcon_core.shell:create_environment_hook('screen_app', 'pythonpath')
[1.049s] INFO:colcon.colcon_core.shell:Creating environment hook '/home/reachy/ros_ws/src/screen_app/install/screen_app/share/screen_app/hook/pythonpath.ps1'
[1.049s] INFO:colcon.colcon_core.shell:Creating environment descriptor '/home/reachy/ros_ws/src/screen_app/install/screen_app/share/screen_app/hook/pythonpath.dsv'
[1.049s] INFO:colcon.colcon_core.shell:Creating environment hook '/home/reachy/ros_ws/src/screen_app/install/screen_app/share/screen_app/hook/pythonpath.sh'
[1.051s] INFO:colcon.colcon_core.shell:Creating package script '/home/reachy/ros_ws/src/screen_app/install/screen_app/share/screen_app/package.ps1'
[1.052s] INFO:colcon.colcon_core.shell:Creating package descriptor '/home/reachy/ros_ws/src/screen_app/install/screen_app/share/screen_app/package.dsv'
[1.053s] INFO:colcon.colcon_core.shell:Creating package script '/home/reachy/ros_ws/src/screen_app/install/screen_app/share/screen_app/package.sh'
[1.054s] INFO:colcon.colcon_core.shell:Creating package script '/home/reachy/ros_ws/src/screen_app/install/screen_app/share/screen_app/package.bash'
[1.055s] INFO:colcon.colcon_core.shell:Creating package script '/home/reachy/ros_ws/src/screen_app/install/screen_app/share/screen_app/package.zsh'
[1.055s] Level 1:colcon.colcon_core.environment:create_file_with_runtime_dependencies(/home/reachy/ros_ws/src/screen_app/install/screen_app/share/colcon-core/packages/screen_app)
[1.066s] DEBUG:colcon.colcon_parallel_executor.executor.parallel:closing loop
[1.066s] DEBUG:colcon.colcon_parallel_executor.executor.parallel:loop closed
[1.066s] DEBUG:colcon.colcon_parallel_executor.executor.parallel:run_until_complete finished with '2'
[1.066s] DEBUG:colcon.colcon_core.event_reactor:joining thread
[1.072s] INFO:colcon.colcon_core.plugin_system:Skipping extension 'colcon_notification.desktop_notification.terminal_notifier': Not used on non-Darwin systems
[1.072s] INFO:colcon.colcon_core.plugin_system:Skipping extension 'colcon_notification.desktop_notification.win32': Not used on non-Windows systems
[1.072s] INFO:colcon.colcon_notification.desktop_notification:Sending desktop notification using 'notify2'
[1.089s] DEBUG:colcon.colcon_core.event_reactor:joined thread
[1.091s] INFO:colcon.colcon_core.shell:Creating prefix script '/home/reachy/ros_ws/src/screen_app/install/local_setup.ps1'
[1.093s] INFO:colcon.colcon_core.shell:Creating prefix util module '/home/reachy/ros_ws/src/screen_app/install/_local_setup_util_ps1.py'
[1.095s] INFO:colcon.colcon_core.shell:Creating prefix chain script '/home/reachy/ros_ws/src/screen_app/install/setup.ps1'
[1.100s] INFO:colcon.colcon_core.shell:Creating prefix script '/home/reachy/ros_ws/src/screen_app/install/local_setup.sh'
[1.101s] INFO:colcon.colcon_core.shell:Creating prefix util module '/home/reachy/ros_ws/src/screen_app/install/_local_setup_util_sh.py'
[1.101s] INFO:colcon.colcon_core.shell:Creating prefix chain script '/home/reachy/ros_ws/src/screen_app/install/setup.sh'
[1.104s] INFO:colcon.colcon_core.shell:Creating prefix script '/home/reachy/ros_ws/src/screen_app/install/local_setup.bash'
[1.105s] INFO:colcon.colcon_core.shell:Creating prefix chain script '/home/reachy/ros_ws/src/screen_app/install/setup.bash'
[1.107s] INFO:colcon.colcon_core.shell:Creating prefix script '/home/reachy/ros_ws/src/screen_app/install/local_setup.zsh'
[1.108s] INFO:colcon.colcon_core.shell:Creating prefix chain script '/home/reachy/ros_ws/src/screen_app/install/setup.zsh'
