[0.015s] Invoking command in '/home/reachy/ros_ws/src/screen_app/build/screen_app': /usr/bin/cmake --build /home/reachy/ros_ws/src/screen_app/build/screen_app -- -j4 -l4
[0.048s] -- Found ament_cmake: 0.9.9 (/opt/ros/foxy/share/ament_cmake/cmake)
[0.076s] -- Found PythonInterp: /usr/bin/python3 (found suitable version "3.8.10", minimum required is "3") 
[0.076s] -- Using PYTHON_EXECUTABLE: /usr/bin/python3
[0.305s] -- Found rosidl_default_generators: 1.0.1 (/opt/ros/foxy/share/rosidl_default_generators/cmake)
[0.309s] -- Using all available rosidl_typesupport_c: rosidl_typesupport_fastrtps_c;rosidl_typesupport_introspection_c
[0.313s] -- Found rosidl_adapter: 1.2.1 (/opt/ros/foxy/share/rosidl_adapter/cmake)
[0.446s] -- Using all available rosidl_typesupport_cpp: rosidl_typesupport_fastrtps_cpp;rosidl_typesupport_introspection_cpp
[0.494s] -- Found PythonInterp: /usr/bin/python3 (found version "3.8.10") 
[0.562s] CMake Error at /opt/ros/foxy/share/rosidl_cmake/cmake/rosidl_generate_interfaces.cmake:162 (message):
[0.562s]   rosidl_generate_interfaces() the passed dependency 'std_msgs' has not been
[0.562s]   found before using find_package()
[0.563s] Call Stack (most recent call first):
[0.563s]   CMakeLists.txt:25 (rosidl_generate_interfaces)
[0.563s] 
[0.563s] 
[0.563s] -- Configuring incomplete, errors occurred!
[0.564s] See also "/home/reachy/ros_ws/src/screen_app/build/screen_app/CMakeFiles/CMakeOutput.log".
[0.569s] make: *** [Makefile:748: cmake_check_build_system] Error 1
[0.572s] Invoked command in '/home/reachy/ros_ws/src/screen_app/build/screen_app' returned '2': /usr/bin/cmake --build /home/reachy/ros_ws/src/screen_app/build/screen_app -- -j4 -l4
